Project1.exe: 00000548: 09:59:44 [TUniServerModule]:Shutting Down Server.
Project1.exe: 00000548: 09:59:44 [TUniServerModule]:Stopping HTTP Server.
Project1.exe: 00000548: 09:59:44 [TUniServerModule]:HTTP Server Stopped.
Project1.exe: 00000548: 09:59:44 [TUniGUISessionManager]:Terminating Session manager.
Project1.exe: 00000548: 09:59:44 [TUniGUISessionManager]:Stopping Cache Eraser...
Project1.exe: 00000548: 09:59:44 [TUniGUISessionManager]:Cache Eraser Stopped.
Project1.exe: 00000548: 09:59:44 [TUniGUISessionManager]:Destroying Worker Threads.
Project1.exe: 00000548: 09:59:44 [TUniGUISessionManager]:Session manager terminated.
Project1.exe: 00000548: 09:59:44 [TUniServerModule]:Server Shutdown Completed.
Project1.exe: 00000548: 09:59:44 []:<-------------------------------------------------------------->
Project1.exe: 00000548: 09:59:44 [Terminated]:Exit Code: 0
Project1.exe: 00002234: 09:59:49 []:>--------------------------------------------------------------<
Project1.exe: 00002234: 09:59:49 [TUniServerModule]:Server First Init.
Project1.exe: 00002234: 09:59:49 [TUniServerModule]:Starting HTTP Server on Port: 8077...
Project1.exe: 00002234: 09:59:49 [TUniServerModule]:HTTP Server Started on Port: 8077
Project1.exe: 00000458: 10:01:08 [127.0.0.1]:EDatabaseError : Query: Field 'Codigo' not found : Addr: $006C7C8E
Project1.exe: 00002234: 10:01:42 [TUniServerModule]:Shutting Down Server.
Project1.exe: 00002234: 10:01:42 [TUniServerModule]:Stopping HTTP Server.
Project1.exe: 00002234: 10:01:43 [TUniServerModule]:HTTP Server Stopped.
Project1.exe: 00002234: 10:01:43 [TUniGUISessionManager]:Terminating Session manager.
Project1.exe: 00002234: 10:01:43 [TUniGUISessionManager]:Stopping Cache Eraser...
Project1.exe: 00002234: 10:01:43 [TUniGUISessionManager]:Cache Eraser Stopped.
Project1.exe: 00002234: 10:01:43 [TUniGUISessionManager]:Destroying Worker Threads.
Project1.exe: 00002234: 10:01:43 [TUniGUISessionManager]:Session manager terminated.
Project1.exe: 00002234: 10:01:43 [TUniServerModule]:Server Shutdown Completed.
Project1.exe: 00002234: 10:01:43 []:<-------------------------------------------------------------->
Project1.exe: 00002234: 10:01:43 [Terminated]:Exit Code: 0
Project1.exe: 00003664: 10:01:50 []:>--------------------------------------------------------------<
Project1.exe: 00003664: 10:01:50 [TUniServerModule]:Server First Init.
Project1.exe: 00003664: 10:01:50 [TUniServerModule]:Starting HTTP Server on Port: 8077...
Project1.exe: 00003664: 10:01:50 [TUniServerModule]:HTTP Server Started on Port: 8077
Project1.exe: 00000310: 10:01:54 [127.0.0.1]:EUniSessionException : Invalid session or session Timeout. (Session not found: eUcnqtqvik108CBCE9D ) : Addr: $007F926A
Project1.exe: 00000310: 10:02:06 [127.0.0.1]:EDatabaseError : Query: Field 'nombrec' not found : Addr: $006C7C8E
Project1.exe: 00003664: 10:02:19 [TUniServerModule]:Shutting Down Server.
Project1.exe: 00003664: 10:02:19 [TUniServerModule]:Stopping HTTP Server.
Project1.exe: 00003664: 10:02:20 [TUniServerModule]:HTTP Server Stopped.
Project1.exe: 00003664: 10:02:20 [TUniGUISessionManager]:Terminating Session manager.
Project1.exe: 00003664: 10:02:20 [TUniGUISessionManager]:Stopping Cache Eraser...
Project1.exe: 00003664: 10:02:20 [TUniGUISessionManager]:Cache Eraser Stopped.
Project1.exe: 00003664: 10:02:20 [TUniGUISessionManager]:Destroying Worker Threads.
Project1.exe: 00003664: 10:02:20 [TUniGUISessionManager]:Session manager terminated.
Project1.exe: 00003664: 10:02:20 [TUniServerModule]:Server Shutdown Completed.
Project1.exe: 00003664: 10:02:20 []:<-------------------------------------------------------------->
Project1.exe: 00003664: 10:02:20 [Terminated]:Exit Code: 0
Project1.exe: 00002394: 10:02:24 []:>--------------------------------------------------------------<
Project1.exe: 00002394: 10:02:24 [TUniServerModule]:Server First Init.
Project1.exe: 00002394: 10:02:24 [TUniServerModule]:Starting HTTP Server on Port: 8077...
Project1.exe: 00002394: 10:02:24 [TUniServerModule]:HTTP Server Started on Port: 8077
Project1.exe: 00002E44: 10:02:27 [127.0.0.1]:EUniSessionException : Invalid session or session Timeout. (Session not found: vKd5S2WxDp108CBCEEC ) : Addr: $007F926A
Project1.exe: 00002394: 10:03:23 [TUniServerModule]:Shutting Down Server.
Project1.exe: 00002394: 10:03:23 [TUniServerModule]:Stopping HTTP Server.
Project1.exe: 00002394: 10:03:24 [TUniServerModule]:HTTP Server Stopped.
Project1.exe: 00002394: 10:03:24 [TUniGUISessionManager]:Terminating Session manager.
Project1.exe: 00002394: 10:03:24 [TUniGUISessionManager]:Stopping Cache Eraser...
Project1.exe: 00002394: 10:03:24 [TUniGUISessionManager]:Cache Eraser Stopped.
Project1.exe: 00002394: 10:03:24 [TUniGUISessionManager]:Destroying Worker Threads.
Project1.exe: 00002394: 10:03:24 [TUniGUISessionManager]:Session manager terminated.
Project1.exe: 00002394: 10:03:24 [TUniServerModule]:Server Shutdown Completed.
Project1.exe: 00002394: 10:03:24 []:<-------------------------------------------------------------->
Project1.exe: 00002394: 10:03:24 [Terminated]:Exit Code: 0
Project1.exe: 000027E4: 10:03:29 []:>--------------------------------------------------------------<
Project1.exe: 000027E4: 10:03:29 [TUniServerModule]:Server First Init.
Project1.exe: 000027E4: 10:03:29 [TUniServerModule]:Starting HTTP Server on Port: 8077...
Project1.exe: 000027E4: 10:03:29 [TUniServerModule]:HTTP Server Started on Port: 8077
Project1.exe: 00003D58: 10:03:33 [127.0.0.1]:EUniSessionException : Invalid session or session Timeout. (Session not found: Z5s5rnrKNd108CBCF0D ) : Addr: $007F926A
Project1.exe: 000027E4: 10:07:15 [TUniServerModule]:Shutting Down Server.
Project1.exe: 000027E4: 10:07:15 [TUniServerModule]:Stopping HTTP Server.
Project1.exe: 000027E4: 10:07:16 [TUniServerModule]:HTTP Server Stopped.
Project1.exe: 000027E4: 10:07:16 [TUniGUISessionManager]:Terminating Session manager.
Project1.exe: 000027E4: 10:07:16 [TUniGUISessionManager]:Stopping Cache Eraser...
Project1.exe: 000027E4: 10:07:16 [TUniGUISessionManager]:Cache Eraser Stopped.
Project1.exe: 000027E4: 10:07:16 [TUniGUISessionManager]:Destroying Worker Threads.
Project1.exe: 000027E4: 10:07:16 [TUniGUISessionManager]:Session manager terminated.
Project1.exe: 000027E4: 10:07:16 [TUniServerModule]:Server Shutdown Completed.
Project1.exe: 000027E4: 10:07:16 []:<-------------------------------------------------------------->
Project1.exe: 000027E4: 10:07:16 [Terminated]:Exit Code: 0
Project1.exe: 00002D4C: 10:07:19 []:>--------------------------------------------------------------<
Project1.exe: 00002D4C: 10:07:19 [TUniServerModule]:Server First Init.
Project1.exe: 00002D4C: 10:07:19 [TUniServerModule]:Debug Mode = ON
Project1.exe: 00002D4C: 10:07:19 [TUniServerModule]:Starting HTTP Server on Port: 8077...
Project1.exe: 00002D4C: 10:07:19 [TUniServerModule]:HTTP Server Started on Port: 8077
Project1.exe: 00003C24: 10:07:32 [127.0.0.1]:EUniSessionException : Invalid session or session Timeout. (Session not found: Yo9gUAy9Nq108CBD044 ) : Addr: $007F926A
Project1.exe: 00003490: 10:10:51 []:>--------------------------------------------------------------<
Project1.exe: 00003490: 10:10:51 [TUniServerModule]:Server First Init.
Project1.exe: 00003490: 10:10:51 [TUniServerModule]:Global Cache Folder Erased. <54> Files deleted.
Project1.exe: 00003490: 10:10:51 [TUniServerModule]:Starting HTTP Server on Port: 8077...
Project1.exe: 00003490: 10:10:51 [TUniServerModule]:HTTP Server Started on Port: 8077
Project1.exe: 00001050: 10:10:55 [127.0.0.1]:EUniSessionException : Invalid session or session Timeout. (Session not found: vB6CGvZwTn108CBD127 ) : Addr: $007F926A
Project1.exe: 000047B0: 10:25:48 [127.0.0.1]:EUniSessionException : Invalid session or session Timeout. (Session not found: LXSpEpNBHl108CBCEE7 ) : Addr: $007F926A
Project1.exe: 00003490: 10:32:47 [TUniServerModule]:Shutting Down Server.
Project1.exe: 00003490: 10:32:47 [TUniServerModule]:Stopping HTTP Server.
Project1.exe: 00003490: 10:32:48 [TUniServerModule]:HTTP Server Stopped.
Project1.exe: 00003490: 10:32:48 [TUniGUISessionManager]:Terminating Session manager.
Project1.exe: 00003490: 10:32:48 [TUniGUISessionManager]:Stopping Cache Eraser...
Project1.exe: 00003490: 10:32:48 [TUniGUISessionManager]:Cache Eraser Stopped.
Project1.exe: 00003490: 10:32:48 [TUniGUISessionManager]:Destroying Worker Threads.
Project1.exe: 00003490: 10:32:48 [TUniGUISessionManager]:Session manager terminated.
Project1.exe: 00003490: 10:32:49 [TUniServerModule]:Server Shutdown Completed.
Project1.exe: 00003490: 10:32:49 []:<-------------------------------------------------------------->
Project1.exe: 00003490: 10:32:49 [Terminated]:Exit Code: 0
Project1.exe: 00004038: 10:32:50 []:>--------------------------------------------------------------<
Project1.exe: 00004038: 10:32:50 [TUniServerModule]:Server First Init.
Project1.exe: 00004038: 10:32:50 [TUniServerModule]:Starting HTTP Server on Port: 8077...
Project1.exe: 00004038: 10:32:50 [TUniServerModule]:HTTP Server Started on Port: 8077
Project1.exe: 00004038: 10:34:28 [TUniServerModule]:Shutting Down Server.
Project1.exe: 00004038: 10:34:28 [TUniServerModule]:Stopping HTTP Server.
Project1.exe: 00004038: 10:34:29 [TUniServerModule]:HTTP Server Stopped.
Project1.exe: 00004038: 10:34:29 [TUniGUISessionManager]:Terminating Session manager.
Project1.exe: 00004038: 10:34:29 [TUniGUISessionManager]:Stopping Cache Eraser...
Project1.exe: 00004038: 10:34:29 [TUniGUISessionManager]:Cache Eraser Stopped.
Project1.exe: 00004038: 10:34:29 [TUniGUISessionManager]:Destroying Worker Threads.
Project1.exe: 00004038: 10:34:29 [TUniGUISessionManager]:Session manager terminated.
Project1.exe: 00004038: 10:34:29 [TUniServerModule]:Server Shutdown Completed.
Project1.exe: 00004038: 10:34:29 []:<-------------------------------------------------------------->
Project1.exe: 00004038: 10:34:29 [Terminated]:Exit Code: 0
Project1.exe: 000024D0: 10:34:31 []:>--------------------------------------------------------------<
Project1.exe: 000024D0: 10:34:31 [TUniServerModule]:Server First Init.
Project1.exe: 000024D0: 10:34:31 [TUniServerModule]:Starting HTTP Server on Port: 8077...
Project1.exe: 000024D0: 10:34:31 [TUniServerModule]:HTTP Server Started on Port: 8077
Project1.exe: 00002010: 10:43:27 [127.0.0.1]:EUniSessionException : Invalid session or session Timeout. (Session not found: fyk7jMTyPH108CBD757 ) : Addr: $007F926A
Project1.exe: 000024D0: 10:45:07 [TUniServerModule]:Shutting Down Server.
Project1.exe: 000024D0: 10:45:07 [TUniServerModule]:Stopping HTTP Server.
Project1.exe: 000024D0: 10:45:08 [TUniServerModule]:HTTP Server Stopped.
Project1.exe: 000024D0: 10:45:08 [TUniGUISessionManager]:Terminating Session manager.
Project1.exe: 000024D0: 10:45:08 [TUniGUISessionManager]:Stopping Cache Eraser...
Project1.exe: 000024D0: 10:45:08 [TUniGUISessionManager]:Cache Eraser Stopped.
Project1.exe: 000024D0: 10:45:08 [TUniGUISessionManager]:Destroying Worker Threads.
Project1.exe: 000024D0: 10:45:08 [TUniGUISessionManager]:Session manager terminated.
Project1.exe: 000024D0: 10:45:08 [TUniServerModule]:Server Shutdown Completed.
Project1.exe: 000024D0: 10:45:08 []:<-------------------------------------------------------------->
Project1.exe: 000024D0: 10:45:08 [Terminated]:Exit Code: 0
Project1.exe: 00002B38: 10:45:10 []:>--------------------------------------------------------------<
Project1.exe: 00002B38: 10:45:10 [TUniServerModule]:Server First Init.
Project1.exe: 00002B38: 10:45:10 [TUniServerModule]:Starting HTTP Server on Port: 8077...
Project1.exe: 00002B38: 10:45:10 [TUniServerModule]:HTTP Server Started on Port: 8077
Project1.exe: 00002B38: 10:46:29 [TUniServerModule]:Shutting Down Server.
Project1.exe: 00002B38: 10:46:29 [TUniServerModule]:Stopping HTTP Server.
Project1.exe: 00002B38: 10:46:30 [TUniServerModule]:HTTP Server Stopped.
Project1.exe: 00002B38: 10:46:30 [TUniGUISessionManager]:Terminating Session manager.
Project1.exe: 00002B38: 10:46:30 [TUniGUISessionManager]:Stopping Cache Eraser...
Project1.exe: 00002B38: 10:46:30 [TUniGUISessionManager]:Cache Eraser Stopped.
Project1.exe: 00002B38: 10:46:30 [TUniGUISessionManager]:Destroying Worker Threads.
Project1.exe: 00002B38: 10:46:30 [TUniGUISessionManager]:Session manager terminated.
Project1.exe: 00002B38: 10:46:30 [TUniServerModule]:Server Shutdown Completed.
Project1.exe: 00002B38: 10:46:30 []:<-------------------------------------------------------------->
Project1.exe: 00002B38: 10:46:30 [Terminated]:Exit Code: 0
Project1.exe: 00000CB0: 10:46:32 []:>--------------------------------------------------------------<
Project1.exe: 00000CB0: 10:46:32 [TUniServerModule]:Server First Init.
Project1.exe: 00000CB0: 10:46:32 [TUniServerModule]:Starting HTTP Server on Port: 8077...
Project1.exe: 00000CB0: 10:46:32 [TUniServerModule]:HTTP Server Started on Port: 8077
Project1.exe: 000006DC: 10:46:36 [127.0.0.1]:EUniSessionException : Invalid session or session Timeout. (Session not found: 9hlun3loBJ108CBDAAA ) : Addr: $007F926A
Project1.exe: 00000CB0: 10:49:21 [TUniServerModule]:Shutting Down Server.
Project1.exe: 00000CB0: 10:49:21 [TUniServerModule]:Stopping HTTP Server.
Project1.exe: 00000CB0: 10:49:21 [TUniServerModule]:HTTP Server Stopped.
Project1.exe: 00000CB0: 10:49:21 [TUniGUISessionManager]:Terminating Session manager.
Project1.exe: 00000CB0: 10:49:21 [TUniGUISessionManager]:Stopping Cache Eraser...
Project1.exe: 00000CB0: 10:49:21 [TUniGUISessionManager]:Cache Eraser Stopped.
Project1.exe: 00000CB0: 10:49:21 [TUniGUISessionManager]:Destroying Worker Threads.
Project1.exe: 00000CB0: 10:49:21 [TUniGUISessionManager]:Session manager terminated.
Project1.exe: 00000CB0: 10:49:21 [TUniServerModule]:Server Shutdown Completed.
Project1.exe: 00000CB0: 10:49:21 []:<-------------------------------------------------------------->
Project1.exe: 00000CB0: 10:49:21 [Terminated]:Exit Code: 0
Project1.exe: 000039E0: 10:49:24 []:>--------------------------------------------------------------<
Project1.exe: 000039E0: 10:49:24 [TUniServerModule]:Server First Init.
Project1.exe: 000039E0: 10:49:24 [TUniServerModule]:Starting HTTP Server on Port: 8077...
Project1.exe: 000039E0: 10:49:24 [TUniServerModule]:HTTP Server Started on Port: 8077
Project1.exe: 00000E5C: 10:49:52 [127.0.0.1]:EUniSessionException : Invalid session or session Timeout. (Session not found: coLSEyKOXV108CBDB07 ) : Addr: $007F926A
Project1.exe: 000039E0: 10:50:00 [TUniServerModule]:Shutting Down Server.
Project1.exe: 000039E0: 10:50:00 [TUniServerModule]:Stopping HTTP Server.
Project1.exe: 000039E0: 10:50:01 [TUniServerModule]:HTTP Server Stopped.
Project1.exe: 000039E0: 10:50:01 [TUniGUISessionManager]:Terminating Session manager.
Project1.exe: 000039E0: 10:50:01 [TUniGUISessionManager]:Stopping Cache Eraser...
Project1.exe: 000039E0: 10:50:01 [TUniGUISessionManager]:Cache Eraser Stopped.
Project1.exe: 000039E0: 10:50:01 [TUniGUISessionManager]:Destroying Worker Threads.
Project1.exe: 000039E0: 10:50:01 [TUniGUISessionManager]:Session manager terminated.
Project1.exe: 000039E0: 10:50:01 [TUniServerModule]:Server Shutdown Completed.
Project1.exe: 000039E0: 10:50:01 []:<-------------------------------------------------------------->
Project1.exe: 000039E0: 10:50:01 [Terminated]:Exit Code: 0
Project1.exe: 00002074: 10:52:45 []:>--------------------------------------------------------------<
Project1.exe: 00002074: 10:52:45 [TUniServerModule]:Server First Init.
Project1.exe: 00002074: 10:52:45 [TUniServerModule]:Starting HTTP Server on Port: 8077...
Project1.exe: 00002074: 10:52:45 [TUniServerModule]:HTTP Server Started on Port: 8077
Project1.exe: 00001730: 10:53:14 [127.0.0.1]:EUniSessionException : Invalid session or session Timeout. (Session not found: 5IVbPU1ZI3108CBD159 ) : Addr: $007F926A
Project1.exe: 00002074: 10:59:36 [TUniServerModule]:Shutting Down Server.
Project1.exe: 00002074: 10:59:36 [TUniServerModule]:Stopping HTTP Server.
Project1.exe: 00002074: 10:59:37 [TUniServerModule]:HTTP Server Stopped.
Project1.exe: 00002074: 10:59:37 [TUniGUISessionManager]:Terminating Session manager.
Project1.exe: 00002074: 10:59:37 [TUniGUISessionManager]:Stopping Cache Eraser...
Project1.exe: 00002074: 10:59:37 [TUniGUISessionManager]:Cache Eraser Stopped.
Project1.exe: 00002074: 10:59:37 [TUniGUISessionManager]:Destroying Worker Threads.
Project1.exe: 00002074: 10:59:37 [TUniGUISessionManager]:Session manager terminated.
Project1.exe: 00002074: 10:59:37 [TUniServerModule]:Server Shutdown Completed.
Project1.exe: 00002074: 10:59:37 []:<-------------------------------------------------------------->
Project1.exe: 00002074: 10:59:37 [Terminated]:Exit Code: 0
Project1.exe: 00001B3C: 10:59:39 []:>--------------------------------------------------------------<
Project1.exe: 00001B3C: 10:59:39 [TUniServerModule]:Server First Init.
Project1.exe: 00001B3C: 10:59:39 [TUniServerModule]:Starting HTTP Server on Port: 8077...
Project1.exe: 00001B3C: 10:59:39 [TUniServerModule]:HTTP Server Started on Port: 8077
Project1.exe: 00001F30: 10:59:47 [127.0.0.1]:EUniSessionException : Invalid session or session Timeout. (Session not found: GSJBQshsVg108CBDCD3 ) : Addr: $007F926A
Project1.exe: 00001B3C: 11:04:18 [TUniServerModule]:Shutting Down Server.
Project1.exe: 00001B3C: 11:04:18 [TUniServerModule]:Stopping HTTP Server.
Project1.exe: 00001B3C: 11:04:19 [TUniServerModule]:HTTP Server Stopped.
Project1.exe: 00001B3C: 11:04:19 [TUniGUISessionManager]:Terminating Session manager.
Project1.exe: 00001B3C: 11:04:19 [TUniGUISessionManager]:Stopping Cache Eraser...
Project1.exe: 00001B3C: 11:04:19 [TUniGUISessionManager]:Cache Eraser Stopped.
Project1.exe: 00001B3C: 11:04:19 [TUniGUISessionManager]:Destroying Worker Threads.
Project1.exe: 00001B3C: 11:04:19 [TUniGUISessionManager]:Session manager terminated.
Project1.exe: 00001B3C: 11:04:19 [TUniServerModule]:Server Shutdown Completed.
Project1.exe: 00001B3C: 11:04:19 []:<-------------------------------------------------------------->
Project1.exe: 00001B3C: 11:04:19 [Terminated]:Exit Code: 0
Project1.exe: 00002184: 11:04:21 []:>--------------------------------------------------------------<
Project1.exe: 00002184: 11:04:21 [TUniServerModule]:Server First Init.
Project1.exe: 00002184: 11:04:21 [TUniServerModule]:Starting HTTP Server on Port: 8077...
Project1.exe: 00002184: 11:04:21 [TUniServerModule]:HTTP Server Started on Port: 8077
Project1.exe: 00002E70: 11:04:29 [127.0.0.1]:EUniSessionException : Invalid session or session Timeout. (Session not found: gfQjT7XdzP108CBDEB3 ) : Addr: $007F926A
Project1.exe: 00002184: 11:07:35 [TUniServerModule]:Shutting Down Server.
Project1.exe: 00002184: 11:07:35 [TUniServerModule]:Stopping HTTP Server.
Project1.exe: 00002184: 11:07:36 [TUniServerModule]:HTTP Server Stopped.
Project1.exe: 00002184: 11:07:36 [TUniGUISessionManager]:Terminating Session manager.
Project1.exe: 00002184: 11:07:36 [TUniGUISessionManager]:Stopping Cache Eraser...
Project1.exe: 00002184: 11:07:36 [TUniGUISessionManager]:Cache Eraser Stopped.
Project1.exe: 00002184: 11:07:36 [TUniGUISessionManager]:Destroying Worker Threads.
Project1.exe: 00002184: 11:07:36 [TUniGUISessionManager]:Session manager terminated.
Project1.exe: 00002184: 11:07:36 [TUniServerModule]:Server Shutdown Completed.
Project1.exe: 00002184: 11:07:36 []:<-------------------------------------------------------------->
Project1.exe: 00002184: 11:07:36 [Terminated]:Exit Code: 0
Project1.exe: 00003BB4: 11:07:37 []:>--------------------------------------------------------------<
Project1.exe: 00003BB4: 11:07:37 [TUniServerModule]:Server First Init.
Project1.exe: 00003BB4: 11:07:37 [TUniServerModule]:Starting HTTP Server on Port: 8077...
Project1.exe: 00003BB4: 11:07:37 [TUniServerModule]:HTTP Server Started on Port: 8077
Project1.exe: 00003C80: 11:07:43 [127.0.0.1]:EUniSessionException : Invalid session or session Timeout. (Session not found: NdbW2vyRPc108CBDFE0 ) : Addr: $007F926A
Project1.exe: 00003BB4: 11:11:22 [TUniServerModule]:Shutting Down Server.
Project1.exe: 00003BB4: 11:11:22 [TUniServerModule]:Stopping HTTP Server.
Project1.exe: 00003BB4: 11:11:24 [TUniServerModule]:HTTP Server Stopped.
Project1.exe: 00003BB4: 11:11:24 [TUniGUISessionManager]:Terminating Session manager.
Project1.exe: 00003BB4: 11:11:24 [TUniGUISessionManager]:Stopping Cache Eraser...
Project1.exe: 00003BB4: 11:11:24 [TUniGUISessionManager]:Cache Eraser Stopped.
Project1.exe: 00003BB4: 11:11:24 [TUniGUISessionManager]:Destroying Worker Threads.
Project1.exe: 00003BB4: 11:11:24 [TUniGUISessionManager]:Session manager terminated.
Project1.exe: 00003BB4: 11:11:24 [TUniServerModule]:Server Shutdown Completed.
Project1.exe: 00003BB4: 11:11:24 []:<-------------------------------------------------------------->
Project1.exe: 00003BB4: 11:11:24 [Terminated]:Exit Code: 0
Project1.exe: 0000393C: 11:11:26 []:>--------------------------------------------------------------<
Project1.exe: 0000393C: 11:11:26 [TUniServerModule]:Server First Init.
Project1.exe: 0000393C: 11:11:26 [TUniServerModule]:Starting HTTP Server on Port: 8077...
Project1.exe: 0000393C: 11:11:26 [TUniServerModule]:HTTP Server Started on Port: 8077
Project1.exe: 00004620: 11:11:31 [127.0.0.1]:EUniSessionException : Invalid session or session Timeout. (Session not found: tBIiWjMa2X108CBE0C1 ) : Addr: $007F926A
Project1.exe: 0000393C: 11:12:58 [TUniServerModule]:Shutting Down Server.
Project1.exe: 0000393C: 11:12:58 [TUniServerModule]:Stopping HTTP Server.
Project1.exe: 0000393C: 11:12:59 [TUniServerModule]:HTTP Server Stopped.
Project1.exe: 0000393C: 11:12:59 [TUniGUISessionManager]:Terminating Session manager.
Project1.exe: 0000393C: 11:12:59 [TUniGUISessionManager]:Stopping Cache Eraser...
Project1.exe: 0000393C: 11:12:59 [TUniGUISessionManager]:Cache Eraser Stopped.
Project1.exe: 0000393C: 11:12:59 [TUniGUISessionManager]:Destroying Worker Threads.
Project1.exe: 0000393C: 11:12:59 [TUniGUISessionManager]:Session manager terminated.
Project1.exe: 0000393C: 11:12:59 [TUniServerModule]:Server Shutdown Completed.
Project1.exe: 0000393C: 11:12:59 []:<-------------------------------------------------------------->
Project1.exe: 0000393C: 11:12:59 [Terminated]:Exit Code: 0
Project1.exe: 00003FD4: 11:13:31 []:>--------------------------------------------------------------<
Project1.exe: 00003FD4: 11:13:31 [TUniServerModule]:Server First Init.
Project1.exe: 00003FD4: 11:13:31 [TUniServerModule]:Starting HTTP Server on Port: 8077...
Project1.exe: 00003FD4: 11:13:31 [TUniServerModule]:HTTP Server Started on Port: 8077
Project1.exe: 000006DC: 11:13:41 [127.0.0.1]:EUniSessionException : Invalid session or session Timeout. (Session not found: Aqv6krGkEE108CBE1C9 ) : Addr: $007F926A
Project1.exe: 00003FD4: 11:41:29 [TUniServerModule]:Shutting Down Server.
Project1.exe: 00003FD4: 11:41:29 [TUniServerModule]:Stopping HTTP Server.
Project1.exe: 00003FD4: 11:41:30 [TUniServerModule]:HTTP Server Stopped.
Project1.exe: 00003FD4: 11:41:30 [TUniGUISessionManager]:Terminating Session manager.
Project1.exe: 00003FD4: 11:41:30 [TUniGUISessionManager]:Stopping Cache Eraser...
Project1.exe: 00003FD4: 11:41:30 [TUniGUISessionManager]:Cache Eraser Stopped.
Project1.exe: 00003FD4: 11:41:30 [TUniGUISessionManager]:Destroying Worker Threads.
Project1.exe: 00003FD4: 11:41:30 [TUniGUISessionManager]:Session manager terminated.
Project1.exe: 00003FD4: 11:41:30 [TUniServerModule]:Server Shutdown Completed.
Project1.exe: 00003FD4: 11:41:30 []:<-------------------------------------------------------------->
Project1.exe: 00003FD4: 11:41:30 [Terminated]:Exit Code: 0
Project1.exe: 00004068: 11:41:36 []:>--------------------------------------------------------------<
Project1.exe: 00004068: 11:41:36 [TUniServerModule]:Server First Init.
Project1.exe: 00004068: 11:41:36 [TUniServerModule]:Starting HTTP Server on Port: 8077...
Project1.exe: 00004068: 11:41:36 [TUniServerModule]:HTTP Server Started on Port: 8077
Project1.exe: 00003F88: 11:41:40 [127.0.0.1]:EUniSessionException : Invalid session or session Timeout. (Session not found: lkRYTc7LQ8108CBE260 ) : Addr: $007F926A
Project1.exe: 00004068: 11:43:12 [TUniServerModule]:Shutting Down Server.
Project1.exe: 00004068: 11:43:12 [TUniServerModule]:Stopping HTTP Server.
Project1.exe: 00004068: 11:43:13 [TUniServerModule]:HTTP Server Stopped.
Project1.exe: 00004068: 11:43:13 [TUniGUISessionManager]:Terminating Session manager.
Project1.exe: 00004068: 11:43:13 [TUniGUISessionManager]:Stopping Cache Eraser...
Project1.exe: 00004068: 11:43:13 [TUniGUISessionManager]:Cache Eraser Stopped.
Project1.exe: 00004068: 11:43:13 [TUniGUISessionManager]:Destroying Worker Threads.
Project1.exe: 00004068: 11:43:13 [TUniGUISessionManager]:Session manager terminated.
Project1.exe: 00004068: 11:43:13 [TUniServerModule]:Server Shutdown Completed.
Project1.exe: 00004068: 11:43:13 []:<-------------------------------------------------------------->
Project1.exe: 00004068: 11:43:13 [Terminated]:Exit Code: 0
Project1.exe: 00003ACC: 11:43:15 []:>--------------------------------------------------------------<
Project1.exe: 00003ACC: 11:43:15 [TUniServerModule]:Server First Init.
Project1.exe: 00003ACC: 11:43:15 [TUniServerModule]:Starting HTTP Server on Port: 8077...
Project1.exe: 00003ACC: 11:43:15 [TUniServerModule]:HTTP Server Started on Port: 8077
Project1.exe: 00002C98: 11:43:18 [127.0.0.1]:EUniSessionException : Invalid session or session Timeout. (Session not found: SssHEKg7kL108CBE9F7 ) : Addr: $007F926A
Project1.exe: 00003ACC: 11:47:27 [TUniServerModule]:Shutting Down Server.
Project1.exe: 00003ACC: 11:47:27 [TUniServerModule]:Stopping HTTP Server.
Project1.exe: 00003ACC: 11:47:28 [TUniServerModule]:HTTP Server Stopped.
Project1.exe: 00003ACC: 11:47:28 [TUniGUISessionManager]:Terminating Session manager.
Project1.exe: 00003ACC: 11:47:28 [TUniGUISessionManager]:Stopping Cache Eraser...
Project1.exe: 00003ACC: 11:47:28 [TUniGUISessionManager]:Cache Eraser Stopped.
Project1.exe: 00003ACC: 11:47:28 [TUniGUISessionManager]:Destroying Worker Threads.
Project1.exe: 00003ACC: 11:47:28 [TUniGUISessionManager]:Session manager terminated.
Project1.exe: 00003ACC: 11:47:28 [TUniServerModule]:Server Shutdown Completed.
Project1.exe: 00003ACC: 11:47:28 []:<-------------------------------------------------------------->
Project1.exe: 00003ACC: 11:47:28 [Terminated]:Exit Code: 0
Project1.exe: 000031EC: 11:47:29 []:>--------------------------------------------------------------<
Project1.exe: 000031EC: 11:47:29 [TUniServerModule]:Server First Init.
Project1.exe: 000031EC: 11:47:29 [TUniServerModule]:Starting HTTP Server on Port: 8077...
Project1.exe: 000031EC: 11:47:29 [TUniServerModule]:HTTP Server Started on Port: 8077
Project1.exe: 000031EC: 11:48:41 [TUniServerModule]:Shutting Down Server.
Project1.exe: 000031EC: 11:48:41 [TUniServerModule]:Stopping HTTP Server.
Project1.exe: 000031EC: 11:48:42 [TUniServerModule]:HTTP Server Stopped.
Project1.exe: 000031EC: 11:48:42 [TUniGUISessionManager]:Terminating Session manager.
Project1.exe: 000031EC: 11:48:42 [TUniGUISessionManager]:Stopping Cache Eraser...
Project1.exe: 000031EC: 11:48:42 [TUniGUISessionManager]:Cache Eraser Stopped.
Project1.exe: 000031EC: 11:48:42 [TUniGUISessionManager]:Destroying Worker Threads.
Project1.exe: 000031EC: 11:48:42 [TUniGUISessionManager]:Session manager terminated.
Project1.exe: 000031EC: 11:48:42 [TUniServerModule]:Server Shutdown Completed.
Project1.exe: 000031EC: 11:48:42 []:<-------------------------------------------------------------->
Project1.exe: 000031EC: 11:48:42 [Terminated]:Exit Code: 0
Project1.exe: 00001F34: 11:48:43 []:>--------------------------------------------------------------<
Project1.exe: 00001F34: 11:48:43 [TUniServerModule]:Server First Init.
Project1.exe: 00001F34: 11:48:43 [TUniServerModule]:Starting HTTP Server on Port: 8077...
Project1.exe: 00001F34: 11:48:43 [TUniServerModule]:HTTP Server Started on Port: 8077
Project1.exe: 000044F0: 11:48:48 [127.0.0.1]:EUniSessionException : Invalid session or session Timeout. (Session not found: zuR2y5Qmjb108CBEB9D ) : Addr: $007F926A
Project1.exe: 00004208: 12:34:31 [127.0.0.1]:EUniSessionException : Invalid session or session Timeout. (Session not found: cMM82lfAMQ108C61CA9 ) : Addr: $007F926A
Project1.exe: 00004208: 12:34:31 [127.0.0.1]:EUniSessionException : Invalid session or session Timeout. (Session not found: cMM82lfAMQ108C61CA9 ) : Addr: $007F926A
Project1.exe: 00001F34: 13:06:07 [TUniServerModule]:Shutting Down Server.
Project1.exe: 00001F34: 13:06:07 [TUniServerModule]:Stopping HTTP Server.
Project1.exe: 00001F34: 13:06:08 [TUniServerModule]:HTTP Server Stopped.
Project1.exe: 00001F34: 13:06:08 [TUniGUISessionManager]:Terminating Session manager.
Project1.exe: 00001F34: 13:06:08 [TUniGUISessionManager]:Stopping Cache Eraser...
Project1.exe: 00001F34: 13:06:08 [TUniGUISessionManager]:Cache Eraser Stopped.
Project1.exe: 00001F34: 13:06:08 [TUniGUISessionManager]:Destroying Worker Threads.
Project1.exe: 00001F34: 13:06:08 [TUniGUISessionManager]:Session manager terminated.
Project1.exe: 00001F34: 13:06:09 [TUniServerModule]:Server Shutdown Completed.
Project1.exe: 00001F34: 13:06:09 []:<-------------------------------------------------------------->
Project1.exe: 00001F34: 13:06:09 [Terminated]:Exit Code: 0
Project1.exe: 00002D84: 13:06:12 []:>--------------------------------------------------------------<
Project1.exe: 00002D84: 13:06:12 [TUniServerModule]:Server First Init.
Project1.exe: 00002D84: 13:06:12 [TUniServerModule]:Starting HTTP Server on Port: 8077...
Project1.exe: 00002D84: 13:06:12 [TUniServerModule]:HTTP Server Started on Port: 8077
Project1.exe: 00001514: 13:06:40 [127.0.0.1]:EUniSessionException : Invalid session or session Timeout. (Session not found: DlaTlZFFHS108CBEBE9 ) : Addr: $007F926A
Project1.exe: 0000152C: 13:06:55 [127.0.0.1]:EMSSQLNativeException : [FireDAC][Phys][ODBC][Microsoft][SQL Server Native Client 11.0]SQL Server Network Interfaces: Error Locating Server/Instance Specified [xFFFFFFFF].  : Addr: $008D2F3A
Project1.exe: 00001514: 13:06:55 [HandleFileRequest[127.0.0.1]]:File not found: D:\sinsaerp\Win32\Release\favicon.ico
Project1.exe: 00003F8C: 13:07:11 [127.0.0.1]:EMSSQLNativeException : [FireDAC][Phys][ODBC][Microsoft][SQL Server Native Client 11.0]SQL Server Network Interfaces: Error Locating Server/Instance Specified [xFFFFFFFF].  : Addr: $008D2F3A
Project1.exe: 00001A50: 13:07:11 [HandleFileRequest[127.0.0.1]]:File not found: D:\sinsaerp\Win32\Release\favicon.ico
Project1.exe: 0000436C: 13:07:27 [127.0.0.1]:EMSSQLNativeException : [FireDAC][Phys][ODBC][Microsoft][SQL Server Native Client 11.0]SQL Server Network Interfaces: Error Locating Server/Instance Specified [xFFFFFFFF].  : Addr: $008D2F3A
Project1.exe: 00002D84: 13:07:52 [TUniServerModule]:Shutting Down Server.
Project1.exe: 00002D84: 13:07:52 [TUniServerModule]:Stopping HTTP Server.
Project1.exe: 00002D84: 13:07:53 [TUniServerModule]:HTTP Server Stopped.
Project1.exe: 00002D84: 13:07:53 [TUniGUISessionManager]:Terminating Session manager.
Project1.exe: 00002D84: 13:07:53 [TUniGUISessionManager]:Stopping Cache Eraser...
Project1.exe: 00002D84: 13:07:53 [TUniGUISessionManager]:Cache Eraser Stopped.
Project1.exe: 00002D84: 13:07:53 [TUniGUISessionManager]:Destroying Worker Threads.
Project1.exe: 00002D84: 13:07:53 [TUniGUISessionManager]:Session manager terminated.
Project1.exe: 00002D84: 13:07:53 [TUniServerModule]:Server Shutdown Completed.
Project1.exe: 00002D84: 13:07:53 []:<-------------------------------------------------------------->
Project1.exe: 00002D84: 13:07:53 [Terminated]:Exit Code: 0
Project1.exe: 00003554: 13:08:58 []:>--------------------------------------------------------------<
Project1.exe: 00003554: 13:08:58 [TUniServerModule]:Server First Init.
Project1.exe: 00003554: 13:08:58 [TUniServerModule]:Starting HTTP Server on Port: 8077...
Project1.exe: 00003554: 13:08:58 [TUniServerModule]:HTTP Server Started on Port: 8077
Project1.exe: 00003554: 13:15:28 [TUniServerModule]:Shutting Down Server.
Project1.exe: 00003554: 13:15:28 [TUniServerModule]:Stopping HTTP Server.
Project1.exe: 00003554: 13:15:29 [TUniServerModule]:HTTP Server Stopped.
Project1.exe: 00003554: 13:15:29 [TUniGUISessionManager]:Terminating Session manager.
Project1.exe: 00003554: 13:15:29 [TUniGUISessionManager]:Stopping Cache Eraser...
Project1.exe: 00003554: 13:15:29 [TUniGUISessionManager]:Cache Eraser Stopped.
Project1.exe: 00003554: 13:15:29 [TUniGUISessionManager]:Destroying Worker Threads.
Project1.exe: 00003554: 13:15:29 [TUniGUISessionManager]:Session manager terminated.
Project1.exe: 00003554: 13:15:29 [TUniServerModule]:Server Shutdown Completed.
Project1.exe: 00003554: 13:15:29 []:<-------------------------------------------------------------->
Project1.exe: 00003554: 13:15:29 [Terminated]:Exit Code: 0
Project1.exe: 00003438: 13:15:31 []:>--------------------------------------------------------------<
Project1.exe: 00003438: 13:15:31 [TUniServerModule]:Server First Init.
Project1.exe: 00003438: 13:15:31 [TUniServerModule]:Starting HTTP Server on Port: 8077...
Project1.exe: 00003438: 13:15:31 [TUniServerModule]:HTTP Server Started on Port: 8077
Project1.exe: 000028F4: 13:15:33 [127.0.0.1]:EUniSessionException : Invalid session or session Timeout. (Session not found: gpWpNfiXBo108CC01AA ) : Addr: $007F926A
Project1.exe: 00003438: 13:19:00 [TUniServerModule]:Shutting Down Server.
Project1.exe: 00003438: 13:19:00 [TUniServerModule]:Stopping HTTP Server.
Project1.exe: 00003438: 13:19:01 [TUniServerModule]:HTTP Server Stopped.
Project1.exe: 00003438: 13:19:01 [TUniGUISessionManager]:Terminating Session manager.
Project1.exe: 00003438: 13:19:01 [TUniGUISessionManager]:Stopping Cache Eraser...
Project1.exe: 00003438: 13:19:02 [TUniGUISessionManager]:Cache Eraser Stopped.
Project1.exe: 00003438: 13:19:02 [TUniGUISessionManager]:Destroying Worker Threads.
Project1.exe: 00003438: 13:19:02 [TUniGUISessionManager]:Session manager terminated.
Project1.exe: 00003438: 13:19:02 [TUniServerModule]:Server Shutdown Completed.
Project1.exe: 00003438: 13:19:02 []:<-------------------------------------------------------------->
Project1.exe: 00003438: 13:19:02 [Terminated]:Exit Code: 0
Project1.exe: 00004368: 13:19:04 []:>--------------------------------------------------------------<
Project1.exe: 00004368: 13:19:04 [TUniServerModule]:Server First Init.
Project1.exe: 00004368: 13:19:04 [TUniServerModule]:Starting HTTP Server on Port: 8077...
Project1.exe: 00004368: 13:19:04 [TUniServerModule]:HTTP Server Started on Port: 8077
Project1.exe: 00004170: 13:19:08 [127.0.0.1]:EUniSessionException : Invalid session or session Timeout. (Session not found: 8e1muUjdOl108CC036F ) : Addr: $007F926A
Project1.exe: 00004368: 13:20:42 [TUniServerModule]:Shutting Down Server.
Project1.exe: 00004368: 13:20:42 [TUniServerModule]:Stopping HTTP Server.
Project1.exe: 00004368: 13:20:43 [TUniServerModule]:HTTP Server Stopped.
Project1.exe: 00004368: 13:20:43 [TUniGUISessionManager]:Terminating Session manager.
Project1.exe: 00004368: 13:20:43 [TUniGUISessionManager]:Stopping Cache Eraser...
Project1.exe: 00004368: 13:20:43 [TUniGUISessionManager]:Cache Eraser Stopped.
Project1.exe: 00004368: 13:20:43 [TUniGUISessionManager]:Destroying Worker Threads.
Project1.exe: 00004368: 13:20:43 [TUniGUISessionManager]:Session manager terminated.
Project1.exe: 00004368: 13:20:43 [TUniServerModule]:Server Shutdown Completed.
Project1.exe: 00004368: 13:20:43 []:<-------------------------------------------------------------->
Project1.exe: 00004368: 13:20:43 [Terminated]:Exit Code: 0
Project1.exe: 00003324: 14:57:34 []:>--------------------------------------------------------------<
Project1.exe: 00003324: 14:57:34 [TUniServerModule]:Server First Init.
Project1.exe: 00003324: 14:57:34 [TUniServerModule]:Starting HTTP Server on Port: 8077...
Project1.exe: 00003324: 14:57:34 [TUniServerModule]:HTTP Server Started on Port: 8077
Project1.exe: 00003324: 14:58:46 [TUniServerModule]:Shutting Down Server.
Project1.exe: 00003324: 14:58:46 [TUniServerModule]:Stopping HTTP Server.
Project1.exe: 00003324: 14:58:47 [TUniServerModule]:HTTP Server Stopped.
Project1.exe: 00003324: 14:58:47 [TUniGUISessionManager]:Terminating Session manager.
Project1.exe: 00003324: 14:58:47 [TUniGUISessionManager]:Stopping Cache Eraser...
Project1.exe: 00003324: 14:58:47 [TUniGUISessionManager]:Cache Eraser Stopped.
Project1.exe: 00003324: 14:58:47 [TUniGUISessionManager]:Destroying Worker Threads.
Project1.exe: 00003324: 14:58:47 [TUniGUISessionManager]:Session manager terminated.
Project1.exe: 00003324: 14:58:47 [TUniServerModule]:Server Shutdown Completed.
Project1.exe: 00003324: 14:58:47 []:<-------------------------------------------------------------->
Project1.exe: 00003324: 14:58:47 [Terminated]:Exit Code: 0
Project1.exe: 00002700: 14:59:15 []:>--------------------------------------------------------------<
Project1.exe: 00002700: 14:59:15 [TUniServerModule]:Server First Init.
Project1.exe: 00002700: 14:59:15 [TUniServerModule]:Starting HTTP Server on Port: 8077...
Project1.exe: 00002700: 14:59:15 [TUniServerModule]:HTTP Server Started on Port: 8077
Project1.exe: 00002700: 14:59:58 [TUniServerModule]:Shutting Down Server.
Project1.exe: 00002700: 14:59:58 [TUniServerModule]:Stopping HTTP Server.
Project1.exe: 00002700: 14:59:59 [TUniServerModule]:HTTP Server Stopped.
Project1.exe: 00002700: 14:59:59 [TUniGUISessionManager]:Terminating Session manager.
Project1.exe: 00002700: 14:59:59 [TUniGUISessionManager]:Stopping Cache Eraser...
Project1.exe: 00002700: 14:59:59 [TUniGUISessionManager]:Cache Eraser Stopped.
Project1.exe: 00002700: 14:59:59 [TUniGUISessionManager]:Destroying Worker Threads.
Project1.exe: 00002700: 14:59:59 [TUniGUISessionManager]:Session manager terminated.
Project1.exe: 00002700: 14:59:59 [TUniServerModule]:Server Shutdown Completed.
Project1.exe: 00002700: 14:59:59 []:<-------------------------------------------------------------->
Project1.exe: 00002700: 14:59:59 [Terminated]:Exit Code: 0
Project1.exe: 00002F14: 15:00:00 []:>--------------------------------------------------------------<
Project1.exe: 00002F14: 15:00:00 [TUniServerModule]:Server First Init.
Project1.exe: 00002F14: 15:00:00 [TUniServerModule]:Starting HTTP Server on Port: 8077...
Project1.exe: 00002F14: 15:00:00 [TUniServerModule]:HTTP Server Started on Port: 8077
Project1.exe: 00002F14: 15:00:50 [TUniServerModule]:Shutting Down Server.
Project1.exe: 00002F14: 15:00:50 [TUniServerModule]:Stopping HTTP Server.
Project1.exe: 00002F14: 15:00:51 [TUniServerModule]:HTTP Server Stopped.
Project1.exe: 00002F14: 15:00:51 [TUniGUISessionManager]:Terminating Session manager.
Project1.exe: 00002F14: 15:00:51 [TUniGUISessionManager]:Stopping Cache Eraser...
Project1.exe: 00002F14: 15:00:51 [TUniGUISessionManager]:Cache Eraser Stopped.
Project1.exe: 00002F14: 15:00:51 [TUniGUISessionManager]:Destroying Worker Threads.
Project1.exe: 00002F14: 15:00:51 [TUniGUISessionManager]:Session manager terminated.
Project1.exe: 00002F14: 15:00:51 [TUniServerModule]:Server Shutdown Completed.
Project1.exe: 00002F14: 15:00:51 []:<-------------------------------------------------------------->
Project1.exe: 00002F14: 15:00:51 [Terminated]:Exit Code: 0
Project1.exe: 00002E44: 15:01:00 []:>--------------------------------------------------------------<
Project1.exe: 00002E44: 15:01:00 [TUniServerModule]:Server First Init.
Project1.exe: 00002E44: 15:01:00 [TUniServerModule]:Starting HTTP Server on Port: 8077...
Project1.exe: 00002E44: 15:01:00 [TUniServerModule]:HTTP Server Started on Port: 8077
Project1.exe: 00002E44: 15:03:11 [TUniServerModule]:Shutting Down Server.
Project1.exe: 00002E44: 15:03:11 [TUniServerModule]:Stopping HTTP Server.
Project1.exe: 00002E44: 15:03:12 [TUniServerModule]:HTTP Server Stopped.
Project1.exe: 00002E44: 15:03:12 [TUniGUISessionManager]:Terminating Session manager.
Project1.exe: 00002E44: 15:03:12 [TUniGUISessionManager]:Stopping Cache Eraser...
Project1.exe: 00002E44: 15:03:12 [TUniGUISessionManager]:Cache Eraser Stopped.
Project1.exe: 00002E44: 15:03:12 [TUniGUISessionManager]:Destroying Worker Threads.
Project1.exe: 00002E44: 15:03:12 [TUniGUISessionManager]:Session manager terminated.
Project1.exe: 00002E44: 15:03:12 [TUniServerModule]:Server Shutdown Completed.
Project1.exe: 00002E44: 15:03:12 []:<-------------------------------------------------------------->
Project1.exe: 00002E44: 15:03:12 [Terminated]:Exit Code: 0
Project1.exe: 00000404: 15:03:14 []:>--------------------------------------------------------------<
Project1.exe: 00000404: 15:03:14 [TUniServerModule]:Server First Init.
Project1.exe: 00000404: 15:03:14 [TUniServerModule]:Starting HTTP Server on Port: 8077...
Project1.exe: 00000404: 15:03:14 [TUniServerModule]:HTTP Server Started on Port: 8077
Project1.exe: 00004740: 15:03:19 [127.0.0.1]:EUniSessionException : Invalid session or session Timeout. (Session not found: 72eiDeXwcY108CC2039 ) : Addr: $007F926A
Project1.exe: 00000404: 15:11:23 [TUniServerModule]:Shutting Down Server.
Project1.exe: 00000404: 15:11:23 [TUniServerModule]:Stopping HTTP Server.
Project1.exe: 00000404: 15:11:24 [TUniServerModule]:HTTP Server Stopped.
Project1.exe: 00000404: 15:11:24 [TUniGUISessionManager]:Terminating Session manager.
Project1.exe: 00000404: 15:11:24 [TUniGUISessionManager]:Stopping Cache Eraser...
Project1.exe: 00000404: 15:11:24 [TUniGUISessionManager]:Cache Eraser Stopped.
Project1.exe: 00000404: 15:11:24 [TUniGUISessionManager]:Destroying Worker Threads.
Project1.exe: 00000404: 15:11:24 [TUniGUISessionManager]:Session manager terminated.
Project1.exe: 00000404: 15:11:24 [TUniServerModule]:Server Shutdown Completed.
Project1.exe: 00000404: 15:11:24 []:<-------------------------------------------------------------->
Project1.exe: 00000404: 15:11:24 [Terminated]:Exit Code: 0
Project1.exe: 00003ED0: 15:11:25 []:>--------------------------------------------------------------<
Project1.exe: 00003ED0: 15:11:25 [TUniServerModule]:Server First Init.
Project1.exe: 00003ED0: 15:11:25 [TUniServerModule]:Starting HTTP Server on Port: 8077...
Project1.exe: 00003ED0: 15:11:25 [TUniServerModule]:HTTP Server Started on Port: 8077
Project1.exe: 00003ED0: 15:11:33 [TUniServerModule]:Shutting Down Server.
Project1.exe: 00003ED0: 15:11:33 [TUniServerModule]:Stopping HTTP Server.
Project1.exe: 00003ED0: 15:11:34 [TUniServerModule]:HTTP Server Stopped.
Project1.exe: 00003ED0: 15:11:34 [TUniGUISessionManager]:Terminating Session manager.
Project1.exe: 00003ED0: 15:11:34 [TUniGUISessionManager]:Stopping Cache Eraser...
Project1.exe: 00003ED0: 15:11:34 [TUniGUISessionManager]:Cache Eraser Stopped.
Project1.exe: 00003ED0: 15:11:34 [TUniGUISessionManager]:Destroying Worker Threads.
Project1.exe: 00003ED0: 15:11:34 [TUniGUISessionManager]:Session manager terminated.
Project1.exe: 00003ED0: 15:11:34 [TUniServerModule]:Server Shutdown Completed.
Project1.exe: 00003ED0: 15:11:34 []:<-------------------------------------------------------------->
Project1.exe: 00003ED0: 15:11:34 [Terminated]:Exit Code: 0
Project1.exe: 000006CC: 15:11:37 []:>--------------------------------------------------------------<
Project1.exe: 000006CC: 15:11:37 [TUniServerModule]:Server First Init.
Project1.exe: 000006CC: 15:11:37 [TUniServerModule]:Starting HTTP Server on Port: 8077...
Project1.exe: 000006CC: 15:11:37 [TUniServerModule]:HTTP Server Started on Port: 8077
Project1.exe: 000003B8: 15:12:23 [127.0.0.1]:EUniSessionException : Invalid session or session Timeout. (Session not found: QlwvkBxasD108CC20AA ) : Addr: $007F926A
Project1.exe: 000006CC: 15:13:08 [TUniServerModule]:Shutting Down Server.
Project1.exe: 000006CC: 15:13:08 [TUniServerModule]:Stopping HTTP Server.
Project1.exe: 000006CC: 15:13:09 [TUniServerModule]:HTTP Server Stopped.
Project1.exe: 000006CC: 15:13:09 [TUniGUISessionManager]:Terminating Session manager.
Project1.exe: 000006CC: 15:13:09 [TUniGUISessionManager]:Stopping Cache Eraser...
Project1.exe: 000006CC: 15:13:09 [TUniGUISessionManager]:Cache Eraser Stopped.
Project1.exe: 000006CC: 15:13:09 [TUniGUISessionManager]:Destroying Worker Threads.
Project1.exe: 000006CC: 15:13:10 [TUniGUISessionManager]:Session manager terminated.
Project1.exe: 000006CC: 15:13:10 [TUniServerModule]:Server Shutdown Completed.
Project1.exe: 000006CC: 15:13:10 []:<-------------------------------------------------------------->
Project1.exe: 000006CC: 15:13:10 [Terminated]:Exit Code: 0
Project1.exe: 00002BBC: 15:14:19 []:>--------------------------------------------------------------<
Project1.exe: 00002BBC: 15:14:19 [TUniServerModule]:Server First Init.
Project1.exe: 00002BBC: 15:14:19 [TUniServerModule]:Starting HTTP Server on Port: 8077...
Project1.exe: 00002BBC: 15:14:19 [TUniServerModule]:HTTP Server Started on Port: 8077
Project1.exe: 00003620: 15:14:41 [127.0.0.1]:EUniSessionException : Invalid session or session Timeout. (Session not found: b7mvUpgonm108CC2321 ) : Addr: $007F926A
Project1.exe: 00002BBC: 15:18:56 [TUniServerModule]:Shutting Down Server.
Project1.exe: 00002BBC: 15:18:56 [TUniServerModule]:Stopping HTTP Server.
Project1.exe: 00002BBC: 15:18:57 [TUniServerModule]:HTTP Server Stopped.
Project1.exe: 00002BBC: 15:18:57 [TUniGUISessionManager]:Terminating Session manager.
Project1.exe: 00002BBC: 15:18:57 [TUniGUISessionManager]:Stopping Cache Eraser...
Project1.exe: 00002BBC: 15:18:57 [TUniGUISessionManager]:Cache Eraser Stopped.
Project1.exe: 00002BBC: 15:18:57 [TUniGUISessionManager]:Destroying Worker Threads.
Project1.exe: 00002BBC: 15:18:57 [TUniGUISessionManager]:Session manager terminated.
Project1.exe: 00002BBC: 15:18:57 [TUniServerModule]:Server Shutdown Completed.
Project1.exe: 00002BBC: 15:18:57 []:<-------------------------------------------------------------->
Project1.exe: 00002BBC: 15:18:57 [Terminated]:Exit Code: 0
Project1.exe: 00004294: 15:19:01 []:>--------------------------------------------------------------<
Project1.exe: 00004294: 15:19:01 [TUniServerModule]:Server First Init.
Project1.exe: 00004294: 15:19:01 [TUniServerModule]:Starting HTTP Server on Port: 8077...
Project1.exe: 00004294: 15:19:01 [TUniServerModule]:HTTP Server Started on Port: 8077
Project1.exe: 00003FB4: 15:19:07 [127.0.0.1]:EUniSessionException : Invalid session or session Timeout. (Session not found: aCO55zOjFw108CC23C0 ) : Addr: $007F926A
Project1.exe: 00004294: 15:21:36 [TUniServerModule]:Shutting Down Server.
Project1.exe: 00004294: 15:21:36 [TUniServerModule]:Stopping HTTP Server.
Project1.exe: 00004294: 15:21:37 [TUniServerModule]:HTTP Server Stopped.
Project1.exe: 00004294: 15:21:37 [TUniGUISessionManager]:Terminating Session manager.
Project1.exe: 00004294: 15:21:37 [TUniGUISessionManager]:Stopping Cache Eraser...
Project1.exe: 00004294: 15:21:37 [TUniGUISessionManager]:Cache Eraser Stopped.
Project1.exe: 00004294: 15:21:37 [TUniGUISessionManager]:Destroying Worker Threads.
Project1.exe: 00004294: 15:21:37 [TUniGUISessionManager]:Session manager terminated.
Project1.exe: 00004294: 15:21:37 [TUniServerModule]:Server Shutdown Completed.
Project1.exe: 00004294: 15:21:37 []:<-------------------------------------------------------------->
Project1.exe: 00004294: 15:21:37 [Terminated]:Exit Code: 0
Project1.exe: 00003C40: 15:21:39 []:>--------------------------------------------------------------<
Project1.exe: 00003C40: 15:21:39 [TUniServerModule]:Server First Init.
Project1.exe: 00003C40: 15:21:39 [TUniServerModule]:Starting HTTP Server on Port: 8077...
Project1.exe: 00003C40: 15:21:39 [TUniServerModule]:HTTP Server Started on Port: 8077
Project1.exe: 00003C14: 15:21:54 [127.0.0.1]:EUniSessionException : Invalid session or session Timeout. (Session not found: eYNJcUGsdJ108CC24F3 ) : Addr: $007F926A
Project1.exe: 00003C40: 15:23:13 [TUniServerModule]:Shutting Down Server.
Project1.exe: 00003C40: 15:23:13 [TUniServerModule]:Stopping HTTP Server.
Project1.exe: 00003C40: 15:23:14 [TUniServerModule]:HTTP Server Stopped.
Project1.exe: 00003C40: 15:23:14 [TUniGUISessionManager]:Terminating Session manager.
Project1.exe: 00003C40: 15:23:14 [TUniGUISessionManager]:Stopping Cache Eraser...
Project1.exe: 00003C40: 15:23:14 [TUniGUISessionManager]:Cache Eraser Stopped.
Project1.exe: 00003C40: 15:23:14 [TUniGUISessionManager]:Destroying Worker Threads.
Project1.exe: 00003C40: 15:23:14 [TUniGUISessionManager]:Session manager terminated.
Project1.exe: 00003C40: 15:23:14 [TUniServerModule]:Server Shutdown Completed.
Project1.exe: 00003C40: 15:23:14 []:<-------------------------------------------------------------->
Project1.exe: 00003C40: 15:23:14 [Terminated]:Exit Code: 0
Project1.exe: 00000D44: 15:23:17 []:>--------------------------------------------------------------<
Project1.exe: 00000D44: 15:23:17 [TUniServerModule]:Server First Init.
Project1.exe: 00000D44: 15:23:17 [TUniServerModule]:Starting HTTP Server on Port: 8077...
Project1.exe: 00000D44: 15:23:17 [TUniServerModule]:HTTP Server Started on Port: 8077
Project1.exe: 00001D1C: 15:23:19 [127.0.0.1]:EUniSessionException : Invalid session or session Timeout. (Session not found: xTkWUgkzeS108CC25B5 ) : Addr: $007F926A
Project1.exe: 00000D44: 15:33:44 [TUniServerModule]:Shutting Down Server.
Project1.exe: 00000D44: 15:33:44 [TUniServerModule]:Stopping HTTP Server.
Project1.exe: 00000D44: 15:33:45 [TUniServerModule]:HTTP Server Stopped.
Project1.exe: 00000D44: 15:33:45 [TUniGUISessionManager]:Terminating Session manager.
Project1.exe: 00000D44: 15:33:45 [TUniGUISessionManager]:Stopping Cache Eraser...
Project1.exe: 00000D44: 15:33:45 [TUniGUISessionManager]:Cache Eraser Stopped.
Project1.exe: 00000D44: 15:33:45 [TUniGUISessionManager]:Destroying Worker Threads.
Project1.exe: 00000D44: 15:33:45 [TUniGUISessionManager]:Session manager terminated.
Project1.exe: 00000D44: 15:33:45 [TUniServerModule]:Server Shutdown Completed.
Project1.exe: 00000D44: 15:33:45 []:<-------------------------------------------------------------->
Project1.exe: 00000D44: 15:33:45 [Terminated]:Exit Code: 0
Project1.exe: 00002244: 15:34:23 []:>--------------------------------------------------------------<
Project1.exe: 00002244: 15:34:23 [TUniServerModule]:Server First Init.
Project1.exe: 00002244: 15:34:23 [TUniServerModule]:Starting HTTP Server on Port: 8077...
Project1.exe: 00002244: 15:34:23 [TUniServerModule]:HTTP Server Started on Port: 8077
Project1.exe: 00003AD8: 15:34:28 [127.0.0.1]:EUniSessionException : Invalid session or session Timeout. (Session not found: xMPyszLLHd108CC2618 ) : Addr: $007F926A
Project1.exe: 00002244: 15:37:08 [TUniServerModule]:Shutting Down Server.
Project1.exe: 00002244: 15:37:08 [TUniServerModule]:Stopping HTTP Server.
Project1.exe: 00002244: 15:37:08 [TUniServerModule]:HTTP Server Stopped.
Project1.exe: 00002244: 15:37:08 [TUniGUISessionManager]:Terminating Session manager.
Project1.exe: 00002244: 15:37:08 [TUniGUISessionManager]:Stopping Cache Eraser...
Project1.exe: 00002244: 15:37:08 [TUniGUISessionManager]:Cache Eraser Stopped.
Project1.exe: 00002244: 15:37:08 [TUniGUISessionManager]:Destroying Worker Threads.
Project1.exe: 00002244: 15:37:08 [TUniGUISessionManager]:Session manager terminated.
Project1.exe: 00002244: 15:37:08 [TUniServerModule]:Server Shutdown Completed.
Project1.exe: 00002244: 15:37:08 []:<-------------------------------------------------------------->
Project1.exe: 00002244: 15:37:08 [Terminated]:Exit Code: 0
Project1.exe: 0000316C: 15:48:34 []:>--------------------------------------------------------------<
Project1.exe: 0000316C: 15:48:34 [TUniServerModule]:Server First Init.
Project1.exe: 0000316C: 15:48:34 [TUniServerModule]:Starting HTTP Server on Port: 8077...
Project1.exe: 0000316C: 15:48:34 [TUniServerModule]:HTTP Server Started on Port: 8077
Project1.exe: 0000316C: 16:05:47 [TUniServerModule]:Shutting Down Server.
Project1.exe: 0000316C: 16:05:47 [TUniServerModule]:Stopping HTTP Server.
Project1.exe: 0000316C: 16:05:48 [TUniServerModule]:HTTP Server Stopped.
Project1.exe: 0000316C: 16:05:48 [TUniGUISessionManager]:Terminating Session manager.
Project1.exe: 0000316C: 16:05:48 [TUniGUISessionManager]:Stopping Cache Eraser...
Project1.exe: 0000316C: 16:05:48 [TUniGUISessionManager]:Cache Eraser Stopped.
Project1.exe: 0000316C: 16:05:48 [TUniGUISessionManager]:Destroying Worker Threads.
Project1.exe: 0000316C: 16:05:48 [TUniGUISessionManager]:Session manager terminated.
Project1.exe: 0000316C: 16:05:48 [TUniServerModule]:Server Shutdown Completed.
Project1.exe: 0000316C: 16:05:48 []:<-------------------------------------------------------------->
Project1.exe: 0000316C: 16:05:48 [Terminated]:Exit Code: 0
