Project1.exe: 000027F4: 09:00:12 []:>--------------------------------------------------------------<
Project1.exe: 000027F4: 09:00:12 [TUniServerModule]:Server First Init.
Project1.exe: 000027F4: 09:00:12 [TUniServerModule]:Starting HTTP Server on Port: 8077...
Project1.exe: 000027F4: 09:00:12 [TUniServerModule]:HTTP Server Started on Port: 8077
Project1.exe: 000027F4: 13:30:33 [TUniServerModule]:Shutting Down Server.
Project1.exe: 000027F4: 13:30:33 [TUniServerModule]:Stopping HTTP Server.
Project1.exe: 000027F4: 13:30:34 [TUniServerModule]:HTTP Server Stopped.
Project1.exe: 000027F4: 13:30:34 [TUniGUISessionManager]:Terminating Session manager.
Project1.exe: 000027F4: 13:30:34 [TUniGUISessionManager]:Stopping Cache Eraser...
Project1.exe: 000027F4: 13:30:34 [TUniGUISessionManager]:Cache Eraser Stopped.
Project1.exe: 000027F4: 13:30:34 [TUniGUISessionManager]:Destroying Worker Threads.
Project1.exe: 000027F4: 13:30:34 [TUniGUISessionManager]:Session manager terminated.
Project1.exe: 000027F4: 13:30:34 [TUniServerModule]:Server Shutdown Completed.
Project1.exe: 000027F4: 13:30:34 []:<-------------------------------------------------------------->
Project1.exe: 000027F4: 13:30:34 [Terminated]:Exit Code: 0
Project1.exe: 00004390: 13:30:44 []:>--------------------------------------------------------------<
Project1.exe: 00004390: 13:30:44 [TUniServerModule]:Server First Init.
Project1.exe: 00004390: 13:30:44 [TUniServerModule]:Starting HTTP Server on Port: 8077...
Project1.exe: 00004390: 13:30:44 [TUniServerModule]:HTTP Server Started on Port: 8077
Project1.exe: 00003494: 13:31:19 [127.0.0.1]:EDatabaseError : QueryReporte: Field 'consecutivo' not found : Addr: $006C7C8E
Project1.exe: 00004390: 13:32:37 [TUniServerModule]:Shutting Down Server.
Project1.exe: 00004390: 13:32:37 [TUniServerModule]:Stopping HTTP Server.
Project1.exe: 00004390: 13:32:38 [TUniServerModule]:HTTP Server Stopped.
Project1.exe: 00004390: 13:32:38 [TUniGUISessionManager]:Terminating Session manager.
Project1.exe: 00004390: 13:32:38 [TUniGUISessionManager]:Stopping Cache Eraser...
Project1.exe: 00004390: 13:32:38 [TUniGUISessionManager]:Cache Eraser Stopped.
Project1.exe: 00004390: 13:32:38 [TUniGUISessionManager]:Destroying Worker Threads.
Project1.exe: 00004390: 13:32:38 [TUniGUISessionManager]:Session manager terminated.
Project1.exe: 00004390: 13:32:38 [TUniServerModule]:Server Shutdown Completed.
Project1.exe: 00004390: 13:32:38 []:<-------------------------------------------------------------->
Project1.exe: 00004390: 13:32:38 [Terminated]:Exit Code: 0
Project1.exe: 0000085C: 13:32:39 []:>--------------------------------------------------------------<
Project1.exe: 0000085C: 13:32:39 [TUniServerModule]:Server First Init.
Project1.exe: 0000085C: 13:32:39 [TUniServerModule]:Starting HTTP Server on Port: 8077...
Project1.exe: 0000085C: 13:32:39 [TUniServerModule]:HTTP Server Started on Port: 8077
Project1.exe: 000024FC: 13:32:42 [127.0.0.1]:EUniSessionException : Invalid session or session Timeout. (Session not found: a7TLNgfjgS108CD8EA6 ) : Addr: $007F926A
Project1.exe: 0000085C: 13:37:38 [TUniServerModule]:Shutting Down Server.
Project1.exe: 0000085C: 13:37:38 [TUniServerModule]:Stopping HTTP Server.
Project1.exe: 0000085C: 13:37:39 [TUniServerModule]:HTTP Server Stopped.
Project1.exe: 0000085C: 13:37:39 [TUniGUISessionManager]:Terminating Session manager.
Project1.exe: 0000085C: 13:37:39 [TUniGUISessionManager]:Stopping Cache Eraser...
Project1.exe: 0000085C: 13:37:39 [TUniGUISessionManager]:Cache Eraser Stopped.
Project1.exe: 0000085C: 13:37:39 [TUniGUISessionManager]:Destroying Worker Threads.
Project1.exe: 0000085C: 13:37:39 [TUniGUISessionManager]:Session manager terminated.
Project1.exe: 0000085C: 13:37:39 [TUniServerModule]:Server Shutdown Completed.
Project1.exe: 0000085C: 13:37:39 []:<-------------------------------------------------------------->
Project1.exe: 0000085C: 13:37:39 [Terminated]:Exit Code: 0
Project1.exe: 00000200: 13:37:41 []:>--------------------------------------------------------------<
Project1.exe: 00000200: 13:37:41 [TUniServerModule]:Server First Init.
Project1.exe: 00000200: 13:37:41 [TUniServerModule]:Starting HTTP Server on Port: 8077...
Project1.exe: 00000200: 13:37:41 [TUniServerModule]:HTTP Server Started on Port: 8077
Project1.exe: 00004150: 13:37:43 [127.0.0.1]:EUniSessionException : Invalid session or session Timeout. (Session not found: BDz9PFKbbl108CD8EB6 ) : Addr: $007F926A
Project1.exe: 00000200: 13:41:43 [TUniServerModule]:Shutting Down Server.
Project1.exe: 00000200: 13:41:43 [TUniServerModule]:Stopping HTTP Server.
Project1.exe: 00000200: 13:41:44 [TUniServerModule]:HTTP Server Stopped.
Project1.exe: 00000200: 13:41:44 [TUniGUISessionManager]:Terminating Session manager.
Project1.exe: 00000200: 13:41:44 [TUniGUISessionManager]:Stopping Cache Eraser...
Project1.exe: 00000200: 13:41:44 [TUniGUISessionManager]:Cache Eraser Stopped.
Project1.exe: 00000200: 13:41:44 [TUniGUISessionManager]:Destroying Worker Threads.
Project1.exe: 00000200: 13:41:44 [TUniGUISessionManager]:Session manager terminated.
Project1.exe: 00000200: 13:41:44 [TUniServerModule]:Server Shutdown Completed.
Project1.exe: 00000200: 13:41:44 []:<-------------------------------------------------------------->
Project1.exe: 00000200: 13:41:44 [Terminated]:Exit Code: 0
Project1.exe: 00001AA0: 13:41:45 []:>--------------------------------------------------------------<
Project1.exe: 00001AA0: 13:41:45 [TUniServerModule]:Server First Init.
Project1.exe: 00001AA0: 13:41:45 [TUniServerModule]:Starting HTTP Server on Port: 8077...
Project1.exe: 00001AA0: 13:41:45 [TUniServerModule]:HTTP Server Started on Port: 8077
Project1.exe: 000034F8: 13:41:47 [127.0.0.1]:EUniSessionException : Invalid session or session Timeout. (Session not found: SZwSqbBFBq108CD9012 ) : Addr: $007F926A
Project1.exe: 000040AC: 13:42:30 [127.0.0.1]:EDatabaseError : QueryReporte: Field 'asistio' not found : Addr: $006C7C8E
Project1.exe: 000034F8: 13:42:43 [127.0.0.1]:EDatabaseError : QueryReporte: Field 'asistio' not found : Addr: $006C7C8E
Project1.exe: 00001AA0: 13:44:03 [TUniServerModule]:Shutting Down Server.
Project1.exe: 00001AA0: 13:44:03 [TUniServerModule]:Stopping HTTP Server.
Project1.exe: 00001AA0: 13:44:04 [TUniServerModule]:HTTP Server Stopped.
Project1.exe: 00001AA0: 13:44:04 [TUniGUISessionManager]:Terminating Session manager.
Project1.exe: 00001AA0: 13:44:04 [TUniGUISessionManager]:Stopping Cache Eraser...
Project1.exe: 00001AA0: 13:44:04 [TUniGUISessionManager]:Cache Eraser Stopped.
Project1.exe: 00001AA0: 13:44:04 [TUniGUISessionManager]:Destroying Worker Threads.
Project1.exe: 00001AA0: 13:44:04 [TUniGUISessionManager]:Session manager terminated.
Project1.exe: 00001AA0: 13:44:04 [TUniServerModule]:Server Shutdown Completed.
Project1.exe: 00001AA0: 13:44:04 []:<-------------------------------------------------------------->
Project1.exe: 00001AA0: 13:44:04 [Terminated]:Exit Code: 0
Project1.exe: 00001754: 13:44:07 []:>--------------------------------------------------------------<
Project1.exe: 00001754: 13:44:07 [TUniServerModule]:Server First Init.
Project1.exe: 00001754: 13:44:07 [TUniServerModule]:Starting HTTP Server on Port: 8077...
Project1.exe: 00001754: 13:44:07 [TUniServerModule]:HTTP Server Started on Port: 8077
Project1.exe: 000030C0: 13:44:09 [127.0.0.1]:EUniSessionException : Invalid session or session Timeout. (Session not found: AvJlFi1eZo108CD912D ) : Addr: $007F926A
Project1.exe: 00001754: 13:47:54 [TUniServerModule]:Shutting Down Server.
Project1.exe: 00001754: 13:47:54 [TUniServerModule]:Stopping HTTP Server.
Project1.exe: 00001754: 13:47:55 [TUniServerModule]:HTTP Server Stopped.
Project1.exe: 00001754: 13:47:55 [TUniGUISessionManager]:Terminating Session manager.
Project1.exe: 00001754: 13:47:55 [TUniGUISessionManager]:Stopping Cache Eraser...
Project1.exe: 00001754: 13:47:55 [TUniGUISessionManager]:Cache Eraser Stopped.
Project1.exe: 00001754: 13:47:55 [TUniGUISessionManager]:Destroying Worker Threads.
Project1.exe: 00001754: 13:47:55 [TUniGUISessionManager]:Session manager terminated.
Project1.exe: 00001754: 13:47:55 [TUniServerModule]:Server Shutdown Completed.
Project1.exe: 00001754: 13:47:55 []:<-------------------------------------------------------------->
Project1.exe: 00001754: 13:47:55 [Terminated]:Exit Code: 0
Project1.exe: 00000BFC: 13:47:57 []:>--------------------------------------------------------------<
Project1.exe: 00000BFC: 13:47:57 [TUniServerModule]:Server First Init.
Project1.exe: 00000BFC: 13:47:57 [TUniServerModule]:Starting HTTP Server on Port: 8077...
Project1.exe: 00000BFC: 13:47:57 [TUniServerModule]:HTTP Server Started on Port: 8077
Project1.exe: 000027E8: 13:48:01 [127.0.0.1]:EUniSessionException : Invalid session or session Timeout. (Session not found: 8TE2fz2sNe108CD91D1 ) : Addr: $007F926A
Project1.exe: 00000BFC: 13:49:41 [TUniServerModule]:Shutting Down Server.
Project1.exe: 00000BFC: 13:49:41 [TUniServerModule]:Stopping HTTP Server.
Project1.exe: 00000BFC: 13:49:42 [TUniServerModule]:HTTP Server Stopped.
Project1.exe: 00000BFC: 13:49:42 [TUniGUISessionManager]:Terminating Session manager.
Project1.exe: 00000BFC: 13:49:42 [TUniGUISessionManager]:Stopping Cache Eraser...
Project1.exe: 00000BFC: 13:49:42 [TUniGUISessionManager]:Cache Eraser Stopped.
Project1.exe: 00000BFC: 13:49:42 [TUniGUISessionManager]:Destroying Worker Threads.
Project1.exe: 00000BFC: 13:49:42 [TUniGUISessionManager]:Session manager terminated.
Project1.exe: 00000BFC: 13:49:42 [TUniServerModule]:Server Shutdown Completed.
Project1.exe: 00000BFC: 13:49:42 []:<-------------------------------------------------------------->
Project1.exe: 00000BFC: 13:49:42 [Terminated]:Exit Code: 0
Project1.exe: 000012AC: 13:50:02 []:>--------------------------------------------------------------<
Project1.exe: 000012AC: 13:50:02 [TUniServerModule]:Server First Init.
Project1.exe: 000012AC: 13:50:02 [TUniServerModule]:Starting HTTP Server on Port: 8077...
Project1.exe: 000012AC: 13:50:02 [TUniServerModule]:HTTP Server Started on Port: 8077
Project1.exe: 000012AC: 13:50:07 [TUniServerModule]:Shutting Down Server.
Project1.exe: 000012AC: 13:50:07 [TUniServerModule]:Stopping HTTP Server.
Project1.exe: 000012AC: 13:50:07 [TUniServerModule]:HTTP Server Stopped.
Project1.exe: 000012AC: 13:50:07 [TUniGUISessionManager]:Terminating Session manager.
Project1.exe: 000012AC: 13:50:07 [TUniGUISessionManager]:Stopping Cache Eraser...
Project1.exe: 000012AC: 13:50:07 [TUniGUISessionManager]:Cache Eraser Stopped.
Project1.exe: 000012AC: 13:50:07 [TUniGUISessionManager]:Destroying Worker Threads.
Project1.exe: 000012AC: 13:50:08 [TUniGUISessionManager]:Session manager terminated.
Project1.exe: 000012AC: 13:50:08 [TUniServerModule]:Server Shutdown Completed.
Project1.exe: 000012AC: 13:50:08 []:<-------------------------------------------------------------->
Project1.exe: 000012AC: 13:50:08 [Terminated]:Exit Code: 0
Project1.exe: 0000234C: 13:52:41 []:>--------------------------------------------------------------<
Project1.exe: 0000234C: 13:52:41 [TUniServerModule]:Server First Init.
Project1.exe: 0000234C: 13:52:41 [TUniServerModule]:Starting HTTP Server on Port: 8077...
Project1.exe: 0000234C: 13:52:41 [TUniServerModule]:HTTP Server Started on Port: 8077
Project1.exe: 00002430: 13:52:46 [127.0.0.1]:EUniSessionException : Invalid session or session Timeout. (Session not found: NFKwqs6Qfm108CD92DD ) : Addr: $007F926A
Project1.exe: 0000234C: 13:55:50 [TUniServerModule]:Shutting Down Server.
Project1.exe: 0000234C: 13:55:50 [TUniServerModule]:Stopping HTTP Server.
Project1.exe: 0000234C: 13:55:51 [TUniServerModule]:HTTP Server Stopped.
Project1.exe: 0000234C: 13:55:51 [TUniGUISessionManager]:Terminating Session manager.
Project1.exe: 0000234C: 13:55:51 [TUniGUISessionManager]:Stopping Cache Eraser...
Project1.exe: 0000234C: 13:55:51 [TUniGUISessionManager]:Cache Eraser Stopped.
Project1.exe: 0000234C: 13:55:51 [TUniGUISessionManager]:Destroying Worker Threads.
Project1.exe: 0000234C: 13:55:51 [TUniGUISessionManager]:Session manager terminated.
Project1.exe: 0000234C: 13:55:51 [TUniServerModule]:Server Shutdown Completed.
Project1.exe: 0000234C: 13:55:51 []:<-------------------------------------------------------------->
Project1.exe: 0000234C: 13:55:51 [Terminated]:Exit Code: 0
Project1.exe: 000035BC: 13:55:55 []:>--------------------------------------------------------------<
Project1.exe: 000035BC: 13:55:55 [TUniServerModule]:Server First Init.
Project1.exe: 000035BC: 13:55:55 [TUniServerModule]:Starting HTTP Server on Port: 8077...
Project1.exe: 000035BC: 13:55:55 [TUniServerModule]:HTTP Server Started on Port: 8077
Project1.exe: 000041DC: 13:55:57 [127.0.0.1]:EUniSessionException : Invalid session or session Timeout. (Session not found: oyPt2kf1Nx108CD9427 ) : Addr: $007F926A
Project1.exe: 000041DC: 13:56:06 [127.0.0.1]:EMSSQLNativeException : [FireDAC][Phys][ODBC][Microsoft][SQL Server Native Client 11.0][SQL Server]El nombre de columna 'elimando' no es válido. : Addr: $008EC9B5
Project1.exe: 000035BC: 13:56:27 [TUniServerModule]:Shutting Down Server.
Project1.exe: 000035BC: 13:56:27 [TUniServerModule]:Stopping HTTP Server.
Project1.exe: 000035BC: 13:56:28 [TUniServerModule]:HTTP Server Stopped.
Project1.exe: 000035BC: 13:56:28 [TUniGUISessionManager]:Terminating Session manager.
Project1.exe: 000035BC: 13:56:28 [TUniGUISessionManager]:Stopping Cache Eraser...
Project1.exe: 000035BC: 13:56:28 [TUniGUISessionManager]:Cache Eraser Stopped.
Project1.exe: 000035BC: 13:56:28 [TUniGUISessionManager]:Destroying Worker Threads.
Project1.exe: 000035BC: 13:56:28 [TUniGUISessionManager]:Session manager terminated.
Project1.exe: 000035BC: 13:56:28 [TUniServerModule]:Server Shutdown Completed.
Project1.exe: 000035BC: 13:56:28 []:<-------------------------------------------------------------->
Project1.exe: 000035BC: 13:56:28 [Terminated]:Exit Code: 0
Project1.exe: 00002660: 13:56:31 []:>--------------------------------------------------------------<
Project1.exe: 00002660: 13:56:31 [TUniServerModule]:Server First Init.
Project1.exe: 00002660: 13:56:31 [TUniServerModule]:Starting HTTP Server on Port: 8077...
Project1.exe: 00002660: 13:56:31 [TUniServerModule]:HTTP Server Started on Port: 8077
Project1.exe: 00003DE0: 13:56:32 [127.0.0.1]:EUniSessionException : Invalid session or session Timeout. (Session not found: d4uacrGTbR108CD9504 ) : Addr: $007F926A
Project1.exe: 00003DE0: 13:57:13 [[FireDAC][Phys][ODBC][Microsoft][SQL Server Native Client 11.0][SQL Server]Sintaxis incorrecta cerca de ','.-127.0.0.1]:EMSSQLNativeException : [FireDAC][Phys][ODBC][Microsoft][SQL Server Native Client 11.0][SQL Server]Sintaxis incorrecta cerca de ','. : Addr: $008EC9B5
Project1.exe: 00003ED4: 13:57:23 [[FireDAC][Phys][ODBC][Microsoft][SQL Server Native Client 11.0][SQL Server]Sintaxis incorrecta cerca de ','.-127.0.0.1]:EMSSQLNativeException : [FireDAC][Phys][ODBC][Microsoft][SQL Server Native Client 11.0][SQL Server]Sintaxis incorrecta cerca de ','. : Addr: $008EC9B5
Project1.exe: 00002660: 14:02:45 [TUniServerModule]:Shutting Down Server.
Project1.exe: 00002660: 14:02:45 [TUniServerModule]:Stopping HTTP Server.
Project1.exe: 00002660: 14:02:46 [TUniServerModule]:HTTP Server Stopped.
Project1.exe: 00002660: 14:02:46 [TUniGUISessionManager]:Terminating Session manager.
Project1.exe: 00002660: 14:02:46 [TUniGUISessionManager]:Stopping Cache Eraser...
Project1.exe: 00002660: 14:02:46 [TUniGUISessionManager]:Cache Eraser Stopped.
Project1.exe: 00002660: 14:02:46 [TUniGUISessionManager]:Destroying Worker Threads.
Project1.exe: 00002660: 14:02:46 [TUniGUISessionManager]:Session manager terminated.
Project1.exe: 00002660: 14:02:46 [TUniServerModule]:Server Shutdown Completed.
Project1.exe: 00002660: 14:02:46 []:<-------------------------------------------------------------->
Project1.exe: 00002660: 14:02:46 [Terminated]:Exit Code: 0
Project1.exe: 000007B4: 14:02:54 []:>--------------------------------------------------------------<
Project1.exe: 000007B4: 14:02:54 [TUniServerModule]:Server First Init.
Project1.exe: 000007B4: 14:02:54 [TUniServerModule]:Starting HTTP Server on Port: 8077...
Project1.exe: 000007B4: 14:02:54 [TUniServerModule]:HTTP Server Started on Port: 8077
Project1.exe: 00004478: 14:02:54 [127.0.0.1]:EUniSessionException : Invalid session or session Timeout. (Session not found: Rxiuqcmwlc108CD952D ) : Addr: $007F926A
Project1.exe: 00004478: 14:02:54 [127.0.0.1]:EUniSessionException : Invalid session or session Timeout. (Session not found: Rxiuqcmwlc108CD952D ) : Addr: $007F926A
Project1.exe: 00004478: 14:02:54 [127.0.0.1]:EUniSessionException : Invalid session or session Timeout. (Session not found: Rxiuqcmwlc108CD952D ) : Addr: $007F926A
Project1.exe: 000045A8: 14:03:05 [127.0.0.1]:EDatabaseError : Query: List index out of bounds (6) : Addr: $006C7C8E
Project1.exe: 000007B4: 14:03:34 [TUniServerModule]:Shutting Down Server.
Project1.exe: 000007B4: 14:03:34 [TUniServerModule]:Stopping HTTP Server.
Project1.exe: 000007B4: 14:03:35 [TUniServerModule]:HTTP Server Stopped.
Project1.exe: 000007B4: 14:03:35 [TUniGUISessionManager]:Terminating Session manager.
Project1.exe: 000007B4: 14:03:35 [TUniGUISessionManager]:Stopping Cache Eraser...
Project1.exe: 000007B4: 14:03:35 [TUniGUISessionManager]:Cache Eraser Stopped.
Project1.exe: 000007B4: 14:03:35 [TUniGUISessionManager]:Destroying Worker Threads.
Project1.exe: 000007B4: 14:03:35 [TUniGUISessionManager]:Session manager terminated.
Project1.exe: 000007B4: 14:03:35 [TUniServerModule]:Server Shutdown Completed.
Project1.exe: 000007B4: 14:03:35 []:<-------------------------------------------------------------->
Project1.exe: 000007B4: 14:03:35 [Terminated]:Exit Code: 0
Project1.exe: 00004118: 14:03:38 []:>--------------------------------------------------------------<
Project1.exe: 00004118: 14:03:38 [TUniServerModule]:Server First Init.
Project1.exe: 00004118: 14:03:38 [TUniServerModule]:Starting HTTP Server on Port: 8077...
Project1.exe: 00004118: 14:03:38 [TUniServerModule]:HTTP Server Started on Port: 8077
Project1.exe: 00003B3C: 14:03:40 [127.0.0.1]:EUniSessionException : Invalid session or session Timeout. (Session not found: doxQPPmSSO108CD96EA ) : Addr: $007F926A
Project1.exe: 00003B3C: 14:03:53 [[FireDAC][Phys][ODBC][Microsoft][SQL Server Native Client 11.0][SQL Server]Sintaxis incorrecta cerca de ','.-127.0.0.1]:EMSSQLNativeException : [FireDAC][Phys][ODBC][Microsoft][SQL Server Native Client 11.0][SQL Server]Sintaxis incorrecta cerca de ','. : Addr: $008EC9B5
Project1.exe: 00004118: 14:04:56 [TUniServerModule]:Shutting Down Server.
Project1.exe: 00004118: 14:04:56 [TUniServerModule]:Stopping HTTP Server.
Project1.exe: 00004118: 14:04:57 [TUniServerModule]:HTTP Server Stopped.
Project1.exe: 00004118: 14:04:57 [TUniGUISessionManager]:Terminating Session manager.
Project1.exe: 00004118: 14:04:57 [TUniGUISessionManager]:Stopping Cache Eraser...
Project1.exe: 00004118: 14:04:57 [TUniGUISessionManager]:Cache Eraser Stopped.
Project1.exe: 00004118: 14:04:57 [TUniGUISessionManager]:Destroying Worker Threads.
Project1.exe: 00004118: 14:04:57 [TUniGUISessionManager]:Session manager terminated.
Project1.exe: 00004118: 14:04:57 [TUniServerModule]:Server Shutdown Completed.
Project1.exe: 00004118: 14:04:57 []:<-------------------------------------------------------------->
Project1.exe: 00004118: 14:04:57 [Terminated]:Exit Code: 0
Project1.exe: 00003F38: 14:04:59 []:>--------------------------------------------------------------<
Project1.exe: 00003F38: 14:04:59 [TUniServerModule]:Server First Init.
Project1.exe: 00003F38: 14:04:59 [TUniServerModule]:Starting HTTP Server on Port: 8077...
Project1.exe: 00003F38: 14:04:59 [TUniServerModule]:HTTP Server Started on Port: 8077
Project1.exe: 00001C90: 14:05:03 [127.0.0.1]:EUniSessionException : Invalid session or session Timeout. (Session not found: MOKIHNEYAn108CD971C ) : Addr: $007F926A
Project1.exe: 00003F38: 14:06:08 [TUniServerModule]:Shutting Down Server.
Project1.exe: 00003F38: 14:06:08 [TUniServerModule]:Stopping HTTP Server.
Project1.exe: 00003F38: 14:06:09 [TUniServerModule]:HTTP Server Stopped.
Project1.exe: 00003F38: 14:06:09 [TUniGUISessionManager]:Terminating Session manager.
Project1.exe: 00003F38: 14:06:09 [TUniGUISessionManager]:Stopping Cache Eraser...
Project1.exe: 00003F38: 14:06:09 [TUniGUISessionManager]:Cache Eraser Stopped.
Project1.exe: 00003F38: 14:06:09 [TUniGUISessionManager]:Destroying Worker Threads.
Project1.exe: 00003F38: 14:06:09 [TUniGUISessionManager]:Session manager terminated.
Project1.exe: 00003F38: 14:06:09 [TUniServerModule]:Server Shutdown Completed.
Project1.exe: 00003F38: 14:06:09 []:<-------------------------------------------------------------->
Project1.exe: 00003F38: 14:06:09 [Terminated]:Exit Code: 0
Project1.exe: 00003754: 14:06:10 []:>--------------------------------------------------------------<
Project1.exe: 00003754: 14:06:10 [TUniServerModule]:Server First Init.
Project1.exe: 00003754: 14:06:10 [TUniServerModule]:Starting HTTP Server on Port: 8077...
Project1.exe: 00003754: 14:06:10 [TUniServerModule]:HTTP Server Started on Port: 8077
Project1.exe: 000046F0: 14:06:13 [127.0.0.1]:EUniSessionException : Invalid session or session Timeout. (Session not found: CMbTri5jsJ108CD977C ) : Addr: $007F926A
Project1.exe: 00003754: 14:06:53 [TUniServerModule]:Shutting Down Server.
Project1.exe: 00003754: 14:06:53 [TUniServerModule]:Stopping HTTP Server.
Project1.exe: 00003754: 14:06:54 [TUniServerModule]:HTTP Server Stopped.
Project1.exe: 00003754: 14:06:54 [TUniGUISessionManager]:Terminating Session manager.
Project1.exe: 00003754: 14:06:54 [TUniGUISessionManager]:Stopping Cache Eraser...
Project1.exe: 00003754: 14:06:54 [TUniGUISessionManager]:Cache Eraser Stopped.
Project1.exe: 00003754: 14:06:54 [TUniGUISessionManager]:Destroying Worker Threads.
Project1.exe: 00003754: 14:06:54 [TUniGUISessionManager]:Session manager terminated.
Project1.exe: 00003754: 14:06:54 [TUniServerModule]:Server Shutdown Completed.
Project1.exe: 00003754: 14:06:54 []:<-------------------------------------------------------------->
Project1.exe: 00003754: 14:06:54 [Terminated]:Exit Code: 0
Project1.exe: 000037FC: 14:08:21 []:>--------------------------------------------------------------<
Project1.exe: 000037FC: 14:08:21 [TUniServerModule]:Server First Init.
Project1.exe: 000037FC: 14:08:21 [TUniServerModule]:Starting HTTP Server on Port: 8077...
Project1.exe: 000037FC: 14:08:21 [TUniServerModule]:HTTP Server Started on Port: 8077
Project1.exe: 00000EF0: 14:08:25 [127.0.0.1]:EUniSessionException : Invalid session or session Timeout. (Session not found: fvJrvtLTgU108CD97CD ) : Addr: $007F926A
Project1.exe: 000037FC: 14:10:38 [TUniServerModule]:Shutting Down Server.
Project1.exe: 000037FC: 14:10:38 [TUniServerModule]:Stopping HTTP Server.
Project1.exe: 000037FC: 14:10:39 [TUniServerModule]:HTTP Server Stopped.
Project1.exe: 000037FC: 14:10:39 [TUniGUISessionManager]:Terminating Session manager.
Project1.exe: 000037FC: 14:10:39 [TUniGUISessionManager]:Stopping Cache Eraser...
Project1.exe: 000037FC: 14:10:39 [TUniGUISessionManager]:Cache Eraser Stopped.
Project1.exe: 000037FC: 14:10:39 [TUniGUISessionManager]:Destroying Worker Threads.
Project1.exe: 000037FC: 14:10:40 [TUniGUISessionManager]:Session manager terminated.
Project1.exe: 000037FC: 14:10:40 [TUniServerModule]:Server Shutdown Completed.
Project1.exe: 000037FC: 14:10:40 []:<-------------------------------------------------------------->
Project1.exe: 000037FC: 14:10:40 [Terminated]:Exit Code: 0
Project1.exe: 00000814: 14:10:42 []:>--------------------------------------------------------------<
Project1.exe: 00000814: 14:10:42 [TUniServerModule]:Server First Init.
Project1.exe: 00000814: 14:10:42 [TUniServerModule]:Starting HTTP Server on Port: 8077...
Project1.exe: 00000814: 14:10:42 [TUniServerModule]:HTTP Server Started on Port: 8077
Project1.exe: 000035EC: 14:10:46 [127.0.0.1]:EUniSessionException : Invalid session or session Timeout. (Session not found: QhHYgMRqVb108CD9866 ) : Addr: $007F926A
Project1.exe: 00000814: 14:15:35 [TUniServerModule]:Shutting Down Server.
Project1.exe: 00000814: 14:15:35 [TUniServerModule]:Stopping HTTP Server.
Project1.exe: 00000814: 14:15:36 [TUniServerModule]:HTTP Server Stopped.
Project1.exe: 00000814: 14:15:36 [TUniGUISessionManager]:Terminating Session manager.
Project1.exe: 00000814: 14:15:36 [TUniGUISessionManager]:Stopping Cache Eraser...
Project1.exe: 00000814: 14:15:36 [TUniGUISessionManager]:Cache Eraser Stopped.
Project1.exe: 00000814: 14:15:36 [TUniGUISessionManager]:Destroying Worker Threads.
Project1.exe: 00000814: 14:15:36 [TUniGUISessionManager]:Session manager terminated.
Project1.exe: 00000814: 14:15:36 [TUniServerModule]:Server Shutdown Completed.
Project1.exe: 00000814: 14:15:36 []:<-------------------------------------------------------------->
Project1.exe: 00000814: 14:15:36 [Terminated]:Exit Code: 0
