Project1.exe: 00003AA0: 10:04:03 [TUniServerModule]:Shutting Down Server.
Project1.exe: 00003AA0: 10:04:03 [TUniServerModule]:Stopping HTTP Server.
Project1.exe: 00003AA0: 10:04:04 [TUniServerModule]:HTTP Server Stopped.
Project1.exe: 00003AA0: 10:04:04 [TUniGUISessionManager]:Terminating Session manager.
Project1.exe: 00003AA0: 10:04:04 [TUniGUISessionManager]:Stopping Cache Eraser...
Project1.exe: 00003AA0: 10:04:04 [TUniGUISessionManager]:Cache Eraser Stopped.
Project1.exe: 00003AA0: 10:04:04 [TUniGUISessionManager]:Destroying Worker Threads.
Project1.exe: 00003AA0: 10:04:04 [TUniGUISessionManager]:Session manager terminated.
Project1.exe: 00003AA0: 10:04:04 [TUniServerModule]:Server Shutdown Completed.
Project1.exe: 00003AA0: 10:04:04 []:<-------------------------------------------------------------->
Project1.exe: 00003AA0: 10:04:04 [Terminated]:Exit Code: 0
Project1.exe: 00001D30: 10:13:14 []:>--------------------------------------------------------------<
Project1.exe: 00001D30: 10:13:14 [TUniServerModule]:Server First Init.
Project1.exe: 00001D30: 10:13:14 [TUniServerModule]:Starting HTTP Server on Port: 8077...
Project1.exe: 00001D30: 10:13:14 [TUniServerModule]:HTTP Server Started on Port: 8077
Project1.exe: 00001D30: 10:24:05 [TUniServerModule]:Shutting Down Server.
Project1.exe: 00001D30: 10:24:05 [TUniServerModule]:Stopping HTTP Server.
Project1.exe: 00001D30: 10:24:06 [TUniServerModule]:HTTP Server Stopped.
Project1.exe: 00001D30: 10:24:06 [TUniGUISessionManager]:Terminating Session manager.
Project1.exe: 00001D30: 10:24:06 [TUniGUISessionManager]:Stopping Cache Eraser...
Project1.exe: 00001D30: 10:24:06 [TUniGUISessionManager]:Cache Eraser Stopped.
Project1.exe: 00001D30: 10:24:06 [TUniGUISessionManager]:Destroying Worker Threads.
Project1.exe: 00001D30: 10:24:06 [TUniGUISessionManager]:Session manager terminated.
Project1.exe: 00001D30: 10:24:06 [TUniServerModule]:Server Shutdown Completed.
Project1.exe: 00001D30: 10:24:06 []:<-------------------------------------------------------------->
Project1.exe: 00001D30: 10:24:06 [Terminated]:Exit Code: 0
Project1.exe: 00001DE8: 10:24:48 []:>--------------------------------------------------------------<
Project1.exe: 00001DE8: 10:24:48 [TUniServerModule]:Server First Init.
Project1.exe: 00001DE8: 10:24:48 [TUniServerModule]:Starting HTTP Server on Port: 8077...
Project1.exe: 00001DE8: 10:24:48 [TUniServerModule]:HTTP Server Started on Port: 8077
Project1.exe: 00002FF0: 10:25:02 [127.0.0.1]:EUniSessionException : Invalid session or session Timeout. (Session not found: JrUFZ3cRvk108C430DF ) : Addr: $007FB03E
Project1.exe: 00001DE8: 10:31:02 [TUniServerModule]:Shutting Down Server.
Project1.exe: 00001DE8: 10:31:02 [TUniServerModule]:Stopping HTTP Server.
Project1.exe: 00001DE8: 10:31:03 [TUniServerModule]:HTTP Server Stopped.
Project1.exe: 00001DE8: 10:31:03 [TUniGUISessionManager]:Terminating Session manager.
Project1.exe: 00001DE8: 10:31:03 [TUniGUISessionManager]:Stopping Cache Eraser...
Project1.exe: 00001DE8: 10:31:03 [TUniGUISessionManager]:Cache Eraser Stopped.
Project1.exe: 00001DE8: 10:31:03 [TUniGUISessionManager]:Destroying Worker Threads.
Project1.exe: 00001DE8: 10:31:03 [TUniGUISessionManager]:Session manager terminated.
Project1.exe: 00001DE8: 10:31:03 [TUniServerModule]:Server Shutdown Completed.
Project1.exe: 00001DE8: 10:31:03 []:<-------------------------------------------------------------->
Project1.exe: 00001DE8: 10:31:03 [Terminated]:Exit Code: 0
Project1.exe: 00001140: 10:31:44 []:>--------------------------------------------------------------<
Project1.exe: 00001140: 10:31:44 [TUniServerModule]:Server First Init.
Project1.exe: 00001140: 10:31:44 [TUniServerModule]:Starting HTTP Server on Port: 8077...
Project1.exe: 00001140: 10:31:44 [TUniServerModule]:HTTP Server Started on Port: 8077
Project1.exe: 00003690: 10:31:49 [127.0.0.1]:EUniSessionException : Invalid session or session Timeout. (Session not found: DWMzuWaxHD108C4340D ) : Addr: $007FB03E
Project1.exe: 00001140: 10:48:47 [TUniServerModule]:Shutting Down Server.
Project1.exe: 00001140: 10:48:47 [TUniServerModule]:Stopping HTTP Server.
Project1.exe: 00001140: 10:48:48 [TUniServerModule]:HTTP Server Stopped.
Project1.exe: 00001140: 10:48:48 [TUniGUISessionManager]:Terminating Session manager.
Project1.exe: 00001140: 10:48:48 [TUniGUISessionManager]:Stopping Cache Eraser...
Project1.exe: 00001140: 10:48:48 [TUniGUISessionManager]:Cache Eraser Stopped.
Project1.exe: 00001140: 10:48:48 [TUniGUISessionManager]:Destroying Worker Threads.
Project1.exe: 00001140: 10:48:48 [TUniGUISessionManager]:Session manager terminated.
Project1.exe: 00001140: 10:48:48 [TUniServerModule]:Server Shutdown Completed.
Project1.exe: 00001140: 10:48:48 []:<-------------------------------------------------------------->
Project1.exe: 00001140: 10:48:48 [Terminated]:Exit Code: 0
Project1.exe: 00002AFC: 10:50:05 []:>--------------------------------------------------------------<
Project1.exe: 00002AFC: 10:50:05 [TUniServerModule]:Server First Init.
Project1.exe: 00002AFC: 10:50:05 [TUniServerModule]:Starting HTTP Server on Port: 8077...
Project1.exe: 00002AFC: 10:50:05 [TUniServerModule]:HTTP Server Started on Port: 8077
Project1.exe: 00002AFC: 10:57:30 [TUniServerModule]:Shutting Down Server.
Project1.exe: 00002AFC: 10:57:30 [TUniServerModule]:Stopping HTTP Server.
Project1.exe: 00002AFC: 10:57:31 [TUniServerModule]:HTTP Server Stopped.
Project1.exe: 00002AFC: 10:57:31 [TUniGUISessionManager]:Terminating Session manager.
Project1.exe: 00002AFC: 10:57:31 [TUniGUISessionManager]:Stopping Cache Eraser...
Project1.exe: 00002AFC: 10:57:31 [TUniGUISessionManager]:Cache Eraser Stopped.
Project1.exe: 00002AFC: 10:57:31 [TUniGUISessionManager]:Destroying Worker Threads.
Project1.exe: 00002AFC: 10:57:31 [TUniGUISessionManager]:Session manager terminated.
Project1.exe: 00002AFC: 10:57:31 [TUniServerModule]:Server Shutdown Completed.
Project1.exe: 00002AFC: 10:57:31 []:<-------------------------------------------------------------->
Project1.exe: 00002AFC: 10:57:31 [Terminated]:Exit Code: 0
Project1.exe: 00002FC4: 10:57:34 []:>--------------------------------------------------------------<
Project1.exe: 00002FC4: 10:57:34 [TUniServerModule]:Server First Init.
Project1.exe: 00002FC4: 10:57:34 [TUniServerModule]:Starting HTTP Server on Port: 8077...
Project1.exe: 00002FC4: 10:57:34 [TUniServerModule]:HTTP Server Started on Port: 8077
Project1.exe: 0000341C: 10:57:40 [127.0.0.1]:EUniSessionException : Invalid session or session Timeout. (Session not found: 75FePY53Xp108C43AD9 ) : Addr: $007FB03E
Project1.exe: 00002FC4: 11:01:34 [TUniServerModule]:Shutting Down Server.
Project1.exe: 00002FC4: 11:01:34 [TUniServerModule]:Stopping HTTP Server.
Project1.exe: 00002FC4: 11:01:35 [TUniServerModule]:HTTP Server Stopped.
Project1.exe: 00002FC4: 11:01:35 [TUniGUISessionManager]:Terminating Session manager.
Project1.exe: 00002FC4: 11:01:35 [TUniGUISessionManager]:Stopping Cache Eraser...
Project1.exe: 00002FC4: 11:01:35 [TUniGUISessionManager]:Cache Eraser Stopped.
Project1.exe: 00002FC4: 11:01:35 [TUniGUISessionManager]:Destroying Worker Threads.
Project1.exe: 00002FC4: 11:01:35 [TUniGUISessionManager]:Session manager terminated.
Project1.exe: 00002FC4: 11:01:35 [TUniServerModule]:Server Shutdown Completed.
Project1.exe: 00002FC4: 11:01:35 []:<-------------------------------------------------------------->
Project1.exe: 00002FC4: 11:01:35 [Terminated]:Exit Code: 0
Project1.exe: 00002EF8: 11:05:06 []:>--------------------------------------------------------------<
Project1.exe: 00002EF8: 11:05:06 [TUniServerModule]:Server First Init.
Project1.exe: 00002EF8: 11:05:06 [TUniServerModule]:Starting HTTP Server on Port: 8077...
Project1.exe: 00002EF8: 11:05:06 [TUniServerModule]:HTTP Server Started on Port: 8077
Project1.exe: 00003358: 11:05:10 [127.0.0.1]:EUniSessionException : Invalid session or session Timeout. (Session not found: ERtSelct5E108C43CE8 ) : Addr: $007FB03E
Project1.exe: 00002EF8: 11:07:26 [TUniServerModule]:Shutting Down Server.
Project1.exe: 00002EF8: 11:07:26 [TUniServerModule]:Stopping HTTP Server.
Project1.exe: 00002EF8: 11:07:27 [TUniServerModule]:HTTP Server Stopped.
Project1.exe: 00002EF8: 11:07:27 [TUniGUISessionManager]:Terminating Session manager.
Project1.exe: 00002EF8: 11:07:27 [TUniGUISessionManager]:Stopping Cache Eraser...
Project1.exe: 00002EF8: 11:07:27 [TUniGUISessionManager]:Cache Eraser Stopped.
Project1.exe: 00002EF8: 11:07:27 [TUniGUISessionManager]:Destroying Worker Threads.
Project1.exe: 00002EF8: 11:07:27 [TUniGUISessionManager]:Session manager terminated.
Project1.exe: 00002EF8: 11:07:27 [TUniServerModule]:Server Shutdown Completed.
Project1.exe: 00002EF8: 11:07:27 []:<-------------------------------------------------------------->
Project1.exe: 00002EF8: 11:07:27 [Terminated]:Exit Code: 0
Project1.exe: 000035D0: 11:07:30 []:>--------------------------------------------------------------<
Project1.exe: 000035D0: 11:07:30 [TUniServerModule]:Server First Init.
Project1.exe: 000035D0: 11:07:30 [TUniServerModule]:Starting HTTP Server on Port: 8077...
Project1.exe: 000035D0: 11:07:30 [TUniServerModule]:HTTP Server Started on Port: 8077
Project1.exe: 00003E64: 11:07:35 [127.0.0.1]:EUniSessionException : Invalid session or session Timeout. (Session not found: dgptAineWV108C43EF0 ) : Addr: $007FB03E
Project1.exe: 000035D0: 11:13:59 [TUniServerModule]:Shutting Down Server.
Project1.exe: 000035D0: 11:13:59 [TUniServerModule]:Stopping HTTP Server.
Project1.exe: 000035D0: 11:14:00 [TUniServerModule]:HTTP Server Stopped.
Project1.exe: 000035D0: 11:14:00 [TUniGUISessionManager]:Terminating Session manager.
Project1.exe: 000035D0: 11:14:00 [TUniGUISessionManager]:Stopping Cache Eraser...
Project1.exe: 000035D0: 11:14:00 [TUniGUISessionManager]:Cache Eraser Stopped.
Project1.exe: 000035D0: 11:14:00 [TUniGUISessionManager]:Destroying Worker Threads.
Project1.exe: 000035D0: 11:14:00 [TUniGUISessionManager]:Session manager terminated.
Project1.exe: 000035D0: 11:14:00 [TUniServerModule]:Server Shutdown Completed.
Project1.exe: 000035D0: 11:14:00 []:<-------------------------------------------------------------->
Project1.exe: 000035D0: 11:14:00 [Terminated]:Exit Code: 0
Project1.exe: 000000F8: 11:14:03 []:>--------------------------------------------------------------<
Project1.exe: 000000F8: 11:14:03 [TUniServerModule]:Server First Init.
Project1.exe: 000000F8: 11:14:03 [TUniServerModule]:Starting HTTP Server on Port: 8077...
Project1.exe: 000000F8: 11:14:03 [TUniServerModule]:HTTP Server Started on Port: 8077
Project1.exe: 00003D88: 11:14:07 [127.0.0.1]:EUniSessionException : Invalid session or session Timeout. (Session not found: YQuHhlpPTr108C43F98 ) : Addr: $007FB03E
Project1.exe: 000000F8: 11:18:42 [TUniServerModule]:Shutting Down Server.
Project1.exe: 000000F8: 11:18:42 [TUniServerModule]:Stopping HTTP Server.
Project1.exe: 000000F8: 11:18:43 [TUniServerModule]:HTTP Server Stopped.
Project1.exe: 000000F8: 11:18:43 [TUniGUISessionManager]:Terminating Session manager.
Project1.exe: 000000F8: 11:18:43 [TUniGUISessionManager]:Stopping Cache Eraser...
Project1.exe: 000000F8: 11:18:43 [TUniGUISessionManager]:Cache Eraser Stopped.
Project1.exe: 000000F8: 11:18:43 [TUniGUISessionManager]:Destroying Worker Threads.
Project1.exe: 000000F8: 11:18:43 [TUniGUISessionManager]:Session manager terminated.
Project1.exe: 000000F8: 11:18:43 [TUniServerModule]:Server Shutdown Completed.
Project1.exe: 000000F8: 11:18:43 []:<-------------------------------------------------------------->
Project1.exe: 000000F8: 11:18:43 [Terminated]:Exit Code: 0
Project1.exe: 00001CA4: 11:18:46 []:>--------------------------------------------------------------<
Project1.exe: 00001CA4: 11:18:46 [TUniServerModule]:Server First Init.
Project1.exe: 00001CA4: 11:18:46 [TUniServerModule]:Starting HTTP Server on Port: 8077...
Project1.exe: 00001CA4: 11:18:46 [TUniServerModule]:HTTP Server Started on Port: 8077
Project1.exe: 00003590: 11:18:51 [127.0.0.1]:EUniSessionException : Invalid session or session Timeout. (Session not found: NmKQHB1v6z108C4415E ) : Addr: $007FB03E
Project1.exe: 00001CA4: 11:22:21 [TUniServerModule]:Shutting Down Server.
Project1.exe: 00001CA4: 11:22:21 [TUniServerModule]:Stopping HTTP Server.
Project1.exe: 00001CA4: 11:22:21 [TUniServerModule]:HTTP Server Stopped.
Project1.exe: 00001CA4: 11:22:21 [TUniGUISessionManager]:Terminating Session manager.
Project1.exe: 00001CA4: 11:22:21 [TUniGUISessionManager]:Stopping Cache Eraser...
Project1.exe: 00001CA4: 11:22:21 [TUniGUISessionManager]:Cache Eraser Stopped.
Project1.exe: 00001CA4: 11:22:21 [TUniGUISessionManager]:Destroying Worker Threads.
Project1.exe: 00001CA4: 11:22:21 [TUniGUISessionManager]:Session manager terminated.
Project1.exe: 00001CA4: 11:22:22 [TUniServerModule]:Server Shutdown Completed.
Project1.exe: 00001CA4: 11:22:22 []:<-------------------------------------------------------------->
Project1.exe: 00001CA4: 11:22:22 [Terminated]:Exit Code: 0
Project1.exe: 00002F08: 11:22:56 []:>--------------------------------------------------------------<
Project1.exe: 00002F08: 11:22:56 [TUniServerModule]:Server First Init.
Project1.exe: 00002F08: 11:22:56 [TUniServerModule]:Starting HTTP Server on Port: 8077...
Project1.exe: 00002F08: 11:22:56 [TUniServerModule]:HTTP Server Started on Port: 8077
Project1.exe: 00003E7C: 11:24:04 [127.0.0.1]:EMSSQLNativeException : [FireDAC][Phys][ODBC][Microsoft][SQL Server Native Client 11.0][SQL Server]Sintaxis incorrecta cerca de 'by'. : Addr: $008EE79D
Project1.exe: 00002F08: 11:24:58 [TUniServerModule]:Shutting Down Server.
Project1.exe: 00002F08: 11:24:58 [TUniServerModule]:Stopping HTTP Server.
Project1.exe: 00002F08: 11:24:59 [TUniServerModule]:HTTP Server Stopped.
Project1.exe: 00002F08: 11:24:59 [TUniGUISessionManager]:Terminating Session manager.
Project1.exe: 00002F08: 11:24:59 [TUniGUISessionManager]:Stopping Cache Eraser...
Project1.exe: 00002F08: 11:24:59 [TUniGUISessionManager]:Cache Eraser Stopped.
Project1.exe: 00002F08: 11:24:59 [TUniGUISessionManager]:Destroying Worker Threads.
Project1.exe: 00002F08: 11:24:59 [TUniGUISessionManager]:Session manager terminated.
Project1.exe: 00002F08: 11:24:59 [TUniServerModule]:Server Shutdown Completed.
Project1.exe: 00002F08: 11:24:59 []:<-------------------------------------------------------------->
Project1.exe: 00002F08: 11:24:59 [Terminated]:Exit Code: 0
Project1.exe: 000011D8: 11:25:07 []:>--------------------------------------------------------------<
Project1.exe: 000011D8: 11:25:07 [TUniServerModule]:Server First Init.
Project1.exe: 000011D8: 11:25:07 [TUniServerModule]:Starting HTTP Server on Port: 8077...
Project1.exe: 000011D8: 11:25:07 [TUniServerModule]:HTTP Server Started on Port: 8077
Project1.exe: 000011D8: 11:26:14 [TUniServerModule]:Shutting Down Server.
Project1.exe: 000011D8: 11:26:14 [TUniServerModule]:Stopping HTTP Server.
Project1.exe: 000011D8: 11:26:16 [TUniServerModule]:HTTP Server Stopped.
Project1.exe: 000011D8: 11:26:16 [TUniGUISessionManager]:Terminating Session manager.
Project1.exe: 000011D8: 11:26:16 [TUniGUISessionManager]:Stopping Cache Eraser...
Project1.exe: 000011D8: 11:26:16 [TUniGUISessionManager]:Cache Eraser Stopped.
Project1.exe: 000011D8: 11:26:16 [TUniGUISessionManager]:Destroying Worker Threads.
Project1.exe: 000011D8: 11:26:16 [TUniGUISessionManager]:Session manager terminated.
Project1.exe: 000011D8: 11:26:16 [TUniServerModule]:Server Shutdown Completed.
Project1.exe: 000011D8: 11:26:16 []:<-------------------------------------------------------------->
Project1.exe: 000011D8: 11:26:16 [Terminated]:Exit Code: 0
Project1.exe: 000028FC: 11:26:19 []:>--------------------------------------------------------------<
Project1.exe: 000028FC: 11:26:19 [TUniServerModule]:Server First Init.
Project1.exe: 000028FC: 11:26:19 [TUniServerModule]:Starting HTTP Server on Port: 8077...
Project1.exe: 000028FC: 11:26:19 [TUniServerModule]:HTTP Server Started on Port: 8077
Project1.exe: 00003CF0: 11:26:29 [127.0.0.1]:EUniSessionException : Invalid session or session Timeout. (Session not found: kfMGHqiNRk108C4445A ) : Addr: $007FB03E
Project1.exe: 000028FC: 11:34:13 [TUniServerModule]:Shutting Down Server.
Project1.exe: 000028FC: 11:34:13 [TUniServerModule]:Stopping HTTP Server.
Project1.exe: 000028FC: 11:34:14 [TUniServerModule]:HTTP Server Stopped.
Project1.exe: 000028FC: 11:34:14 [TUniGUISessionManager]:Terminating Session manager.
Project1.exe: 000028FC: 11:34:14 [TUniGUISessionManager]:Stopping Cache Eraser...
Project1.exe: 000028FC: 11:34:14 [TUniGUISessionManager]:Cache Eraser Stopped.
Project1.exe: 000028FC: 11:34:14 [TUniGUISessionManager]:Destroying Worker Threads.
Project1.exe: 000028FC: 11:34:14 [TUniGUISessionManager]:Session manager terminated.
Project1.exe: 000028FC: 11:34:14 [TUniServerModule]:Server Shutdown Completed.
Project1.exe: 000028FC: 11:34:14 []:<-------------------------------------------------------------->
Project1.exe: 000028FC: 11:34:14 [Terminated]:Exit Code: 0
Project1.exe: 00002328: 11:35:25 []:>--------------------------------------------------------------<
Project1.exe: 00002328: 11:35:25 [TUniServerModule]:Server First Init.
Project1.exe: 00002328: 11:35:25 [TUniServerModule]:Starting HTTP Server on Port: 8077...
Project1.exe: 00002328: 11:35:25 [TUniServerModule]:HTTP Server Started on Port: 8077
Project1.exe: 000033F0: 11:35:29 [127.0.0.1]:EUniSessionException : Invalid session or session Timeout. (Session not found: t5NdrGJsF4108C444BA ) : Addr: $007FB03E
Project1.exe: 00002328: 11:35:33 [TUniServerModule]:Shutting Down Server.
Project1.exe: 00002328: 11:35:33 [TUniServerModule]:Stopping HTTP Server.
Project1.exe: 00002328: 11:35:34 [TUniServerModule]:HTTP Server Stopped.
Project1.exe: 00002328: 11:35:34 [TUniGUISessionManager]:Terminating Session manager.
Project1.exe: 00002328: 11:35:34 [TUniGUISessionManager]:Stopping Cache Eraser...
Project1.exe: 00002328: 11:35:34 [TUniGUISessionManager]:Cache Eraser Stopped.
Project1.exe: 00002328: 11:35:34 [TUniGUISessionManager]:Destroying Worker Threads.
Project1.exe: 00002328: 11:35:34 [TUniGUISessionManager]:Session manager terminated.
Project1.exe: 00002328: 11:35:34 [TUniServerModule]:Server Shutdown Completed.
Project1.exe: 00002328: 11:35:34 []:<-------------------------------------------------------------->
Project1.exe: 00002328: 11:35:34 [Terminated]:Exit Code: 0
Project1.exe: 00001B2C: 11:35:39 []:>--------------------------------------------------------------<
Project1.exe: 00001B2C: 11:35:39 [TUniServerModule]:Server First Init.
Project1.exe: 00001B2C: 11:35:39 [TUniServerModule]:Starting HTTP Server on Port: 8077...
Project1.exe: 00001B2C: 11:35:39 [TUniServerModule]:HTTP Server Started on Port: 8077
Project1.exe: 0000390C: 11:35:40 [127.0.0.1]:EUniSessionException : Invalid session or session Timeout. (Session not found: ULNSbD4hR5108C44729 ) : Addr: $007FB03E
Project1.exe: 00001B2C: 11:39:26 [TUniServerModule]:Shutting Down Server.
Project1.exe: 00001B2C: 11:39:26 [TUniServerModule]:Stopping HTTP Server.
Project1.exe: 00001B2C: 11:39:27 [TUniServerModule]:HTTP Server Stopped.
Project1.exe: 00001B2C: 11:39:27 [TUniGUISessionManager]:Terminating Session manager.
Project1.exe: 00001B2C: 11:39:27 [TUniGUISessionManager]:Stopping Cache Eraser...
Project1.exe: 00001B2C: 11:39:27 [TUniGUISessionManager]:Cache Eraser Stopped.
Project1.exe: 00001B2C: 11:39:28 [TUniGUISessionManager]:Destroying Worker Threads.
Project1.exe: 00001B2C: 11:39:28 [TUniGUISessionManager]:Session manager terminated.
Project1.exe: 00001B2C: 11:39:28 [TUniServerModule]:Server Shutdown Completed.
Project1.exe: 00001B2C: 11:39:28 []:<-------------------------------------------------------------->
Project1.exe: 00001B2C: 11:39:28 [Terminated]:Exit Code: 0
Project1.exe: 00003DA4: 11:39:30 []:>--------------------------------------------------------------<
Project1.exe: 00003DA4: 11:39:30 [TUniServerModule]:Server First Init.
Project1.exe: 00003DA4: 11:39:30 [TUniServerModule]:Starting HTTP Server on Port: 8077...
Project1.exe: 00003DA4: 11:39:30 [TUniServerModule]:HTTP Server Started on Port: 8077
Project1.exe: 00002C28: 11:39:32 [127.0.0.1]:EUniSessionException : Invalid session or session Timeout. (Session not found: pnBGYUnvzI108C44737 ) : Addr: $007FB03E
Project1.exe: 00003DA4: 11:51:57 [TUniServerModule]:Shutting Down Server.
Project1.exe: 00003DA4: 11:51:57 [TUniServerModule]:Stopping HTTP Server.
Project1.exe: 00003DA4: 11:51:57 [TUniServerModule]:HTTP Server Stopped.
Project1.exe: 00003DA4: 11:51:57 [TUniGUISessionManager]:Terminating Session manager.
Project1.exe: 00003DA4: 11:51:57 [TUniGUISessionManager]:Stopping Cache Eraser...
Project1.exe: 00003DA4: 11:51:57 [TUniGUISessionManager]:Cache Eraser Stopped.
Project1.exe: 00003DA4: 11:51:57 [TUniGUISessionManager]:Destroying Worker Threads.
Project1.exe: 00003DA4: 11:51:57 [TUniGUISessionManager]:Session manager terminated.
Project1.exe: 00003DA4: 11:51:57 [TUniServerModule]:Server Shutdown Completed.
Project1.exe: 00003DA4: 11:51:57 []:<-------------------------------------------------------------->
Project1.exe: 00003DA4: 11:51:57 [Terminated]:Exit Code: 0
Project1.exe: 00002B94: 11:52:00 []:>--------------------------------------------------------------<
Project1.exe: 00002B94: 11:52:00 [TUniServerModule]:Server First Init.
Project1.exe: 00002B94: 11:52:00 [TUniServerModule]:Starting HTTP Server on Port: 8077...
Project1.exe: 00002B94: 11:52:00 [TUniServerModule]:HTTP Server Started on Port: 8077
Project1.exe: 00003F38: 11:52:07 [127.0.0.1]:EUniSessionException : Invalid session or session Timeout. (Session not found: qWLfvVF5lY108C44843 ) : Addr: $007FB03E
Project1.exe: 00003F38: 11:52:41 [127.0.0.1]:EOutOfMemory : Out of memory : Addr: $0040D121
Project1.exe: 00003F38: 11:52:45 [127.0.0.1]:EOutOfMemory : Out of memory : Addr: $0040BDBB
Project1.exe: 00002B94: 11:52:49 [TUniServerModule]:Shutting Down Server.
Project1.exe: 00002B94: 11:52:49 [TUniServerModule]:Stopping HTTP Server.
Project1.exe: 00002F14: 11:53:01 [127.0.0.1]:EOutOfMemory : Out of memory : Addr: $0040D121
Project1.exe: 00002F14: 11:53:04 [127.0.0.1]:EOutOfMemory : Out of memory : Addr: $0040BDBB
Project1.exe: 00002B94: 11:53:05 [TUniServerModule]:HTTP Server Stopped.
Project1.exe: 00002B94: 11:53:05 [TUniGUISessionManager]:Terminating Session manager.
Project1.exe: 00002B94: 11:53:05 [TUniGUISessionManager]:Stopping Cache Eraser...
Project1.exe: 00002B94: 11:53:05 [TUniGUISessionManager]:Cache Eraser Stopped.
Project1.exe: 00002B94: 11:53:06 [TUniGUISessionManager]:Destroying Worker Threads.
Project1.exe: 00002B94: 11:53:06 [TUniGUISessionManager]:Session manager terminated.
Project1.exe: 00002B94: 11:53:06 [TUniServerModule]:Server Shutdown Completed.
Project1.exe: 00002B94: 11:53:06 []:<-------------------------------------------------------------->
Project1.exe: 00002B94: 11:53:06 [Terminated]:Exit Code: 0
Project1.exe: 00003740: 11:53:30 []:>--------------------------------------------------------------<
Project1.exe: 00003740: 11:53:30 [TUniServerModule]:Server First Init.
Project1.exe: 00003740: 11:53:30 [TUniServerModule]:Starting HTTP Server on Port: 8077...
Project1.exe: 00003740: 11:53:30 [TUniServerModule]:HTTP Server Started on Port: 8077
Project1.exe: 00003740: 11:54:09 [TUniServerModule]:Shutting Down Server.
Project1.exe: 00003740: 11:54:09 [TUniServerModule]:Stopping HTTP Server.
Project1.exe: 00003740: 11:54:10 [TUniServerModule]:HTTP Server Stopped.
Project1.exe: 00003740: 11:54:10 [TUniGUISessionManager]:Terminating Session manager.
Project1.exe: 00003740: 11:54:10 [TUniGUISessionManager]:Stopping Cache Eraser...
Project1.exe: 00003740: 11:54:10 [TUniGUISessionManager]:Cache Eraser Stopped.
Project1.exe: 00003740: 11:54:10 [TUniGUISessionManager]:Destroying Worker Threads.
Project1.exe: 00003740: 11:54:10 [TUniGUISessionManager]:Session manager terminated.
Project1.exe: 00003740: 11:54:10 [TUniServerModule]:Server Shutdown Completed.
Project1.exe: 00003740: 11:54:10 []:<-------------------------------------------------------------->
Project1.exe: 00003740: 11:54:10 [Terminated]:Exit Code: 0
Project1.exe: 000035D0: 11:56:43 []:>--------------------------------------------------------------<
Project1.exe: 000035D0: 11:56:43 [TUniServerModule]:Server First Init.
Project1.exe: 000035D0: 11:56:43 [TUniServerModule]:Starting HTTP Server on Port: 8077...
Project1.exe: 000035D0: 11:56:43 [TUniServerModule]:HTTP Server Started on Port: 8077
Project1.exe: 000037DC: 11:56:46 [127.0.0.1]:EUniSessionException : Invalid session or session Timeout. (Session not found: SMagcRuhFI108C44C0F ) : Addr: $007FB03E
Project1.exe: 000007F4: 11:57:05 [127.0.0.1]:EConvertError : '' is not a valid integer value : Addr: $0042BB86
Project1.exe: 000035D0: 13:22:16 [TUniServerModule]:Shutting Down Server.
Project1.exe: 000035D0: 13:22:16 [TUniServerModule]:Stopping HTTP Server.
Project1.exe: 000035D0: 13:22:17 [TUniServerModule]:HTTP Server Stopped.
Project1.exe: 000035D0: 13:22:17 [TUniGUISessionManager]:Terminating Session manager.
Project1.exe: 000035D0: 13:22:17 [TUniGUISessionManager]:Stopping Cache Eraser...
Project1.exe: 000035D0: 13:22:17 [TUniGUISessionManager]:Cache Eraser Stopped.
Project1.exe: 000035D0: 13:22:17 [TUniGUISessionManager]:Destroying Worker Threads.
Project1.exe: 000035D0: 13:22:17 [TUniGUISessionManager]:Session manager terminated.
Project1.exe: 000035D0: 13:22:17 [TUniServerModule]:Server Shutdown Completed.
Project1.exe: 000035D0: 13:22:17 []:<-------------------------------------------------------------->
Project1.exe: 000035D0: 13:22:17 [Terminated]:Exit Code: 0
Project1.exe: 00003C10: 13:23:48 []:>--------------------------------------------------------------<
Project1.exe: 00003C10: 13:23:48 [TUniServerModule]:Server First Init.
Project1.exe: 00003C10: 13:23:48 [TUniServerModule]:Starting HTTP Server on Port: 8077...
Project1.exe: 00003C10: 13:23:48 [TUniServerModule]:HTTP Server Started on Port: 8077
Project1.exe: 00003C10: 13:26:48 [TUniServerModule]:Shutting Down Server.
Project1.exe: 00003C10: 13:26:48 [TUniServerModule]:Stopping HTTP Server.
Project1.exe: 00003C10: 13:26:49 [TUniServerModule]:HTTP Server Stopped.
Project1.exe: 00003C10: 13:26:49 [TUniGUISessionManager]:Terminating Session manager.
Project1.exe: 00003C10: 13:26:49 [TUniGUISessionManager]:Stopping Cache Eraser...
Project1.exe: 00003C10: 13:26:49 [TUniGUISessionManager]:Cache Eraser Stopped.
Project1.exe: 00003C10: 13:26:49 [TUniGUISessionManager]:Destroying Worker Threads.
Project1.exe: 00003C10: 13:26:49 [TUniGUISessionManager]:Session manager terminated.
Project1.exe: 00003C10: 13:26:49 [TUniServerModule]:Server Shutdown Completed.
Project1.exe: 00003C10: 13:26:49 []:<-------------------------------------------------------------->
Project1.exe: 00003C10: 13:26:49 [Terminated]:Exit Code: 0
Project1.exe: 000006C8: 13:26:52 []:>--------------------------------------------------------------<
Project1.exe: 000006C8: 13:26:52 [TUniServerModule]:Server First Init.
Project1.exe: 000006C8: 13:26:52 [TUniServerModule]:Starting HTTP Server on Port: 8077...
Project1.exe: 000006C8: 13:26:52 [TUniServerModule]:HTTP Server Started on Port: 8077
Project1.exe: 000006C8: 13:27:13 [TUniServerModule]:Shutting Down Server.
Project1.exe: 000006C8: 13:27:13 [TUniServerModule]:Stopping HTTP Server.
Project1.exe: 000006C8: 13:27:14 [TUniServerModule]:HTTP Server Stopped.
Project1.exe: 000006C8: 13:27:14 [TUniGUISessionManager]:Terminating Session manager.
Project1.exe: 000006C8: 13:27:14 [TUniGUISessionManager]:Stopping Cache Eraser...
Project1.exe: 000006C8: 13:27:14 [TUniGUISessionManager]:Cache Eraser Stopped.
Project1.exe: 000006C8: 13:27:14 [TUniGUISessionManager]:Destroying Worker Threads.
Project1.exe: 000006C8: 13:27:14 [TUniGUISessionManager]:Session manager terminated.
Project1.exe: 000006C8: 13:27:14 [TUniServerModule]:Server Shutdown Completed.
Project1.exe: 000006C8: 13:27:14 []:<-------------------------------------------------------------->
Project1.exe: 000006C8: 13:27:14 [Terminated]:Exit Code: 0
Project1.exe: 0000370C: 13:27:17 []:>--------------------------------------------------------------<
Project1.exe: 0000370C: 13:27:17 [TUniServerModule]:Server First Init.
Project1.exe: 0000370C: 13:27:17 [TUniServerModule]:Starting HTTP Server on Port: 8077...
Project1.exe: 0000370C: 13:27:17 [TUniServerModule]:HTTP Server Started on Port: 8077
Project1.exe: 00003BE0: 13:27:19 [127.0.0.1]:EUniSessionException : Invalid session or session Timeout. (Session not found: qc21wvHOI6108C46492 ) : Addr: $007FB03E
Project1.exe: 0000370C: 13:33:35 [TUniServerModule]:Shutting Down Server.
Project1.exe: 0000370C: 13:33:35 [TUniServerModule]:Stopping HTTP Server.
Project1.exe: 0000370C: 13:33:36 [TUniServerModule]:HTTP Server Stopped.
Project1.exe: 0000370C: 13:33:36 [TUniGUISessionManager]:Terminating Session manager.
Project1.exe: 0000370C: 13:33:36 [TUniGUISessionManager]:Stopping Cache Eraser...
Project1.exe: 0000370C: 13:33:36 [TUniGUISessionManager]:Cache Eraser Stopped.
Project1.exe: 0000370C: 13:33:36 [TUniGUISessionManager]:Destroying Worker Threads.
Project1.exe: 0000370C: 13:33:36 [TUniGUISessionManager]:Session manager terminated.
Project1.exe: 0000370C: 13:33:36 [TUniServerModule]:Server Shutdown Completed.
Project1.exe: 0000370C: 13:33:36 []:<-------------------------------------------------------------->
Project1.exe: 0000370C: 13:33:36 [Terminated]:Exit Code: 0
Project1.exe: 000045D0: 13:34:02 []:>--------------------------------------------------------------<
Project1.exe: 000045D0: 13:34:02 [TUniServerModule]:Server First Init.
Project1.exe: 000045D0: 13:34:02 [TUniServerModule]:Starting HTTP Server on Port: 8077...
Project1.exe: 000045D0: 13:34:02 [TUniServerModule]:HTTP Server Started on Port: 8077
Project1.exe: 000046C4: 13:34:05 [127.0.0.1]:EUniSessionException : Invalid session or session Timeout. (Session not found: 8f2CPfPUMb108C46580 ) : Addr: $007FB03E
Project1.exe: 000045D0: 13:36:25 [TUniServerModule]:Shutting Down Server.
Project1.exe: 000045D0: 13:36:25 [TUniServerModule]:Stopping HTTP Server.
Project1.exe: 000045D0: 13:36:26 [TUniServerModule]:HTTP Server Stopped.
Project1.exe: 000045D0: 13:36:26 [TUniGUISessionManager]:Terminating Session manager.
Project1.exe: 000045D0: 13:36:26 [TUniGUISessionManager]:Stopping Cache Eraser...
Project1.exe: 000045D0: 13:36:26 [TUniGUISessionManager]:Cache Eraser Stopped.
Project1.exe: 000045D0: 13:36:26 [TUniGUISessionManager]:Destroying Worker Threads.
Project1.exe: 000045D0: 13:36:26 [TUniGUISessionManager]:Session manager terminated.
Project1.exe: 000045D0: 13:36:26 [TUniServerModule]:Server Shutdown Completed.
Project1.exe: 000045D0: 13:36:26 []:<-------------------------------------------------------------->
Project1.exe: 000045D0: 13:36:26 [Terminated]:Exit Code: 0
Project1.exe: 00004304: 13:36:29 []:>--------------------------------------------------------------<
Project1.exe: 00004304: 13:36:29 [TUniServerModule]:Server First Init.
Project1.exe: 00004304: 13:36:29 [TUniServerModule]:Starting HTTP Server on Port: 8077...
Project1.exe: 00004304: 13:36:29 [TUniServerModule]:HTTP Server Started on Port: 8077
Project1.exe: 00004470: 13:36:31 [127.0.0.1]:EUniSessionException : Invalid session or session Timeout. (Session not found: nmXqUDngYS108C46755 ) : Addr: $007FB03E
Project1.exe: 00004304: 13:37:54 [TUniServerModule]:Shutting Down Server.
Project1.exe: 00004304: 13:37:54 [TUniServerModule]:Stopping HTTP Server.
Project1.exe: 00004304: 13:37:55 [TUniServerModule]:HTTP Server Stopped.
Project1.exe: 00004304: 13:37:55 [TUniGUISessionManager]:Terminating Session manager.
Project1.exe: 00004304: 13:37:55 [TUniGUISessionManager]:Stopping Cache Eraser...
Project1.exe: 00004304: 13:37:55 [TUniGUISessionManager]:Cache Eraser Stopped.
Project1.exe: 00004304: 13:37:55 [TUniGUISessionManager]:Destroying Worker Threads.
Project1.exe: 00004304: 13:37:55 [TUniGUISessionManager]:Session manager terminated.
Project1.exe: 00004304: 13:37:55 [TUniServerModule]:Server Shutdown Completed.
Project1.exe: 00004304: 13:37:55 []:<-------------------------------------------------------------->
Project1.exe: 00004304: 13:37:55 [Terminated]:Exit Code: 0
Project1.exe: 00003F7C: 13:37:58 []:>--------------------------------------------------------------<
Project1.exe: 00003F7C: 13:37:58 [TUniServerModule]:Server First Init.
Project1.exe: 00003F7C: 13:37:58 [TUniServerModule]:Starting HTTP Server on Port: 8077...
Project1.exe: 00003F7C: 13:37:58 [TUniServerModule]:HTTP Server Started on Port: 8077
Project1.exe: 00004140: 13:38:01 [127.0.0.1]:EUniSessionException : Invalid session or session Timeout. (Session not found: 2iIS9A1Iub108C467FF ) : Addr: $007FB03E
Project1.exe: 00003F7C: 13:41:01 [TUniServerModule]:Shutting Down Server.
Project1.exe: 00003F7C: 13:41:01 [TUniServerModule]:Stopping HTTP Server.
Project1.exe: 00003F7C: 13:41:02 [TUniServerModule]:HTTP Server Stopped.
Project1.exe: 00003F7C: 13:41:02 [TUniGUISessionManager]:Terminating Session manager.
Project1.exe: 00003F7C: 13:41:02 [TUniGUISessionManager]:Stopping Cache Eraser...
Project1.exe: 00003F7C: 13:41:02 [TUniGUISessionManager]:Cache Eraser Stopped.
Project1.exe: 00003F7C: 13:41:02 [TUniGUISessionManager]:Destroying Worker Threads.
Project1.exe: 00003F7C: 13:41:02 [TUniGUISessionManager]:Session manager terminated.
Project1.exe: 00003F7C: 13:41:02 [TUniServerModule]:Server Shutdown Completed.
Project1.exe: 00003F7C: 13:41:02 []:<-------------------------------------------------------------->
Project1.exe: 00003F7C: 13:41:02 [Terminated]:Exit Code: 0
Project1.exe: 00004164: 13:41:05 []:>--------------------------------------------------------------<
Project1.exe: 00004164: 13:41:05 [TUniServerModule]:Server First Init.
Project1.exe: 00004164: 13:41:05 [TUniServerModule]:Starting HTTP Server on Port: 8077...
Project1.exe: 00004164: 13:41:05 [TUniServerModule]:HTTP Server Started on Port: 8077
Project1.exe: 00002A38: 13:41:07 [127.0.0.1]:EUniSessionException : Invalid session or session Timeout. (Session not found: JGLCMMeYtH108C46867 ) : Addr: $007FB03E
Project1.exe: 00004164: 13:41:18 [TUniServerModule]:Shutting Down Server.
Project1.exe: 00004164: 13:41:18 [TUniServerModule]:Stopping HTTP Server.
Project1.exe: 00004164: 13:41:19 [TUniServerModule]:HTTP Server Stopped.
Project1.exe: 00004164: 13:41:19 [TUniGUISessionManager]:Terminating Session manager.
Project1.exe: 00004164: 13:41:19 [TUniGUISessionManager]:Stopping Cache Eraser...
Project1.exe: 00004164: 13:41:19 [TUniGUISessionManager]:Cache Eraser Stopped.
Project1.exe: 00004164: 13:41:19 [TUniGUISessionManager]:Destroying Worker Threads.
Project1.exe: 00004164: 13:41:19 [TUniGUISessionManager]:Session manager terminated.
Project1.exe: 00004164: 13:41:19 [TUniServerModule]:Server Shutdown Completed.
Project1.exe: 00004164: 13:41:19 []:<-------------------------------------------------------------->
Project1.exe: 00004164: 13:41:19 [Terminated]:Exit Code: 0
Project1.exe: 00003610: 13:43:06 []:>--------------------------------------------------------------<
Project1.exe: 00003610: 13:43:06 [TUniServerModule]:Server First Init.
Project1.exe: 00003610: 13:43:06 [TUniServerModule]:Starting HTTP Server on Port: 8077...
Project1.exe: 00003610: 13:43:06 [TUniServerModule]:HTTP Server Started on Port: 8077
Project1.exe: 00003FF4: 13:43:08 [127.0.0.1]:EUniSessionException : Invalid session or session Timeout. (Session not found: kYS5Co8hN9108C4693F ) : Addr: $007FB03E
Project1.exe: 00003610: 13:49:07 [TUniServerModule]:Shutting Down Server.
Project1.exe: 00003610: 13:49:07 [TUniServerModule]:Stopping HTTP Server.
Project1.exe: 00003610: 13:49:08 [TUniServerModule]:HTTP Server Stopped.
Project1.exe: 00003610: 13:49:08 [TUniGUISessionManager]:Terminating Session manager.
Project1.exe: 00003610: 13:49:08 [TUniGUISessionManager]:Stopping Cache Eraser...
Project1.exe: 00003610: 13:49:08 [TUniGUISessionManager]:Cache Eraser Stopped.
Project1.exe: 00003610: 13:49:08 [TUniGUISessionManager]:Destroying Worker Threads.
Project1.exe: 00003610: 13:49:08 [TUniGUISessionManager]:Session manager terminated.
Project1.exe: 00003610: 13:49:08 [TUniServerModule]:Server Shutdown Completed.
Project1.exe: 00003610: 13:49:08 []:<-------------------------------------------------------------->
Project1.exe: 00003610: 13:49:08 [Terminated]:Exit Code: 0
Project1.exe: 00003370: 14:00:41 []:>--------------------------------------------------------------<
Project1.exe: 00003370: 14:00:41 [TUniServerModule]:Server First Init.
Project1.exe: 00003370: 14:00:42 [TUniServerModule]:Starting HTTP Server on Port: 8077...
Project1.exe: 00003370: 14:00:42 [TUniServerModule]:HTTP Server Started on Port: 8077
Project1.exe: 00003370: 14:01:36 [TUniServerModule]:Shutting Down Server.
Project1.exe: 00003370: 14:01:36 [TUniServerModule]:Stopping HTTP Server.
Project1.exe: 00003370: 14:01:37 [TUniServerModule]:HTTP Server Stopped.
Project1.exe: 00003370: 14:01:37 [TUniGUISessionManager]:Terminating Session manager.
Project1.exe: 00003370: 14:01:37 [TUniGUISessionManager]:Stopping Cache Eraser...
Project1.exe: 00003370: 14:01:37 [TUniGUISessionManager]:Cache Eraser Stopped.
Project1.exe: 00003370: 14:01:37 [TUniGUISessionManager]:Destroying Worker Threads.
Project1.exe: 00003370: 14:01:37 [TUniGUISessionManager]:Session manager terminated.
Project1.exe: 00003370: 14:01:37 [TUniServerModule]:Server Shutdown Completed.
Project1.exe: 00003370: 14:01:37 []:<-------------------------------------------------------------->
Project1.exe: 00003370: 14:01:37 [Terminated]:Exit Code: 0
Project1.exe: 00004780: 14:02:27 []:>--------------------------------------------------------------<
Project1.exe: 00004780: 14:02:27 [TUniServerModule]:Server First Init.
Project1.exe: 00004780: 14:02:27 [TUniServerModule]:Starting HTTP Server on Port: 8077...
Project1.exe: 00004780: 14:02:27 [TUniServerModule]:HTTP Server Started on Port: 8077
Project1.exe: 000044DC: 14:02:32 [127.0.0.1]:EUniSessionException : Invalid session or session Timeout. (Session not found: jZPdNWlRSt108C46E94 ) : Addr: $007FB03E
Project1.exe: 00004780: 14:06:20 [TUniServerModule]:Shutting Down Server.
Project1.exe: 00004780: 14:06:20 [TUniServerModule]:Stopping HTTP Server.
Project1.exe: 00004780: 14:06:21 [TUniServerModule]:HTTP Server Stopped.
Project1.exe: 00004780: 14:06:21 [TUniGUISessionManager]:Terminating Session manager.
Project1.exe: 00004780: 14:06:21 [TUniGUISessionManager]:Stopping Cache Eraser...
Project1.exe: 00004780: 14:06:21 [TUniGUISessionManager]:Cache Eraser Stopped.
Project1.exe: 00004780: 14:06:21 [TUniGUISessionManager]:Destroying Worker Threads.
Project1.exe: 00004780: 14:06:21 [TUniGUISessionManager]:Session manager terminated.
Project1.exe: 00004780: 14:06:21 [TUniServerModule]:Server Shutdown Completed.
Project1.exe: 00004780: 14:06:21 []:<-------------------------------------------------------------->
Project1.exe: 00004780: 14:06:21 [Terminated]:Exit Code: 0
Project1.exe: 00001774: 14:06:25 []:>--------------------------------------------------------------<
Project1.exe: 00001774: 14:06:25 [TUniServerModule]:Server First Init.
Project1.exe: 00001774: 14:06:25 [TUniServerModule]:Starting HTTP Server on Port: 8077...
Project1.exe: 00001774: 14:06:25 [TUniServerModule]:HTTP Server Started on Port: 8077
Project1.exe: 000046BC: 14:06:28 [127.0.0.1]:EUniSessionException : Invalid session or session Timeout. (Session not found: T771cz8VLM108C46F0D ) : Addr: $007FB03E
Project1.exe: 00001774: 14:13:45 [TUniServerModule]:Shutting Down Server.
Project1.exe: 00001774: 14:13:45 [TUniServerModule]:Stopping HTTP Server.
Project1.exe: 00001774: 14:13:46 [TUniServerModule]:HTTP Server Stopped.
Project1.exe: 00001774: 14:13:46 [TUniGUISessionManager]:Terminating Session manager.
Project1.exe: 00001774: 14:13:46 [TUniGUISessionManager]:Stopping Cache Eraser...
Project1.exe: 00001774: 14:13:46 [TUniGUISessionManager]:Cache Eraser Stopped.
Project1.exe: 00001774: 14:13:46 [TUniGUISessionManager]:Destroying Worker Threads.
Project1.exe: 00001774: 14:13:46 [TUniGUISessionManager]:Session manager terminated.
Project1.exe: 00001774: 14:13:46 [TUniServerModule]:Server Shutdown Completed.
Project1.exe: 00001774: 14:13:46 []:<-------------------------------------------------------------->
Project1.exe: 00001774: 14:13:46 [Terminated]:Exit Code: 0
Project1.exe: 00001118: 14:15:58 []:>--------------------------------------------------------------<
Project1.exe: 00001118: 14:15:58 [TUniServerModule]:Server First Init.
Project1.exe: 00001118: 14:15:58 [TUniServerModule]:Starting HTTP Server on Port: 8077...
Project1.exe: 00001118: 14:15:58 [TUniServerModule]:HTTP Server Started on Port: 8077
Project1.exe: 00001118: 14:16:06 [TUniServerModule]:Shutting Down Server.
Project1.exe: 00001118: 14:16:06 [TUniServerModule]:Stopping HTTP Server.
Project1.exe: 00001118: 14:16:07 [TUniServerModule]:HTTP Server Stopped.
Project1.exe: 00001118: 14:16:07 [TUniGUISessionManager]:Terminating Session manager.
Project1.exe: 00001118: 14:16:07 [TUniGUISessionManager]:Stopping Cache Eraser...
Project1.exe: 00001118: 14:16:07 [TUniGUISessionManager]:Cache Eraser Stopped.
Project1.exe: 00001118: 14:16:07 [TUniGUISessionManager]:Destroying Worker Threads.
Project1.exe: 00001118: 14:16:07 [TUniGUISessionManager]:Session manager terminated.
Project1.exe: 00001118: 14:16:07 [TUniServerModule]:Server Shutdown Completed.
Project1.exe: 00001118: 14:16:07 []:<-------------------------------------------------------------->
Project1.exe: 00001118: 14:16:07 [Terminated]:Exit Code: 0
Project1.exe: 00004680: 14:16:24 []:>--------------------------------------------------------------<
Project1.exe: 00004680: 14:16:24 [TUniServerModule]:Server First Init.
Project1.exe: 00004680: 14:16:24 [TUniServerModule]:Starting HTTP Server on Port: 8077...
Project1.exe: 00004680: 14:16:24 [TUniServerModule]:HTTP Server Started on Port: 8077
Project1.exe: 00000A68: 14:17:51 [127.0.0.1]:EUniSessionException : Invalid session or session Timeout. (Session not found: B8Nvb1qEeu108C471C8 ) : Addr: $007FB03E
Project1.exe: 00004680: 14:18:15 [TUniServerModule]:Shutting Down Server.
Project1.exe: 00004680: 14:18:15 [TUniServerModule]:Stopping HTTP Server.
Project1.exe: 00004680: 14:18:16 [TUniServerModule]:HTTP Server Stopped.
Project1.exe: 00004680: 14:18:16 [TUniGUISessionManager]:Terminating Session manager.
Project1.exe: 00004680: 14:18:16 [TUniGUISessionManager]:Stopping Cache Eraser...
Project1.exe: 00004680: 14:18:16 [TUniGUISessionManager]:Cache Eraser Stopped.
Project1.exe: 00004680: 14:18:16 [TUniGUISessionManager]:Destroying Worker Threads.
Project1.exe: 00004680: 14:18:16 [TUniGUISessionManager]:Session manager terminated.
Project1.exe: 00004680: 14:18:16 [TUniServerModule]:Server Shutdown Completed.
Project1.exe: 00004680: 14:18:16 []:<-------------------------------------------------------------->
Project1.exe: 00004680: 14:18:16 [Terminated]:Exit Code: 0
Project1.exe: 00004668: 14:18:18 []:>--------------------------------------------------------------<
Project1.exe: 00004668: 14:18:18 [TUniServerModule]:Server First Init.
Project1.exe: 00004668: 14:18:18 [TUniServerModule]:Starting HTTP Server on Port: 8077...
Project1.exe: 00004668: 14:18:18 [TUniServerModule]:HTTP Server Started on Port: 8077
Project1.exe: 00004668: 14:18:56 [TUniServerModule]:Shutting Down Server.
Project1.exe: 00004668: 14:18:56 [TUniServerModule]:Stopping HTTP Server.
Project1.exe: 00004668: 14:18:57 [TUniServerModule]:HTTP Server Stopped.
Project1.exe: 00004668: 14:18:57 [TUniGUISessionManager]:Terminating Session manager.
Project1.exe: 00004668: 14:18:57 [TUniGUISessionManager]:Stopping Cache Eraser...
Project1.exe: 00004668: 14:18:57 [TUniGUISessionManager]:Cache Eraser Stopped.
Project1.exe: 00004668: 14:18:57 [TUniGUISessionManager]:Destroying Worker Threads.
Project1.exe: 00004668: 14:18:57 [TUniGUISessionManager]:Session manager terminated.
Project1.exe: 00004668: 14:18:57 [TUniServerModule]:Server Shutdown Completed.
Project1.exe: 00004668: 14:18:57 []:<-------------------------------------------------------------->
Project1.exe: 00004668: 14:18:57 [Terminated]:Exit Code: 0
Project1.exe: 00004448: 14:19:14 []:>--------------------------------------------------------------<
Project1.exe: 00004448: 14:19:14 [TUniServerModule]:Server First Init.
Project1.exe: 00004448: 14:19:14 [TUniServerModule]:Starting HTTP Server on Port: 8077...
Project1.exe: 00004448: 14:19:14 [TUniServerModule]:HTTP Server Started on Port: 8077
Project1.exe: 000035A0: 14:19:18 [127.0.0.1]:EUniSessionException : Invalid session or session Timeout. (Session not found: fgr13KzGyI108C47357 ) : Addr: $007FB03E
Project1.exe: 00004448: 14:21:06 [TUniServerModule]:Shutting Down Server.
Project1.exe: 00004448: 14:21:06 [TUniServerModule]:Stopping HTTP Server.
Project1.exe: 00004448: 14:21:07 [TUniServerModule]:HTTP Server Stopped.
Project1.exe: 00004448: 14:21:07 [TUniGUISessionManager]:Terminating Session manager.
Project1.exe: 00004448: 14:21:07 [TUniGUISessionManager]:Stopping Cache Eraser...
Project1.exe: 00004448: 14:21:07 [TUniGUISessionManager]:Cache Eraser Stopped.
Project1.exe: 00004448: 14:21:07 [TUniGUISessionManager]:Destroying Worker Threads.
Project1.exe: 00004448: 14:21:07 [TUniGUISessionManager]:Session manager terminated.
Project1.exe: 00004448: 14:21:08 [TUniServerModule]:Server Shutdown Completed.
Project1.exe: 00004448: 14:21:08 []:<-------------------------------------------------------------->
Project1.exe: 00004448: 14:21:08 [Terminated]:Exit Code: 0
Project1.exe: 00003818: 14:21:10 []:>--------------------------------------------------------------<
Project1.exe: 00003818: 14:21:10 [TUniServerModule]:Server First Init.
Project1.exe: 00003818: 14:21:10 [TUniServerModule]:Starting HTTP Server on Port: 8077...
Project1.exe: 00003818: 14:21:10 [TUniServerModule]:HTTP Server Started on Port: 8077
Project1.exe: 00003718: 14:21:12 [127.0.0.1]:EUniSessionException : Invalid session or session Timeout. (Session not found: pdyXf6mHRj108C473C4 ) : Addr: $007FB03E
Project1.exe: 00003818: 14:23:25 [TUniServerModule]:Shutting Down Server.
Project1.exe: 00003818: 14:23:25 [TUniServerModule]:Stopping HTTP Server.
Project1.exe: 00003818: 14:23:26 [TUniServerModule]:HTTP Server Stopped.
Project1.exe: 00003818: 14:23:26 [TUniGUISessionManager]:Terminating Session manager.
Project1.exe: 00003818: 14:23:26 [TUniGUISessionManager]:Stopping Cache Eraser...
Project1.exe: 00003818: 14:23:26 [TUniGUISessionManager]:Cache Eraser Stopped.
Project1.exe: 00003818: 14:23:26 [TUniGUISessionManager]:Destroying Worker Threads.
Project1.exe: 00003818: 14:23:26 [TUniGUISessionManager]:Session manager terminated.
Project1.exe: 00003818: 14:23:26 [TUniServerModule]:Server Shutdown Completed.
Project1.exe: 00003818: 14:23:26 []:<-------------------------------------------------------------->
Project1.exe: 00003818: 14:23:26 [Terminated]:Exit Code: 0
Project1.exe: 00003E50: 14:23:57 []:>--------------------------------------------------------------<
Project1.exe: 00003E50: 14:23:57 [TUniServerModule]:Server First Init.
Project1.exe: 00003E50: 14:23:57 [TUniServerModule]:Starting HTTP Server on Port: 8077...
Project1.exe: 00003E50: 14:23:57 [TUniServerModule]:HTTP Server Started on Port: 8077
Project1.exe: 00004584: 14:23:59 [127.0.0.1]:EUniSessionException : Invalid session or session Timeout. (Session not found: vmLxdPu37U108C4741E ) : Addr: $007FB03E
Project1.exe: 00003E50: 14:28:02 [TUniServerModule]:Shutting Down Server.
Project1.exe: 00003E50: 14:28:02 [TUniServerModule]:Stopping HTTP Server.
Project1.exe: 00003E50: 14:28:04 [TUniServerModule]:HTTP Server Stopped.
Project1.exe: 00003E50: 14:28:04 [TUniGUISessionManager]:Terminating Session manager.
Project1.exe: 00003E50: 14:28:04 [TUniGUISessionManager]:Stopping Cache Eraser...
Project1.exe: 00003E50: 14:28:04 [TUniGUISessionManager]:Cache Eraser Stopped.
Project1.exe: 00003E50: 14:28:04 [TUniGUISessionManager]:Destroying Worker Threads.
Project1.exe: 00003E50: 14:28:04 [TUniGUISessionManager]:Session manager terminated.
Project1.exe: 00003E50: 14:28:04 [TUniServerModule]:Server Shutdown Completed.
Project1.exe: 00003E50: 14:28:04 []:<-------------------------------------------------------------->
Project1.exe: 00003E50: 14:28:04 [Terminated]:Exit Code: 0
Project1.exe: 000034C0: 14:32:47 []:>--------------------------------------------------------------<
Project1.exe: 000034C0: 14:32:47 [TUniServerModule]:Server First Init.
Project1.exe: 000034C0: 14:32:47 [TUniServerModule]:Starting HTTP Server on Port: 8077...
Project1.exe: 000034C0: 14:32:47 [TUniServerModule]:HTTP Server Started on Port: 8077
Project1.exe: 000007C8: 14:32:47 [127.0.0.1]:EUniSessionException : Invalid session or session Timeout. (Session not found: GaF5fSMDcs108C474DF ) : Addr: $007FB03E
Project1.exe: 000007C8: 14:32:47 [127.0.0.1]:EUniSessionException : Invalid session or session Timeout. (Session not found: GaF5fSMDcs108C474DF ) : Addr: $007FB03E
Project1.exe: 000007C8: 14:32:47 [127.0.0.1]:EUniSessionException : Invalid session or session Timeout. (Session not found: GaF5fSMDcs108C474DF ) : Addr: $007FB03E
Project1.exe: 000007C8: 14:32:47 [127.0.0.1]:EUniSessionException : Invalid session or session Timeout. (Session not found: GaF5fSMDcs108C474DF ) : Addr: $007FB03E
Project1.exe: 000034C0: 15:04:44 [TUniServerModule]:Shutting Down Server.
Project1.exe: 000034C0: 15:04:44 [TUniServerModule]:Stopping HTTP Server.
Project1.exe: 000034C0: 15:04:45 [TUniServerModule]:HTTP Server Stopped.
Project1.exe: 000034C0: 15:04:45 [TUniGUISessionManager]:Terminating Session manager.
Project1.exe: 000034C0: 15:04:45 [TUniGUISessionManager]:Stopping Cache Eraser...
Project1.exe: 000034C0: 15:04:45 [TUniGUISessionManager]:Cache Eraser Stopped.
Project1.exe: 000034C0: 15:04:45 [TUniGUISessionManager]:Destroying Worker Threads.
Project1.exe: 000034C0: 15:04:45 [TUniGUISessionManager]:Session manager terminated.
Project1.exe: 000034C0: 15:04:45 [TUniServerModule]:Server Shutdown Completed.
Project1.exe: 000034C0: 15:04:45 []:<-------------------------------------------------------------->
Project1.exe: 000034C0: 15:04:45 [Terminated]:Exit Code: 0
Project1.exe: 00002FA4: 15:14:26 []:>--------------------------------------------------------------<
Project1.exe: 00002FA4: 15:14:26 [TUniServerModule]:Server First Init.
Project1.exe: 00002FA4: 15:14:26 [TUniServerModule]:Starting HTTP Server on Port: 8077...
Project1.exe: 00002FA4: 15:14:26 [TUniServerModule]:HTTP Server Started on Port: 8077
Project1.exe: 00003334: 15:14:30 [127.0.0.1]:EUniSessionException : Invalid session or session Timeout. (Session not found: MlCfQNzr6W108C4774E ) : Addr: $007FB03E
Project1.exe: 00002FA4: 15:18:12 [TUniServerModule]:Shutting Down Server.
Project1.exe: 00002FA4: 15:18:12 [TUniServerModule]:Stopping HTTP Server.
Project1.exe: 00002FA4: 15:18:13 [TUniServerModule]:HTTP Server Stopped.
Project1.exe: 00002FA4: 15:18:13 [TUniGUISessionManager]:Terminating Session manager.
Project1.exe: 00002FA4: 15:18:13 [TUniGUISessionManager]:Stopping Cache Eraser...
Project1.exe: 00002FA4: 15:18:13 [TUniGUISessionManager]:Cache Eraser Stopped.
Project1.exe: 00002FA4: 15:18:13 [TUniGUISessionManager]:Destroying Worker Threads.
Project1.exe: 00002FA4: 15:18:13 [TUniGUISessionManager]:Session manager terminated.
Project1.exe: 00002FA4: 15:18:13 [TUniServerModule]:Server Shutdown Completed.
Project1.exe: 00002FA4: 15:18:13 []:<-------------------------------------------------------------->
Project1.exe: 00002FA4: 15:18:13 [Terminated]:Exit Code: 0
Project1.exe: 00004524: 15:19:18 []:>--------------------------------------------------------------<
Project1.exe: 00004524: 15:19:18 [TUniServerModule]:Server First Init.
Project1.exe: 00004524: 15:19:18 [TUniServerModule]:Starting HTTP Server on Port: 8077...
Project1.exe: 00004524: 15:19:18 [TUniServerModule]:HTTP Server Started on Port: 8077
Project1.exe: 00001130: 15:19:24 [127.0.0.1]:EUniSessionException : Invalid session or session Timeout. (Session not found: f6V2QNfL9Y108C48294 ) : Addr: $007FB03E
