Project1.exe: 000004F8: 09:48:46 []:>--------------------------------------------------------------<
Project1.exe: 000004F8: 09:48:46 [TUniServerModule]:Server First Init.
Project1.exe: 000004F8: 09:48:46 [TUniServerModule]:Global Cache Folder Erased. <3> Files deleted.
Project1.exe: 000004F8: 09:48:46 [TUniServerModule]:Starting HTTP Server on Port: 8077...
Project1.exe: 000004F8: 09:48:46 [TUniServerModule]:HTTP Server Started on Port: 8077
Project1.exe: 00001334: 10:30:29 [127.0.0.1]:EUniSessionException : Invalid session or session Timeout. (Session not found: TswdA1gY4v1084A1DD8 ) : Addr: $0079242E
Project1.exe: 000004F8: 10:30:35 [TUniServerModule]:Shutting Down Server.
Project1.exe: 000004F8: 10:30:35 [TUniServerModule]:Stopping HTTP Server.
Project1.exe: 000004F8: 10:30:36 [TUniServerModule]:HTTP Server Stopped.
Project1.exe: 000004F8: 10:30:36 [TUniGUISessionManager]:Terminating Session manager.
Project1.exe: 000004F8: 10:30:36 [TUniGUISessionManager]:Stopping Cache Eraser...
Project1.exe: 000004F8: 10:30:36 [TUniGUISessionManager]:Cache Eraser Stopped.
Project1.exe: 000004F8: 10:30:36 [TUniGUISessionManager]:Destroying Worker Threads.
Project1.exe: 000004F8: 10:30:36 [TUniGUISessionManager]:Session manager terminated.
Project1.exe: 000004F8: 10:30:36 [TUniServerModule]:Server Shutdown Completed.
Project1.exe: 000004F8: 10:30:36 []:<-------------------------------------------------------------->
Project1.exe: 000004F8: 10:30:36 [Terminated]:Exit Code: 0
Project1.exe: 0000289C: 10:33:51 []:>--------------------------------------------------------------<
Project1.exe: 0000289C: 10:33:51 [TUniServerModule]:Server First Init.
Project1.exe: 0000289C: 10:33:51 [TUniServerModule]:Starting HTTP Server on Port: 8077...
Project1.exe: 0000289C: 10:33:51 [TUniServerModule]:HTTP Server Started on Port: 8077
Project1.exe: 0000289C: 10:37:30 [TUniServerModule]:Shutting Down Server.
Project1.exe: 0000289C: 10:37:30 [TUniServerModule]:Stopping HTTP Server.
Project1.exe: 0000289C: 10:37:31 [TUniServerModule]:HTTP Server Stopped.
Project1.exe: 0000289C: 10:37:31 [TUniGUISessionManager]:Terminating Session manager.
Project1.exe: 0000289C: 10:37:31 [TUniGUISessionManager]:Stopping Cache Eraser...
Project1.exe: 0000289C: 10:37:31 [TUniGUISessionManager]:Cache Eraser Stopped.
Project1.exe: 0000289C: 10:37:31 [TUniGUISessionManager]:Destroying Worker Threads.
Project1.exe: 0000289C: 10:37:31 [TUniGUISessionManager]:Session manager terminated.
Project1.exe: 0000289C: 10:37:31 [TUniServerModule]:Server Shutdown Completed.
Project1.exe: 0000289C: 10:37:31 []:<-------------------------------------------------------------->
Project1.exe: 0000289C: 10:37:31 [Terminated]:Exit Code: 0
Project1.exe: 00002934: 10:37:35 []:>--------------------------------------------------------------<
Project1.exe: 00002934: 10:37:35 [TUniServerModule]:Server First Init.
Project1.exe: 00002934: 10:37:35 [TUniServerModule]:Starting HTTP Server on Port: 8077...
Project1.exe: 00002934: 10:37:35 [TUniServerModule]:HTTP Server Started on Port: 8077
Project1.exe: 00002934: 10:57:38 [TUniServerModule]:Shutting Down Server.
Project1.exe: 00002934: 10:57:38 [TUniServerModule]:Stopping HTTP Server.
Project1.exe: 00002934: 10:57:39 [TUniServerModule]:HTTP Server Stopped.
Project1.exe: 00002934: 10:57:39 [TUniGUISessionManager]:Terminating Session manager.
Project1.exe: 00002934: 10:57:39 [TUniGUISessionManager]:Stopping Cache Eraser...
Project1.exe: 00002934: 10:57:39 [TUniGUISessionManager]:Cache Eraser Stopped.
Project1.exe: 00002934: 10:57:39 [TUniGUISessionManager]:Destroying Worker Threads.
Project1.exe: 00002934: 10:57:39 [TUniGUISessionManager]:Session manager terminated.
Project1.exe: 00002934: 10:57:39 [TUniServerModule]:Server Shutdown Completed.
Project1.exe: 00002934: 10:57:39 []:<-------------------------------------------------------------->
Project1.exe: 00002934: 10:57:39 [Terminated]:Exit Code: 0
Project1.exe: 000008AC: 10:57:48 []:>--------------------------------------------------------------<
Project1.exe: 000008AC: 10:57:48 [TUniServerModule]:Server First Init.
Project1.exe: 000008AC: 10:57:48 [TUniServerModule]:Starting HTTP Server on Port: 8077...
Project1.exe: 000008AC: 10:57:48 [TUniServerModule]:HTTP Server Started on Port: 8077
Project1.exe: 0000290C: 10:57:51 [127.0.0.1]:EUniSessionException : Invalid session or session Timeout. (Session not found: k7gXp1ujGT1084A257C ) : Addr: $0079242E
Project1.exe: 000008AC: 11:19:58 [TUniServerModule]:Shutting Down Server.
Project1.exe: 000008AC: 11:19:58 [TUniServerModule]:Stopping HTTP Server.
Project1.exe: 000008AC: 11:19:59 [TUniServerModule]:HTTP Server Stopped.
Project1.exe: 000008AC: 11:19:59 [TUniGUISessionManager]:Terminating Session manager.
Project1.exe: 000008AC: 11:19:59 [TUniGUISessionManager]:Stopping Cache Eraser...
Project1.exe: 000008AC: 11:19:59 [TUniGUISessionManager]:Cache Eraser Stopped.
Project1.exe: 000008AC: 11:19:59 [TUniGUISessionManager]:Destroying Worker Threads.
Project1.exe: 000008AC: 11:19:59 [TUniGUISessionManager]:Session manager terminated.
Project1.exe: 000008AC: 11:19:59 [TUniServerModule]:Server Shutdown Completed.
Project1.exe: 000008AC: 11:19:59 []:<-------------------------------------------------------------->
Project1.exe: 000008AC: 11:19:59 [Terminated]:Exit Code: 0
Project1.exe: 00002DDC: 12:45:13 []:>--------------------------------------------------------------<
Project1.exe: 00002DDC: 12:45:13 [TUniServerModule]:Server First Init.
Project1.exe: 00002DDC: 12:45:13 [TUniServerModule]:Starting HTTP Server on Port: 8077...
Project1.exe: 00002DDC: 12:45:13 [TUniServerModule]:HTTP Server Started on Port: 8077
Project1.exe: 00002DB0: 12:45:19 [127.0.0.1]:EUniSessionException : Invalid session or session Timeout. (Session not found: ut1Sm6EUvb1084A2AF5 ) : Addr: $0079242E
Project1.exe: 00002E2C: 12:45:23 [127.0.0.1]:EAccessViolation : Access violation at address 0095A0A0 in module 'Project1.exe'. Read of address 00000538 : Addr: $0095A0A0
Project1.exe: 000027A8: 12:46:09 [127.0.0.1]:EAccessViolation : Access violation at address 0095A0A0 in module 'Project1.exe'. Read of address 00000538 : Addr: $0095A0A0
Project1.exe: 00001B78: 12:46:49 [127.0.0.1]:EMSSQLNativeException : [FireDAC][Phys][ODBC][Microsoft][SQL Server Native Client 11.0][SQL Server]Sintaxis incorrecta cerca de ','. : Addr: $0087769D
Project1.exe: 000004F4: 12:46:49 [127.0.0.1]:EMSSQLNativeException : [FireDAC][Phys][ODBC][Microsoft][SQL Server Native Client 11.0][SQL Server]Sintaxis incorrecta cerca de ','. : Addr: $0087769D
Project1.exe: 000004F4: 12:46:56 [127.0.0.1]:EMSSQLNativeException : [FireDAC][Phys][ODBC][Microsoft][SQL Server Native Client 11.0][SQL Server]Sintaxis incorrecta cerca de ','. : Addr: $0087769D
Project1.exe: 000027A8: 12:46:58 [127.0.0.1]:EMSSQLNativeException : [FireDAC][Phys][ODBC][Microsoft][SQL Server Native Client 11.0][SQL Server]Sintaxis incorrecta cerca de ','. : Addr: $0087769D
Project1.exe: 00002DDC: 12:49:41 [TUniServerModule]:Shutting Down Server.
Project1.exe: 00002DDC: 12:49:41 [TUniServerModule]:Stopping HTTP Server.
Project1.exe: 00002DDC: 12:49:42 [TUniServerModule]:HTTP Server Stopped.
Project1.exe: 00002DDC: 12:49:42 [TUniGUISessionManager]:Terminating Session manager.
Project1.exe: 00002DDC: 12:49:42 [TUniGUISessionManager]:Stopping Cache Eraser...
Project1.exe: 00002DDC: 12:49:42 [TUniGUISessionManager]:Cache Eraser Stopped.
Project1.exe: 00002DDC: 12:49:42 [TUniGUISessionManager]:Destroying Worker Threads.
Project1.exe: 00002DDC: 12:49:42 [TUniGUISessionManager]:Session manager terminated.
Project1.exe: 00002DDC: 12:49:42 [TUniServerModule]:Server Shutdown Completed.
Project1.exe: 00002DDC: 12:49:42 []:<-------------------------------------------------------------->
Project1.exe: 00002DDC: 12:49:42 [Terminated]:Exit Code: 0
Project1.exe: 000004D0: 12:49:54 []:>--------------------------------------------------------------<
Project1.exe: 000004D0: 12:49:54 [TUniServerModule]:Server First Init.
Project1.exe: 000004D0: 12:49:54 [TUniServerModule]:Starting HTTP Server on Port: 8077...
Project1.exe: 000004D0: 12:49:54 [TUniServerModule]:HTTP Server Started on Port: 8077
Project1.exe: 00002FD8: 12:50:03 [127.0.0.1]:EAccessViolation : Access violation at address 0095A0A0 in module 'Project1.exe'. Read of address 00000538 : Addr: $0095A0A0
Project1.exe: 00002CE8: 13:33:33 [127.0.0.1]:EUniSessionException : Invalid session or session Timeout. (Session not found: iYm9oizeH61084A495F ) : Addr: $0079242E
Project1.exe: 000004D0: 13:33:38 [TUniServerModule]:Shutting Down Server.
Project1.exe: 000004D0: 13:33:38 [TUniServerModule]:Stopping HTTP Server.
Project1.exe: 000004D0: 13:33:39 [TUniServerModule]:HTTP Server Stopped.
Project1.exe: 000004D0: 13:33:39 [TUniGUISessionManager]:Terminating Session manager.
Project1.exe: 000004D0: 13:33:39 [TUniGUISessionManager]:Stopping Cache Eraser...
Project1.exe: 000004D0: 13:33:39 [TUniGUISessionManager]:Cache Eraser Stopped.
Project1.exe: 000004D0: 13:33:39 [TUniGUISessionManager]:Destroying Worker Threads.
Project1.exe: 000004D0: 13:33:39 [TUniGUISessionManager]:Session manager terminated.
Project1.exe: 000004D0: 13:33:39 [TUniServerModule]:Server Shutdown Completed.
Project1.exe: 000004D0: 13:33:39 []:<-------------------------------------------------------------->
Project1.exe: 000004D0: 13:33:39 [Terminated]:Exit Code: 0
Project1.exe: 0000209C: 14:38:49 []:>--------------------------------------------------------------<
Project1.exe: 0000209C: 14:38:49 [TUniServerModule]:Server First Init.
Project1.exe: 0000209C: 14:38:49 [TUniServerModule]:Starting HTTP Server on Port: 8077...
Project1.exe: 0000209C: 14:38:49 [TUniServerModule]:HTTP Server Started on Port: 8077
Project1.exe: 00000D24: 14:43:24 [Query: Field 'clavex' not found-127.0.0.1]:EDatabaseError : Query: Field 'clavex' not found : Addr: $0065F252
Project1.exe: 0000209C: 14:47:38 [TUniServerModule]:Shutting Down Server.
Project1.exe: 0000209C: 14:47:38 [TUniServerModule]:Stopping HTTP Server.
Project1.exe: 0000209C: 14:47:39 [TUniServerModule]:HTTP Server Stopped.
Project1.exe: 0000209C: 14:47:39 [TUniGUISessionManager]:Terminating Session manager.
Project1.exe: 0000209C: 14:47:39 [TUniGUISessionManager]:Stopping Cache Eraser...
Project1.exe: 0000209C: 14:47:39 [TUniGUISessionManager]:Cache Eraser Stopped.
Project1.exe: 0000209C: 14:47:39 [TUniGUISessionManager]:Destroying Worker Threads.
Project1.exe: 0000209C: 14:47:39 [TUniGUISessionManager]:Session manager terminated.
Project1.exe: 0000209C: 14:47:39 [TUniServerModule]:Server Shutdown Completed.
Project1.exe: 0000209C: 14:47:39 []:<-------------------------------------------------------------->
Project1.exe: 0000209C: 14:47:39 [Terminated]:Exit Code: 0
Project1.exe: 000028E0: 14:47:40 []:>--------------------------------------------------------------<
Project1.exe: 000028E0: 14:47:40 [TUniServerModule]:Server First Init.
Project1.exe: 000028E0: 14:47:40 [TUniServerModule]:Starting HTTP Server on Port: 8077...
Project1.exe: 000028E0: 14:47:40 [TUniServerModule]:HTTP Server Started on Port: 8077
Project1.exe: 00000FBC: 14:47:47 [127.0.0.1]:EUniSessionException : Invalid session or session Timeout. (Session not found: 9qNxpCpAUj1084A66EE ) : Addr: $0079242E
Project1.exe: 000028E0: 15:04:00 [TUniServerModule]:Shutting Down Server.
Project1.exe: 000028E0: 15:04:00 [TUniServerModule]:Stopping HTTP Server.
Project1.exe: 000028E0: 15:04:01 [TUniServerModule]:HTTP Server Stopped.
Project1.exe: 000028E0: 15:04:01 [TUniGUISessionManager]:Terminating Session manager.
Project1.exe: 000028E0: 15:04:01 [TUniGUISessionManager]:Stopping Cache Eraser...
Project1.exe: 000028E0: 15:04:01 [TUniGUISessionManager]:Cache Eraser Stopped.
Project1.exe: 000028E0: 15:04:01 [TUniGUISessionManager]:Destroying Worker Threads.
Project1.exe: 000028E0: 15:04:01 [TUniGUISessionManager]:Session manager terminated.
Project1.exe: 000028E0: 15:04:01 [TUniServerModule]:Server Shutdown Completed.
Project1.exe: 000028E0: 15:04:01 []:<-------------------------------------------------------------->
Project1.exe: 000028E0: 15:04:01 [Terminated]:Exit Code: 0
Project1.exe: 00002534: 15:11:30 []:>--------------------------------------------------------------<
Project1.exe: 00002534: 15:11:30 [TUniServerModule]:Server First Init.
Project1.exe: 00002534: 15:11:30 [TUniServerModule]:Starting HTTP Server on Port: 8077...
Project1.exe: 00002534: 15:11:30 [TUniServerModule]:HTTP Server Started on Port: 8077
Project1.exe: 00002EE0: 15:11:35 [127.0.0.1]:EUniSessionException : Invalid session or session Timeout. (Session not found: mxXsPeFVyY1084A6DCB ) : Addr: $0079245A
Project1.exe: 000010A0: 15:11:51 [Query: Field 'identificacion' not found-127.0.0.1]:EDatabaseError : Query: Field 'identificacion' not found : Addr: $0065F27E
Project1.exe: 00002534: 15:12:51 [TUniServerModule]:Shutting Down Server.
Project1.exe: 00002534: 15:12:51 [TUniServerModule]:Stopping HTTP Server.
Project1.exe: 00002534: 15:12:52 [TUniServerModule]:HTTP Server Stopped.
Project1.exe: 00002534: 15:12:52 [TUniGUISessionManager]:Terminating Session manager.
Project1.exe: 00002534: 15:12:52 [TUniGUISessionManager]:Stopping Cache Eraser...
Project1.exe: 00002534: 15:12:52 [TUniGUISessionManager]:Cache Eraser Stopped.
Project1.exe: 00002534: 15:12:52 [TUniGUISessionManager]:Destroying Worker Threads.
Project1.exe: 00002534: 15:12:53 [TUniGUISessionManager]:Session manager terminated.
Project1.exe: 00002534: 15:12:53 [TUniServerModule]:Server Shutdown Completed.
Project1.exe: 00002534: 15:12:53 []:<-------------------------------------------------------------->
Project1.exe: 00002534: 15:12:53 [Terminated]:Exit Code: 0
Project1.exe: 000024F0: 15:12:57 []:>--------------------------------------------------------------<
Project1.exe: 000024F0: 15:12:57 [TUniServerModule]:Server First Init.
Project1.exe: 000024F0: 15:12:57 [TUniServerModule]:Starting HTTP Server on Port: 8077...
Project1.exe: 000024F0: 15:12:57 [TUniServerModule]:HTTP Server Started on Port: 8077
Project1.exe: 00002E60: 15:13:06 [127.0.0.1]:EUniSessionException : Invalid session or session Timeout. (Session not found: zpa2ubP9UF1084A6FC8 ) : Addr: $0079245A
Project1.exe: 00002FCC: 15:13:19 [Query: Field 'IDentificacion' not found-127.0.0.1]:EDatabaseError : Query: Field 'IDentificacion' not found : Addr: $0065F27E
Project1.exe: 000024F0: 15:13:53 [TUniServerModule]:Shutting Down Server.
Project1.exe: 000024F0: 15:13:53 [TUniServerModule]:Stopping HTTP Server.
Project1.exe: 000024F0: 15:13:54 [TUniServerModule]:HTTP Server Stopped.
Project1.exe: 000024F0: 15:13:54 [TUniGUISessionManager]:Terminating Session manager.
Project1.exe: 000024F0: 15:13:54 [TUniGUISessionManager]:Stopping Cache Eraser...
Project1.exe: 000024F0: 15:13:54 [TUniGUISessionManager]:Cache Eraser Stopped.
Project1.exe: 000024F0: 15:13:54 [TUniGUISessionManager]:Destroying Worker Threads.
Project1.exe: 000024F0: 15:13:54 [TUniGUISessionManager]:Session manager terminated.
Project1.exe: 000024F0: 15:13:54 [TUniServerModule]:Server Shutdown Completed.
Project1.exe: 000024F0: 15:13:54 []:<-------------------------------------------------------------->
Project1.exe: 000024F0: 15:13:54 [Terminated]:Exit Code: 0
Project1.exe: 0000271C: 15:13:57 []:>--------------------------------------------------------------<
Project1.exe: 0000271C: 15:13:57 [TUniServerModule]:Server First Init.
Project1.exe: 0000271C: 15:13:57 [TUniServerModule]:Starting HTTP Server on Port: 8077...
Project1.exe: 0000271C: 15:13:57 [TUniServerModule]:HTTP Server Started on Port: 8077
Project1.exe: 0000271C: 15:14:08 [TUniServerModule]:Shutting Down Server.
Project1.exe: 0000271C: 15:14:08 [TUniServerModule]:Stopping HTTP Server.
Project1.exe: 0000271C: 15:14:09 [TUniServerModule]:HTTP Server Stopped.
Project1.exe: 0000271C: 15:14:09 [TUniGUISessionManager]:Terminating Session manager.
Project1.exe: 0000271C: 15:14:09 [TUniGUISessionManager]:Stopping Cache Eraser...
Project1.exe: 0000271C: 15:14:09 [TUniGUISessionManager]:Cache Eraser Stopped.
Project1.exe: 0000271C: 15:14:09 [TUniGUISessionManager]:Destroying Worker Threads.
Project1.exe: 0000271C: 15:14:09 [TUniGUISessionManager]:Session manager terminated.
Project1.exe: 0000271C: 15:14:09 [TUniServerModule]:Server Shutdown Completed.
Project1.exe: 0000271C: 15:14:09 []:<-------------------------------------------------------------->
Project1.exe: 0000271C: 15:14:09 [Terminated]:Exit Code: 0
Project1.exe: 0000133C: 15:14:11 []:>--------------------------------------------------------------<
Project1.exe: 0000133C: 15:14:11 [TUniServerModule]:Server First Init.
Project1.exe: 0000133C: 15:14:12 [TUniServerModule]:Starting HTTP Server on Port: 8077...
Project1.exe: 0000133C: 15:14:12 [TUniServerModule]:HTTP Server Started on Port: 8077
Project1.exe: 00001F00: 15:14:15 [127.0.0.1]:EUniSessionException : Invalid session or session Timeout. (Session not found: cBo64XlwgR1084A7031 ) : Addr: $0079245A
Project1.exe: 0000133C: 15:15:55 [TUniServerModule]:Shutting Down Server.
Project1.exe: 0000133C: 15:15:55 [TUniServerModule]:Stopping HTTP Server.
Project1.exe: 0000133C: 15:15:56 [TUniServerModule]:HTTP Server Stopped.
Project1.exe: 0000133C: 15:15:56 [TUniGUISessionManager]:Terminating Session manager.
Project1.exe: 0000133C: 15:15:56 [TUniGUISessionManager]:Stopping Cache Eraser...
Project1.exe: 0000133C: 15:15:56 [TUniGUISessionManager]:Cache Eraser Stopped.
Project1.exe: 0000133C: 15:15:56 [TUniGUISessionManager]:Destroying Worker Threads.
Project1.exe: 0000133C: 15:15:56 [TUniGUISessionManager]:Session manager terminated.
Project1.exe: 0000133C: 15:15:56 [TUniServerModule]:Server Shutdown Completed.
Project1.exe: 0000133C: 15:15:56 []:<-------------------------------------------------------------->
Project1.exe: 0000133C: 15:15:56 [Terminated]:Exit Code: 0
Project1.exe: 00002C58: 15:18:46 []:>--------------------------------------------------------------<
Project1.exe: 00002C58: 15:18:46 [TUniServerModule]:Server First Init.
Project1.exe: 00002C58: 15:18:46 [TUniServerModule]:Starting HTTP Server on Port: 8077...
Project1.exe: 00002C58: 15:18:46 [TUniServerModule]:HTTP Server Started on Port: 8077
Project1.exe: 00000818: 15:18:49 [127.0.0.1]:EUniSessionException : Invalid session or session Timeout. (Session not found: xz2tabVaRT1084A7082 ) : Addr: $0079245A
Project1.exe: 00000818: 15:18:53 [[FireDAC][Phys][ODBC][Microsoft][SQL Server Native Client 11.0][SQL Server]El nombre de objeto 'etnias' no es válido.-127.0.0.1]:EMSSQLNativeException : [FireDAC][Phys][ODBC][Microsoft][SQL Server Native Client 11.0][SQL Server]El nombre de objeto 'etnias' no es válido. : Addr: $008776C9
Project1.exe: 00002C58: 15:24:33 [TUniServerModule]:Shutting Down Server.
Project1.exe: 00002C58: 15:24:33 [TUniServerModule]:Stopping HTTP Server.
Project1.exe: 0000280C: 15:26:16 []:>--------------------------------------------------------------<
Project1.exe: 0000280C: 15:26:16 [TUniServerModule]:Server First Init.
Project1.exe: 0000280C: 15:26:16 [TUniServerModule]:Global Cache Folder Erased. <17> Files deleted.
Project1.exe: 0000280C: 15:26:17 [TUniServerModule]:Starting HTTP Server on Port: 8077...
Project1.exe: 0000280C: 15:26:17 [TUniServerModule]:HTTP Server Started on Port: 8077
Project1.exe: 00002E04: 15:26:17 [127.0.0.1]:EUniSessionException : Invalid session or session Timeout. (Session not found: 3rCNAm8qHf1084A71BF ) : Addr: $0079245A
Project1.exe: 00002E04: 15:26:17 [127.0.0.1]:EUniSessionException : Invalid session or session Timeout. (Session not found: 3rCNAm8qHf1084A71BF ) : Addr: $0079245A
Project1.exe: 00002E04: 15:26:17 [127.0.0.1]:EUniSessionException : Invalid session or session Timeout. (Session not found: 3rCNAm8qHf1084A71BF ) : Addr: $0079245A
Project1.exe: 00002E04: 15:26:17 [127.0.0.1]:EUniSessionException : Invalid session or session Timeout. (Session not found: 3rCNAm8qHf1084A71BF ) : Addr: $0079245A
Project1.exe: 00002E04: 15:26:17 [127.0.0.1]:EUniSessionException : Invalid session or session Timeout. (Session not found: 3rCNAm8qHf1084A71BF ) : Addr: $0079245A
Project1.exe: 00002E04: 15:26:17 [127.0.0.1]:EUniSessionException : Invalid session or session Timeout. (Session not found: 3rCNAm8qHf1084A71BF ) : Addr: $0079245A
Project1.exe: 00002E04: 15:26:17 [127.0.0.1]:EUniSessionException : Invalid session or session Timeout. (Session not found: 3rCNAm8qHf1084A71BF ) : Addr: $0079245A
Project1.exe: 00002E04: 15:26:17 [127.0.0.1]:EUniSessionException : Invalid session or session Timeout. (Session not found: 3rCNAm8qHf1084A71BF ) : Addr: $0079245A
Project1.exe: 00002E04: 15:26:17 [127.0.0.1]:EUniSessionException : Invalid session or session Timeout. (Session not found: 3rCNAm8qHf1084A71BF ) : Addr: $0079245A
Project1.exe: 00002E04: 15:26:17 [127.0.0.1]:EUniSessionException : Invalid session or session Timeout. (Session not found: 3rCNAm8qHf1084A71BF ) : Addr: $0079245A
Project1.exe: 00002E04: 15:26:17 [127.0.0.1]:EUniSessionException : Invalid session or session Timeout. (Session not found: 3rCNAm8qHf1084A71BF ) : Addr: $0079245A
Project1.exe: 00002E04: 15:26:17 [127.0.0.1]:EUniSessionException : Invalid session or session Timeout. (Session not found: 3rCNAm8qHf1084A71BF ) : Addr: $0079245A
Project1.exe: 00002E04: 15:26:17 [127.0.0.1]:EUniSessionException : Invalid session or session Timeout. (Session not found: 3rCNAm8qHf1084A71BF ) : Addr: $0079245A
Project1.exe: 00002E04: 15:26:17 [127.0.0.1]:EUniSessionException : Invalid session or session Timeout. (Session not found: 3rCNAm8qHf1084A71BF ) : Addr: $0079245A
Project1.exe: 00002E04: 15:26:17 [127.0.0.1]:EUniSessionException : Invalid session or session Timeout. (Session not found: 3rCNAm8qHf1084A71BF ) : Addr: $0079245A
Project1.exe: 00002E04: 15:26:17 [127.0.0.1]:EUniSessionException : Invalid session or session Timeout. (Session not found: 3rCNAm8qHf1084A71BF ) : Addr: $0079245A
Project1.exe: 0000280C: 15:28:06 [TUniServerModule]:Shutting Down Server.
Project1.exe: 0000280C: 15:28:06 [TUniServerModule]:Stopping HTTP Server.
Project1.exe: 0000280C: 15:28:07 [TUniServerModule]:HTTP Server Stopped.
Project1.exe: 0000280C: 15:28:07 [TUniGUISessionManager]:Terminating Session manager.
Project1.exe: 0000280C: 15:28:07 [TUniGUISessionManager]:Stopping Cache Eraser...
Project1.exe: 0000280C: 15:28:07 [TUniGUISessionManager]:Cache Eraser Stopped.
Project1.exe: 0000280C: 15:28:08 [TUniGUISessionManager]:Destroying Worker Threads.
Project1.exe: 0000280C: 15:28:08 [TUniGUISessionManager]:Session manager terminated.
Project1.exe: 0000280C: 15:28:08 [TUniServerModule]:Server Shutdown Completed.
Project1.exe: 0000280C: 15:28:08 []:<-------------------------------------------------------------->
Project1.exe: 0000280C: 15:28:08 [Terminated]:Exit Code: 0
Project1.exe: 00002E04: 15:32:16 []:>--------------------------------------------------------------<
Project1.exe: 00002E04: 15:32:16 [TUniServerModule]:Server First Init.
Project1.exe: 00002E04: 15:32:16 [TUniServerModule]:Starting HTTP Server on Port: 8077...
Project1.exe: 00002E04: 15:32:16 [TUniServerModule]:HTTP Server Started on Port: 8077
Project1.exe: 00002F8C: 15:32:20 [127.0.0.1]:EUniSessionException : Invalid session or session Timeout. (Session not found: SDyBUd3ogV1084A73C8 ) : Addr: $0079245A
Project1.exe: 00002E04: 15:36:19 [TUniServerModule]:Shutting Down Server.
Project1.exe: 00002E04: 15:36:19 [TUniServerModule]:Stopping HTTP Server.
Project1.exe: 0000293C: 15:41:37 []:>--------------------------------------------------------------<
Project1.exe: 0000293C: 15:41:37 [TUniServerModule]:Server First Init.
Project1.exe: 0000293C: 15:41:37 [TUniServerModule]:Global Cache Folder Erased. <17> Files deleted.
Project1.exe: 0000293C: 15:41:37 [TUniServerModule]:Starting HTTP Server on Port: 8077...
Project1.exe: 0000293C: 15:41:37 [TUniServerModule]:HTTP Server Started on Port: 8077
Project1.exe: 00002D34: 15:41:37 [127.0.0.1]:EUniSessionException : Invalid session or session Timeout. (Session not found: phZ8Th7kpM1084A756A ) : Addr: $0079245A
Project1.exe: 00002D34: 15:41:46 [127.0.0.1]:EUniSessionException : Invalid session or session Timeout. (Session not found: Ihwo6uZdmS1084A6954 ) : Addr: $0079245A
Project1.exe: 0000293C: 15:48:32 [TUniServerModule]:Shutting Down Server.
Project1.exe: 0000293C: 15:48:32 [TUniServerModule]:Stopping HTTP Server.
Project1.exe: 0000293C: 15:48:33 [TUniServerModule]:HTTP Server Stopped.
Project1.exe: 0000293C: 15:48:33 [TUniGUISessionManager]:Terminating Session manager.
Project1.exe: 0000293C: 15:48:33 [TUniGUISessionManager]:Stopping Cache Eraser...
Project1.exe: 0000293C: 15:48:33 [TUniGUISessionManager]:Cache Eraser Stopped.
Project1.exe: 0000293C: 15:48:33 [TUniGUISessionManager]:Destroying Worker Threads.
Project1.exe: 0000293C: 15:48:33 [TUniGUISessionManager]:Session manager terminated.
Project1.exe: 0000293C: 15:48:33 [TUniServerModule]:Server Shutdown Completed.
Project1.exe: 0000293C: 15:48:33 []:<-------------------------------------------------------------->
Project1.exe: 0000293C: 15:48:33 [Terminated]:Exit Code: 0
Project1.exe: 00002AB4: 15:48:36 []:>--------------------------------------------------------------<
Project1.exe: 00002AB4: 15:48:36 [TUniServerModule]:Server First Init.
Project1.exe: 00002AB4: 15:48:36 [TUniServerModule]:Starting HTTP Server on Port: 8077...
Project1.exe: 00002AB4: 15:48:36 [TUniServerModule]:HTTP Server Started on Port: 8077
Project1.exe: 000010D0: 15:48:52 [127.0.0.1]:EUniSessionException : Invalid session or session Timeout. (Session not found: 5Xhp7hdIoa1084A77F9 ) : Addr: $0079245A
Project1.exe: 00002AB4: 15:50:59 [TUniServerModule]:Shutting Down Server.
Project1.exe: 00002AB4: 15:50:59 [TUniServerModule]:Stopping HTTP Server.
Project1.exe: 00002AB4: 15:51:00 [TUniServerModule]:HTTP Server Stopped.
Project1.exe: 00002AB4: 15:51:00 [TUniGUISessionManager]:Terminating Session manager.
Project1.exe: 00002AB4: 15:51:00 [TUniGUISessionManager]:Stopping Cache Eraser...
Project1.exe: 00002AB4: 15:51:00 [TUniGUISessionManager]:Cache Eraser Stopped.
Project1.exe: 00002AB4: 15:51:00 [TUniGUISessionManager]:Destroying Worker Threads.
Project1.exe: 00002AB4: 15:51:00 [TUniGUISessionManager]:Session manager terminated.
Project1.exe: 00002AB4: 15:51:00 [TUniServerModule]:Server Shutdown Completed.
Project1.exe: 00002AB4: 15:51:00 []:<-------------------------------------------------------------->
Project1.exe: 00002AB4: 15:51:00 [Terminated]:Exit Code: 0
Project1.exe: 00000374: 15:51:07 []:>--------------------------------------------------------------<
Project1.exe: 00000374: 15:51:07 [TUniServerModule]:Server First Init.
Project1.exe: 00000374: 15:51:07 [TUniServerModule]:Starting HTTP Server on Port: 8077...
Project1.exe: 00000374: 15:51:07 [TUniServerModule]:HTTP Server Started on Port: 8077
Project1.exe: 00000374: 15:57:08 [TUniServerModule]:Shutting Down Server.
Project1.exe: 00000374: 15:57:08 [TUniServerModule]:Stopping HTTP Server.
Project1.exe: 00000374: 15:57:09 [TUniServerModule]:HTTP Server Stopped.
Project1.exe: 00000374: 15:57:09 [TUniGUISessionManager]:Terminating Session manager.
Project1.exe: 00000374: 15:57:09 [TUniGUISessionManager]:Stopping Cache Eraser...
Project1.exe: 00000374: 15:57:09 [TUniGUISessionManager]:Cache Eraser Stopped.
Project1.exe: 00000374: 15:57:10 [TUniGUISessionManager]:Destroying Worker Threads.
Project1.exe: 00000374: 15:57:10 [TUniGUISessionManager]:Session manager terminated.
Project1.exe: 00000374: 15:57:10 [TUniServerModule]:Server Shutdown Completed.
Project1.exe: 00000374: 15:57:10 []:<-------------------------------------------------------------->
Project1.exe: 00000374: 15:57:10 [Terminated]:Exit Code: 0
Project1.exe: 00000834: 16:02:21 []:>--------------------------------------------------------------<
Project1.exe: 00000834: 16:02:21 [TUniServerModule]:Server First Init.
Project1.exe: 00000834: 16:02:21 [TUniServerModule]:Starting HTTP Server on Port: 8077...
Project1.exe: 00000834: 16:02:21 [TUniServerModule]:HTTP Server Started on Port: 8077
Project1.exe: 000002DC: 16:02:27 [127.0.0.1]:EUniSessionException : Invalid session or session Timeout. (Session not found: J8DU8a15nr1084A7A8C ) : Addr: $0079245A
