Project1.exe: 00001A30: 10:37:38 []:>--------------------------------------------------------------<
Project1.exe: 00001A30: 10:37:38 [TUniServerModule]:Server First Init.
Project1.exe: 00001A30: 10:37:38 [TUniServerModule]:Global Cache Folder Erased. <13> Files deleted.
Project1.exe: 00001A30: 10:37:38 [TUniServerModule]:Starting HTTP Server on Port: 8080...
Project1.exe: 00001A30: 10:37:38 [TUniServerModule]:HTTP Server Started on Port: 8080
Project1.exe: 00001A30: 10:37:47 [TUniServerModule]:Shutting Down Server.
Project1.exe: 00001A30: 10:37:47 [TUniServerModule]:Stopping HTTP Server.
Project1.exe: 00001A30: 10:37:47 [TUniServerModule]:HTTP Server Stopped.
Project1.exe: 00001A30: 10:37:47 [TUniGUISessionManager]:Terminating Session manager.
Project1.exe: 00001A30: 10:37:47 [TUniGUISessionManager]:Stopping Cache Eraser...
Project1.exe: 00001A30: 10:37:47 [TUniGUISessionManager]:Cache Eraser Stopped.
Project1.exe: 00001A30: 10:37:47 [TUniGUISessionManager]:Destroying Worker Threads.
Project1.exe: 00001A30: 10:37:47 [TUniGUISessionManager]:Session manager terminated.
Project1.exe: 00001A30: 10:37:47 [TUniServerModule]:Server Shutdown Completed.
Project1.exe: 00001A30: 10:37:47 []:<-------------------------------------------------------------->
Project1.exe: 00001A30: 10:37:47 [Terminated]:Exit Code: 0
Project1.exe: 00002530: 10:46:25 []:>--------------------------------------------------------------<
Project1.exe: 00002530: 10:46:25 [TUniServerModule]:Server First Init.
Project1.exe: 00002530: 10:46:25 [TUniServerModule]:Starting HTTP Server on Port: 8080...
Project1.exe: 00002530: 10:46:25 [TUniServerModule]:HTTP Server Started on Port: 8080
Project1.exe: 00002530: 10:51:51 [TUniServerModule]:Shutting Down Server.
Project1.exe: 00002530: 10:51:51 [TUniServerModule]:Stopping HTTP Server.
Project1.exe: 00002530: 10:51:52 [TUniServerModule]:HTTP Server Stopped.
Project1.exe: 00002530: 10:51:52 [TUniGUISessionManager]:Terminating Session manager.
Project1.exe: 00002530: 10:51:52 [TUniGUISessionManager]:Stopping Cache Eraser...
Project1.exe: 00002530: 10:51:52 [TUniGUISessionManager]:Cache Eraser Stopped.
Project1.exe: 00002530: 10:51:52 [TUniGUISessionManager]:Destroying Worker Threads.
Project1.exe: 00002530: 10:51:52 [TUniGUISessionManager]:Session manager terminated.
Project1.exe: 00002530: 10:51:52 [TUniServerModule]:Server Shutdown Completed.
Project1.exe: 00002530: 10:51:52 []:<-------------------------------------------------------------->
Project1.exe: 00002530: 10:51:52 [Terminated]:Exit Code: 0
Project1.exe: 00001E80: 10:52:14 []:>--------------------------------------------------------------<
Project1.exe: 00001E80: 10:52:14 [TUniServerModule]:Server First Init.
Project1.exe: 00001E80: 10:52:14 [TUniServerModule]:Starting HTTP Server on Port: 8080...
Project1.exe: 00001E80: 10:52:14 [TUniServerModule]:HTTP Server Started on Port: 8080
Project1.exe: 00003658: 10:52:20 [127.0.0.1]:EUniSessionException : Invalid session or session Timeout. (Session not found: UJKHGZcNnp108B4F7A9 ) : Addr: $0079A966
Project1.exe: 000027D0: 10:56:13 [127.0.0.1]:EDatabaseError : QueryGrid: Field 'especialidad' not found : Addr: $0066778A
Project1.exe: 00002E00: 10:56:52 [127.0.0.1]:EDatabaseError : Query: Field 'Nombre' not found : Addr: $0066778A
Project1.exe: 00003194: 11:08:40 [127.0.0.1]:EUniSessionException : Invalid session or session Timeout. (Session not found: yzZH6rZUaF108B4F935 ) : Addr: $0079A966
Project1.exe: 00002FE4: 11:17:11 [127.0.0.1]:EMSSQLNativeException : [FireDAC][Phys][ODBC][Microsoft][SQL Server Native Client 11.0][SQL Server]El nombre de columna 'TIPIDAFIL' no es válido. : Addr: $0087FBD5
Project1.exe: 00001E80: 11:29:47 [TUniServerModule]:Shutting Down Server.
Project1.exe: 00001E80: 11:29:47 [TUniServerModule]:Stopping HTTP Server.
Project1.exe: 00001E80: 11:29:48 [TUniServerModule]:HTTP Server Stopped.
Project1.exe: 00001E80: 11:29:48 [TUniGUISessionManager]:Terminating Session manager.
Project1.exe: 00001E80: 11:29:48 [TUniGUISessionManager]:Stopping Cache Eraser...
Project1.exe: 00001E80: 11:29:48 [TUniGUISessionManager]:Cache Eraser Stopped.
Project1.exe: 00001E80: 11:29:48 [TUniGUISessionManager]:Destroying Worker Threads.
Project1.exe: 00001E80: 11:29:48 [TUniGUISessionManager]:Session manager terminated.
Project1.exe: 00001E80: 11:29:48 [TUniServerModule]:Server Shutdown Completed.
Project1.exe: 00001E80: 11:29:48 []:<-------------------------------------------------------------->
Project1.exe: 00001E80: 11:29:48 [Terminated]:Exit Code: 0
Project1.exe: 00001F6C: 11:31:00 []:>--------------------------------------------------------------<
Project1.exe: 00001F6C: 11:31:00 [TUniServerModule]:Server First Init.
Project1.exe: 00001F6C: 11:31:00 [TUniServerModule]:Starting HTTP Server on Port: 8080...
Project1.exe: 00001F6C: 11:31:00 [TUniServerModule]:HTTP Server Started on Port: 8080
Project1.exe: 00000104: 11:31:07 [127.0.0.1]:EUniSessionException : Invalid session or session Timeout. (Session not found: GcXiHO2jdF108B4FF3A ) : Addr: $0079A966
Project1.exe: 00001F6C: 11:32:56 [TUniServerModule]:Shutting Down Server.
Project1.exe: 00001F6C: 11:32:56 [TUniServerModule]:Stopping HTTP Server.
Project1.exe: 00001F6C: 11:32:57 [TUniServerModule]:HTTP Server Stopped.
Project1.exe: 00001F6C: 11:32:57 [TUniGUISessionManager]:Terminating Session manager.
Project1.exe: 00001F6C: 11:32:57 [TUniGUISessionManager]:Stopping Cache Eraser...
Project1.exe: 00001F6C: 11:32:57 [TUniGUISessionManager]:Cache Eraser Stopped.
Project1.exe: 00001F6C: 11:32:57 [TUniGUISessionManager]:Destroying Worker Threads.
Project1.exe: 00001F6C: 11:32:57 [TUniGUISessionManager]:Session manager terminated.
Project1.exe: 00001F6C: 11:32:57 [TUniServerModule]:Server Shutdown Completed.
Project1.exe: 00001F6C: 11:32:57 []:<-------------------------------------------------------------->
Project1.exe: 00001F6C: 11:32:57 [Terminated]:Exit Code: 0
Project1.exe: 0000180C: 11:33:02 []:>--------------------------------------------------------------<
Project1.exe: 0000180C: 11:33:02 [TUniServerModule]:Server First Init.
Project1.exe: 0000180C: 11:33:02 [TUniServerModule]:Starting HTTP Server on Port: 8080...
Project1.exe: 0000180C: 11:33:02 [TUniServerModule]:HTTP Server Started on Port: 8080
Project1.exe: 00001570: 11:33:05 [127.0.0.1]:EUniSessionException : Invalid session or session Timeout. (Session not found: g94jrwDWp8108B503BB ) : Addr: $0079A966
Project1.exe: 0000180C: 11:34:47 [TUniServerModule]:Shutting Down Server.
Project1.exe: 0000180C: 11:34:47 [TUniServerModule]:Stopping HTTP Server.
Project1.exe: 0000180C: 11:34:48 [TUniServerModule]:HTTP Server Stopped.
Project1.exe: 0000180C: 11:34:48 [TUniGUISessionManager]:Terminating Session manager.
Project1.exe: 0000180C: 11:34:48 [TUniGUISessionManager]:Stopping Cache Eraser...
Project1.exe: 0000180C: 11:34:48 [TUniGUISessionManager]:Cache Eraser Stopped.
Project1.exe: 0000180C: 11:34:48 [TUniGUISessionManager]:Destroying Worker Threads.
Project1.exe: 0000180C: 11:34:48 [TUniGUISessionManager]:Session manager terminated.
Project1.exe: 0000180C: 11:34:48 [TUniServerModule]:Server Shutdown Completed.
Project1.exe: 0000180C: 11:34:48 []:<-------------------------------------------------------------->
Project1.exe: 0000180C: 11:34:48 [Terminated]:Exit Code: 0
Project1.exe: 00001A5C: 11:41:07 []:>--------------------------------------------------------------<
Project1.exe: 00001A5C: 11:41:07 [TUniServerModule]:Server First Init.
Project1.exe: 00001A5C: 11:41:07 [TUniServerModule]:Starting HTTP Server on Port: 8080...
Project1.exe: 00001A5C: 11:41:07 [TUniServerModule]:HTTP Server Started on Port: 8080
Project1.exe: 000030A0: 11:41:10 [127.0.0.1]:EUniSessionException : Invalid session or session Timeout. (Session not found: 8HqNlP5f9t108B50444 ) : Addr: $0079A966
Project1.exe: 00000C08: 11:41:18 [127.0.0.1]:EMSSQLNativeException : [FireDAC][Phys][ODBC][Microsoft][SQL Server Native Client 11.0][SQL Server]Sintaxis incorrecta cerca de '*'. : Addr: $0087FBD5
Project1.exe: 00001A5C: 11:41:29 [TUniServerModule]:Shutting Down Server.
Project1.exe: 00001A5C: 11:41:29 [TUniServerModule]:Stopping HTTP Server.
Project1.exe: 00001A5C: 11:41:30 [TUniServerModule]:HTTP Server Stopped.
Project1.exe: 00001A5C: 11:41:30 [TUniGUISessionManager]:Terminating Session manager.
Project1.exe: 00001A5C: 11:41:30 [TUniGUISessionManager]:Stopping Cache Eraser...
Project1.exe: 00001A5C: 11:41:30 [TUniGUISessionManager]:Cache Eraser Stopped.
Project1.exe: 00001A5C: 11:41:30 [TUniGUISessionManager]:Destroying Worker Threads.
Project1.exe: 00001A5C: 11:41:30 [TUniGUISessionManager]:Session manager terminated.
Project1.exe: 00001A5C: 11:41:30 [TUniServerModule]:Server Shutdown Completed.
Project1.exe: 00001A5C: 11:41:30 []:<-------------------------------------------------------------->
Project1.exe: 00001A5C: 11:41:30 [Terminated]:Exit Code: 0
Project1.exe: 00001640: 11:41:33 []:>--------------------------------------------------------------<
Project1.exe: 00001640: 11:41:33 [TUniServerModule]:Server First Init.
Project1.exe: 00001640: 11:41:33 [TUniServerModule]:Starting HTTP Server on Port: 8080...
Project1.exe: 00001640: 11:41:33 [TUniServerModule]:HTTP Server Started on Port: 8080
Project1.exe: 00001410: 11:41:36 [127.0.0.1]:EUniSessionException : Invalid session or session Timeout. (Session not found: IDar86RowQ108B50674 ) : Addr: $0079A966
Project1.exe: 00001410: 11:41:44 [127.0.0.1]:EMSSQLNativeException : [FireDAC][Phys][ODBC][Microsoft][SQL Server Native Client 11.0][SQL Server]Falta la comilla de cierre después de la cadena de caracteres '97021500287'. : Addr: $0087FBD5
Project1.exe: 00001640: 11:42:03 [TUniServerModule]:Shutting Down Server.
Project1.exe: 00001640: 11:42:03 [TUniServerModule]:Stopping HTTP Server.
Project1.exe: 00001640: 11:42:04 [TUniServerModule]:HTTP Server Stopped.
Project1.exe: 00001640: 11:42:04 [TUniGUISessionManager]:Terminating Session manager.
Project1.exe: 00001640: 11:42:04 [TUniGUISessionManager]:Stopping Cache Eraser...
Project1.exe: 00001640: 11:42:04 [TUniGUISessionManager]:Cache Eraser Stopped.
Project1.exe: 00001640: 11:42:04 [TUniGUISessionManager]:Destroying Worker Threads.
Project1.exe: 00001640: 11:42:04 [TUniGUISessionManager]:Session manager terminated.
Project1.exe: 00001640: 11:42:04 [TUniServerModule]:Server Shutdown Completed.
Project1.exe: 00001640: 11:42:04 []:<-------------------------------------------------------------->
Project1.exe: 00001640: 11:42:04 [Terminated]:Exit Code: 0
Project1.exe: 00003704: 11:42:08 []:>--------------------------------------------------------------<
Project1.exe: 00003704: 11:42:08 [TUniServerModule]:Server First Init.
Project1.exe: 00003704: 11:42:09 [TUniServerModule]:Starting HTTP Server on Port: 8080...
Project1.exe: 00003704: 11:42:09 [TUniServerModule]:HTTP Server Started on Port: 8080
Project1.exe: 00003C4C: 11:42:31 [127.0.0.1]:EUniSessionException : Invalid session or session Timeout. (Session not found: WsoJD4gDmJ108B50692 ) : Addr: $0079A966
Project1.exe: 00003C4C: 11:42:39 [127.0.0.1]:EDatabaseError : Query: Field 'descripcion' not found : Addr: $0066778A
Project1.exe: 00003704: 11:45:21 [TUniServerModule]:Shutting Down Server.
Project1.exe: 00003704: 11:45:21 [TUniServerModule]:Stopping HTTP Server.
Project1.exe: 00003704: 11:45:22 [TUniServerModule]:HTTP Server Stopped.
Project1.exe: 00003704: 11:45:22 [TUniGUISessionManager]:Terminating Session manager.
Project1.exe: 00003704: 11:45:22 [TUniGUISessionManager]:Stopping Cache Eraser...
Project1.exe: 00003704: 11:45:22 [TUniGUISessionManager]:Cache Eraser Stopped.
Project1.exe: 00003704: 11:45:22 [TUniGUISessionManager]:Destroying Worker Threads.
Project1.exe: 00003704: 11:45:22 [TUniGUISessionManager]:Session manager terminated.
Project1.exe: 00003704: 11:45:22 [TUniServerModule]:Server Shutdown Completed.
Project1.exe: 00003704: 11:45:22 []:<-------------------------------------------------------------->
Project1.exe: 00003704: 11:45:22 [Terminated]:Exit Code: 0
Project1.exe: 00003074: 11:45:25 []:>--------------------------------------------------------------<
Project1.exe: 00003074: 11:45:25 [TUniServerModule]:Server First Init.
Project1.exe: 00003074: 11:45:25 [TUniServerModule]:Starting HTTP Server on Port: 8080...
Project1.exe: 00003074: 11:45:25 [TUniServerModule]:HTTP Server Started on Port: 8080
Project1.exe: 0000251C: 11:45:29 [127.0.0.1]:EUniSessionException : Invalid session or session Timeout. (Session not found: ogPBIOytYJ108B506D2 ) : Addr: $0079A966
Project1.exe: 00003074: 11:54:48 [TUniServerModule]:Shutting Down Server.
Project1.exe: 00003074: 11:54:48 [TUniServerModule]:Stopping HTTP Server.
Project1.exe: 00003074: 11:54:48 [TUniServerModule]:HTTP Server Stopped.
Project1.exe: 00003074: 11:54:48 [TUniGUISessionManager]:Terminating Session manager.
Project1.exe: 00003074: 11:54:48 [TUniGUISessionManager]:Stopping Cache Eraser...
Project1.exe: 00003074: 11:54:48 [TUniGUISessionManager]:Cache Eraser Stopped.
Project1.exe: 00003074: 11:54:48 [TUniGUISessionManager]:Destroying Worker Threads.
Project1.exe: 00003074: 11:54:48 [TUniGUISessionManager]:Session manager terminated.
Project1.exe: 00003074: 11:54:48 [TUniServerModule]:Server Shutdown Completed.
Project1.exe: 00003074: 11:54:48 []:<-------------------------------------------------------------->
Project1.exe: 00003074: 11:54:48 [Terminated]:Exit Code: 0
Project1.exe: 0000386C: 11:55:05 []:>--------------------------------------------------------------<
Project1.exe: 0000386C: 11:55:05 [TUniServerModule]:Server First Init.
Project1.exe: 0000386C: 11:55:05 [TUniServerModule]:Starting HTTP Server on Port: 8080...
Project1.exe: 0000386C: 11:55:05 [TUniServerModule]:HTTP Server Started on Port: 8080
Project1.exe: 00000F34: 11:55:08 [127.0.0.1]:EUniSessionException : Invalid session or session Timeout. (Session not found: 8YqJDUD7Ur108B507A0 ) : Addr: $0079A966
Project1.exe: 0000386C: 11:55:46 [TUniServerModule]:Shutting Down Server.
Project1.exe: 0000386C: 11:55:46 [TUniServerModule]:Stopping HTTP Server.
Project1.exe: 0000386C: 11:55:47 [TUniServerModule]:HTTP Server Stopped.
Project1.exe: 0000386C: 11:55:47 [TUniGUISessionManager]:Terminating Session manager.
Project1.exe: 0000386C: 11:55:47 [TUniGUISessionManager]:Stopping Cache Eraser...
Project1.exe: 0000386C: 11:55:47 [TUniGUISessionManager]:Cache Eraser Stopped.
Project1.exe: 0000386C: 11:55:48 [TUniGUISessionManager]:Destroying Worker Threads.
Project1.exe: 0000386C: 11:55:48 [TUniGUISessionManager]:Session manager terminated.
Project1.exe: 0000386C: 11:55:48 [TUniServerModule]:Server Shutdown Completed.
Project1.exe: 0000386C: 11:55:48 []:<-------------------------------------------------------------->
Project1.exe: 0000386C: 11:55:48 [Terminated]:Exit Code: 0
Project1.exe: 000039EC: 12:07:26 []:>--------------------------------------------------------------<
Project1.exe: 000039EC: 12:07:26 [TUniServerModule]:Server First Init.
Project1.exe: 000039EC: 12:07:26 [TUniServerModule]:Starting HTTP Server on Port: 8080...
Project1.exe: 000039EC: 12:07:26 [TUniServerModule]:HTTP Server Started on Port: 8080
Project1.exe: 00002B68: 12:07:45 [127.0.0.1]:EUniSessionException : Invalid session or session Timeout. (Session not found: 9PvwPP5svj108B50A3F ) : Addr: $0079A966
Project1.exe: 000039EC: 12:09:02 [TUniServerModule]:Shutting Down Server.
Project1.exe: 000039EC: 12:09:02 [TUniServerModule]:Stopping HTTP Server.
Project1.exe: 000039EC: 12:09:03 [TUniServerModule]:HTTP Server Stopped.
Project1.exe: 000039EC: 12:09:03 [TUniGUISessionManager]:Terminating Session manager.
Project1.exe: 000039EC: 12:09:03 [TUniGUISessionManager]:Stopping Cache Eraser...
Project1.exe: 000039EC: 12:09:03 [TUniGUISessionManager]:Cache Eraser Stopped.
Project1.exe: 000039EC: 12:09:03 [TUniGUISessionManager]:Destroying Worker Threads.
Project1.exe: 000039EC: 12:09:03 [TUniGUISessionManager]:Session manager terminated.
Project1.exe: 000039EC: 12:09:03 [TUniServerModule]:Server Shutdown Completed.
Project1.exe: 000039EC: 12:09:03 []:<-------------------------------------------------------------->
Project1.exe: 000039EC: 12:09:03 [Terminated]:Exit Code: 0
Project1.exe: 00003DF4: 12:10:27 []:>--------------------------------------------------------------<
Project1.exe: 00003DF4: 12:10:27 [TUniServerModule]:Server First Init.
Project1.exe: 00003DF4: 12:10:27 [TUniServerModule]:Starting HTTP Server on Port: 8080...
Project1.exe: 00003DF4: 12:10:27 [TUniServerModule]:HTTP Server Started on Port: 8080
Project1.exe: 00003B3C: 12:11:42 [127.0.0.1]:EUniSessionException : Invalid session or session Timeout. (Session not found: FJxlJSaLvf108B50DAB ) : Addr: $0079A966
Project1.exe: 00003DF4: 12:19:07 [TUniServerModule]:Shutting Down Server.
Project1.exe: 00003DF4: 12:19:07 [TUniServerModule]:Stopping HTTP Server.
Project1.exe: 00003DF4: 12:19:08 [TUniServerModule]:HTTP Server Stopped.
Project1.exe: 00003DF4: 12:19:08 [TUniGUISessionManager]:Terminating Session manager.
Project1.exe: 00003DF4: 12:19:08 [TUniGUISessionManager]:Stopping Cache Eraser...
Project1.exe: 00003DF4: 12:19:08 [TUniGUISessionManager]:Cache Eraser Stopped.
Project1.exe: 00003DF4: 12:19:08 [TUniGUISessionManager]:Destroying Worker Threads.
Project1.exe: 00003DF4: 12:19:08 [TUniGUISessionManager]:Session manager terminated.
Project1.exe: 00003DF4: 12:19:08 [TUniServerModule]:Server Shutdown Completed.
Project1.exe: 00003DF4: 12:19:08 []:<-------------------------------------------------------------->
Project1.exe: 00003DF4: 12:19:08 [Terminated]:Exit Code: 0
Project1.exe: 000009E4: 12:19:10 []:>--------------------------------------------------------------<
Project1.exe: 000009E4: 12:19:10 [TUniServerModule]:Server First Init.
Project1.exe: 000009E4: 12:19:10 [TUniServerModule]:Starting HTTP Server on Port: 8080...
Project1.exe: 000009E4: 12:19:10 [TUniServerModule]:HTTP Server Started on Port: 8080
Project1.exe: 000009E4: 12:19:16 [TUniServerModule]:Shutting Down Server.
Project1.exe: 000009E4: 12:19:16 [TUniServerModule]:Stopping HTTP Server.
Project1.exe: 000009E4: 12:19:16 [TUniServerModule]:HTTP Server Stopped.
Project1.exe: 000009E4: 12:19:16 [TUniGUISessionManager]:Terminating Session manager.
Project1.exe: 000009E4: 12:19:16 [TUniGUISessionManager]:Stopping Cache Eraser...
Project1.exe: 000009E4: 12:19:16 [TUniGUISessionManager]:Cache Eraser Stopped.
Project1.exe: 000009E4: 12:19:16 [TUniGUISessionManager]:Destroying Worker Threads.
Project1.exe: 000009E4: 12:19:16 [TUniGUISessionManager]:Session manager terminated.
Project1.exe: 000009E4: 12:19:16 [TUniServerModule]:Server Shutdown Completed.
Project1.exe: 000009E4: 12:19:16 []:<-------------------------------------------------------------->
Project1.exe: 000009E4: 12:19:16 [Terminated]:Exit Code: 0
Project1.exe: 00003804: 12:20:01 []:>--------------------------------------------------------------<
Project1.exe: 00003804: 12:20:01 [TUniServerModule]:Server First Init.
Project1.exe: 00003804: 12:20:01 [TUniServerModule]:Starting HTTP Server on Port: 8080...
Project1.exe: 00003804: 12:20:01 [TUniServerModule]:HTTP Server Started on Port: 8080
Project1.exe: 00001120: 12:23:12 [127.0.0.1]:EDatabaseError : Query: Field 'estado' not found : Addr: $0066778A
Project1.exe: 00003804: 12:23:25 [TUniServerModule]:Shutting Down Server.
Project1.exe: 00003804: 12:23:25 [TUniServerModule]:Stopping HTTP Server.
Project1.exe: 00003804: 12:23:26 [TUniServerModule]:HTTP Server Stopped.
Project1.exe: 00003804: 12:23:26 [TUniGUISessionManager]:Terminating Session manager.
Project1.exe: 00003804: 12:23:26 [TUniGUISessionManager]:Stopping Cache Eraser...
Project1.exe: 00003804: 12:23:26 [TUniGUISessionManager]:Cache Eraser Stopped.
Project1.exe: 00003804: 12:23:26 [TUniGUISessionManager]:Destroying Worker Threads.
Project1.exe: 00003804: 12:23:26 [TUniGUISessionManager]:Session manager terminated.
Project1.exe: 00003804: 12:23:26 [TUniServerModule]:Server Shutdown Completed.
Project1.exe: 00003804: 12:23:26 []:<-------------------------------------------------------------->
Project1.exe: 00003804: 12:23:26 [Terminated]:Exit Code: 0
Project1.exe: 000036F8: 13:41:41 []:>--------------------------------------------------------------<
Project1.exe: 000036F8: 13:41:41 [TUniServerModule]:Server First Init.
Project1.exe: 000036F8: 13:41:41 [TUniServerModule]:Starting HTTP Server on Port: 8080...
Project1.exe: 000036F8: 13:41:41 [TUniServerModule]:HTTP Server Started on Port: 8080
Project1.exe: 000036F8: 14:09:12 [TUniServerModule]:Shutting Down Server.
Project1.exe: 000036F8: 14:09:12 [TUniServerModule]:Stopping HTTP Server.
Project1.exe: 000036F8: 14:09:12 [TUniServerModule]:HTTP Server Stopped.
Project1.exe: 000036F8: 14:09:12 [TUniGUISessionManager]:Terminating Session manager.
Project1.exe: 000036F8: 14:09:12 [TUniGUISessionManager]:Stopping Cache Eraser...
Project1.exe: 000036F8: 14:09:12 [TUniGUISessionManager]:Cache Eraser Stopped.
Project1.exe: 000036F8: 14:09:12 [TUniGUISessionManager]:Destroying Worker Threads.
Project1.exe: 000036F8: 14:09:12 [TUniGUISessionManager]:Session manager terminated.
Project1.exe: 000036F8: 14:09:12 [TUniServerModule]:Server Shutdown Completed.
Project1.exe: 000036F8: 14:09:12 []:<-------------------------------------------------------------->
Project1.exe: 000036F8: 14:09:12 [Terminated]:Exit Code: 0
Project1.exe: 00000BD4: 14:09:56 []:>--------------------------------------------------------------<
Project1.exe: 00000BD4: 14:09:56 [TUniServerModule]:Server First Init.
Project1.exe: 00000BD4: 14:09:56 [TUniServerModule]:Starting HTTP Server on Port: 8080...
Project1.exe: 00000BD4: 14:09:56 [TUniServerModule]:HTTP Server Started on Port: 8080
Project1.exe: 000029AC: 14:10:00 [127.0.0.1]:EUniSessionException : Invalid session or session Timeout. (Session not found: 6n946qR7t2108B5272D ) : Addr: $0079A966
Project1.exe: 000029AC: 14:10:41 [127.0.0.1]:EDatabaseError : Query: Field 'Nombre' not found : Addr: $0066778A
Project1.exe: 00000BD4: 14:11:39 [TUniServerModule]:Shutting Down Server.
Project1.exe: 00000BD4: 14:11:39 [TUniServerModule]:Stopping HTTP Server.
Project1.exe: 00000BD4: 14:11:40 [TUniServerModule]:HTTP Server Stopped.
Project1.exe: 00000BD4: 14:11:40 [TUniGUISessionManager]:Terminating Session manager.
Project1.exe: 00000BD4: 14:11:40 [TUniGUISessionManager]:Stopping Cache Eraser...
Project1.exe: 00000BD4: 14:11:40 [TUniGUISessionManager]:Cache Eraser Stopped.
Project1.exe: 00000BD4: 14:11:40 [TUniGUISessionManager]:Destroying Worker Threads.
Project1.exe: 00000BD4: 14:11:40 [TUniGUISessionManager]:Session manager terminated.
Project1.exe: 00000BD4: 14:11:40 [TUniServerModule]:Server Shutdown Completed.
Project1.exe: 00000BD4: 14:11:40 []:<-------------------------------------------------------------->
Project1.exe: 00000BD4: 14:11:40 [Terminated]:Exit Code: 0
Project1.exe: 00002D0C: 14:12:16 []:>--------------------------------------------------------------<
Project1.exe: 00002D0C: 14:12:16 [TUniServerModule]:Server First Init.
Project1.exe: 00002D0C: 14:12:16 [TUniServerModule]:Starting HTTP Server on Port: 8080...
Project1.exe: 00002D0C: 14:12:16 [TUniServerModule]:HTTP Server Started on Port: 8080
Project1.exe: 000035F8: 14:13:00 [127.0.0.1]:EDatabaseError : Query: Field 'Nombre' not found : Addr: $0066778A
Project1.exe: 00002BCC: 14:13:35 [[FireDAC][Phys][ODBC][Microsoft][SQL Server Native Client 11.0][SQL Server]Sintaxis incorrecta cerca de ','.-127.0.0.1]:EMSSQLNativeException : [FireDAC][Phys][ODBC][Microsoft][SQL Server Native Client 11.0][SQL Server]Sintaxis incorrecta cerca de ','. : Addr: $0087FBD5
Project1.exe: 000023B8: 14:13:43 [[FireDAC][Phys][ODBC][Microsoft][SQL Server Native Client 11.0][SQL Server]Sintaxis incorrecta cerca de ','.-127.0.0.1]:EMSSQLNativeException : [FireDAC][Phys][ODBC][Microsoft][SQL Server Native Client 11.0][SQL Server]Sintaxis incorrecta cerca de ','. : Addr: $0087FBD5
Project1.exe: 00002D0C: 14:19:33 [TUniServerModule]:Shutting Down Server.
Project1.exe: 00002D0C: 14:19:33 [TUniServerModule]:Stopping HTTP Server.
Project1.exe: 00002D0C: 14:19:33 [TUniServerModule]:HTTP Server Stopped.
Project1.exe: 00002D0C: 14:19:33 [TUniGUISessionManager]:Terminating Session manager.
Project1.exe: 00002D0C: 14:19:33 [TUniGUISessionManager]:Stopping Cache Eraser...
Project1.exe: 00002D0C: 14:19:33 [TUniGUISessionManager]:Cache Eraser Stopped.
Project1.exe: 00002D0C: 14:19:33 [TUniGUISessionManager]:Destroying Worker Threads.
Project1.exe: 00002D0C: 14:19:33 [TUniGUISessionManager]:Session manager terminated.
Project1.exe: 00002D0C: 14:19:33 [TUniServerModule]:Server Shutdown Completed.
Project1.exe: 00002D0C: 14:19:33 []:<-------------------------------------------------------------->
Project1.exe: 00002D0C: 14:19:33 [Terminated]:Exit Code: 0
Project1.exe: 00002D18: 14:19:36 []:>--------------------------------------------------------------<
Project1.exe: 00002D18: 14:19:36 [TUniServerModule]:Server First Init.
Project1.exe: 00002D18: 14:19:36 [TUniServerModule]:Starting HTTP Server on Port: 8080...
Project1.exe: 00002D18: 14:19:36 [TUniServerModule]:HTTP Server Started on Port: 8080
Project1.exe: 000024FC: 14:19:38 [127.0.0.1]:EUniSessionException : Invalid session or session Timeout. (Session not found: znRB3h38iH108B52F8F ) : Addr: $0079A966
Project1.exe: 000024FC: 14:19:59 [127.0.0.1]:EDatabaseError : Query: Field 'Nombre' not found : Addr: $0066778A
Project1.exe: 0000244C: 14:20:38 [127.0.0.1]:EDatabaseError : Query: Field 'Nombre' not found : Addr: $0066778A
Project1.exe: 00002D18: 14:23:51 [TUniServerModule]:Shutting Down Server.
Project1.exe: 00002D18: 14:23:51 [TUniServerModule]:Stopping HTTP Server.
Project1.exe: 00002D18: 14:23:52 [TUniServerModule]:HTTP Server Stopped.
Project1.exe: 00002D18: 14:23:52 [TUniGUISessionManager]:Terminating Session manager.
Project1.exe: 00002D18: 14:23:52 [TUniGUISessionManager]:Stopping Cache Eraser...
Project1.exe: 00002D18: 14:23:52 [TUniGUISessionManager]:Cache Eraser Stopped.
Project1.exe: 00002D18: 14:23:52 [TUniGUISessionManager]:Destroying Worker Threads.
Project1.exe: 00002D18: 14:23:52 [TUniGUISessionManager]:Session manager terminated.
Project1.exe: 00002D18: 14:23:52 [TUniServerModule]:Server Shutdown Completed.
Project1.exe: 00002D18: 14:23:52 []:<-------------------------------------------------------------->
Project1.exe: 00002D18: 14:23:52 [Terminated]:Exit Code: 0
Project1.exe: 000029B4: 14:36:47 []:>--------------------------------------------------------------<
Project1.exe: 000029B4: 14:36:47 [TUniServerModule]:Server First Init.
Project1.exe: 000029B4: 14:36:47 [TUniServerModule]:Starting HTTP Server on Port: 8080...
Project1.exe: 000029B4: 14:36:47 [TUniServerModule]:HTTP Server Started on Port: 8080
Project1.exe: 000021A8: 14:37:12 [127.0.0.1]:EUniSessionException : Invalid session or session Timeout. (Session not found: ae1RFoiA5K108B53171 ) : Addr: $0079A966
Project1.exe: 000021A8: 14:37:25 [127.0.0.1]:EDatabaseError : Query: Field 'Nombre' not found : Addr: $0066778A
Project1.exe: 000029B4: 14:38:07 [TUniServerModule]:Shutting Down Server.
Project1.exe: 000029B4: 14:38:07 [TUniServerModule]:Stopping HTTP Server.
Project1.exe: 000029B4: 14:38:08 [TUniServerModule]:HTTP Server Stopped.
Project1.exe: 000029B4: 14:38:08 [TUniGUISessionManager]:Terminating Session manager.
Project1.exe: 000029B4: 14:38:08 [TUniGUISessionManager]:Stopping Cache Eraser...
Project1.exe: 000029B4: 14:38:08 [TUniGUISessionManager]:Cache Eraser Stopped.
Project1.exe: 000029B4: 14:38:08 [TUniGUISessionManager]:Destroying Worker Threads.
Project1.exe: 000029B4: 14:38:08 [TUniGUISessionManager]:Session manager terminated.
Project1.exe: 000029B4: 14:38:08 [TUniServerModule]:Server Shutdown Completed.
Project1.exe: 000029B4: 14:38:08 []:<-------------------------------------------------------------->
Project1.exe: 000029B4: 14:38:09 [Terminated]:Exit Code: 0
Project1.exe: 00003240: 15:02:56 []:>--------------------------------------------------------------<
Project1.exe: 00003240: 15:02:56 [TUniServerModule]:Server First Init.
Project1.exe: 00003240: 15:02:56 [TUniServerModule]:Starting HTTP Server on Port: 8080...
Project1.exe: 00003240: 15:02:56 [TUniServerModule]:HTTP Server Started on Port: 8080
Project1.exe: 00001BF4: 15:03:15 [127.0.0.1]:EUniSessionException : Invalid session or session Timeout. (Session not found: PCtdW9Jwff108B53635 ) : Addr: $0079A966
Project1.exe: 00003240: 15:08:09 [TUniServerModule]:Shutting Down Server.
Project1.exe: 00003240: 15:08:09 [TUniServerModule]:Stopping HTTP Server.
Project1.exe: 00003240: 15:08:10 [TUniServerModule]:HTTP Server Stopped.
Project1.exe: 00003240: 15:08:10 [TUniGUISessionManager]:Terminating Session manager.
Project1.exe: 00003240: 15:08:10 [TUniGUISessionManager]:Stopping Cache Eraser...
Project1.exe: 00003240: 15:08:10 [TUniGUISessionManager]:Cache Eraser Stopped.
Project1.exe: 00003240: 15:08:10 [TUniGUISessionManager]:Destroying Worker Threads.
Project1.exe: 00003240: 15:08:10 [TUniGUISessionManager]:Session manager terminated.
Project1.exe: 00003240: 15:08:10 [TUniServerModule]:Server Shutdown Completed.
Project1.exe: 00003240: 15:08:10 []:<-------------------------------------------------------------->
Project1.exe: 00003240: 15:08:10 [Terminated]:Exit Code: 0
Project1.exe: 00002460: 15:11:29 []:>--------------------------------------------------------------<
Project1.exe: 00002460: 15:11:29 [TUniServerModule]:Server First Init.
Project1.exe: 00002460: 15:11:29 [TUniServerModule]:Starting HTTP Server on Port: 8080...
Project1.exe: 00002460: 15:11:29 [TUniServerModule]:HTTP Server Started on Port: 8080
Project1.exe: 0000161C: 15:11:34 [127.0.0.1]:EUniSessionException : Invalid session or session Timeout. (Session not found: h8hklxjgmI108B53D46 ) : Addr: $0079A966
Project1.exe: 00002460: 15:13:32 [TUniServerModule]:Shutting Down Server.
Project1.exe: 00002460: 15:13:32 [TUniServerModule]:Stopping HTTP Server.
Project1.exe: 00002460: 15:13:33 [TUniServerModule]:HTTP Server Stopped.
Project1.exe: 00002460: 15:13:33 [TUniGUISessionManager]:Terminating Session manager.
Project1.exe: 00002460: 15:13:33 [TUniGUISessionManager]:Stopping Cache Eraser...
Project1.exe: 00002460: 15:13:33 [TUniGUISessionManager]:Cache Eraser Stopped.
Project1.exe: 00002460: 15:13:33 [TUniGUISessionManager]:Destroying Worker Threads.
Project1.exe: 00002460: 15:13:33 [TUniGUISessionManager]:Session manager terminated.
Project1.exe: 00002460: 15:13:33 [TUniServerModule]:Server Shutdown Completed.
Project1.exe: 00002460: 15:13:33 []:<-------------------------------------------------------------->
Project1.exe: 00002460: 15:13:33 [Terminated]:Exit Code: 0
Project1.exe: 00003A18: 15:13:35 []:>--------------------------------------------------------------<
Project1.exe: 00003A18: 15:13:35 [TUniServerModule]:Server First Init.
Project1.exe: 00003A18: 15:13:35 [TUniServerModule]:Starting HTTP Server on Port: 8080...
Project1.exe: 00003A18: 15:13:35 [TUniServerModule]:HTTP Server Started on Port: 8080
Project1.exe: 00001964: 15:13:48 [127.0.0.1]:EUniSessionException : Invalid session or session Timeout. (Session not found: 8J1gNUMpai108B53F88 ) : Addr: $0079A966
Project1.exe: 00003BCC: 15:13:59 [127.0.0.1]:EDatabaseError : Query: Field 'consecutivo' not found : Addr: $0066778A
Project1.exe: 00003BCC: 15:14:07 [127.0.0.1]:EDatabaseError : Query: Field 'consecutivo' not found : Addr: $0066778A
Project1.exe: 00001964: 15:14:11 [127.0.0.1]:EDatabaseError : Query: Field 'consecutivo' not found : Addr: $0066778A
Project1.exe: 00003A18: 15:24:13 [TUniServerModule]:Shutting Down Server.
Project1.exe: 00003A18: 15:24:13 [TUniServerModule]:Stopping HTTP Server.
Project1.exe: 00003A18: 15:24:13 [TUniServerModule]:HTTP Server Stopped.
Project1.exe: 00003A18: 15:24:13 [TUniGUISessionManager]:Terminating Session manager.
Project1.exe: 00003A18: 15:24:13 [TUniGUISessionManager]:Stopping Cache Eraser...
Project1.exe: 00003A18: 15:24:13 [TUniGUISessionManager]:Cache Eraser Stopped.
Project1.exe: 00003A18: 15:24:13 [TUniGUISessionManager]:Destroying Worker Threads.
Project1.exe: 00003A18: 15:24:13 [TUniGUISessionManager]:Session manager terminated.
Project1.exe: 00003A18: 15:24:13 [TUniServerModule]:Server Shutdown Completed.
Project1.exe: 00003A18: 15:24:13 []:<-------------------------------------------------------------->
Project1.exe: 00003A18: 15:24:13 [Terminated]:Exit Code: 0
Project1.exe: 000037D8: 15:24:16 []:>--------------------------------------------------------------<
Project1.exe: 000037D8: 15:24:16 [TUniServerModule]:Server First Init.
Project1.exe: 000037D8: 15:24:16 [TUniServerModule]:Starting HTTP Server on Port: 8080...
Project1.exe: 000037D8: 15:24:16 [TUniServerModule]:HTTP Server Started on Port: 8080
Project1.exe: 00002CE4: 15:24:18 [127.0.0.1]:EUniSessionException : Invalid session or session Timeout. (Session not found: TZe2s3tyAg108B54023 ) : Addr: $0079A966
Project1.exe: 00002CE4: 15:24:37 [127.0.0.1]:EDatabaseError : Query: Field 'Nombre' not found : Addr: $0066778A
Project1.exe: 00000BFC: 15:24:57 [127.0.0.1]:EDatabaseError : Query: Field 'paciente' not found : Addr: $0066778A
Project1.exe: 00000BFC: 15:25:10 [127.0.0.1]:EDatabaseError : Query: Field 'paciente' not found : Addr: $0066778A
Project1.exe: 00001E38: 15:25:15 [127.0.0.1]:EDatabaseError : Query: Field 'paciente' not found : Addr: $0066778A
Project1.exe: 00001E38: 15:25:23 [127.0.0.1]:EDatabaseError : Query: Field 'paciente' not found : Addr: $0066778A
Project1.exe: 00000BFC: 15:25:26 [127.0.0.1]:EDatabaseError : Query: Field 'paciente' not found : Addr: $0066778A
Project1.exe: 000037D8: 15:26:25 [TUniServerModule]:Shutting Down Server.
Project1.exe: 000037D8: 15:26:25 [TUniServerModule]:Stopping HTTP Server.
Project1.exe: 000037D8: 15:26:26 [TUniServerModule]:HTTP Server Stopped.
Project1.exe: 000037D8: 15:26:26 [TUniGUISessionManager]:Terminating Session manager.
Project1.exe: 000037D8: 15:26:26 [TUniGUISessionManager]:Stopping Cache Eraser...
Project1.exe: 000037D8: 15:26:26 [TUniGUISessionManager]:Cache Eraser Stopped.
Project1.exe: 000037D8: 15:26:27 [TUniGUISessionManager]:Destroying Worker Threads.
Project1.exe: 000037D8: 15:26:27 [TUniGUISessionManager]:Session manager terminated.
Project1.exe: 000037D8: 15:26:27 [TUniServerModule]:Server Shutdown Completed.
Project1.exe: 000037D8: 15:26:27 []:<-------------------------------------------------------------->
Project1.exe: 000037D8: 15:26:27 [Terminated]:Exit Code: 0
Project1.exe: 000033F0: 15:26:31 []:>--------------------------------------------------------------<
Project1.exe: 000033F0: 15:26:31 [TUniServerModule]:Server First Init.
Project1.exe: 000033F0: 15:26:31 [TUniServerModule]:Starting HTTP Server on Port: 8080...
Project1.exe: 000033F0: 15:26:31 [TUniServerModule]:HTTP Server Started on Port: 8080
Project1.exe: 000016CC: 15:26:34 [127.0.0.1]:EUniSessionException : Invalid session or session Timeout. (Session not found: uyI7x9kpN1108B542FC ) : Addr: $0079A966
Project1.exe: 000016CC: 15:26:51 [127.0.0.1]:EDatabaseError : QueryAgenda: Field 'horacita' not found : Addr: $0066778A
Project1.exe: 0000361C: 15:26:58 [127.0.0.1]:EDatabaseError : QueryAgenda: Field 'horacita' not found : Addr: $0066778A
Project1.exe: 0000361C: 15:27:10 [127.0.0.1]:EDatabaseError : Query: Parameter 'Horx' not found : Addr: $0066778A
Project1.exe: 0000361C: 15:27:15 [127.0.0.1]:EDatabaseError : Query: Parameter 'Horx' not found : Addr: $0066778A
Project1.exe: 000033F0: 15:27:59 [TUniServerModule]:Shutting Down Server.
Project1.exe: 000033F0: 15:27:59 [TUniServerModule]:Stopping HTTP Server.
Project1.exe: 000033F0: 15:28:00 [TUniServerModule]:HTTP Server Stopped.
Project1.exe: 000033F0: 15:28:00 [TUniGUISessionManager]:Terminating Session manager.
Project1.exe: 000033F0: 15:28:00 [TUniGUISessionManager]:Stopping Cache Eraser...
Project1.exe: 000033F0: 15:28:00 [TUniGUISessionManager]:Cache Eraser Stopped.
Project1.exe: 000033F0: 15:28:00 [TUniGUISessionManager]:Destroying Worker Threads.
Project1.exe: 000033F0: 15:28:00 [TUniGUISessionManager]:Session manager terminated.
Project1.exe: 000033F0: 15:28:00 [TUniServerModule]:Server Shutdown Completed.
Project1.exe: 000033F0: 15:28:00 []:<-------------------------------------------------------------->
Project1.exe: 000033F0: 15:28:00 [Terminated]:Exit Code: 0
Project1.exe: 00000A68: 15:28:02 []:>--------------------------------------------------------------<
Project1.exe: 00000A68: 15:28:02 [TUniServerModule]:Server First Init.
Project1.exe: 00000A68: 15:28:02 [TUniServerModule]:Starting HTTP Server on Port: 8080...
Project1.exe: 00000A68: 15:28:02 [TUniServerModule]:HTTP Server Started on Port: 8080
Project1.exe: 00002AA8: 15:28:04 [127.0.0.1]:EUniSessionException : Invalid session or session Timeout. (Session not found: oluNG1SyZG108B54399 ) : Addr: $0079A966
Project1.exe: 00002AA8: 15:28:25 [127.0.0.1]:EFDException : [FireDAC][Phys][MSSQL]-308. Cannot open / define command, which does not return result sets. Hint: use Execute / ExecSQL method for non-SELECT commands : Addr: $007DEFC8
Project1.exe: 00000A68: 15:28:41 [TUniServerModule]:Shutting Down Server.
Project1.exe: 00000A68: 15:28:41 [TUniServerModule]:Stopping HTTP Server.
Project1.exe: 00000A68: 15:28:42 [TUniServerModule]:HTTP Server Stopped.
Project1.exe: 00000A68: 15:28:42 [TUniGUISessionManager]:Terminating Session manager.
Project1.exe: 00000A68: 15:28:42 [TUniGUISessionManager]:Stopping Cache Eraser...
Project1.exe: 00000A68: 15:28:42 [TUniGUISessionManager]:Cache Eraser Stopped.
Project1.exe: 00000A68: 15:28:42 [TUniGUISessionManager]:Destroying Worker Threads.
Project1.exe: 00000A68: 15:28:42 [TUniGUISessionManager]:Session manager terminated.
Project1.exe: 00000A68: 15:28:42 [TUniServerModule]:Server Shutdown Completed.
Project1.exe: 00000A68: 15:28:42 []:<-------------------------------------------------------------->
Project1.exe: 00000A68: 15:28:42 [Terminated]:Exit Code: 0
Project1.exe: 00001010: 15:29:06 []:>--------------------------------------------------------------<
Project1.exe: 00001010: 15:29:06 [TUniServerModule]:Server First Init.
Project1.exe: 00001010: 15:29:06 [TUniServerModule]:Starting HTTP Server on Port: 8080...
Project1.exe: 00001010: 15:29:06 [TUniServerModule]:HTTP Server Started on Port: 8080
Project1.exe: 00002258: 15:29:08 [127.0.0.1]:EUniSessionException : Invalid session or session Timeout. (Session not found: X3WnLdYqW6108B54401 ) : Addr: $0079A966
Project1.exe: 00001010: 15:30:57 [TUniServerModule]:Shutting Down Server.
Project1.exe: 00001010: 15:30:57 [TUniServerModule]:Stopping HTTP Server.
Project1.exe: 00001010: 15:30:58 [TUniServerModule]:HTTP Server Stopped.
Project1.exe: 00001010: 15:30:58 [TUniGUISessionManager]:Terminating Session manager.
Project1.exe: 00001010: 15:30:58 [TUniGUISessionManager]:Stopping Cache Eraser...
Project1.exe: 00001010: 15:30:58 [TUniGUISessionManager]:Cache Eraser Stopped.
Project1.exe: 00001010: 15:30:58 [TUniGUISessionManager]:Destroying Worker Threads.
Project1.exe: 00001010: 15:30:58 [TUniGUISessionManager]:Session manager terminated.
Project1.exe: 00001010: 15:30:58 [TUniServerModule]:Server Shutdown Completed.
Project1.exe: 00001010: 15:30:58 []:<-------------------------------------------------------------->
Project1.exe: 00001010: 15:30:58 [Terminated]:Exit Code: 0
Project1.exe: 00002824: 15:31:08 []:>--------------------------------------------------------------<
Project1.exe: 00002824: 15:31:08 [TUniServerModule]:Server First Init.
Project1.exe: 00002824: 15:31:08 [TUniServerModule]:Starting HTTP Server on Port: 8080...
Project1.exe: 00002824: 15:31:08 [TUniServerModule]:HTTP Server Started on Port: 8080
Project1.exe: 00000BFC: 15:31:11 [127.0.0.1]:EUniSessionException : Invalid session or session Timeout. (Session not found: r3t4ZQldSn108B5444C ) : Addr: $0079A966
Project1.exe: 00002824: 15:34:19 [TUniServerModule]:Shutting Down Server.
Project1.exe: 00002824: 15:34:19 [TUniServerModule]:Stopping HTTP Server.
Project1.exe: 00002824: 15:34:20 [TUniServerModule]:HTTP Server Stopped.
Project1.exe: 00002824: 15:34:20 [TUniGUISessionManager]:Terminating Session manager.
Project1.exe: 00002824: 15:34:20 [TUniGUISessionManager]:Stopping Cache Eraser...
Project1.exe: 00002824: 15:34:20 [TUniGUISessionManager]:Cache Eraser Stopped.
Project1.exe: 00002824: 15:34:20 [TUniGUISessionManager]:Destroying Worker Threads.
Project1.exe: 00002824: 15:34:20 [TUniGUISessionManager]:Session manager terminated.
Project1.exe: 00002824: 15:34:20 [TUniServerModule]:Server Shutdown Completed.
Project1.exe: 00002824: 15:34:20 []:<-------------------------------------------------------------->
Project1.exe: 00002824: 15:34:20 [Terminated]:Exit Code: 0
Project1.exe: 000016C0: 15:34:22 []:>--------------------------------------------------------------<
Project1.exe: 000016C0: 15:34:22 [TUniServerModule]:Server First Init.
Project1.exe: 000016C0: 15:34:22 [TUniServerModule]:Starting HTTP Server on Port: 8080...
Project1.exe: 000016C0: 15:34:22 [TUniServerModule]:HTTP Server Started on Port: 8080
Project1.exe: 000032EC: 15:34:24 [127.0.0.1]:EUniSessionException : Invalid session or session Timeout. (Session not found: GYJaJIu2bl108B544D9 ) : Addr: $0079A966
Project1.exe: 000016C0: 15:36:46 [TUniServerModule]:Shutting Down Server.
Project1.exe: 000016C0: 15:36:46 [TUniServerModule]:Stopping HTTP Server.
Project1.exe: 000016C0: 15:36:47 [TUniServerModule]:HTTP Server Stopped.
Project1.exe: 000016C0: 15:36:47 [TUniGUISessionManager]:Terminating Session manager.
Project1.exe: 000016C0: 15:36:47 [TUniGUISessionManager]:Stopping Cache Eraser...
Project1.exe: 000016C0: 15:36:47 [TUniGUISessionManager]:Cache Eraser Stopped.
Project1.exe: 000016C0: 15:36:47 [TUniGUISessionManager]:Destroying Worker Threads.
Project1.exe: 000016C0: 15:36:47 [TUniGUISessionManager]:Session manager terminated.
Project1.exe: 000016C0: 15:36:47 [TUniServerModule]:Server Shutdown Completed.
Project1.exe: 000016C0: 15:36:47 []:<-------------------------------------------------------------->
Project1.exe: 000016C0: 15:36:47 [Terminated]:Exit Code: 0
Project1.exe: 00000BD4: 15:36:50 []:>--------------------------------------------------------------<
Project1.exe: 00000BD4: 15:36:50 [TUniServerModule]:Server First Init.
Project1.exe: 00000BD4: 15:36:51 [TUniServerModule]:Starting HTTP Server on Port: 8080...
Project1.exe: 00000BD4: 15:36:51 [TUniServerModule]:HTTP Server Started on Port: 8080
Project1.exe: 000039B4: 15:36:52 [127.0.0.1]:EUniSessionException : Invalid session or session Timeout. (Session not found: H7fT5u37gp108B545BA ) : Addr: $0079A966
Project1.exe: 00000BD4: 15:46:04 [TUniServerModule]:Shutting Down Server.
Project1.exe: 00000BD4: 15:46:04 [TUniServerModule]:Stopping HTTP Server.
Project1.exe: 00000BD4: 15:46:05 [TUniServerModule]:HTTP Server Stopped.
Project1.exe: 00000BD4: 15:46:05 [TUniGUISessionManager]:Terminating Session manager.
Project1.exe: 00000BD4: 15:46:05 [TUniGUISessionManager]:Stopping Cache Eraser...
Project1.exe: 00000BD4: 15:46:05 [TUniGUISessionManager]:Cache Eraser Stopped.
Project1.exe: 00000BD4: 15:46:05 [TUniGUISessionManager]:Destroying Worker Threads.
Project1.exe: 00000BD4: 15:46:05 [TUniGUISessionManager]:Session manager terminated.
Project1.exe: 00000BD4: 15:46:05 [TUniServerModule]:Server Shutdown Completed.
Project1.exe: 00000BD4: 15:46:05 []:<-------------------------------------------------------------->
Project1.exe: 00000BD4: 15:46:05 [Terminated]:Exit Code: 0
Project1.exe: 00001464: 15:46:07 []:>--------------------------------------------------------------<
Project1.exe: 00001464: 15:46:07 [TUniServerModule]:Server First Init.
Project1.exe: 00001464: 15:46:07 [TUniServerModule]:Starting HTTP Server on Port: 8080...
Project1.exe: 00001464: 15:46:07 [TUniServerModule]:HTTP Server Started on Port: 8080
Project1.exe: 00003754: 15:46:11 [127.0.0.1]:EUniSessionException : Invalid session or session Timeout. (Session not found: iNhl4fsKuQ108B54665 ) : Addr: $0079A966
Project1.exe: 00001464: 15:51:04 [TUniServerModule]:Shutting Down Server.
Project1.exe: 00001464: 15:51:04 [TUniServerModule]:Stopping HTTP Server.
Project1.exe: 00001464: 15:51:05 [TUniServerModule]:HTTP Server Stopped.
Project1.exe: 00001464: 15:51:05 [TUniGUISessionManager]:Terminating Session manager.
Project1.exe: 00001464: 15:51:05 [TUniGUISessionManager]:Stopping Cache Eraser...
Project1.exe: 00001464: 15:51:05 [TUniGUISessionManager]:Cache Eraser Stopped.
Project1.exe: 00001464: 15:51:05 [TUniGUISessionManager]:Destroying Worker Threads.
Project1.exe: 00001464: 15:51:05 [TUniGUISessionManager]:Session manager terminated.
Project1.exe: 00001464: 15:51:05 [TUniServerModule]:Server Shutdown Completed.
Project1.exe: 00001464: 15:51:05 []:<-------------------------------------------------------------->
Project1.exe: 00001464: 15:51:05 [Terminated]:Exit Code: 0
Project1.exe: 00003CE0: 15:51:08 []:>--------------------------------------------------------------<
Project1.exe: 00003CE0: 15:51:08 [TUniServerModule]:Server First Init.
Project1.exe: 00003CE0: 15:51:08 [TUniServerModule]:Starting HTTP Server on Port: 8080...
Project1.exe: 00003CE0: 15:51:08 [TUniServerModule]:HTTP Server Started on Port: 8080
Project1.exe: 000004D0: 15:51:12 [127.0.0.1]:EUniSessionException : Invalid session or session Timeout. (Session not found: wh1Kms6B2K108B548EC ) : Addr: $0079A966
Project1.exe: 00003CE0: 15:53:04 [TUniServerModule]:Shutting Down Server.
Project1.exe: 00003CE0: 15:53:04 [TUniServerModule]:Stopping HTTP Server.
Project1.exe: 00003CE0: 15:53:05 [TUniServerModule]:HTTP Server Stopped.
Project1.exe: 00003CE0: 15:53:05 [TUniGUISessionManager]:Terminating Session manager.
Project1.exe: 00003CE0: 15:53:05 [TUniGUISessionManager]:Stopping Cache Eraser...
Project1.exe: 00003CE0: 15:53:05 [TUniGUISessionManager]:Cache Eraser Stopped.
Project1.exe: 00003CE0: 15:53:05 [TUniGUISessionManager]:Destroying Worker Threads.
Project1.exe: 00003CE0: 15:53:05 [TUniGUISessionManager]:Session manager terminated.
Project1.exe: 00003CE0: 15:53:05 [TUniServerModule]:Server Shutdown Completed.
Project1.exe: 00003CE0: 15:53:05 []:<-------------------------------------------------------------->
Project1.exe: 00003CE0: 15:53:05 [Terminated]:Exit Code: 0
Project1.exe: 000001A0: 15:53:07 []:>--------------------------------------------------------------<
Project1.exe: 000001A0: 15:53:07 [TUniServerModule]:Server First Init.
Project1.exe: 000001A0: 15:53:07 [TUniServerModule]:Starting HTTP Server on Port: 8080...
Project1.exe: 000001A0: 15:53:07 [TUniServerModule]:HTTP Server Started on Port: 8080
Project1.exe: 00001328: 15:53:12 [127.0.0.1]:EUniSessionException : Invalid session or session Timeout. (Session not found: RPfQGMWqCl108B54A48 ) : Addr: $0079A966
Project1.exe: 000001A0: 15:57:17 [TUniServerModule]:Shutting Down Server.
Project1.exe: 000001A0: 15:57:17 [TUniServerModule]:Stopping HTTP Server.
Project1.exe: 000001A0: 15:57:18 [TUniServerModule]:HTTP Server Stopped.
Project1.exe: 000001A0: 15:57:18 [TUniGUISessionManager]:Terminating Session manager.
Project1.exe: 000001A0: 15:57:18 [TUniGUISessionManager]:Stopping Cache Eraser...
Project1.exe: 000001A0: 15:57:18 [TUniGUISessionManager]:Cache Eraser Stopped.
Project1.exe: 000001A0: 15:57:19 [TUniGUISessionManager]:Destroying Worker Threads.
Project1.exe: 000001A0: 15:57:19 [TUniGUISessionManager]:Session manager terminated.
Project1.exe: 000001A0: 15:57:19 [TUniServerModule]:Server Shutdown Completed.
Project1.exe: 000001A0: 15:57:19 []:<-------------------------------------------------------------->
Project1.exe: 000001A0: 15:57:19 [Terminated]:Exit Code: 0
Project1.exe: 0000244C: 15:57:23 []:>--------------------------------------------------------------<
Project1.exe: 0000244C: 15:57:23 [TUniServerModule]:Server First Init.
Project1.exe: 0000244C: 15:57:23 [TUniServerModule]:Starting HTTP Server on Port: 8080...
Project1.exe: 0000244C: 15:57:23 [TUniServerModule]:HTTP Server Started on Port: 8080
Project1.exe: 000025FC: 15:57:25 [127.0.0.1]:EUniSessionException : Invalid session or session Timeout. (Session not found: RY6ZrKHpU9108B54AD3 ) : Addr: $0079A966
Project1.exe: 00001A1C: 15:58:39 [127.0.0.1]:EMSSQLNativeException : [FireDAC][Phys][ODBC][Microsoft][SQL Server Native Client 11.0][SQL Server]El nombre de columna 'CODIGOEPS' no es válido. : Addr: $0087FBD5
Project1.exe: 0000244C: 15:59:18 [TUniServerModule]:Shutting Down Server.
Project1.exe: 0000244C: 15:59:18 [TUniServerModule]:Stopping HTTP Server.
Project1.exe: 0000244C: 15:59:19 [TUniServerModule]:HTTP Server Stopped.
Project1.exe: 0000244C: 15:59:19 [TUniGUISessionManager]:Terminating Session manager.
Project1.exe: 0000244C: 15:59:19 [TUniGUISessionManager]:Stopping Cache Eraser...
Project1.exe: 0000244C: 15:59:19 [TUniGUISessionManager]:Cache Eraser Stopped.
Project1.exe: 0000244C: 15:59:19 [TUniGUISessionManager]:Destroying Worker Threads.
Project1.exe: 0000244C: 15:59:19 [TUniGUISessionManager]:Session manager terminated.
Project1.exe: 0000244C: 15:59:19 [TUniServerModule]:Server Shutdown Completed.
Project1.exe: 0000244C: 15:59:19 []:<-------------------------------------------------------------->
Project1.exe: 0000244C: 15:59:19 [Terminated]:Exit Code: 0
Project1.exe: 00000EA0: 15:59:26 []:>--------------------------------------------------------------<
Project1.exe: 00000EA0: 15:59:26 [TUniServerModule]:Server First Init.
Project1.exe: 00000EA0: 15:59:26 [TUniServerModule]:Starting HTTP Server on Port: 8080...
Project1.exe: 00000EA0: 15:59:26 [TUniServerModule]:HTTP Server Started on Port: 8080
Project1.exe: 00000E44: 15:59:28 [127.0.0.1]:EUniSessionException : Invalid session or session Timeout. (Session not found: Z5DXC2e2M2108B54BF8 ) : Addr: $0079A966
Project1.exe: 00000EA0: 16:02:19 [TUniServerModule]:Shutting Down Server.
Project1.exe: 00000EA0: 16:02:19 [TUniServerModule]:Stopping HTTP Server.
Project1.exe: 00000EA0: 16:02:20 [TUniServerModule]:HTTP Server Stopped.
Project1.exe: 00000EA0: 16:02:20 [TUniGUISessionManager]:Terminating Session manager.
Project1.exe: 00000EA0: 16:02:20 [TUniGUISessionManager]:Stopping Cache Eraser...
Project1.exe: 00000EA0: 16:02:20 [TUniGUISessionManager]:Cache Eraser Stopped.
Project1.exe: 00000EA0: 16:02:20 [TUniGUISessionManager]:Destroying Worker Threads.
Project1.exe: 00000EA0: 16:02:20 [TUniGUISessionManager]:Session manager terminated.
Project1.exe: 00000EA0: 16:02:20 [TUniServerModule]:Server Shutdown Completed.
Project1.exe: 00000EA0: 16:02:20 []:<-------------------------------------------------------------->
Project1.exe: 00000EA0: 16:02:20 [Terminated]:Exit Code: 0
Project1.exe: 00003FA0: 16:02:22 []:>--------------------------------------------------------------<
Project1.exe: 00003FA0: 16:02:22 [TUniServerModule]:Server First Init.
Project1.exe: 00003FA0: 16:02:22 [TUniServerModule]:Starting HTTP Server on Port: 8080...
Project1.exe: 00003FA0: 16:02:22 [TUniServerModule]:HTTP Server Started on Port: 8080
Project1.exe: 00002C34: 16:02:24 [127.0.0.1]:EUniSessionException : Invalid session or session Timeout. (Session not found: 4v5uPq1TlR108B54C86 ) : Addr: $0079A966
Project1.exe: 00002E1C: 16:23:50 [127.0.0.1]:EUniSessionException : Invalid session or session Timeout. (Session not found: CA5ncA6nri108B54D52 ) : Addr: $0079A966
