Project1.exe: 000018A0: 10:32:23 []:>--------------------------------------------------------------<
Project1.exe: 000018A0: 10:32:23 [TUniServerModule]:Server First Init.
Project1.exe: 000018A0: 10:32:23 [TUniServerModule]:Starting HTTP Server on Port: 8077...
Project1.exe: 000018A0: 10:32:23 [TUniServerModule]:HTTP Server Started on Port: 8077
Project1.exe: 000018A0: 10:41:43 [TUniServerModule]:Shutting Down Server.
Project1.exe: 000018A0: 10:41:43 [TUniServerModule]:Stopping HTTP Server.
Project1.exe: 000018A0: 10:41:44 [TUniServerModule]:HTTP Server Stopped.
Project1.exe: 000018A0: 10:41:44 [TUniGUISessionManager]:Terminating Session manager.
Project1.exe: 000018A0: 10:41:44 [TUniGUISessionManager]:Stopping Cache Eraser...
Project1.exe: 000018A0: 10:41:44 [TUniGUISessionManager]:Cache Eraser Stopped.
Project1.exe: 000018A0: 10:41:44 [TUniGUISessionManager]:Destroying Worker Threads.
Project1.exe: 000018A0: 10:41:44 [TUniGUISessionManager]:Session manager terminated.
Project1.exe: 000018A0: 10:41:44 [TUniServerModule]:Server Shutdown Completed.
Project1.exe: 000018A0: 10:41:44 []:<-------------------------------------------------------------->
Project1.exe: 000018A0: 10:41:44 [Terminated]:Exit Code: 0
Project1.exe: 000009F0: 10:41:53 []:>--------------------------------------------------------------<
Project1.exe: 000009F0: 10:41:53 [TUniServerModule]:Server First Init.
Project1.exe: 000009F0: 10:41:53 [TUniServerModule]:Starting HTTP Server on Port: 8077...
Project1.exe: 000009F0: 10:41:53 [TUniServerModule]:HTTP Server Started on Port: 8077
Project1.exe: 00001D04: 10:44:36 [127.0.0.1]:EUniSessionException : Invalid session or session Timeout. (Session not found: gU6jIaGBpk1086BB5D4 ) : Addr: $0079A966
Project1.exe: 000008D4: 10:44:55 [127.0.0.1]:ERESTException : REST request failed: Error sending data: (12029) No se pudo establecer conexión con el servidor : Addr: $00B99AC2
Project1.exe: 000009F0: 10:54:51 [TUniServerModule]:Shutting Down Server.
Project1.exe: 000009F0: 10:54:51 [TUniServerModule]:Stopping HTTP Server.
Project1.exe: 000009F0: 10:54:52 [TUniServerModule]:HTTP Server Stopped.
Project1.exe: 000009F0: 10:54:52 [TUniGUISessionManager]:Terminating Session manager.
Project1.exe: 000009F0: 10:54:52 [TUniGUISessionManager]:Stopping Cache Eraser...
Project1.exe: 000009F0: 10:54:52 [TUniGUISessionManager]:Cache Eraser Stopped.
Project1.exe: 000009F0: 10:54:52 [TUniGUISessionManager]:Destroying Worker Threads.
Project1.exe: 000009F0: 10:54:52 [TUniGUISessionManager]:Session manager terminated.
Project1.exe: 000009F0: 10:54:52 [TUniServerModule]:Server Shutdown Completed.
Project1.exe: 000009F0: 10:54:52 []:<-------------------------------------------------------------->
Project1.exe: 000009F0: 10:54:52 [Terminated]:Exit Code: 0
Project1.exe: 000029B0: 10:54:56 []:>--------------------------------------------------------------<
Project1.exe: 000029B0: 10:54:56 [TUniServerModule]:Server First Init.
Project1.exe: 000029B0: 10:54:56 [TUniServerModule]:Starting HTTP Server on Port: 8077...
Project1.exe: 000029B0: 10:54:56 [TUniServerModule]:HTTP Server Started on Port: 8077
Project1.exe: 00003684: 10:55:00 [127.0.0.1]:EUniSessionException : Invalid session or session Timeout. (Session not found: ZTUMLrIexZ1086BB920 ) : Addr: $0079A966
Project1.exe: 000029B0: 11:00:58 [TUniServerModule]:Shutting Down Server.
Project1.exe: 000029B0: 11:00:58 [TUniServerModule]:Stopping HTTP Server.
Project1.exe: 000029B0: 11:00:59 [TUniServerModule]:HTTP Server Stopped.
Project1.exe: 000029B0: 11:00:59 [TUniGUISessionManager]:Terminating Session manager.
Project1.exe: 000029B0: 11:00:59 [TUniGUISessionManager]:Stopping Cache Eraser...
Project1.exe: 000029B0: 11:00:59 [TUniGUISessionManager]:Cache Eraser Stopped.
Project1.exe: 000029B0: 11:00:59 [TUniGUISessionManager]:Destroying Worker Threads.
Project1.exe: 000029B0: 11:00:59 [TUniGUISessionManager]:Session manager terminated.
Project1.exe: 000029B0: 11:00:59 [TUniServerModule]:Server Shutdown Completed.
Project1.exe: 000029B0: 11:00:59 []:<-------------------------------------------------------------->
Project1.exe: 000029B0: 11:00:59 [Terminated]:Exit Code: 0
Project1.exe: 000032A0: 11:01:04 []:>--------------------------------------------------------------<
Project1.exe: 000032A0: 11:01:04 [TUniServerModule]:Server First Init.
Project1.exe: 000032A0: 11:01:04 [TUniServerModule]:Starting HTTP Server on Port: 8077...
Project1.exe: 000032A0: 11:01:04 [TUniServerModule]:HTTP Server Started on Port: 8077
Project1.exe: 0000320C: 11:01:13 [127.0.0.1]:EUniSessionException : Invalid session or session Timeout. (Session not found: bW5l4unp5X1086BBC10 ) : Addr: $0079A966
Project1.exe: 000032A0: 11:01:48 [TUniServerModule]:Shutting Down Server.
Project1.exe: 000032A0: 11:01:48 [TUniServerModule]:Stopping HTTP Server.
Project1.exe: 000032A0: 11:01:49 [TUniServerModule]:HTTP Server Stopped.
Project1.exe: 000032A0: 11:01:49 [TUniGUISessionManager]:Terminating Session manager.
Project1.exe: 000032A0: 11:01:49 [TUniGUISessionManager]:Stopping Cache Eraser...
Project1.exe: 000032A0: 11:01:49 [TUniGUISessionManager]:Cache Eraser Stopped.
Project1.exe: 000032A0: 11:01:49 [TUniGUISessionManager]:Destroying Worker Threads.
Project1.exe: 000032A0: 11:01:49 [TUniGUISessionManager]:Session manager terminated.
Project1.exe: 000032A0: 11:01:49 [TUniServerModule]:Server Shutdown Completed.
Project1.exe: 000032A0: 11:01:49 []:<-------------------------------------------------------------->
Project1.exe: 000032A0: 11:01:49 [Terminated]:Exit Code: 0
Project1.exe: 00003BB4: 11:03:29 []:>--------------------------------------------------------------<
Project1.exe: 00003BB4: 11:03:29 [TUniServerModule]:Server First Init.
Project1.exe: 00003BB4: 11:03:29 [TUniServerModule]:Starting HTTP Server on Port: 8077...
Project1.exe: 00003BB4: 11:03:29 [TUniServerModule]:HTTP Server Started on Port: 8077
Project1.exe: 000031DC: 11:03:32 [127.0.0.1]:EUniSessionException : Invalid session or session Timeout. (Session not found: naHefnrnFO1086BBD9E ) : Addr: $0079A966
Project1.exe: 000029EC: 11:04:39 [127.0.0.1]:ERESTException : HTTP/1.1 500 Internal Server Error : Addr: $00B99A69
Project1.exe: 00003BB4: 11:07:20 [TUniServerModule]:Shutting Down Server.
Project1.exe: 00003BB4: 11:07:20 [TUniServerModule]:Stopping HTTP Server.
Project1.exe: 0000351C: 11:07:53 []:>--------------------------------------------------------------<
Project1.exe: 0000351C: 11:07:53 [TUniServerModule]:Server First Init.
Project1.exe: 0000351C: 11:07:53 [TUniServerModule]:Global Cache Folder Erased. <15> Files deleted.
Project1.exe: 0000351C: 11:07:53 [TUniServerModule]:Starting HTTP Server on Port: 8077...
Project1.exe: 0000351C: 11:07:53 [TUniServerModule]:HTTP Server Started on Port: 8077
Project1.exe: 0000351C: 11:09:42 [TUniServerModule]:Shutting Down Server.
Project1.exe: 0000351C: 11:09:42 [TUniServerModule]:Stopping HTTP Server.
Project1.exe: 0000351C: 11:09:43 [TUniServerModule]:HTTP Server Stopped.
Project1.exe: 0000351C: 11:09:43 [TUniGUISessionManager]:Terminating Session manager.
Project1.exe: 0000351C: 11:09:43 [TUniGUISessionManager]:Stopping Cache Eraser...
Project1.exe: 0000351C: 11:09:44 [TUniGUISessionManager]:Cache Eraser Stopped.
Project1.exe: 0000351C: 11:09:44 [TUniGUISessionManager]:Destroying Worker Threads.
Project1.exe: 0000351C: 11:09:44 [TUniGUISessionManager]:Session manager terminated.
Project1.exe: 0000351C: 11:09:44 [TUniServerModule]:Server Shutdown Completed.
Project1.exe: 0000351C: 11:09:44 []:<-------------------------------------------------------------->
Project1.exe: 0000351C: 11:09:44 [Terminated]:Exit Code: 0
Project1.exe: 00000568: 11:09:49 []:>--------------------------------------------------------------<
Project1.exe: 00000568: 11:09:49 [TUniServerModule]:Server First Init.
Project1.exe: 00000568: 11:09:49 [TUniServerModule]:Starting HTTP Server on Port: 8077...
Project1.exe: 00000568: 11:09:49 [TUniServerModule]:HTTP Server Started on Port: 8077
Project1.exe: 00001E40: 11:09:51 [127.0.0.1]:EUniSessionException : Invalid session or session Timeout. (Session not found: I75P8Fkn4L1086BBF72 ) : Addr: $0079A966
Project1.exe: 00001590: 11:10:56 [127.0.0.1]:EAccessViolation : Access violation at address 00BB2565 in module 'Project1.exe'. Read of address 00000000 : Addr: $00BB2565
Project1.exe: 00000568: 11:13:32 [TUniServerModule]:Shutting Down Server.
Project1.exe: 00000568: 11:13:32 [TUniServerModule]:Stopping HTTP Server.
Project1.exe: 00000568: 11:13:33 [TUniServerModule]:HTTP Server Stopped.
Project1.exe: 00000568: 11:13:33 [TUniGUISessionManager]:Terminating Session manager.
Project1.exe: 00000568: 11:13:33 [TUniGUISessionManager]:Stopping Cache Eraser...
Project1.exe: 00000568: 11:13:33 [TUniGUISessionManager]:Cache Eraser Stopped.
Project1.exe: 00000568: 11:13:34 [TUniGUISessionManager]:Destroying Worker Threads.
Project1.exe: 00000568: 11:13:34 [TUniGUISessionManager]:Session manager terminated.
Project1.exe: 00000568: 11:13:34 [TUniServerModule]:Server Shutdown Completed.
Project1.exe: 00000568: 11:13:34 []:<-------------------------------------------------------------->
Project1.exe: 00000568: 11:13:34 [Terminated]:Exit Code: 0
Project1.exe: 00003194: 11:14:21 []:>--------------------------------------------------------------<
Project1.exe: 00003194: 11:14:21 [TUniServerModule]:Server First Init.
Project1.exe: 00003194: 11:14:21 [TUniServerModule]:Starting HTTP Server on Port: 8077...
Project1.exe: 00003194: 11:14:21 [TUniServerModule]:HTTP Server Started on Port: 8077
Project1.exe: 00002050: 11:14:23 [127.0.0.1]:EUniSessionException : Invalid session or session Timeout. (Session not found: icIsx4CuvQ1086BBFF5 ) : Addr: $0079A966
Project1.exe: 00003194: 11:14:49 [TUniServerModule]:Shutting Down Server.
Project1.exe: 00003194: 11:14:49 [TUniServerModule]:Stopping HTTP Server.
Project1.exe: 00003194: 11:14:50 [TUniServerModule]:HTTP Server Stopped.
Project1.exe: 00003194: 11:14:50 [TUniGUISessionManager]:Terminating Session manager.
Project1.exe: 00003194: 11:14:51 [TUniGUISessionManager]:Stopping Cache Eraser...
Project1.exe: 00003194: 11:14:51 [TUniGUISessionManager]:Cache Eraser Stopped.
Project1.exe: 00003194: 11:14:51 [TUniGUISessionManager]:Destroying Worker Threads.
Project1.exe: 00003194: 11:14:51 [TUniGUISessionManager]:Session manager terminated.
Project1.exe: 00003194: 11:14:51 [TUniServerModule]:Server Shutdown Completed.
Project1.exe: 00003194: 11:14:51 []:<-------------------------------------------------------------->
Project1.exe: 00003194: 11:14:51 [Terminated]:Exit Code: 0
Project1.exe: 00003420: 11:17:15 []:>--------------------------------------------------------------<
Project1.exe: 00003420: 11:17:15 [TUniServerModule]:Server First Init.
Project1.exe: 00003420: 11:17:15 [TUniServerModule]:Starting HTTP Server on Port: 8077...
Project1.exe: 00003420: 11:17:15 [TUniServerModule]:HTTP Server Started on Port: 8077
Project1.exe: 00000568: 11:17:17 [127.0.0.1]:EUniSessionException : Invalid session or session Timeout. (Session not found: tw385yrZEF1086BC131 ) : Addr: $0079A966
Project1.exe: 00003420: 11:21:14 [TUniServerModule]:Shutting Down Server.
Project1.exe: 00003420: 11:21:14 [TUniServerModule]:Stopping HTTP Server.
Project1.exe: 00003420: 11:21:15 [TUniServerModule]:HTTP Server Stopped.
Project1.exe: 00003420: 11:21:15 [TUniGUISessionManager]:Terminating Session manager.
Project1.exe: 00003420: 11:21:15 [TUniGUISessionManager]:Stopping Cache Eraser...
Project1.exe: 00003420: 11:21:15 [TUniGUISessionManager]:Cache Eraser Stopped.
Project1.exe: 00003420: 11:21:15 [TUniGUISessionManager]:Destroying Worker Threads.
Project1.exe: 00003420: 11:21:15 [TUniGUISessionManager]:Session manager terminated.
Project1.exe: 00003420: 11:21:15 [TUniServerModule]:Server Shutdown Completed.
Project1.exe: 00003420: 11:21:15 []:<-------------------------------------------------------------->
Project1.exe: 00003420: 11:21:15 [Terminated]:Exit Code: 0
Project1.exe: 00001F98: 11:21:21 []:>--------------------------------------------------------------<
Project1.exe: 00001F98: 11:21:21 [TUniServerModule]:Server First Init.
Project1.exe: 00001F98: 11:21:21 [TUniServerModule]:Starting HTTP Server on Port: 8077...
Project1.exe: 00001F98: 11:21:21 [TUniServerModule]:HTTP Server Started on Port: 8077
Project1.exe: 000033E4: 11:21:24 [127.0.0.1]:EUniSessionException : Invalid session or session Timeout. (Session not found: K4Q1EWl8Zi1086BC1FA ) : Addr: $0079A966
Project1.exe: 00001F98: 11:24:12 [TUniServerModule]:Shutting Down Server.
Project1.exe: 00001F98: 11:24:12 [TUniServerModule]:Stopping HTTP Server.
Project1.exe: 00001F98: 11:24:13 [TUniServerModule]:HTTP Server Stopped.
Project1.exe: 00001F98: 11:24:13 [TUniGUISessionManager]:Terminating Session manager.
Project1.exe: 00001F98: 11:24:13 [TUniGUISessionManager]:Stopping Cache Eraser...
Project1.exe: 00001F98: 11:24:13 [TUniGUISessionManager]:Cache Eraser Stopped.
Project1.exe: 00001F98: 11:24:13 [TUniGUISessionManager]:Destroying Worker Threads.
Project1.exe: 00001F98: 11:24:13 [TUniGUISessionManager]:Session manager terminated.
Project1.exe: 00001F98: 11:24:13 [TUniServerModule]:Server Shutdown Completed.
Project1.exe: 00001F98: 11:24:13 []:<-------------------------------------------------------------->
Project1.exe: 00001F98: 11:24:13 [Terminated]:Exit Code: 0
Project1.exe: 00003A6C: 11:24:17 []:>--------------------------------------------------------------<
Project1.exe: 00003A6C: 11:24:17 [TUniServerModule]:Server First Init.
Project1.exe: 00003A6C: 11:24:17 [TUniServerModule]:Starting HTTP Server on Port: 8077...
Project1.exe: 00003A6C: 11:24:17 [TUniServerModule]:HTTP Server Started on Port: 8077
Project1.exe: 000037D0: 11:24:20 [127.0.0.1]:EUniSessionException : Invalid session or session Timeout. (Session not found: novwcBDAeV1086BC318 ) : Addr: $0079A966
Project1.exe: 00003A6C: 11:30:52 [TUniServerModule]:Shutting Down Server.
Project1.exe: 00003A6C: 11:30:52 [TUniServerModule]:Stopping HTTP Server.
Project1.exe: 00003A6C: 11:30:53 [TUniServerModule]:HTTP Server Stopped.
Project1.exe: 00003A6C: 11:30:53 [TUniGUISessionManager]:Terminating Session manager.
Project1.exe: 00003A6C: 11:30:53 [TUniGUISessionManager]:Stopping Cache Eraser...
Project1.exe: 00003A6C: 11:30:53 [TUniGUISessionManager]:Cache Eraser Stopped.
Project1.exe: 00003A6C: 11:30:53 [TUniGUISessionManager]:Destroying Worker Threads.
Project1.exe: 00003A6C: 11:30:53 [TUniGUISessionManager]:Session manager terminated.
Project1.exe: 00003A6C: 11:30:53 [TUniServerModule]:Server Shutdown Completed.
Project1.exe: 00003A6C: 11:30:53 []:<-------------------------------------------------------------->
Project1.exe: 00003A6C: 11:30:53 [Terminated]:Exit Code: 0
Project1.exe: 00003548: 11:31:18 []:>--------------------------------------------------------------<
Project1.exe: 00003548: 11:31:18 [TUniServerModule]:Server First Init.
Project1.exe: 00003548: 11:31:18 [TUniServerModule]:Starting HTTP Server on Port: 8077...
Project1.exe: 00003548: 11:31:18 [TUniServerModule]:HTTP Server Started on Port: 8077
Project1.exe: 00000CD4: 11:31:20 [127.0.0.1]:EUniSessionException : Invalid session or session Timeout. (Session not found: 8LFaVeYjVB1086BC3E3 ) : Addr: $0079A966
Project1.exe: 00002FC8: 11:35:46 [Query: Field 'Codigo' not found-127.0.0.1]:EDatabaseError : Query: Field 'Codigo' not found : Addr: $0066778A
Project1.exe: 0000388C: 11:51:36 [127.0.0.1]:EUniSessionException : Invalid session or session Timeout. (Session not found: 7aTvPJxBY71086BC5C9 ) : Addr: $0079A966
Project1.exe: 00003548: 12:00:21 [TUniServerModule]:Shutting Down Server.
Project1.exe: 00003548: 12:00:21 [TUniServerModule]:Stopping HTTP Server.
Project1.exe: 00003548: 12:00:21 [TUniServerModule]:HTTP Server Stopped.
Project1.exe: 00003548: 12:00:21 [TUniGUISessionManager]:Terminating Session manager.
Project1.exe: 00003548: 12:00:21 [TUniGUISessionManager]:Stopping Cache Eraser...
Project1.exe: 00003548: 12:00:21 [TUniGUISessionManager]:Cache Eraser Stopped.
Project1.exe: 00003548: 12:00:21 [TUniGUISessionManager]:Destroying Worker Threads.
Project1.exe: 00003548: 12:00:21 [TUniGUISessionManager]:Session manager terminated.
Project1.exe: 00003548: 12:00:21 [TUniServerModule]:Server Shutdown Completed.
Project1.exe: 00003548: 12:00:21 []:<-------------------------------------------------------------->
Project1.exe: 00003548: 12:00:21 [Terminated]:Exit Code: 0
Project1.exe: 00003B74: 12:00:27 []:>--------------------------------------------------------------<
Project1.exe: 00003B74: 12:00:27 [TUniServerModule]:Server First Init.
Project1.exe: 00003B74: 12:00:27 [TUniServerModule]:Starting HTTP Server on Port: 8077...
Project1.exe: 00003B74: 12:00:27 [TUniServerModule]:HTTP Server Started on Port: 8077
Project1.exe: 000035BC: 12:00:34 [127.0.0.1]:EUniSessionException : Invalid session or session Timeout. (Session not found: QIjkuPs16X1086BCB4E ) : Addr: $0079A966
Project1.exe: 000035BC: 12:00:41 [127.0.0.1]:EConvertError : Cannot assign a nil to a TFont : Addr: $004C3942
Project1.exe: 00003B74: 12:01:02 [TUniServerModule]:Shutting Down Server.
Project1.exe: 00003B74: 12:01:02 [TUniServerModule]:Stopping HTTP Server.
Project1.exe: 00003B74: 12:01:03 [TUniServerModule]:HTTP Server Stopped.
Project1.exe: 00003B74: 12:01:03 [TUniGUISessionManager]:Terminating Session manager.
Project1.exe: 00003B74: 12:01:03 [TUniGUISessionManager]:Stopping Cache Eraser...
Project1.exe: 00003B74: 12:01:03 [TUniGUISessionManager]:Cache Eraser Stopped.
Project1.exe: 00003B74: 12:01:03 [TUniGUISessionManager]:Destroying Worker Threads.
Project1.exe: 00003B74: 12:01:03 [TUniGUISessionManager]:Session manager terminated.
Project1.exe: 00003B74: 12:01:03 [TUniServerModule]:Server Shutdown Completed.
Project1.exe: 00003B74: 12:01:03 []:<-------------------------------------------------------------->
Project1.exe: 00003B74: 12:01:03 [Terminated]:Exit Code: 0
Project1.exe: 00003020: 12:01:23 []:>--------------------------------------------------------------<
Project1.exe: 00003020: 12:01:23 [TUniServerModule]:Server First Init.
Project1.exe: 00003020: 12:01:23 [TUniServerModule]:Starting HTTP Server on Port: 8077...
Project1.exe: 00003020: 12:01:23 [TUniServerModule]:HTTP Server Started on Port: 8077
Project1.exe: 00003138: 12:01:24 [127.0.0.1]:EUniSessionException : Invalid session or session Timeout. (Session not found: L18zAOXNvd1086BCDB7 ) : Addr: $0079A966
Project1.exe: 00003138: 12:01:32 [127.0.0.1]:EConvertError : Cannot assign a nil to a TFont : Addr: $004C3942
Project1.exe: 00003020: 12:04:26 [TUniServerModule]:Shutting Down Server.
Project1.exe: 00003020: 12:04:26 [TUniServerModule]:Stopping HTTP Server.
Project1.exe: 00003020: 12:04:27 [TUniServerModule]:HTTP Server Stopped.
Project1.exe: 00003020: 12:04:27 [TUniGUISessionManager]:Terminating Session manager.
Project1.exe: 00003020: 12:04:27 [TUniGUISessionManager]:Stopping Cache Eraser...
Project1.exe: 00003020: 12:04:27 [TUniGUISessionManager]:Cache Eraser Stopped.
Project1.exe: 00003020: 12:04:27 [TUniGUISessionManager]:Destroying Worker Threads.
Project1.exe: 00003020: 12:04:27 [TUniGUISessionManager]:Session manager terminated.
Project1.exe: 00003020: 12:04:27 [TUniServerModule]:Server Shutdown Completed.
Project1.exe: 00003020: 12:04:27 []:<-------------------------------------------------------------->
Project1.exe: 00003020: 12:04:27 [Terminated]:Exit Code: 0
Project1.exe: 00001E34: 12:04:31 []:>--------------------------------------------------------------<
Project1.exe: 00001E34: 12:04:31 [TUniServerModule]:Server First Init.
Project1.exe: 00001E34: 12:04:31 [TUniServerModule]:Starting HTTP Server on Port: 8077...
Project1.exe: 00001E34: 12:04:31 [TUniServerModule]:HTTP Server Started on Port: 8077
Project1.exe: 00000D18: 12:04:38 [127.0.0.1]:EUniSessionException : Invalid session or session Timeout. (Session not found: 1R8irCxWmw1086BCDF2 ) : Addr: $0079A966
Project1.exe: 00001E34: 12:06:43 [TUniServerModule]:Shutting Down Server.
Project1.exe: 00001E34: 12:06:43 [TUniServerModule]:Stopping HTTP Server.
Project1.exe: 00001E34: 12:06:44 [TUniServerModule]:HTTP Server Stopped.
Project1.exe: 00001E34: 12:06:44 [TUniGUISessionManager]:Terminating Session manager.
Project1.exe: 00001E34: 12:06:44 [TUniGUISessionManager]:Stopping Cache Eraser...
Project1.exe: 00001E34: 12:06:44 [TUniGUISessionManager]:Cache Eraser Stopped.
Project1.exe: 00001E34: 12:06:44 [TUniGUISessionManager]:Destroying Worker Threads.
Project1.exe: 00001E34: 12:06:44 [TUniGUISessionManager]:Session manager terminated.
Project1.exe: 00001E34: 12:06:44 [TUniServerModule]:Server Shutdown Completed.
Project1.exe: 00001E34: 12:06:44 []:<-------------------------------------------------------------->
Project1.exe: 00001E34: 12:06:44 [Terminated]:Exit Code: 0
Project1.exe: 00002374: 12:06:48 []:>--------------------------------------------------------------<
Project1.exe: 00002374: 12:06:48 [TUniServerModule]:Server First Init.
Project1.exe: 00002374: 12:06:48 [TUniServerModule]:Starting HTTP Server on Port: 8077...
Project1.exe: 00002374: 12:06:48 [TUniServerModule]:HTTP Server Started on Port: 8077
Project1.exe: 00001C48: 12:06:52 [127.0.0.1]:EUniSessionException : Invalid session or session Timeout. (Session not found: oc6RnTrRsb1086BCED3 ) : Addr: $0079A966
Project1.exe: 00002374: 12:16:26 [TUniServerModule]:Shutting Down Server.
Project1.exe: 00002374: 12:16:26 [TUniServerModule]:Stopping HTTP Server.
Project1.exe: 00002374: 12:16:26 [TUniServerModule]:HTTP Server Stopped.
Project1.exe: 00002374: 12:16:26 [TUniGUISessionManager]:Terminating Session manager.
Project1.exe: 00002374: 12:16:26 [TUniGUISessionManager]:Stopping Cache Eraser...
Project1.exe: 00002374: 12:16:26 [TUniGUISessionManager]:Cache Eraser Stopped.
Project1.exe: 00002374: 12:16:27 [TUniGUISessionManager]:Destroying Worker Threads.
Project1.exe: 00002374: 12:16:27 [TUniGUISessionManager]:Session manager terminated.
Project1.exe: 00002374: 12:16:27 [TUniServerModule]:Server Shutdown Completed.
Project1.exe: 00002374: 12:16:27 []:<-------------------------------------------------------------->
Project1.exe: 00002374: 12:16:27 [Terminated]:Exit Code: 0
Project1.exe: 00002320: 12:16:46 []:>--------------------------------------------------------------<
Project1.exe: 00002320: 12:16:46 [TUniServerModule]:Server First Init.
Project1.exe: 00002320: 12:16:46 [TUniServerModule]:Starting HTTP Server on Port: 8077...
Project1.exe: 00002320: 12:16:46 [TUniServerModule]:HTTP Server Started on Port: 8077
Project1.exe: 00003894: 12:17:06 [127.0.0.1]:EUniSessionException : Invalid session or session Timeout. (Session not found: eIcM1j7Mav1086BCF6E ) : Addr: $0079A966
Project1.exe: 00001DD0: 12:17:20 [Query: Field 'Especialidad' not found-127.0.0.1]:EDatabaseError : Query: Field 'Especialidad' not found : Addr: $0066778A
Project1.exe: 00002320: 12:17:30 [TUniServerModule]:Shutting Down Server.
Project1.exe: 00002320: 12:17:30 [TUniServerModule]:Stopping HTTP Server.
Project1.exe: 00002320: 12:17:31 [TUniServerModule]:HTTP Server Stopped.
Project1.exe: 00002320: 12:17:31 [TUniGUISessionManager]:Terminating Session manager.
Project1.exe: 00002320: 12:17:31 [TUniGUISessionManager]:Stopping Cache Eraser...
Project1.exe: 00002320: 12:17:31 [TUniGUISessionManager]:Cache Eraser Stopped.
Project1.exe: 00002320: 12:17:31 [TUniGUISessionManager]:Destroying Worker Threads.
Project1.exe: 00002320: 12:17:31 [TUniGUISessionManager]:Session manager terminated.
Project1.exe: 00002320: 12:17:31 [TUniServerModule]:Server Shutdown Completed.
Project1.exe: 00002320: 12:17:31 []:<-------------------------------------------------------------->
Project1.exe: 00002320: 12:17:31 [Terminated]:Exit Code: 0
Project1.exe: 00000114: 12:17:54 []:>--------------------------------------------------------------<
Project1.exe: 00000114: 12:17:54 [TUniServerModule]:Server First Init.
Project1.exe: 00000114: 12:17:54 [TUniServerModule]:Starting HTTP Server on Port: 8077...
Project1.exe: 00000114: 12:17:54 [TUniServerModule]:HTTP Server Started on Port: 8077
Project1.exe: 000033C0: 12:18:00 [127.0.0.1]:EUniSessionException : Invalid session or session Timeout. (Session not found: lODsWSUGPX1086BD233 ) : Addr: $0079A966
Project1.exe: 00002070: 12:31:34 [127.0.0.1]:EUniSessionException : Invalid session or session Timeout. (Session not found: foLNoSJ2UG1086BD273 ) : Addr: $0079A966
Project1.exe: 00000114: 12:32:03 [TUniServerModule]:Shutting Down Server.
Project1.exe: 00000114: 12:32:03 [TUniServerModule]:Stopping HTTP Server.
Project1.exe: 00000114: 12:32:04 [TUniServerModule]:HTTP Server Stopped.
Project1.exe: 00000114: 12:32:04 [TUniGUISessionManager]:Terminating Session manager.
Project1.exe: 00000114: 12:32:04 [TUniGUISessionManager]:Stopping Cache Eraser...
Project1.exe: 00000114: 12:32:04 [TUniGUISessionManager]:Cache Eraser Stopped.
Project1.exe: 00000114: 12:32:04 [TUniGUISessionManager]:Destroying Worker Threads.
Project1.exe: 00000114: 12:32:04 [TUniGUISessionManager]:Session manager terminated.
Project1.exe: 00000114: 12:32:04 [TUniServerModule]:Server Shutdown Completed.
Project1.exe: 00000114: 12:32:04 []:<-------------------------------------------------------------->
Project1.exe: 00000114: 12:32:04 [Terminated]:Exit Code: 0
Project1.exe: 000031AC: 12:32:08 []:>--------------------------------------------------------------<
Project1.exe: 000031AC: 12:32:08 [TUniServerModule]:Server First Init.
Project1.exe: 000031AC: 12:32:09 [TUniServerModule]:Starting HTTP Server on Port: 8077...
Project1.exe: 000031AC: 12:32:09 [TUniServerModule]:HTTP Server Started on Port: 8077
Project1.exe: 000031EC: 12:35:01 [127.0.0.1]:ERESTException : HTTP/1.1 500 Internal Server Error : Addr: $00B99F1D
Project1.exe: 000031AC: 12:37:14 [TUniServerModule]:Shutting Down Server.
Project1.exe: 000031AC: 12:37:14 [TUniServerModule]:Stopping HTTP Server.
Project1.exe: 000031AC: 12:37:15 [TUniServerModule]:HTTP Server Stopped.
Project1.exe: 000031AC: 12:37:15 [TUniGUISessionManager]:Terminating Session manager.
Project1.exe: 000031AC: 12:37:15 [TUniGUISessionManager]:Stopping Cache Eraser...
Project1.exe: 000031AC: 12:37:15 [TUniGUISessionManager]:Cache Eraser Stopped.
Project1.exe: 000031AC: 12:37:15 [TUniGUISessionManager]:Destroying Worker Threads.
Project1.exe: 000031AC: 12:37:15 [TUniGUISessionManager]:Session manager terminated.
Project1.exe: 000031AC: 12:37:15 [TUniServerModule]:Server Shutdown Completed.
Project1.exe: 000031AC: 12:37:15 []:<-------------------------------------------------------------->
Project1.exe: 000031AC: 12:37:15 [Terminated]:Exit Code: 0
Project1.exe: 00003250: 12:37:21 []:>--------------------------------------------------------------<
Project1.exe: 00003250: 12:37:21 [TUniServerModule]:Server First Init.
Project1.exe: 00003250: 12:37:21 [TUniServerModule]:Starting HTTP Server on Port: 8077...
Project1.exe: 00003250: 12:37:21 [TUniServerModule]:HTTP Server Started on Port: 8077
Project1.exe: 00003250: 12:44:24 [TUniServerModule]:Shutting Down Server.
Project1.exe: 00003250: 12:44:24 [TUniServerModule]:Stopping HTTP Server.
Project1.exe: 00003250: 12:44:25 [TUniServerModule]:HTTP Server Stopped.
Project1.exe: 00003250: 12:44:25 [TUniGUISessionManager]:Terminating Session manager.
Project1.exe: 00003250: 12:44:25 [TUniGUISessionManager]:Stopping Cache Eraser...
Project1.exe: 00003250: 12:44:25 [TUniGUISessionManager]:Cache Eraser Stopped.
Project1.exe: 00003250: 12:44:25 [TUniGUISessionManager]:Destroying Worker Threads.
Project1.exe: 00003250: 12:44:25 [TUniGUISessionManager]:Session manager terminated.
Project1.exe: 00003250: 12:44:25 [TUniServerModule]:Server Shutdown Completed.
Project1.exe: 00003250: 12:44:25 []:<-------------------------------------------------------------->
Project1.exe: 00003250: 12:44:25 [Terminated]:Exit Code: 0
Project1.exe: 000024B0: 12:44:30 []:>--------------------------------------------------------------<
Project1.exe: 000024B0: 12:44:30 [TUniServerModule]:Server First Init.
Project1.exe: 000024B0: 12:44:30 [TUniServerModule]:Starting HTTP Server on Port: 8077...
Project1.exe: 000024B0: 12:44:30 [TUniServerModule]:HTTP Server Started on Port: 8077
Project1.exe: 00002E1C: 12:44:31 [127.0.0.1]:EUniSessionException : Invalid session or session Timeout. (Session not found: NBMR4zThJb1086BD7B2 ) : Addr: $0079A966
Project1.exe: 000024B0: 13:40:03 [TUniServerModule]:Shutting Down Server.
Project1.exe: 000024B0: 13:40:03 [TUniServerModule]:Stopping HTTP Server.
Project1.exe: 000024B0: 13:40:03 [TUniServerModule]:HTTP Server Stopped.
Project1.exe: 000024B0: 13:40:03 [TUniGUISessionManager]:Terminating Session manager.
Project1.exe: 000024B0: 13:40:03 [TUniGUISessionManager]:Stopping Cache Eraser...
Project1.exe: 000024B0: 13:40:03 [TUniGUISessionManager]:Cache Eraser Stopped.
Project1.exe: 000024B0: 13:40:03 [TUniGUISessionManager]:Destroying Worker Threads.
Project1.exe: 000024B0: 13:40:03 [TUniGUISessionManager]:Session manager terminated.
Project1.exe: 000024B0: 13:40:03 [TUniServerModule]:Server Shutdown Completed.
Project1.exe: 000024B0: 13:40:03 []:<-------------------------------------------------------------->
Project1.exe: 000024B0: 13:40:03 [Terminated]:Exit Code: 0
Project1.exe: 00003020: 13:40:15 []:>--------------------------------------------------------------<
Project1.exe: 00003020: 13:40:15 [TUniServerModule]:Server First Init.
Project1.exe: 00003020: 13:40:15 [TUniServerModule]:Starting HTTP Server on Port: 8077...
Project1.exe: 00003020: 13:40:15 [TUniServerModule]:HTTP Server Started on Port: 8077
Project1.exe: 00003F40: 13:40:20 [127.0.0.1]:EUniSessionException : Invalid session or session Timeout. (Session not found: B7hmdCZYlv1086BD9A3 ) : Addr: $0079A966
Project1.exe: 00003020: 15:11:27 [TUniServerModule]:Shutting Down Server.
Project1.exe: 00003020: 15:11:27 [TUniServerModule]:Stopping HTTP Server.
Project1.exe: 00003020: 15:11:28 [TUniServerModule]:HTTP Server Stopped.
Project1.exe: 00003020: 15:11:28 [TUniGUISessionManager]:Terminating Session manager.
Project1.exe: 00003020: 15:11:28 [TUniGUISessionManager]:Stopping Cache Eraser...
Project1.exe: 00003020: 15:11:28 [TUniGUISessionManager]:Cache Eraser Stopped.
Project1.exe: 00003020: 15:11:28 [TUniGUISessionManager]:Destroying Worker Threads.
Project1.exe: 00003020: 15:11:28 [TUniGUISessionManager]:Session manager terminated.
Project1.exe: 00003020: 15:11:28 [TUniServerModule]:Server Shutdown Completed.
Project1.exe: 00003020: 15:11:28 []:<-------------------------------------------------------------->
Project1.exe: 00003020: 15:11:28 [Terminated]:Exit Code: 0
Project1.exe: 00003F00: 15:12:36 []:>--------------------------------------------------------------<
Project1.exe: 00003F00: 15:12:36 [TUniServerModule]:Server First Init.
Project1.exe: 00003F00: 15:12:36 [TUniServerModule]:Starting HTTP Server on Port: 8077...
Project1.exe: 00003F00: 15:12:36 [TUniServerModule]:HTTP Server Started on Port: 8077
Project1.exe: 00003F00: 15:14:35 [TUniServerModule]:Shutting Down Server.
Project1.exe: 00003F00: 15:14:35 [TUniServerModule]:Stopping HTTP Server.
Project1.exe: 00003F00: 15:14:36 [TUniServerModule]:HTTP Server Stopped.
Project1.exe: 00003F00: 15:14:36 [TUniGUISessionManager]:Terminating Session manager.
Project1.exe: 00003F00: 15:14:36 [TUniGUISessionManager]:Stopping Cache Eraser...
Project1.exe: 00003F00: 15:14:36 [TUniGUISessionManager]:Cache Eraser Stopped.
Project1.exe: 00003F00: 15:14:36 [TUniGUISessionManager]:Destroying Worker Threads.
Project1.exe: 00003F00: 15:14:36 [TUniGUISessionManager]:Session manager terminated.
Project1.exe: 00003F00: 15:14:36 [TUniServerModule]:Server Shutdown Completed.
Project1.exe: 00003F00: 15:14:36 []:<-------------------------------------------------------------->
Project1.exe: 00003F00: 15:14:36 [Terminated]:Exit Code: 0
Project1.exe: 00003E94: 15:14:57 []:>--------------------------------------------------------------<
Project1.exe: 00003E94: 15:14:57 [TUniServerModule]:Server First Init.
Project1.exe: 00003E94: 15:14:57 [TUniServerModule]:Starting HTTP Server on Port: 8077...
Project1.exe: 00003E94: 15:14:57 [TUniServerModule]:HTTP Server Started on Port: 8077
Project1.exe: 000014A8: 15:14:59 [127.0.0.1]:EUniSessionException : Invalid session or session Timeout. (Session not found: bwr6sstMb11086C01D2 ) : Addr: $0079A966
Project1.exe: 00003E94: 15:15:32 [TUniServerModule]:Shutting Down Server.
Project1.exe: 00003E94: 15:15:32 [TUniServerModule]:Stopping HTTP Server.
Project1.exe: 00003E94: 15:15:33 [TUniServerModule]:HTTP Server Stopped.
Project1.exe: 00003E94: 15:15:33 [TUniGUISessionManager]:Terminating Session manager.
Project1.exe: 00003E94: 15:15:33 [TUniGUISessionManager]:Stopping Cache Eraser...
Project1.exe: 00003E94: 15:15:33 [TUniGUISessionManager]:Cache Eraser Stopped.
Project1.exe: 00003E94: 15:15:33 [TUniGUISessionManager]:Destroying Worker Threads.
Project1.exe: 00003E94: 15:15:33 [TUniGUISessionManager]:Session manager terminated.
Project1.exe: 00003E94: 15:15:33 [TUniServerModule]:Server Shutdown Completed.
Project1.exe: 00003E94: 15:15:33 []:<-------------------------------------------------------------->
Project1.exe: 00003E94: 15:15:33 [Terminated]:Exit Code: 0
Project1.exe: 00003B60: 15:15:39 []:>--------------------------------------------------------------<
Project1.exe: 00003B60: 15:15:39 [TUniServerModule]:Server First Init.
Project1.exe: 00003B60: 15:15:39 [TUniServerModule]:Starting HTTP Server on Port: 8077...
Project1.exe: 00003B60: 15:15:39 [TUniServerModule]:HTTP Server Started on Port: 8077
Project1.exe: 00001024: 15:15:43 [127.0.0.1]:EUniSessionException : Invalid session or session Timeout. (Session not found: CFalEZ3uwf1086C0275 ) : Addr: $0079A966
Project1.exe: 00003F78: 15:36:38 [127.0.0.1]:EUniSessionException : Invalid session or session Timeout. (Session not found: D5aOXgoDF41086BB8CD ) : Addr: $0079A966
Project1.exe: 00003B60: 16:03:01 [TUniServerModule]:Shutting Down Server.
Project1.exe: 00003B60: 16:03:01 [TUniServerModule]:Stopping HTTP Server.
Project1.exe: 00003B60: 16:03:02 [TUniServerModule]:HTTP Server Stopped.
Project1.exe: 00003B60: 16:03:02 [TUniGUISessionManager]:Terminating Session manager.
Project1.exe: 00003B60: 16:03:02 [TUniGUISessionManager]:Stopping Cache Eraser...
Project1.exe: 00003B60: 16:03:02 [TUniGUISessionManager]:Cache Eraser Stopped.
Project1.exe: 00003B60: 16:03:02 [TUniGUISessionManager]:Destroying Worker Threads.
Project1.exe: 00003B60: 16:03:02 [TUniGUISessionManager]:Session manager terminated.
Project1.exe: 00003B60: 16:03:02 [TUniServerModule]:Server Shutdown Completed.
Project1.exe: 00003B60: 16:03:02 []:<-------------------------------------------------------------->
Project1.exe: 00003B60: 16:03:02 [Terminated]:Exit Code: 0
Project1.exe: 00002328: 16:03:07 []:>--------------------------------------------------------------<
Project1.exe: 00002328: 16:03:07 [TUniServerModule]:Server First Init.
Project1.exe: 00002328: 16:03:07 [TUniServerModule]:Starting HTTP Server on Port: 8077...
Project1.exe: 00002328: 16:03:07 [TUniServerModule]:HTTP Server Started on Port: 8077
Project1.exe: 00002D9C: 16:03:18 [127.0.0.1]:EUniSessionException : Invalid session or session Timeout. (Session not found: ouvHn6cSUh1086C02A7 ) : Addr: $0079A966
Project1.exe: 00002D9C: 16:03:29 [127.0.0.1]:EInvalidCast : Invalid class typecast : Addr: $00BABA96
Project1.exe: 00002D9C: 16:03:33 [127.0.0.1]:EInvalidCast : Invalid class typecast : Addr: $00BABA96
Project1.exe: 00002328: 16:04:25 [TUniServerModule]:Shutting Down Server.
Project1.exe: 00002328: 16:04:25 [TUniServerModule]:Stopping HTTP Server.
Project1.exe: 00002328: 16:04:26 [TUniServerModule]:HTTP Server Stopped.
Project1.exe: 00002328: 16:04:26 [TUniGUISessionManager]:Terminating Session manager.
Project1.exe: 00002328: 16:04:26 [TUniGUISessionManager]:Stopping Cache Eraser...
Project1.exe: 00002328: 16:04:26 [TUniGUISessionManager]:Cache Eraser Stopped.
Project1.exe: 00002328: 16:04:26 [TUniGUISessionManager]:Destroying Worker Threads.
Project1.exe: 00002328: 16:04:26 [TUniGUISessionManager]:Session manager terminated.
Project1.exe: 00002328: 16:04:26 [TUniServerModule]:Server Shutdown Completed.
Project1.exe: 00002328: 16:04:26 []:<-------------------------------------------------------------->
Project1.exe: 00002328: 16:04:26 [Terminated]:Exit Code: 0
Project1.exe: 00001914: 16:04:30 []:>--------------------------------------------------------------<
Project1.exe: 00001914: 16:04:30 [TUniServerModule]:Server First Init.
Project1.exe: 00001914: 16:04:31 [TUniServerModule]:Starting HTTP Server on Port: 8077...
Project1.exe: 00001914: 16:04:31 [TUniServerModule]:HTTP Server Started on Port: 8077
Project1.exe: 00003270: 16:04:31 [127.0.0.1]:EUniSessionException : Invalid session or session Timeout. (Session not found: XWvLcrV4Xb1086C0F92 ) : Addr: $0079A966
Project1.exe: 00003270: 16:04:39 [127.0.0.1]:EInvalidCast : Invalid class typecast : Addr: $00BABA96
Project1.exe: 00001914: 16:05:30 [TUniServerModule]:Shutting Down Server.
Project1.exe: 00001914: 16:05:30 [TUniServerModule]:Stopping HTTP Server.
Project1.exe: 00001914: 16:05:31 [TUniServerModule]:HTTP Server Stopped.
Project1.exe: 00001914: 16:05:31 [TUniGUISessionManager]:Terminating Session manager.
Project1.exe: 00001914: 16:05:31 [TUniGUISessionManager]:Stopping Cache Eraser...
Project1.exe: 00001914: 16:05:31 [TUniGUISessionManager]:Cache Eraser Stopped.
Project1.exe: 00001914: 16:05:31 [TUniGUISessionManager]:Destroying Worker Threads.
Project1.exe: 00001914: 16:05:31 [TUniGUISessionManager]:Session manager terminated.
Project1.exe: 00001914: 16:05:31 [TUniServerModule]:Server Shutdown Completed.
Project1.exe: 00001914: 16:05:31 []:<-------------------------------------------------------------->
Project1.exe: 00001914: 16:05:31 [Terminated]:Exit Code: 0
Project1.exe: 00001D1C: 16:05:37 []:>--------------------------------------------------------------<
Project1.exe: 00001D1C: 16:05:37 [TUniServerModule]:Server First Init.
Project1.exe: 00001D1C: 16:05:37 [TUniServerModule]:Starting HTTP Server on Port: 8077...
Project1.exe: 00001D1C: 16:05:37 [TUniServerModule]:HTTP Server Started on Port: 8077
Project1.exe: 00001268: 16:05:39 [127.0.0.1]:EUniSessionException : Invalid session or session Timeout. (Session not found: JLkBR2vGPn1086C0FE5 ) : Addr: $0079A966
Project1.exe: 00000E98: 16:05:47 [127.0.0.1]:EInvalidCast : Invalid class typecast : Addr: $00BABA96
Project1.exe: 00001D1C: 16:09:29 [TUniServerModule]:Shutting Down Server.
Project1.exe: 00001D1C: 16:09:29 [TUniServerModule]:Stopping HTTP Server.
Project1.exe: 00001D1C: 16:09:30 [TUniServerModule]:HTTP Server Stopped.
Project1.exe: 00001D1C: 16:09:30 [TUniGUISessionManager]:Terminating Session manager.
Project1.exe: 00001D1C: 16:09:30 [TUniGUISessionManager]:Stopping Cache Eraser...
Project1.exe: 00001D1C: 16:09:30 [TUniGUISessionManager]:Cache Eraser Stopped.
Project1.exe: 00001D1C: 16:09:30 [TUniGUISessionManager]:Destroying Worker Threads.
Project1.exe: 00001D1C: 16:09:30 [TUniGUISessionManager]:Session manager terminated.
Project1.exe: 00001D1C: 16:09:30 [TUniServerModule]:Server Shutdown Completed.
Project1.exe: 00001D1C: 16:09:30 []:<-------------------------------------------------------------->
Project1.exe: 00001D1C: 16:09:30 [Terminated]:Exit Code: 0
Project1.exe: 00000840: 16:09:35 []:>--------------------------------------------------------------<
Project1.exe: 00000840: 16:09:35 [TUniServerModule]:Server First Init.
Project1.exe: 00000840: 16:09:35 [TUniServerModule]:Starting HTTP Server on Port: 8077...
Project1.exe: 00000840: 16:09:35 [TUniServerModule]:HTTP Server Started on Port: 8077
Project1.exe: 00002334: 16:09:40 [127.0.0.1]:EUniSessionException : Invalid session or session Timeout. (Session not found: iJdMF9xrYW1086C1033 ) : Addr: $0079A966
Project1.exe: 00002334: 16:09:46 [127.0.0.1]:EInvalidCast : Invalid class typecast : Addr: $00BABA99
Project1.exe: 00002334: 16:09:48 [127.0.0.1]:EInvalidCast : Invalid class typecast : Addr: $00BABA99
Project1.exe: 00002334: 16:10:05 [127.0.0.1]:EInvalidCast : Invalid class typecast : Addr: $00BABA99
Project1.exe: 00000840: 16:11:39 [TUniServerModule]:Shutting Down Server.
Project1.exe: 00000840: 16:11:39 [TUniServerModule]:Stopping HTTP Server.
Project1.exe: 00000840: 16:11:40 [TUniServerModule]:HTTP Server Stopped.
Project1.exe: 00000840: 16:11:40 [TUniGUISessionManager]:Terminating Session manager.
Project1.exe: 00000840: 16:11:40 [TUniGUISessionManager]:Stopping Cache Eraser...
Project1.exe: 00000840: 16:11:40 [TUniGUISessionManager]:Cache Eraser Stopped.
Project1.exe: 00000840: 16:11:40 [TUniGUISessionManager]:Destroying Worker Threads.
Project1.exe: 00000840: 16:11:40 [TUniGUISessionManager]:Session manager terminated.
Project1.exe: 00000840: 16:11:40 [TUniServerModule]:Server Shutdown Completed.
Project1.exe: 00000840: 16:11:40 []:<-------------------------------------------------------------->
Project1.exe: 00000840: 16:11:40 [Terminated]:Exit Code: 0
Project1.exe: 000035DC: 16:11:47 []:>--------------------------------------------------------------<
Project1.exe: 000035DC: 16:11:47 [TUniServerModule]:Server First Init.
Project1.exe: 000035DC: 16:11:47 [TUniServerModule]:Starting HTTP Server on Port: 8077...
Project1.exe: 000035DC: 16:11:47 [TUniServerModule]:HTTP Server Started on Port: 8077
Project1.exe: 00001AAC: 16:11:48 [127.0.0.1]:EUniSessionException : Invalid session or session Timeout. (Session not found: 82z82PiOQr1086C114A ) : Addr: $0079A966
Project1.exe: 00003FD4: 16:11:53 [127.0.0.1]:EInvalidCast : Invalid class typecast : Addr: $00BABA96
Project1.exe: 000035DC: 16:13:07 [TUniServerModule]:Shutting Down Server.
Project1.exe: 000035DC: 16:13:07 [TUniServerModule]:Stopping HTTP Server.
Project1.exe: 000035DC: 16:13:08 [TUniServerModule]:HTTP Server Stopped.
Project1.exe: 000035DC: 16:13:08 [TUniGUISessionManager]:Terminating Session manager.
Project1.exe: 000035DC: 16:13:08 [TUniGUISessionManager]:Stopping Cache Eraser...
Project1.exe: 000035DC: 16:13:08 [TUniGUISessionManager]:Cache Eraser Stopped.
Project1.exe: 000035DC: 16:13:08 [TUniGUISessionManager]:Destroying Worker Threads.
Project1.exe: 000035DC: 16:13:08 [TUniGUISessionManager]:Session manager terminated.
Project1.exe: 000035DC: 16:13:08 [TUniServerModule]:Server Shutdown Completed.
Project1.exe: 000035DC: 16:13:08 []:<-------------------------------------------------------------->
Project1.exe: 000035DC: 16:13:08 [Terminated]:Exit Code: 0
Project1.exe: 00003C7C: 16:13:11 []:>--------------------------------------------------------------<
Project1.exe: 00003C7C: 16:13:11 [TUniServerModule]:Server First Init.
Project1.exe: 00003C7C: 16:13:11 [TUniServerModule]:Starting HTTP Server on Port: 8077...
Project1.exe: 00003C7C: 16:13:11 [TUniServerModule]:HTTP Server Started on Port: 8077
Project1.exe: 00001C28: 16:13:13 [127.0.0.1]:EUniSessionException : Invalid session or session Timeout. (Session not found: OUyFXu6P7b1086C11DE ) : Addr: $0079A966
Project1.exe: 00001C28: 16:13:19 [127.0.0.1]:EInvalidCast : Invalid class typecast : Addr: $00BABA99
Project1.exe: 00003C7C: 16:13:39 [TUniServerModule]:Shutting Down Server.
Project1.exe: 00003C7C: 16:13:39 [TUniServerModule]:Stopping HTTP Server.
Project1.exe: 00003C7C: 16:13:40 [TUniServerModule]:HTTP Server Stopped.
Project1.exe: 00003C7C: 16:13:40 [TUniGUISessionManager]:Terminating Session manager.
Project1.exe: 00003C7C: 16:13:40 [TUniGUISessionManager]:Stopping Cache Eraser...
Project1.exe: 00003C7C: 16:13:40 [TUniGUISessionManager]:Cache Eraser Stopped.
Project1.exe: 00003C7C: 16:13:40 [TUniGUISessionManager]:Destroying Worker Threads.
Project1.exe: 00003C7C: 16:13:40 [TUniGUISessionManager]:Session manager terminated.
Project1.exe: 00003C7C: 16:13:41 [TUniServerModule]:Server Shutdown Completed.
Project1.exe: 00003C7C: 16:13:41 []:<-------------------------------------------------------------->
Project1.exe: 00003C7C: 16:13:41 [Terminated]:Exit Code: 0
Project1.exe: 00003F18: 16:13:44 []:>--------------------------------------------------------------<
Project1.exe: 00003F18: 16:13:44 [TUniServerModule]:Server First Init.
Project1.exe: 00003F18: 16:13:44 [TUniServerModule]:Starting HTTP Server on Port: 8077...
Project1.exe: 00003F18: 16:13:44 [TUniServerModule]:HTTP Server Started on Port: 8077
Project1.exe: 00002A38: 16:13:46 [127.0.0.1]:EUniSessionException : Invalid session or session Timeout. (Session not found: JeI7t6aBR91086C1240 ) : Addr: $0079A966
Project1.exe: 00000714: 16:13:55 [127.0.0.1]:EInvalidCast : Invalid class typecast : Addr: $00BABA96
Project1.exe: 00003F18: 16:16:45 [TUniServerModule]:Shutting Down Server.
Project1.exe: 00003F18: 16:16:45 [TUniServerModule]:Stopping HTTP Server.
Project1.exe: 00003F18: 16:16:46 [TUniServerModule]:HTTP Server Stopped.
Project1.exe: 00003F18: 16:16:46 [TUniGUISessionManager]:Terminating Session manager.
Project1.exe: 00003F18: 16:16:46 [TUniGUISessionManager]:Stopping Cache Eraser...
Project1.exe: 00003F18: 16:16:46 [TUniGUISessionManager]:Cache Eraser Stopped.
Project1.exe: 00003F18: 16:16:46 [TUniGUISessionManager]:Destroying Worker Threads.
Project1.exe: 00003F18: 16:16:46 [TUniGUISessionManager]:Session manager terminated.
Project1.exe: 00003F18: 16:16:46 [TUniServerModule]:Server Shutdown Completed.
Project1.exe: 00003F18: 16:16:46 []:<-------------------------------------------------------------->
Project1.exe: 00003F18: 16:16:46 [Terminated]:Exit Code: 0
Project1.exe: 000029B0: 16:16:55 []:>--------------------------------------------------------------<
Project1.exe: 000029B0: 16:16:55 [TUniServerModule]:Server First Init.
Project1.exe: 000029B0: 16:16:55 [TUniServerModule]:Starting HTTP Server on Port: 8077...
Project1.exe: 000029B0: 16:16:55 [TUniServerModule]:HTTP Server Started on Port: 8077
Project1.exe: 00003BC8: 16:16:58 [127.0.0.1]:EUniSessionException : Invalid session or session Timeout. (Session not found: 9RYKFXfzZ31086C126A ) : Addr: $0079A966
Project1.exe: 00002654: 16:17:04 [127.0.0.1]:EInvalidCast : Invalid class typecast : Addr: $00BABA99
Project1.exe: 000029B0: 16:17:23 [TUniServerModule]:Shutting Down Server.
Project1.exe: 000029B0: 16:17:23 [TUniServerModule]:Stopping HTTP Server.
Project1.exe: 000029B0: 16:17:24 [TUniServerModule]:HTTP Server Stopped.
Project1.exe: 000029B0: 16:17:24 [TUniGUISessionManager]:Terminating Session manager.
Project1.exe: 000029B0: 16:17:24 [TUniGUISessionManager]:Stopping Cache Eraser...
Project1.exe: 000029B0: 16:17:24 [TUniGUISessionManager]:Cache Eraser Stopped.
Project1.exe: 000029B0: 16:17:24 [TUniGUISessionManager]:Destroying Worker Threads.
Project1.exe: 000029B0: 16:17:24 [TUniGUISessionManager]:Session manager terminated.
Project1.exe: 000029B0: 16:17:24 [TUniServerModule]:Server Shutdown Completed.
Project1.exe: 000029B0: 16:17:24 []:<-------------------------------------------------------------->
Project1.exe: 000029B0: 16:17:24 [Terminated]:Exit Code: 0
Project1.exe: 0000063C: 16:17:30 []:>--------------------------------------------------------------<
Project1.exe: 0000063C: 16:17:30 [TUniServerModule]:Server First Init.
Project1.exe: 0000063C: 16:17:30 [TUniServerModule]:Starting HTTP Server on Port: 8077...
Project1.exe: 0000063C: 16:17:30 [TUniServerModule]:HTTP Server Started on Port: 8077
Project1.exe: 00003EAC: 16:17:30 [127.0.0.1]:EUniSessionException : Invalid session or session Timeout. (Session not found: b1fZvxybfB1086C1345 ) : Addr: $0079A966
Project1.exe: 0000063C: 16:26:03 [TUniServerModule]:Shutting Down Server.
Project1.exe: 0000063C: 16:26:03 [TUniServerModule]:Stopping HTTP Server.
Project1.exe: 0000063C: 16:26:04 [TUniServerModule]:HTTP Server Stopped.
Project1.exe: 0000063C: 16:26:04 [TUniGUISessionManager]:Terminating Session manager.
Project1.exe: 0000063C: 16:26:04 [TUniGUISessionManager]:Stopping Cache Eraser...
Project1.exe: 0000063C: 16:26:04 [TUniGUISessionManager]:Cache Eraser Stopped.
Project1.exe: 0000063C: 16:26:04 [TUniGUISessionManager]:Destroying Worker Threads.
Project1.exe: 0000063C: 16:26:04 [TUniGUISessionManager]:Session manager terminated.
Project1.exe: 0000063C: 16:26:04 [TUniServerModule]:Server Shutdown Completed.
Project1.exe: 0000063C: 16:26:04 []:<-------------------------------------------------------------->
Project1.exe: 0000063C: 16:26:04 [Terminated]:Exit Code: 0
Project1.exe: 00003640: 16:27:40 []:>--------------------------------------------------------------<
Project1.exe: 00003640: 16:27:40 [TUniServerModule]:Server First Init.
Project1.exe: 00003640: 16:27:40 [TUniServerModule]:Starting HTTP Server on Port: 8077...
Project1.exe: 00003640: 16:27:40 [TUniServerModule]:HTTP Server Started on Port: 8077
Project1.exe: 0000154C: 16:27:43 [127.0.0.1]:EUniSessionException : Invalid session or session Timeout. (Session not found: aH1MHLKqDx1086C136A ) : Addr: $0079A966
Project1.exe: 00000C10: 16:27:51 [127.0.0.1]:EAccessViolation : Access violation at address 0040CC3C in module 'Project1.exe'. Read of address 0000000F : Addr: $0040CC3C
Project1.exe: 00003640: 16:28:20 [TUniServerModule]:Shutting Down Server.
Project1.exe: 00003640: 16:28:20 [TUniServerModule]:Stopping HTTP Server.
Project1.exe: 00003640: 16:28:21 [TUniServerModule]:HTTP Server Stopped.
Project1.exe: 00003640: 16:28:21 [TUniGUISessionManager]:Terminating Session manager.
Project1.exe: 00003640: 16:28:21 [TUniGUISessionManager]:Stopping Cache Eraser...
Project1.exe: 00003640: 16:28:21 [TUniGUISessionManager]:Cache Eraser Stopped.
Project1.exe: 00003640: 16:28:21 [TUniGUISessionManager]:Destroying Worker Threads.
Project1.exe: 00003640: 16:28:22 [TUniGUISessionManager]:Session manager terminated.
Project1.exe: 00003640: 16:28:22 [TUniServerModule]:Server Shutdown Completed.
Project1.exe: 00003640: 16:28:22 []:<-------------------------------------------------------------->
Project1.exe: 00003640: 16:28:22 [Terminated]:Exit Code: 0
Project1.exe: 00001A0C: 16:28:26 []:>--------------------------------------------------------------<
Project1.exe: 00001A0C: 16:28:26 [TUniServerModule]:Server First Init.
Project1.exe: 00001A0C: 16:28:26 [TUniServerModule]:Starting HTTP Server on Port: 8077...
Project1.exe: 00001A0C: 16:28:26 [TUniServerModule]:HTTP Server Started on Port: 8077
Project1.exe: 00001A64: 16:28:28 [127.0.0.1]:EUniSessionException : Invalid session or session Timeout. (Session not found: eThuBocAjz1086C1630 ) : Addr: $0079A966
Project1.exe: 00000BD0: 16:28:34 [127.0.0.1]:EInvalidCast : Invalid class typecast : Addr: $00BABA99
Project1.exe: 00001A0C: 16:31:16 [TUniServerModule]:Shutting Down Server.
Project1.exe: 00001A0C: 16:31:16 [TUniServerModule]:Stopping HTTP Server.
Project1.exe: 00001A0C: 16:31:17 [TUniServerModule]:HTTP Server Stopped.
Project1.exe: 00001A0C: 16:31:17 [TUniGUISessionManager]:Terminating Session manager.
Project1.exe: 00001A0C: 16:31:17 [TUniGUISessionManager]:Stopping Cache Eraser...
Project1.exe: 00001A0C: 16:31:17 [TUniGUISessionManager]:Cache Eraser Stopped.
Project1.exe: 00001A0C: 16:31:17 [TUniGUISessionManager]:Destroying Worker Threads.
Project1.exe: 00001A0C: 16:31:17 [TUniGUISessionManager]:Session manager terminated.
Project1.exe: 00001A0C: 16:31:17 [TUniServerModule]:Server Shutdown Completed.
Project1.exe: 00001A0C: 16:31:17 []:<-------------------------------------------------------------->
Project1.exe: 00001A0C: 16:31:17 [Terminated]:Exit Code: 0
Project1.exe: 00002374: 16:31:24 []:>--------------------------------------------------------------<
Project1.exe: 00002374: 16:31:24 [TUniServerModule]:Server First Init.
Project1.exe: 00002374: 16:31:24 [TUniServerModule]:Starting HTTP Server on Port: 8077...
Project1.exe: 00002374: 16:31:24 [TUniServerModule]:HTTP Server Started on Port: 8077
Project1.exe: 00002374: 16:31:28 [TUniServerModule]:Shutting Down Server.
Project1.exe: 00002374: 16:31:28 [TUniServerModule]:Stopping HTTP Server.
Project1.exe: 00002374: 16:31:29 [TUniServerModule]:HTTP Server Stopped.
Project1.exe: 00002374: 16:31:29 [TUniGUISessionManager]:Terminating Session manager.
Project1.exe: 00002374: 16:31:29 [TUniGUISessionManager]:Stopping Cache Eraser...
Project1.exe: 00002374: 16:31:29 [TUniGUISessionManager]:Cache Eraser Stopped.
Project1.exe: 00002374: 16:31:29 [TUniGUISessionManager]:Destroying Worker Threads.
Project1.exe: 00002374: 16:31:29 [TUniGUISessionManager]:Session manager terminated.
Project1.exe: 00002374: 16:31:29 [TUniServerModule]:Server Shutdown Completed.
Project1.exe: 00002374: 16:31:29 []:<-------------------------------------------------------------->
Project1.exe: 00002374: 16:31:29 [Terminated]:Exit Code: 0
Project1.exe: 0000349C: 16:33:13 []:>--------------------------------------------------------------<
Project1.exe: 0000349C: 16:33:13 [TUniServerModule]:Server First Init.
Project1.exe: 0000349C: 16:33:13 [TUniServerModule]:Starting HTTP Server on Port: 8077...
Project1.exe: 0000349C: 16:33:13 [TUniServerModule]:HTTP Server Started on Port: 8077
Project1.exe: 00001160: 16:33:16 [127.0.0.1]:EUniSessionException : Invalid session or session Timeout. (Session not found: 2vboiOVpm41086C1664 ) : Addr: $0079A966
Project1.exe: 0000349C: 18:13:23 [Exit]:Unexpected attempt to terminate server application with Exit Code: 0
