Project1.exe: 00002900: 13:28:15 []:>--------------------------------------------------------------<
Project1.exe: 00002900: 13:28:15 [TUniServerModule]:Server First Init.
Project1.exe: 00002900: 13:28:15 [TUniServerModule]:Global Cache Folder Erased. <3> Files deleted.
Project1.exe: 00002900: 13:28:15 [TUniServerModule]:Starting HTTP Server on Port: 8077...
Project1.exe: 00002900: 13:28:15 [TUniServerModule]:HTTP Server Started on Port: 8077
Project1.exe: 000036AC: 13:28:53 [127.0.0.1]:ERESTException : HTTP/1.1 500 Internal Server Error : Addr: $00B97305
Project1.exe: 00002900: 13:30:50 [TUniServerModule]:Shutting Down Server.
Project1.exe: 00002900: 13:30:50 [TUniServerModule]:Stopping HTTP Server.
Project1.exe: 00002900: 13:30:51 [TUniServerModule]:HTTP Server Stopped.
Project1.exe: 00002900: 13:30:51 [TUniGUISessionManager]:Terminating Session manager.
Project1.exe: 00002900: 13:30:51 [TUniGUISessionManager]:Stopping Cache Eraser...
Project1.exe: 00002900: 13:30:52 [TUniGUISessionManager]:Cache Eraser Stopped.
Project1.exe: 00002900: 13:30:52 [TUniGUISessionManager]:Destroying Worker Threads.
Project1.exe: 00002900: 13:30:52 [TUniGUISessionManager]:Session manager terminated.
Project1.exe: 00002900: 13:30:52 [TUniServerModule]:Server Shutdown Completed.
Project1.exe: 00002900: 13:30:52 []:<-------------------------------------------------------------->
Project1.exe: 00002900: 13:30:52 [Terminated]:Exit Code: 0
Project1.exe: 00003BE4: 13:30:58 []:>--------------------------------------------------------------<
Project1.exe: 00003BE4: 13:30:58 [TUniServerModule]:Server First Init.
Project1.exe: 00003BE4: 13:30:58 [TUniServerModule]:Starting HTTP Server on Port: 8077...
Project1.exe: 00003BE4: 13:30:58 [TUniServerModule]:HTTP Server Started on Port: 8077
Project1.exe: 00002640: 13:31:10 [127.0.0.1]:EUniSessionException : Invalid session or session Timeout. (Session not found: jwl9zcXOeR108599613 ) : Addr: $0079A966
Project1.exe: 000012C0: 13:31:31 [[FireDAC][Phys][ODBC][Microsoft][SQL Server Native Client 11.0][SQL Server]El nombre de objeto 'etnias' no es válido.-127.0.0.1]:EMSSQLNativeException : [FireDAC][Phys][ODBC][Microsoft][SQL Server Native Client 11.0][SQL Server]El nombre de objeto 'etnias' no es válido. : Addr: $0087FBD5
Project1.exe: 00000118: 14:27:30 [127.0.0.1]:EUniSessionException : Invalid session or session Timeout. (Session not found: q6dRhQciiO1085996CA ) : Addr: $0079A966
Project1.exe: 00003BE4: 14:31:28 [TUniServerModule]:Shutting Down Server.
Project1.exe: 00003BE4: 14:31:28 [TUniServerModule]:Stopping HTTP Server.
Project1.exe: 00003BE4: 14:31:29 [TUniServerModule]:HTTP Server Stopped.
Project1.exe: 00003BE4: 14:31:29 [TUniGUISessionManager]:Terminating Session manager.
Project1.exe: 00003BE4: 14:31:29 [TUniGUISessionManager]:Stopping Cache Eraser...
Project1.exe: 00003BE4: 14:31:29 [TUniGUISessionManager]:Cache Eraser Stopped.
Project1.exe: 00003BE4: 14:31:29 [TUniGUISessionManager]:Destroying Worker Threads.
Project1.exe: 00003BE4: 14:31:29 [TUniGUISessionManager]:Session manager terminated.
Project1.exe: 00003BE4: 14:31:29 [TUniServerModule]:Server Shutdown Completed.
Project1.exe: 00003BE4: 14:31:29 []:<-------------------------------------------------------------->
Project1.exe: 00003BE4: 14:31:29 [Terminated]:Exit Code: 0
Project1.exe: 00001244: 14:31:34 []:>--------------------------------------------------------------<
Project1.exe: 00001244: 14:31:34 [TUniServerModule]:Server First Init.
Project1.exe: 00001244: 14:31:34 [TUniServerModule]:Starting HTTP Server on Port: 8077...
Project1.exe: 00001244: 14:31:34 [TUniServerModule]:HTTP Server Started on Port: 8077
Project1.exe: 00003FA8: 14:31:39 [127.0.0.1]:EUniSessionException : Invalid session or session Timeout. (Session not found: fGHRWv18Gp10859A618 ) : Addr: $0079A966
Project1.exe: 0000037C: 14:31:41 [127.0.0.1]:EDatabaseError : Query: Parameter 'codigo' not found : Addr: $0066778A
Project1.exe: 00001244: 14:35:31 [TUniServerModule]:Shutting Down Server.
Project1.exe: 00001244: 14:35:31 [TUniServerModule]:Stopping HTTP Server.
Project1.exe: 00001244: 14:35:32 [TUniServerModule]:HTTP Server Stopped.
Project1.exe: 00001244: 14:35:32 [TUniGUISessionManager]:Terminating Session manager.
Project1.exe: 00001244: 14:35:32 [TUniGUISessionManager]:Stopping Cache Eraser...
Project1.exe: 00001244: 14:35:32 [TUniGUISessionManager]:Cache Eraser Stopped.
Project1.exe: 00001244: 14:35:32 [TUniGUISessionManager]:Destroying Worker Threads.
Project1.exe: 00001244: 14:35:32 [TUniGUISessionManager]:Session manager terminated.
Project1.exe: 00001244: 14:35:32 [TUniServerModule]:Server Shutdown Completed.
Project1.exe: 00001244: 14:35:32 []:<-------------------------------------------------------------->
Project1.exe: 00001244: 14:35:32 [Terminated]:Exit Code: 0
Project1.exe: 00003EC0: 14:35:36 []:>--------------------------------------------------------------<
Project1.exe: 00003EC0: 14:35:36 [TUniServerModule]:Server First Init.
Project1.exe: 00003EC0: 14:35:36 [TUniServerModule]:Starting HTTP Server on Port: 8077...
Project1.exe: 00003EC0: 14:35:36 [TUniServerModule]:HTTP Server Started on Port: 8077
Project1.exe: 000007CC: 14:35:39 [127.0.0.1]:EUniSessionException : Invalid session or session Timeout. (Session not found: imDoGrC2zD10859A733 ) : Addr: $0079A966
Project1.exe: 000022C0: 14:35:41 [127.0.0.1]:EDatabaseError : Query: Parameter 'usuario' not found : Addr: $0066778A
Project1.exe: 00003EC0: 14:37:47 [TUniServerModule]:Shutting Down Server.
Project1.exe: 00003EC0: 14:37:47 [TUniServerModule]:Stopping HTTP Server.
Project1.exe: 00003EC0: 14:37:48 [TUniServerModule]:HTTP Server Stopped.
Project1.exe: 00003EC0: 14:37:48 [TUniGUISessionManager]:Terminating Session manager.
Project1.exe: 00003EC0: 14:37:48 [TUniGUISessionManager]:Stopping Cache Eraser...
Project1.exe: 00003EC0: 14:37:48 [TUniGUISessionManager]:Cache Eraser Stopped.
Project1.exe: 00003EC0: 14:37:48 [TUniGUISessionManager]:Destroying Worker Threads.
Project1.exe: 00003EC0: 14:37:48 [TUniGUISessionManager]:Session manager terminated.
Project1.exe: 00003EC0: 14:37:48 [TUniServerModule]:Server Shutdown Completed.
Project1.exe: 00003EC0: 14:37:48 []:<-------------------------------------------------------------->
Project1.exe: 00003EC0: 14:37:48 [Terminated]:Exit Code: 0
Project1.exe: 000027C8: 14:40:01 []:>--------------------------------------------------------------<
Project1.exe: 000027C8: 14:40:01 [TUniServerModule]:Server First Init.
Project1.exe: 000027C8: 14:40:01 [TUniServerModule]:Starting HTTP Server on Port: 8077...
Project1.exe: 000027C8: 14:40:01 [TUniServerModule]:HTTP Server Started on Port: 8077
Project1.exe: 00002D30: 14:40:06 [127.0.0.1]:EDatabaseError : Query: Parameter 'Usuario' not found : Addr: $0066778A
Project1.exe: 000027C8: 14:40:18 [TUniServerModule]:Shutting Down Server.
Project1.exe: 000027C8: 14:40:18 [TUniServerModule]:Stopping HTTP Server.
Project1.exe: 000027C8: 14:40:19 [TUniServerModule]:HTTP Server Stopped.
Project1.exe: 000027C8: 14:40:19 [TUniGUISessionManager]:Terminating Session manager.
Project1.exe: 000027C8: 14:40:19 [TUniGUISessionManager]:Stopping Cache Eraser...
Project1.exe: 000027C8: 14:40:19 [TUniGUISessionManager]:Cache Eraser Stopped.
Project1.exe: 000027C8: 14:40:19 [TUniGUISessionManager]:Destroying Worker Threads.
Project1.exe: 000027C8: 14:40:19 [TUniGUISessionManager]:Session manager terminated.
Project1.exe: 000027C8: 14:40:20 [TUniServerModule]:Server Shutdown Completed.
Project1.exe: 000027C8: 14:40:20 []:<-------------------------------------------------------------->
Project1.exe: 000027C8: 14:40:20 [Terminated]:Exit Code: 0
Project1.exe: 00002924: 14:40:25 []:>--------------------------------------------------------------<
Project1.exe: 00002924: 14:40:25 [TUniServerModule]:Server First Init.
Project1.exe: 00002924: 14:40:25 [TUniServerModule]:Starting HTTP Server on Port: 8077...
Project1.exe: 00002924: 14:40:25 [TUniServerModule]:HTTP Server Started on Port: 8077
Project1.exe: 000011AC: 14:40:33 [127.0.0.1]:EUniSessionException : Invalid session or session Timeout. (Session not found: JQagMuDwMY10859A97C ) : Addr: $0079A966
Project1.exe: 00001CC0: 14:40:35 [127.0.0.1]:EDatabaseError : Query: Field 'nombrecompleto' not found : Addr: $0066778A
Project1.exe: 00002924: 14:40:54 [TUniServerModule]:Shutting Down Server.
Project1.exe: 00002924: 14:40:54 [TUniServerModule]:Stopping HTTP Server.
Project1.exe: 00002924: 14:40:55 [TUniServerModule]:HTTP Server Stopped.
Project1.exe: 00002924: 14:40:55 [TUniGUISessionManager]:Terminating Session manager.
Project1.exe: 00002924: 14:40:55 [TUniGUISessionManager]:Stopping Cache Eraser...
Project1.exe: 00002924: 14:40:55 [TUniGUISessionManager]:Cache Eraser Stopped.
Project1.exe: 00002924: 14:40:55 [TUniGUISessionManager]:Destroying Worker Threads.
Project1.exe: 00002924: 14:40:55 [TUniGUISessionManager]:Session manager terminated.
Project1.exe: 00002924: 14:40:55 [TUniServerModule]:Server Shutdown Completed.
Project1.exe: 00002924: 14:40:55 []:<-------------------------------------------------------------->
Project1.exe: 00002924: 14:40:55 [Terminated]:Exit Code: 0
Project1.exe: 000037E0: 14:41:00 []:>--------------------------------------------------------------<
Project1.exe: 000037E0: 14:41:00 [TUniServerModule]:Server First Init.
Project1.exe: 000037E0: 14:41:00 [TUniServerModule]:Starting HTTP Server on Port: 8077...
Project1.exe: 000037E0: 14:41:00 [TUniServerModule]:HTTP Server Started on Port: 8077
Project1.exe: 00003C18: 14:41:04 [127.0.0.1]:EUniSessionException : Invalid session or session Timeout. (Session not found: mEohvTs7LR10859A99E ) : Addr: $0079A966
Project1.exe: 000037E0: 14:52:13 [TUniServerModule]:Shutting Down Server.
Project1.exe: 000037E0: 14:52:13 [TUniServerModule]:Stopping HTTP Server.
Project1.exe: 000037E0: 14:52:14 [TUniServerModule]:HTTP Server Stopped.
Project1.exe: 000037E0: 14:52:14 [TUniGUISessionManager]:Terminating Session manager.
Project1.exe: 000037E0: 14:52:14 [TUniGUISessionManager]:Stopping Cache Eraser...
Project1.exe: 000037E0: 14:52:14 [TUniGUISessionManager]:Cache Eraser Stopped.
Project1.exe: 000037E0: 14:52:14 [TUniGUISessionManager]:Destroying Worker Threads.
Project1.exe: 000037E0: 14:52:14 [TUniGUISessionManager]:Session manager terminated.
Project1.exe: 000037E0: 14:52:14 [TUniServerModule]:Server Shutdown Completed.
Project1.exe: 000037E0: 14:52:14 []:<-------------------------------------------------------------->
Project1.exe: 000037E0: 14:52:14 [Terminated]:Exit Code: 0
Project1.exe: 00003AE0: 14:52:19 []:>--------------------------------------------------------------<
Project1.exe: 00003AE0: 14:52:19 [TUniServerModule]:Server First Init.
Project1.exe: 00003AE0: 14:52:19 [TUniServerModule]:Starting HTTP Server on Port: 8077...
Project1.exe: 00003AE0: 14:52:19 [TUniServerModule]:HTTP Server Started on Port: 8077
Project1.exe: 00000460: 14:52:20 [127.0.0.1]:EUniSessionException : Invalid session or session Timeout. (Session not found: d8l8ycp3tF10859A9C1 ) : Addr: $0079A966
Project1.exe: 00003AE0: 14:54:31 [TUniServerModule]:Shutting Down Server.
Project1.exe: 00003AE0: 14:54:31 [TUniServerModule]:Stopping HTTP Server.
Project1.exe: 00003AE0: 14:54:32 [TUniServerModule]:HTTP Server Stopped.
Project1.exe: 00003AE0: 14:54:32 [TUniGUISessionManager]:Terminating Session manager.
Project1.exe: 00003AE0: 14:54:32 [TUniGUISessionManager]:Stopping Cache Eraser...
Project1.exe: 00003AE0: 14:54:32 [TUniGUISessionManager]:Cache Eraser Stopped.
Project1.exe: 00003AE0: 14:54:32 [TUniGUISessionManager]:Destroying Worker Threads.
Project1.exe: 00003AE0: 14:54:32 [TUniGUISessionManager]:Session manager terminated.
Project1.exe: 00003AE0: 14:54:32 [TUniServerModule]:Server Shutdown Completed.
Project1.exe: 00003AE0: 14:54:32 []:<-------------------------------------------------------------->
Project1.exe: 00003AE0: 14:54:32 [Terminated]:Exit Code: 0
Project1.exe: 00002D00: 14:54:36 []:>--------------------------------------------------------------<
Project1.exe: 00002D00: 14:54:36 [TUniServerModule]:Server First Init.
Project1.exe: 00002D00: 14:54:36 [TUniServerModule]:Starting HTTP Server on Port: 8077...
Project1.exe: 00002D00: 14:54:36 [TUniServerModule]:HTTP Server Started on Port: 8077
Project1.exe: 000011CC: 14:54:37 [127.0.0.1]:EUniSessionException : Invalid session or session Timeout. (Session not found: hMIa2bMB3c10859ACCF ) : Addr: $0079A966
Project1.exe: 00002D00: 15:01:07 [TUniServerModule]:Shutting Down Server.
Project1.exe: 00002D00: 15:01:07 [TUniServerModule]:Stopping HTTP Server.
Project1.exe: 00002D00: 15:01:07 [TUniServerModule]:HTTP Server Stopped.
Project1.exe: 00002D00: 15:01:07 [TUniGUISessionManager]:Terminating Session manager.
Project1.exe: 00002D00: 15:01:07 [TUniGUISessionManager]:Stopping Cache Eraser...
Project1.exe: 00002D00: 15:01:07 [TUniGUISessionManager]:Cache Eraser Stopped.
Project1.exe: 00002D00: 15:01:07 [TUniGUISessionManager]:Destroying Worker Threads.
Project1.exe: 00002D00: 15:01:07 [TUniGUISessionManager]:Session manager terminated.
Project1.exe: 00002D00: 15:01:07 [TUniServerModule]:Server Shutdown Completed.
Project1.exe: 00002D00: 15:01:07 []:<-------------------------------------------------------------->
Project1.exe: 00002D00: 15:01:07 [Terminated]:Exit Code: 0
Project1.exe: 0000351C: 15:01:14 []:>--------------------------------------------------------------<
Project1.exe: 0000351C: 15:01:14 [TUniServerModule]:Server First Init.
Project1.exe: 0000351C: 15:01:14 [TUniServerModule]:Starting HTTP Server on Port: 8077...
Project1.exe: 0000351C: 15:01:14 [TUniServerModule]:HTTP Server Started on Port: 8077
Project1.exe: 000024A4: 15:01:16 [127.0.0.1]:EUniSessionException : Invalid session or session Timeout. (Session not found: p9gNU8QWoi10859AD6E ) : Addr: $0079A966
Project1.exe: 00003048: 15:27:58 [127.0.0.1]:EUniSessionException : Invalid session or session Timeout. (Session not found: dd5Jouj7sm10859AF3C ) : Addr: $0079A966
Project1.exe: 0000351C: 15:29:01 [TUniServerModule]:Shutting Down Server.
Project1.exe: 0000351C: 15:29:01 [TUniServerModule]:Stopping HTTP Server.
Project1.exe: 0000351C: 15:29:02 [TUniServerModule]:HTTP Server Stopped.
Project1.exe: 0000351C: 15:29:02 [TUniGUISessionManager]:Terminating Session manager.
Project1.exe: 0000351C: 15:29:02 [TUniGUISessionManager]:Stopping Cache Eraser...
Project1.exe: 0000351C: 15:29:02 [TUniGUISessionManager]:Cache Eraser Stopped.
Project1.exe: 0000351C: 15:29:02 [TUniGUISessionManager]:Destroying Worker Threads.
Project1.exe: 0000351C: 15:29:02 [TUniGUISessionManager]:Session manager terminated.
Project1.exe: 0000351C: 15:29:02 [TUniServerModule]:Server Shutdown Completed.
Project1.exe: 0000351C: 15:29:02 []:<-------------------------------------------------------------->
Project1.exe: 0000351C: 15:29:02 [Terminated]:Exit Code: 0
Project1.exe: 00002E88: 15:30:12 []:>--------------------------------------------------------------<
Project1.exe: 00002E88: 15:30:12 [TUniServerModule]:Server First Init.
Project1.exe: 00002E88: 15:30:12 [TUniServerModule]:Starting HTTP Server on Port: 8077...
Project1.exe: 00002E88: 15:30:12 [TUniServerModule]:HTTP Server Started on Port: 8077
Project1.exe: 000021D4: 15:30:16 [127.0.0.1]:EUniSessionException : Invalid session or session Timeout. (Session not found: pDHWXJfWik10859B677 ) : Addr: $0079A966
Project1.exe: 00002E88: 15:36:47 [TUniServerModule]:Shutting Down Server.
Project1.exe: 00002E88: 15:36:47 [TUniServerModule]:Stopping HTTP Server.
Project1.exe: 00002E88: 15:36:48 [TUniServerModule]:HTTP Server Stopped.
Project1.exe: 00002E88: 15:36:48 [TUniGUISessionManager]:Terminating Session manager.
Project1.exe: 00002E88: 15:36:48 [TUniGUISessionManager]:Stopping Cache Eraser...
Project1.exe: 00002E88: 15:36:48 [TUniGUISessionManager]:Cache Eraser Stopped.
Project1.exe: 00002E88: 15:36:48 [TUniGUISessionManager]:Destroying Worker Threads.
Project1.exe: 00002E88: 15:36:48 [TUniGUISessionManager]:Session manager terminated.
Project1.exe: 00002E88: 15:36:48 [TUniServerModule]:Server Shutdown Completed.
Project1.exe: 00002E88: 15:36:48 []:<-------------------------------------------------------------->
Project1.exe: 00002E88: 15:36:48 [Terminated]:Exit Code: 0
Project1.exe: 00003498: 15:37:43 []:>--------------------------------------------------------------<
Project1.exe: 00003498: 15:37:43 [TUniServerModule]:Server First Init.
Project1.exe: 00003498: 15:37:43 [TUniServerModule]:Starting HTTP Server on Port: 8077...
Project1.exe: 00003498: 15:37:43 [TUniServerModule]:HTTP Server Started on Port: 8077
Project1.exe: 000035D8: 15:37:49 [127.0.0.1]:EUniSessionException : Invalid session or session Timeout. (Session not found: v3W836B1dE10859B719 ) : Addr: $0079A966
Project1.exe: 00003498: 15:39:42 [TUniServerModule]:Shutting Down Server.
Project1.exe: 00003498: 15:39:42 [TUniServerModule]:Stopping HTTP Server.
Project1.exe: 00003498: 15:39:43 [TUniServerModule]:HTTP Server Stopped.
Project1.exe: 00003498: 15:39:43 [TUniGUISessionManager]:Terminating Session manager.
Project1.exe: 00003498: 15:39:43 [TUniGUISessionManager]:Stopping Cache Eraser...
Project1.exe: 00003498: 15:39:43 [TUniGUISessionManager]:Cache Eraser Stopped.
Project1.exe: 00003498: 15:39:43 [TUniGUISessionManager]:Destroying Worker Threads.
Project1.exe: 00003498: 15:39:43 [TUniGUISessionManager]:Session manager terminated.
Project1.exe: 00003498: 15:39:43 [TUniServerModule]:Server Shutdown Completed.
Project1.exe: 00003498: 15:39:43 []:<-------------------------------------------------------------->
Project1.exe: 00003498: 15:39:43 [Terminated]:Exit Code: 0
Project1.exe: 0000244C: 15:39:46 []:>--------------------------------------------------------------<
Project1.exe: 0000244C: 15:39:46 [TUniServerModule]:Server First Init.
Project1.exe: 0000244C: 15:39:46 [TUniServerModule]:Starting HTTP Server on Port: 8077...
Project1.exe: 0000244C: 15:39:46 [TUniServerModule]:HTTP Server Started on Port: 8077
Project1.exe: 0000244C: 15:47:53 [TUniServerModule]:Shutting Down Server.
Project1.exe: 0000244C: 15:47:55 [TUniServerModule]:Stopping HTTP Server.
Project1.exe: 0000244C: 15:47:56 [TUniServerModule]:HTTP Server Stopped.
Project1.exe: 0000244C: 15:47:56 [TUniGUISessionManager]:Terminating Session manager.
Project1.exe: 0000244C: 15:47:56 [TUniGUISessionManager]:Stopping Cache Eraser...
Project1.exe: 0000244C: 15:47:56 [TUniGUISessionManager]:Cache Eraser Stopped.
Project1.exe: 0000244C: 15:47:56 [TUniGUISessionManager]:Destroying Worker Threads.
Project1.exe: 0000244C: 15:47:56 [TUniGUISessionManager]:Session manager terminated.
Project1.exe: 0000244C: 15:47:56 [TUniServerModule]:Server Shutdown Completed.
Project1.exe: 0000244C: 15:47:56 []:<-------------------------------------------------------------->
Project1.exe: 0000244C: 15:47:56 [Terminated]:Exit Code: 0
Project1.exe: 00002B90: 15:48:19 []:>--------------------------------------------------------------<
Project1.exe: 00002B90: 15:48:19 [TUniServerModule]:Server First Init.
Project1.exe: 00002B90: 15:48:19 [TUniServerModule]:Starting HTTP Server on Port: 8077...
Project1.exe: 00002B90: 15:48:19 [TUniServerModule]:HTTP Server Started on Port: 8077
Project1.exe: 000033EC: 15:48:22 [127.0.0.1]:EUniSessionException : Invalid session or session Timeout. (Session not found: SAQe2xG2Wx10859B9B4 ) : Addr: $0079A966
Project1.exe: 00002298: 15:48:40 [127.0.0.1]:EMSSQLNativeException : [FireDAC][Phys][ODBC][Microsoft][SQL Server Native Client 11.0][SQL Server]El nombre de columna 'HoraCita' no es válido. : Addr: $0087FBD5
Project1.exe: 00002298: 15:48:52 [127.0.0.1]:EMSSQLNativeException : [FireDAC][Phys][ODBC][Microsoft][SQL Server Native Client 11.0][SQL Server]El nombre de columna 'HoraCita' no es válido. : Addr: $0087FBD5
Project1.exe: 00002B90: 15:49:46 [TUniServerModule]:Shutting Down Server.
Project1.exe: 00002B90: 15:49:46 [TUniServerModule]:Stopping HTTP Server.
Project1.exe: 00002B90: 15:49:47 [TUniServerModule]:HTTP Server Stopped.
Project1.exe: 00002B90: 15:49:47 [TUniGUISessionManager]:Terminating Session manager.
Project1.exe: 00002B90: 15:49:47 [TUniGUISessionManager]:Stopping Cache Eraser...
Project1.exe: 00002B90: 15:49:47 [TUniGUISessionManager]:Cache Eraser Stopped.
Project1.exe: 00002B90: 15:49:48 [TUniGUISessionManager]:Destroying Worker Threads.
Project1.exe: 00002B90: 15:49:48 [TUniGUISessionManager]:Session manager terminated.
Project1.exe: 00002B90: 15:49:48 [TUniServerModule]:Server Shutdown Completed.
Project1.exe: 00002B90: 15:49:48 []:<-------------------------------------------------------------->
Project1.exe: 00002B90: 15:49:48 [Terminated]:Exit Code: 0
Project1.exe: 00003588: 15:49:52 []:>--------------------------------------------------------------<
Project1.exe: 00003588: 15:49:52 [TUniServerModule]:Server First Init.
Project1.exe: 00003588: 15:49:52 [TUniServerModule]:Starting HTTP Server on Port: 8077...
Project1.exe: 00003588: 15:49:52 [TUniServerModule]:HTTP Server Started on Port: 8077
Project1.exe: 00003588: 15:50:21 [TUniServerModule]:Shutting Down Server.
Project1.exe: 00003588: 15:50:21 [TUniServerModule]:Stopping HTTP Server.
Project1.exe: 00003588: 15:50:22 [TUniServerModule]:HTTP Server Stopped.
Project1.exe: 00003588: 15:50:22 [TUniGUISessionManager]:Terminating Session manager.
Project1.exe: 00003588: 15:50:22 [TUniGUISessionManager]:Stopping Cache Eraser...
Project1.exe: 00003588: 15:50:22 [TUniGUISessionManager]:Cache Eraser Stopped.
Project1.exe: 00003588: 15:50:22 [TUniGUISessionManager]:Destroying Worker Threads.
Project1.exe: 00003588: 15:50:22 [TUniGUISessionManager]:Session manager terminated.
Project1.exe: 00003588: 15:50:22 [TUniServerModule]:Server Shutdown Completed.
Project1.exe: 00003588: 15:50:22 []:<-------------------------------------------------------------->
Project1.exe: 00003588: 15:50:22 [Terminated]:Exit Code: 0
Project1.exe: 00001E40: 15:50:28 []:>--------------------------------------------------------------<
Project1.exe: 00001E40: 15:50:28 [TUniServerModule]:Server First Init.
Project1.exe: 00001E40: 15:50:28 [TUniServerModule]:Starting HTTP Server on Port: 8077...
Project1.exe: 00001E40: 15:50:28 [TUniServerModule]:HTTP Server Started on Port: 8077
Project1.exe: 00003BE8: 15:50:32 [127.0.0.1]:EUniSessionException : Invalid session or session Timeout. (Session not found: MfPgOQz9Ir10859BC03 ) : Addr: $0079A966
Project1.exe: 00002218: 15:50:50 [127.0.0.1]:EMSSQLNativeException : [FireDAC][Phys][ODBC][Microsoft][SQL Server Native Client 11.0][SQL Server]El nombre de columna 'Estado' no es válido. : Addr: $0087FBD5
Project1.exe: 00001E40: 15:51:32 [TUniServerModule]:Shutting Down Server.
Project1.exe: 00001E40: 15:51:32 [TUniServerModule]:Stopping HTTP Server.
Project1.exe: 00001E40: 15:51:33 [TUniServerModule]:HTTP Server Stopped.
Project1.exe: 00001E40: 15:51:33 [TUniGUISessionManager]:Terminating Session manager.
Project1.exe: 00001E40: 15:51:33 [TUniGUISessionManager]:Stopping Cache Eraser...
Project1.exe: 00001E40: 15:51:33 [TUniGUISessionManager]:Cache Eraser Stopped.
Project1.exe: 00001E40: 15:51:33 [TUniGUISessionManager]:Destroying Worker Threads.
Project1.exe: 00001E40: 15:51:33 [TUniGUISessionManager]:Session manager terminated.
Project1.exe: 00001E40: 15:51:33 [TUniServerModule]:Server Shutdown Completed.
Project1.exe: 00001E40: 15:51:33 []:<-------------------------------------------------------------->
Project1.exe: 00001E40: 15:51:33 [Terminated]:Exit Code: 0
Project1.exe: 00003DC8: 15:51:39 []:>--------------------------------------------------------------<
Project1.exe: 00003DC8: 15:51:39 [TUniServerModule]:Server First Init.
Project1.exe: 00003DC8: 15:51:39 [TUniServerModule]:Starting HTTP Server on Port: 8077...
Project1.exe: 00003DC8: 15:51:39 [TUniServerModule]:HTTP Server Started on Port: 8077
Project1.exe: 00003DC8: 15:51:50 [TUniServerModule]:Shutting Down Server.
Project1.exe: 00003DC8: 15:51:50 [TUniServerModule]:Stopping HTTP Server.
Project1.exe: 00003DC8: 15:51:50 [TUniServerModule]:HTTP Server Stopped.
Project1.exe: 00003DC8: 15:51:50 [TUniGUISessionManager]:Terminating Session manager.
Project1.exe: 00003DC8: 15:51:50 [TUniGUISessionManager]:Stopping Cache Eraser...
Project1.exe: 00003DC8: 15:51:50 [TUniGUISessionManager]:Cache Eraser Stopped.
Project1.exe: 00003DC8: 15:51:50 [TUniGUISessionManager]:Destroying Worker Threads.
Project1.exe: 00003DC8: 15:51:50 [TUniGUISessionManager]:Session manager terminated.
Project1.exe: 00003DC8: 15:51:51 [TUniServerModule]:Server Shutdown Completed.
Project1.exe: 00003DC8: 15:51:51 []:<-------------------------------------------------------------->
Project1.exe: 00003DC8: 15:51:51 [Terminated]:Exit Code: 0
Project1.exe: 00003C44: 15:51:55 []:>--------------------------------------------------------------<
Project1.exe: 00003C44: 15:51:55 [TUniServerModule]:Server First Init.
Project1.exe: 00003C44: 15:51:55 [TUniServerModule]:Starting HTTP Server on Port: 8077...
Project1.exe: 00003C44: 15:51:55 [TUniServerModule]:HTTP Server Started on Port: 8077
Project1.exe: 000016D8: 15:51:59 [127.0.0.1]:EUniSessionException : Invalid session or session Timeout. (Session not found: fL6YypvZqU10859BC98 ) : Addr: $0079A966
Project1.exe: 000016D8: 15:52:17 [127.0.0.1]:EFDException : [FireDAC][DApt]-400. Update command updated [0] instead of [1] record. Possible reasons: update table does not have PK or row identifier, record has been changed/deleted by another user : Addr: $007DEFC8
Project1.exe: 000016D8: 15:53:04 [127.0.0.1]:EFDException : [FireDAC][DApt]-400. Update command updated [0] instead of [1] record. Possible reasons: update table does not have PK or row identifier, record has been changed/deleted by another user : Addr: $007DEFC8
Project1.exe: 00003C44: 15:53:52 [TUniServerModule]:Shutting Down Server.
Project1.exe: 00003C44: 15:53:54 [TUniServerModule]:Stopping HTTP Server.
Project1.exe: 00003C44: 15:53:55 [TUniServerModule]:HTTP Server Stopped.
Project1.exe: 00003C44: 15:53:55 [TUniGUISessionManager]:Terminating Session manager.
Project1.exe: 00003C44: 15:53:55 [TUniGUISessionManager]:Stopping Cache Eraser...
Project1.exe: 00003C44: 15:53:55 [TUniGUISessionManager]:Cache Eraser Stopped.
Project1.exe: 00003C44: 15:53:55 [TUniGUISessionManager]:Destroying Worker Threads.
Project1.exe: 00003C44: 15:53:55 [TUniGUISessionManager]:Session manager terminated.
Project1.exe: 00003C44: 15:53:55 [TUniServerModule]:Server Shutdown Completed.
Project1.exe: 00003C44: 15:53:55 []:<-------------------------------------------------------------->
Project1.exe: 00003C44: 15:53:55 [Terminated]:Exit Code: 0
Project1.exe: 00002E88: 15:54:00 []:>--------------------------------------------------------------<
Project1.exe: 00002E88: 15:54:00 [TUniServerModule]:Server First Init.
Project1.exe: 00002E88: 15:54:00 [TUniServerModule]:Starting HTTP Server on Port: 8077...
Project1.exe: 00002E88: 15:54:00 [TUniServerModule]:HTTP Server Started on Port: 8077
Project1.exe: 00001738: 15:54:07 [127.0.0.1]:EUniSessionException : Invalid session or session Timeout. (Session not found: LYZ4lj9ZiE10859BCFD ) : Addr: $0079A966
