Project1.exe: 000021D8: 11:15:11 []:>--------------------------------------------------------------<
Project1.exe: 000021D8: 11:15:11 [TUniServerModule]:Server First Init.
Project1.exe: 000021D8: 11:15:11 [TUniServerModule]:Starting HTTP Server on Port: 8080...
Project1.exe: 000021D8: 11:15:11 [TUniServerModule]:HTTP Server Started on Port: 8080
Project1.exe: 000021D8: 11:17:31 [TUniServerModule]:Shutting Down Server.
Project1.exe: 000021D8: 11:17:31 [TUniServerModule]:Stopping HTTP Server.
Project1.exe: 000021D8: 11:17:32 [TUniServerModule]:HTTP Server Stopped.
Project1.exe: 000021D8: 11:17:32 [TUniGUISessionManager]:Terminating Session manager.
Project1.exe: 000021D8: 11:17:32 [TUniGUISessionManager]:Stopping Cache Eraser...
Project1.exe: 000021D8: 11:17:32 [TUniGUISessionManager]:Cache Eraser Stopped.
Project1.exe: 000021D8: 11:17:32 [TUniGUISessionManager]:Destroying Worker Threads.
Project1.exe: 000021D8: 11:17:32 [TUniGUISessionManager]:Session manager terminated.
Project1.exe: 000021D8: 11:17:32 [TUniServerModule]:Server Shutdown Completed.
Project1.exe: 000021D8: 11:17:32 []:<-------------------------------------------------------------->
Project1.exe: 000021D8: 11:17:32 [Terminated]:Exit Code: 0
Project1.exe: 000021F0: 11:22:21 []:>--------------------------------------------------------------<
Project1.exe: 000021F0: 11:22:21 [TUniServerModule]:Server First Init.
Project1.exe: 000021F0: 11:22:21 [TUniServerModule]:Starting HTTP Server on Port: 8080...
Project1.exe: 000021F0: 11:22:21 [TUniServerModule]:HTTP Server Started on Port: 8080
Project1.exe: 00001D24: 11:22:21 [127.0.0.1]:EUniSessionException : Invalid session or session Timeout. (Session not found: zHkTNutlK9108AD5E51 ) : Addr: $0079A966
Project1.exe: 000021F0: 11:25:28 [TUniServerModule]:Shutting Down Server.
Project1.exe: 000021F0: 11:25:28 [TUniServerModule]:Stopping HTTP Server.
Project1.exe: 000021F0: 11:25:29 [TUniServerModule]:HTTP Server Stopped.
Project1.exe: 000021F0: 11:25:29 [TUniGUISessionManager]:Terminating Session manager.
Project1.exe: 000021F0: 11:25:29 [TUniGUISessionManager]:Stopping Cache Eraser...
Project1.exe: 000021F0: 11:25:29 [TUniGUISessionManager]:Cache Eraser Stopped.
Project1.exe: 000021F0: 11:25:29 [TUniGUISessionManager]:Destroying Worker Threads.
Project1.exe: 000021F0: 11:25:29 [TUniGUISessionManager]:Session manager terminated.
Project1.exe: 000021F0: 11:25:29 [TUniServerModule]:Server Shutdown Completed.
Project1.exe: 000021F0: 11:25:29 []:<-------------------------------------------------------------->
Project1.exe: 000021F0: 11:25:29 [Terminated]:Exit Code: 0
Project1.exe: 00001174: 11:25:37 []:>--------------------------------------------------------------<
Project1.exe: 00001174: 11:25:37 [TUniServerModule]:Server First Init.
Project1.exe: 00001174: 11:25:37 [TUniServerModule]:Starting HTTP Server on Port: 8080...
Project1.exe: 00001174: 11:25:37 [TUniServerModule]:HTTP Server Started on Port: 8080
Project1.exe: 00002960: 11:25:39 [127.0.0.1]:EUniSessionException : Invalid session or session Timeout. (Session not found: mw73LMe5tG108AD603B ) : Addr: $0079A966
Project1.exe: 00001174: 11:41:29 [TUniServerModule]:Shutting Down Server.
Project1.exe: 00001174: 11:41:29 [TUniServerModule]:Stopping HTTP Server.
Project1.exe: 00001174: 11:41:30 [TUniServerModule]:HTTP Server Stopped.
Project1.exe: 00001174: 11:41:30 [TUniGUISessionManager]:Terminating Session manager.
Project1.exe: 00001174: 11:41:30 [TUniGUISessionManager]:Stopping Cache Eraser...
Project1.exe: 00001174: 11:41:30 [TUniGUISessionManager]:Cache Eraser Stopped.
Project1.exe: 00001174: 11:41:30 [TUniGUISessionManager]:Destroying Worker Threads.
Project1.exe: 00001174: 11:41:30 [TUniGUISessionManager]:Session manager terminated.
Project1.exe: 00001174: 11:41:30 [TUniServerModule]:Server Shutdown Completed.
Project1.exe: 00001174: 11:41:30 []:<-------------------------------------------------------------->
Project1.exe: 00001174: 11:41:30 [Terminated]:Exit Code: 0
Project1.exe: 0000325C: 11:45:07 []:>--------------------------------------------------------------<
Project1.exe: 0000325C: 11:45:07 [TUniServerModule]:Server First Init.
Project1.exe: 0000325C: 11:45:07 [TUniServerModule]:Starting HTTP Server on Port: 8080...
Project1.exe: 0000325C: 11:45:07 [TUniServerModule]:HTTP Server Started on Port: 8080
Project1.exe: 0000306C: 11:45:12 [127.0.0.1]:EUniSessionException : Invalid session or session Timeout. (Session not found: 8eevj1Yp9K108AD611F ) : Addr: $0079A966
Project1.exe: 0000325C: 11:58:21 [TUniServerModule]:Shutting Down Server.
Project1.exe: 0000325C: 11:58:21 [TUniServerModule]:Stopping HTTP Server.
Project1.exe: 0000325C: 11:58:22 [TUniServerModule]:HTTP Server Stopped.
Project1.exe: 0000325C: 11:58:22 [TUniGUISessionManager]:Terminating Session manager.
Project1.exe: 0000325C: 11:58:22 [TUniGUISessionManager]:Stopping Cache Eraser...
Project1.exe: 0000325C: 11:58:22 [TUniGUISessionManager]:Cache Eraser Stopped.
Project1.exe: 0000325C: 11:58:22 [TUniGUISessionManager]:Destroying Worker Threads.
Project1.exe: 0000325C: 11:58:22 [TUniGUISessionManager]:Session manager terminated.
Project1.exe: 0000325C: 11:58:22 [TUniServerModule]:Server Shutdown Completed.
Project1.exe: 0000325C: 11:58:22 []:<-------------------------------------------------------------->
Project1.exe: 0000325C: 11:58:22 [Terminated]:Exit Code: 0
