Project1.exe: 000021B4: 09:24:45 [127.0.0.1]:EUniSessionException : Invalid session or session Timeout. (Session not found: WNbolh9TD310842D7A3 ) : Addr: $0079242E
Project1.exe: 00000AAC: 10:07:23 [TUniServerModule]:Shutting Down Server.
Project1.exe: 00000AAC: 10:07:23 [TUniServerModule]:Stopping HTTP Server.
Project1.exe: 00000AAC: 10:07:23 [TUniServerModule]:HTTP Server Stopped.
Project1.exe: 00000AAC: 10:07:23 [TUniGUISessionManager]:Terminating Session manager.
Project1.exe: 00000AAC: 10:07:23 [TUniGUISessionManager]:Stopping Cache Eraser...
Project1.exe: 00000AAC: 10:07:23 [TUniGUISessionManager]:Cache Eraser Stopped.
Project1.exe: 00000AAC: 10:07:23 [TUniGUISessionManager]:Destroying Worker Threads.
Project1.exe: 00000AAC: 10:07:23 [TUniGUISessionManager]:Session manager terminated.
Project1.exe: 00000AAC: 10:07:23 [TUniServerModule]:Server Shutdown Completed.
Project1.exe: 00000AAC: 10:07:23 []:<-------------------------------------------------------------->
Project1.exe: 00000AAC: 10:07:23 [Terminated]:Exit Code: 0
Project1.exe: 00002CD4: 10:07:46 []:>--------------------------------------------------------------<
Project1.exe: 00002CD4: 10:07:46 [TUniServerModule]:Server First Init.
Project1.exe: 00002CD4: 10:07:47 [TUniServerModule]:Starting HTTP Server on Port: 8077...
Project1.exe: 00002CD4: 10:07:47 [TUniServerModule]:HTTP Server Started on Port: 8077
Project1.exe: 00003524: 10:08:11 [127.0.0.1]:EMSSQLNativeException : [FireDAC][Phys][ODBC][Microsoft][SQL Server Native Client 11.0]SQL Server Network Interfaces: Error Locating Server/Instance Specified [xFFFFFFFF].  : Addr: $0085DC22
Project1.exe: 00000BDC: 10:08:42 [127.0.0.1]:EMSSQLNativeException : [FireDAC][Phys][ODBC][Microsoft][SQL Server Native Client 11.0]SQL Server Network Interfaces: Error Locating Server/Instance Specified [xFFFFFFFF].  : Addr: $0085DC22
Project1.exe: 00002920: 10:08:42 [127.0.0.1]:EMSSQLNativeException : [FireDAC][Phys][ODBC][Microsoft][SQL Server Native Client 11.0]SQL Server Network Interfaces: Error Locating Server/Instance Specified [xFFFFFFFF].  : Addr: $0085DC22
Project1.exe: 00002958: 10:08:42 [HandleFileRequest[127.0.0.1]]:File not found: C:\Users\Desarrollo\Documents\Embarcadero\Studio\Projects\SinsaERP\Win32\Debug\favicon.ico
Project1.exe: 00003454: 10:08:42 [HandleFileRequest[127.0.0.1]]:File not found: C:\Users\Desarrollo\Documents\Embarcadero\Studio\Projects\SinsaERP\Win32\Debug\favicon.ico
Project1.exe: 0000373C: 10:15:56 [[FireDAC][Phys][ODBC][Microsoft][SQL Server Native Client 11.0][SQL Server]El nombre de objeto 'etnias' no es válido.-127.0.0.1]:EMSSQLNativeException : [FireDAC][Phys][ODBC][Microsoft][SQL Server Native Client 11.0][SQL Server]El nombre de objeto 'etnias' no es válido. : Addr: $0087769D
Project1.exe: 00002CD4: 10:24:42 [TUniServerModule]:Shutting Down Server.
Project1.exe: 00002CD4: 10:24:42 [TUniServerModule]:Stopping HTTP Server.
Project1.exe: 00002CD4: 10:24:43 [TUniServerModule]:HTTP Server Stopped.
Project1.exe: 00002CD4: 10:24:43 [TUniGUISessionManager]:Terminating Session manager.
Project1.exe: 00002CD4: 10:24:43 [TUniGUISessionManager]:Stopping Cache Eraser...
Project1.exe: 00002CD4: 10:24:43 [TUniGUISessionManager]:Cache Eraser Stopped.
Project1.exe: 00002CD4: 10:24:43 [TUniGUISessionManager]:Destroying Worker Threads.
Project1.exe: 00002CD4: 10:24:43 [TUniGUISessionManager]:Session manager terminated.
Project1.exe: 00002CD4: 10:24:43 [TUniServerModule]:Server Shutdown Completed.
Project1.exe: 00002CD4: 10:24:43 []:<-------------------------------------------------------------->
Project1.exe: 00002CD4: 10:24:43 [Terminated]:Exit Code: 0
Project1.exe: 000030D0: 10:25:32 []:>--------------------------------------------------------------<
Project1.exe: 000030D0: 10:25:32 [TUniServerModule]:Server First Init.
Project1.exe: 000030D0: 10:25:32 [TUniServerModule]:Debug Mode = ON
Project1.exe: 000030D0: 10:25:33 [TUniServerModule]:Starting HTTP Server on Port: 8077...
Project1.exe: 000030D0: 10:25:33 [TUniServerModule]:HTTP Server Started on Port: 8077
Project1.exe: 00003588: 10:26:24 [[FireDAC][Phys][ODBC][Microsoft][SQL Server Native Client 11.0][SQL Server]El nombre de objeto 'citasservicio' no es válido.-127.0.0.1]:EMSSQLNativeException : [FireDAC][Phys][ODBC][Microsoft][SQL Server Native Client 11.0][SQL Server]El nombre de objeto 'citasservicio' no es válido. : Addr: $0087769D
Project1.exe: 00002F9C: 10:26:56 [[FireDAC][Phys][ODBC][Microsoft][SQL Server Native Client 11.0][SQL Server]El nombre de objeto 'etnias' no es válido.-127.0.0.1]:EMSSQLNativeException : [FireDAC][Phys][ODBC][Microsoft][SQL Server Native Client 11.0][SQL Server]El nombre de objeto 'etnias' no es válido. : Addr: $0087769D
Project1.exe: 000007AC: 10:27:22 [[FireDAC][Phys][ODBC][Microsoft][SQL Server Native Client 11.0][SQL Server]El nombre de objeto 'citasservicio' no es válido.-127.0.0.1]:EMSSQLNativeException : [FireDAC][Phys][ODBC][Microsoft][SQL Server Native Client 11.0][SQL Server]El nombre de objeto 'citasservicio' no es válido. : Addr: $0087769D
Project1.exe: 000034D8: 10:27:31 []:>--------------------------------------------------------------<
Project1.exe: 000034D8: 10:27:31 [TUniServerModule]:Server First Init.
Project1.exe: 000034D8: 10:27:31 [TUniServerModule]:Global Cache Folder Erased. <13> Files deleted.
Project1.exe: 000034D8: 10:27:31 [TUniServerModule]:Starting HTTP Server on Port: 8077...
Project1.exe: 000034D8: 10:27:31 [TUniServerModule]:HTTP Server Started on Port: 8077
Project1.exe: 00002070: 10:27:37 [127.0.0.1]:EUniSessionException : Invalid session or session Timeout. (Session not found: XmH9zqgUEJ108458E56 ) : Addr: $0079242E
Project1.exe: 00002070: 10:27:37 [127.0.0.1]:EUniSessionException : Invalid session or session Timeout. (Session not found: XmH9zqgUEJ108458E56 ) : Addr: $0079242E
Project1.exe: 00002070: 10:27:37 [127.0.0.1]:EUniSessionException : Invalid session or session Timeout. (Session not found: XmH9zqgUEJ108458E56 ) : Addr: $0079242E
Project1.exe: 00002070: 10:27:37 [127.0.0.1]:EUniSessionException : Invalid session or session Timeout. (Session not found: XmH9zqgUEJ108458E56 ) : Addr: $0079242E
Project1.exe: 000034D8: 11:08:14 [TUniServerModule]:Shutting Down Server.
Project1.exe: 000034D8: 11:08:14 [TUniServerModule]:Stopping HTTP Server.
Project1.exe: 000034D8: 11:08:14 [TUniServerModule]:HTTP Server Stopped.
Project1.exe: 000034D8: 11:08:14 [TUniGUISessionManager]:Terminating Session manager.
Project1.exe: 000034D8: 11:08:14 [TUniGUISessionManager]:Stopping Cache Eraser...
Project1.exe: 000034D8: 11:08:14 [TUniGUISessionManager]:Cache Eraser Stopped.
Project1.exe: 000034D8: 11:08:14 [TUniGUISessionManager]:Destroying Worker Threads.
Project1.exe: 000034D8: 11:08:14 [TUniGUISessionManager]:Session manager terminated.
Project1.exe: 000034D8: 11:08:14 [TUniServerModule]:Server Shutdown Completed.
Project1.exe: 000034D8: 11:08:14 []:<-------------------------------------------------------------->
Project1.exe: 000034D8: 11:08:14 [Terminated]:Exit Code: 0
Project1.exe: 000033B0: 11:08:18 []:>--------------------------------------------------------------<
Project1.exe: 000033B0: 11:08:18 [TUniServerModule]:Server First Init.
Project1.exe: 000033B0: 11:08:18 [TUniServerModule]:Starting HTTP Server on Port: 8077...
Project1.exe: 000033B0: 11:08:18 [TUniServerModule]:HTTP Server Started on Port: 8077
Project1.exe: 000035F8: 11:08:26 [127.0.0.1]:EUniSessionException : Invalid session or session Timeout. (Session not found: Mz71Ci1SYK108458EE2 ) : Addr: $0079242E
Project1.exe: 00000AE4: 11:09:32 [Query: Parameter 'Paciente' not found-127.0.0.1]:EDatabaseError : Query: Parameter 'Paciente' not found : Addr: $0065F252
Project1.exe: 000033B0: 11:09:55 [TUniServerModule]:Shutting Down Server.
Project1.exe: 000033B0: 11:09:55 [TUniServerModule]:Stopping HTTP Server.
Project1.exe: 000033B0: 11:09:56 [TUniServerModule]:HTTP Server Stopped.
Project1.exe: 000033B0: 11:09:56 [TUniGUISessionManager]:Terminating Session manager.
Project1.exe: 000033B0: 11:09:56 [TUniGUISessionManager]:Stopping Cache Eraser...
Project1.exe: 000033B0: 11:09:56 [TUniGUISessionManager]:Cache Eraser Stopped.
Project1.exe: 000033B0: 11:09:56 [TUniGUISessionManager]:Destroying Worker Threads.
Project1.exe: 000033B0: 11:09:56 [TUniGUISessionManager]:Session manager terminated.
Project1.exe: 000033B0: 11:09:56 [TUniServerModule]:Server Shutdown Completed.
Project1.exe: 000033B0: 11:09:56 []:<-------------------------------------------------------------->
Project1.exe: 000033B0: 11:09:56 [Terminated]:Exit Code: 0
Project1.exe: 00000E4C: 11:10:00 []:>--------------------------------------------------------------<
Project1.exe: 00000E4C: 11:10:00 [TUniServerModule]:Server First Init.
Project1.exe: 00000E4C: 11:10:00 [TUniServerModule]:Starting HTTP Server on Port: 8077...
Project1.exe: 00000E4C: 11:10:00 [TUniServerModule]:HTTP Server Started on Port: 8077
Project1.exe: 00003688: 11:10:08 [127.0.0.1]:EUniSessionException : Invalid session or session Timeout. (Session not found: kEBRqIhvEk1084599F3 ) : Addr: $0079242E
Project1.exe: 00000E4C: 11:25:05 [TUniServerModule]:Shutting Down Server.
Project1.exe: 00000E4C: 11:25:05 [TUniServerModule]:Stopping HTTP Server.
Project1.exe: 00000E4C: 11:25:05 [TUniServerModule]:HTTP Server Stopped.
Project1.exe: 00000E4C: 11:25:05 [TUniGUISessionManager]:Terminating Session manager.
Project1.exe: 00000E4C: 11:25:05 [TUniGUISessionManager]:Stopping Cache Eraser...
Project1.exe: 00000E4C: 11:25:05 [TUniGUISessionManager]:Cache Eraser Stopped.
Project1.exe: 00000E4C: 11:25:05 [TUniGUISessionManager]:Destroying Worker Threads.
Project1.exe: 00000E4C: 11:25:05 [TUniGUISessionManager]:Session manager terminated.
Project1.exe: 00000E4C: 11:25:05 [TUniServerModule]:Server Shutdown Completed.
Project1.exe: 00000E4C: 11:25:05 []:<-------------------------------------------------------------->
Project1.exe: 00000E4C: 11:25:05 [Terminated]:Exit Code: 0
Project1.exe: 00000D4C: 11:25:08 []:>--------------------------------------------------------------<
Project1.exe: 00000D4C: 11:25:08 [TUniServerModule]:Server First Init.
Project1.exe: 00000D4C: 11:25:08 [TUniServerModule]:Starting HTTP Server on Port: 8077...
Project1.exe: 00000D4C: 11:25:08 [TUniServerModule]:HTTP Server Started on Port: 8077
Project1.exe: 000027A8: 11:25:17 [127.0.0.1]:EUniSessionException : Invalid session or session Timeout. (Session not found: SsTCKDyDlc108459A68 ) : Addr: $0079242E
Project1.exe: 00002A58: 11:29:50 [127.0.0.1]:EDatabaseError : Query: Field '' not found : Addr: $0065F252
Project1.exe: 00000D4C: 11:31:56 [TUniServerModule]:Shutting Down Server.
Project1.exe: 00000D4C: 11:31:56 [TUniServerModule]:Stopping HTTP Server.
Project1.exe: 00000D4C: 11:31:57 [TUniServerModule]:HTTP Server Stopped.
Project1.exe: 00000D4C: 11:31:57 [TUniGUISessionManager]:Terminating Session manager.
Project1.exe: 00000D4C: 11:31:57 [TUniGUISessionManager]:Stopping Cache Eraser...
Project1.exe: 00000D4C: 11:31:57 [TUniGUISessionManager]:Cache Eraser Stopped.
Project1.exe: 00000D4C: 11:31:57 [TUniGUISessionManager]:Destroying Worker Threads.
Project1.exe: 00000D4C: 11:31:57 [TUniGUISessionManager]:Session manager terminated.
Project1.exe: 00000D4C: 11:31:58 [TUniServerModule]:Server Shutdown Completed.
Project1.exe: 00000D4C: 11:31:58 []:<-------------------------------------------------------------->
Project1.exe: 00000D4C: 11:31:58 [Terminated]:Exit Code: 0
Project1.exe: 00000E4C: 11:32:00 []:>--------------------------------------------------------------<
Project1.exe: 00000E4C: 11:32:00 [TUniServerModule]:Server First Init.
Project1.exe: 00000E4C: 11:32:00 [TUniServerModule]:Starting HTTP Server on Port: 8077...
Project1.exe: 00000E4C: 11:32:00 [TUniServerModule]:HTTP Server Started on Port: 8077
Project1.exe: 00003594: 11:32:54 [127.0.0.1]:EUniSessionException : Invalid session or session Timeout. (Session not found: i7zZeIojvb1084589E7 ) : Addr: $0079242E
Project1.exe: 00000E4C: 11:37:03 [TUniServerModule]:Shutting Down Server.
Project1.exe: 00000E4C: 11:37:03 [TUniServerModule]:Stopping HTTP Server.
Project1.exe: 00000E4C: 11:37:04 [TUniServerModule]:HTTP Server Stopped.
Project1.exe: 00000E4C: 11:37:04 [TUniGUISessionManager]:Terminating Session manager.
Project1.exe: 00000E4C: 11:37:04 [TUniGUISessionManager]:Stopping Cache Eraser...
Project1.exe: 00000E4C: 11:37:04 [TUniGUISessionManager]:Cache Eraser Stopped.
Project1.exe: 00000E4C: 11:37:04 [TUniGUISessionManager]:Destroying Worker Threads.
Project1.exe: 00000E4C: 11:37:04 [TUniGUISessionManager]:Session manager terminated.
Project1.exe: 00000E4C: 11:37:04 [TUniServerModule]:Server Shutdown Completed.
Project1.exe: 00000E4C: 11:37:04 []:<-------------------------------------------------------------->
Project1.exe: 00000E4C: 11:37:04 [Terminated]:Exit Code: 0
Project1.exe: 00002E1C: 11:37:09 []:>--------------------------------------------------------------<
Project1.exe: 00002E1C: 11:37:09 [TUniServerModule]:Server First Init.
Project1.exe: 00002E1C: 11:37:09 [TUniServerModule]:Starting HTTP Server on Port: 8077...
Project1.exe: 00002E1C: 11:37:09 [TUniServerModule]:HTTP Server Started on Port: 8077
Project1.exe: 000031B0: 11:37:19 [127.0.0.1]:EUniSessionException : Invalid session or session Timeout. (Session not found: m62DQ8bivF108459E85 ) : Addr: $0079242E
Project1.exe: 00002E1C: 11:43:02 [TUniServerModule]:Shutting Down Server.
Project1.exe: 00002E1C: 11:43:02 [TUniServerModule]:Stopping HTTP Server.
Project1.exe: 00002E1C: 11:43:03 [TUniServerModule]:HTTP Server Stopped.
Project1.exe: 00002E1C: 11:43:03 [TUniGUISessionManager]:Terminating Session manager.
Project1.exe: 00002E1C: 11:43:03 [TUniGUISessionManager]:Stopping Cache Eraser...
Project1.exe: 00002E1C: 11:43:03 [TUniGUISessionManager]:Cache Eraser Stopped.
Project1.exe: 00002E1C: 11:43:03 [TUniGUISessionManager]:Destroying Worker Threads.
Project1.exe: 00002E1C: 11:43:03 [TUniGUISessionManager]:Session manager terminated.
Project1.exe: 00002E1C: 11:43:03 [TUniServerModule]:Server Shutdown Completed.
Project1.exe: 00002E1C: 11:43:03 []:<-------------------------------------------------------------->
Project1.exe: 00002E1C: 11:43:03 [Terminated]:Exit Code: 0
Project1.exe: 00001280: 11:43:16 []:>--------------------------------------------------------------<
Project1.exe: 00001280: 11:43:16 [TUniServerModule]:Server First Init.
Project1.exe: 00001280: 11:43:16 [TUniServerModule]:Starting HTTP Server on Port: 8077...
Project1.exe: 00001280: 11:43:16 [TUniServerModule]:HTTP Server Started on Port: 8077
Project1.exe: 00003350: 11:43:28 [127.0.0.1]:EUniSessionException : Invalid session or session Timeout. (Session not found: PgjydVuGGu10845A1C9 ) : Addr: $0079242E
Project1.exe: 00001280: 12:03:16 [TUniServerModule]:Shutting Down Server.
Project1.exe: 00001280: 12:03:16 [TUniServerModule]:Stopping HTTP Server.
Project1.exe: 00001280: 12:03:17 [TUniServerModule]:HTTP Server Stopped.
Project1.exe: 00001280: 12:03:17 [TUniGUISessionManager]:Terminating Session manager.
Project1.exe: 00001280: 12:03:17 [TUniGUISessionManager]:Stopping Cache Eraser...
Project1.exe: 00001280: 12:03:17 [TUniGUISessionManager]:Cache Eraser Stopped.
Project1.exe: 00001280: 12:03:17 [TUniGUISessionManager]:Destroying Worker Threads.
Project1.exe: 00001280: 12:03:17 [TUniGUISessionManager]:Session manager terminated.
Project1.exe: 00001280: 12:03:17 [TUniServerModule]:Server Shutdown Completed.
Project1.exe: 00001280: 12:03:17 []:<-------------------------------------------------------------->
Project1.exe: 00001280: 12:03:17 [Terminated]:Exit Code: 0
Project1.exe: 000015AC: 12:03:40 []:>--------------------------------------------------------------<
Project1.exe: 000015AC: 12:03:40 [TUniServerModule]:Server First Init.
Project1.exe: 000015AC: 12:03:40 [TUniServerModule]:Starting HTTP Server on Port: 8077...
Project1.exe: 000015AC: 12:03:40 [TUniServerModule]:HTTP Server Started on Port: 8077
Project1.exe: 00001F98: 12:03:48 [127.0.0.1]:EUniSessionException : Invalid session or session Timeout. (Session not found: NiMDc3Ixc110845A378 ) : Addr: $0079242E
Project1.exe: 000015AC: 12:05:43 [TUniServerModule]:Shutting Down Server.
Project1.exe: 000015AC: 12:05:43 [TUniServerModule]:Stopping HTTP Server.
Project1.exe: 000015AC: 12:05:45 [TUniServerModule]:HTTP Server Stopped.
Project1.exe: 000015AC: 12:05:45 [TUniGUISessionManager]:Terminating Session manager.
Project1.exe: 000015AC: 12:05:45 [TUniGUISessionManager]:Stopping Cache Eraser...
Project1.exe: 000015AC: 12:05:45 [TUniGUISessionManager]:Cache Eraser Stopped.
Project1.exe: 000015AC: 12:05:45 [TUniGUISessionManager]:Destroying Worker Threads.
Project1.exe: 000015AC: 12:05:45 [TUniGUISessionManager]:Session manager terminated.
Project1.exe: 000015AC: 12:05:45 [TUniServerModule]:Server Shutdown Completed.
Project1.exe: 000015AC: 12:05:45 []:<-------------------------------------------------------------->
Project1.exe: 000015AC: 12:05:45 [Terminated]:Exit Code: 0
Project1.exe: 00003284: 12:05:47 []:>--------------------------------------------------------------<
Project1.exe: 00003284: 12:05:47 [TUniServerModule]:Server First Init.
Project1.exe: 00003284: 12:05:47 [TUniServerModule]:Starting HTTP Server on Port: 8077...
Project1.exe: 00003284: 12:05:47 [TUniServerModule]:HTTP Server Started on Port: 8077
Project1.exe: 00003744: 12:05:54 [127.0.0.1]:EUniSessionException : Invalid session or session Timeout. (Session not found: Oq83gq1ZzR10845A8F7 ) : Addr: $0079242E
Project1.exe: 00003284: 12:19:55 [TUniServerModule]:Shutting Down Server.
Project1.exe: 00003284: 12:19:55 [TUniServerModule]:Stopping HTTP Server.
Project1.exe: 00003284: 12:19:56 [TUniServerModule]:HTTP Server Stopped.
Project1.exe: 00003284: 12:19:56 [TUniGUISessionManager]:Terminating Session manager.
Project1.exe: 00003284: 12:19:56 [TUniGUISessionManager]:Stopping Cache Eraser...
Project1.exe: 00003284: 12:19:56 [TUniGUISessionManager]:Cache Eraser Stopped.
Project1.exe: 00003284: 12:19:56 [TUniGUISessionManager]:Destroying Worker Threads.
Project1.exe: 00003284: 12:19:56 [TUniGUISessionManager]:Session manager terminated.
Project1.exe: 00003284: 12:19:56 [TUniServerModule]:Server Shutdown Completed.
Project1.exe: 00003284: 12:19:56 []:<-------------------------------------------------------------->
Project1.exe: 00003284: 12:19:56 [Terminated]:Exit Code: 0
Project1.exe: 00001CFC: 12:20:34 []:>--------------------------------------------------------------<
Project1.exe: 00001CFC: 12:20:34 [TUniServerModule]:Server First Init.
Project1.exe: 00001CFC: 12:20:34 [TUniServerModule]:Starting HTTP Server on Port: 8077...
Project1.exe: 00001CFC: 12:20:34 [TUniServerModule]:HTTP Server Started on Port: 8077
Project1.exe: 00002628: 12:20:40 [127.0.0.1]:EUniSessionException : Invalid session or session Timeout. (Session not found: IIJpnmSS5y10845A98A ) : Addr: $0079242E
Project1.exe: 00003100: 12:21:26 [127.0.0.1]:EMSSQLNativeException : [FireDAC][Phys][ODBC][Microsoft][SQL Server Native Client 11.0][SQL Server]Sintaxis incorrecta cerca de ','. : Addr: $0087769D
Project1.exe: 000016D4: 12:21:26 [127.0.0.1]:EMSSQLNativeException : [FireDAC][Phys][ODBC][Microsoft][SQL Server Native Client 11.0][SQL Server]Sintaxis incorrecta cerca de ','. : Addr: $0087769D
Project1.exe: 000016D4: 12:21:38 [127.0.0.1]:EMSSQLNativeException : [FireDAC][Phys][ODBC][Microsoft][SQL Server Native Client 11.0][SQL Server]Sintaxis incorrecta cerca de ','. : Addr: $0087769D
Project1.exe: 000016D4: 12:21:39 [127.0.0.1]:EMSSQLNativeException : [FireDAC][Phys][ODBC][Microsoft][SQL Server Native Client 11.0][SQL Server]Sintaxis incorrecta cerca de ','. : Addr: $0087769D
Project1.exe: 00001CFC: 12:22:38 [TUniServerModule]:Shutting Down Server.
Project1.exe: 00001CFC: 12:22:38 [TUniServerModule]:Stopping HTTP Server.
Project1.exe: 00001CFC: 12:22:39 [TUniServerModule]:HTTP Server Stopped.
Project1.exe: 00001CFC: 12:22:39 [TUniGUISessionManager]:Terminating Session manager.
Project1.exe: 00001CFC: 12:22:39 [TUniGUISessionManager]:Stopping Cache Eraser...
Project1.exe: 00001CFC: 12:22:39 [TUniGUISessionManager]:Cache Eraser Stopped.
Project1.exe: 00001CFC: 12:22:39 [TUniGUISessionManager]:Destroying Worker Threads.
Project1.exe: 00001CFC: 12:22:39 [TUniGUISessionManager]:Session manager terminated.
Project1.exe: 00001CFC: 12:22:39 [TUniServerModule]:Server Shutdown Completed.
Project1.exe: 00001CFC: 12:22:39 []:<-------------------------------------------------------------->
Project1.exe: 00001CFC: 12:22:39 [Terminated]:Exit Code: 0
Project1.exe: 00001C60: 12:22:42 []:>--------------------------------------------------------------<
Project1.exe: 00001C60: 12:22:42 [TUniServerModule]:Server First Init.
Project1.exe: 00001C60: 12:22:42 [TUniServerModule]:Starting HTTP Server on Port: 8077...
Project1.exe: 00001C60: 12:22:42 [TUniServerModule]:HTTP Server Started on Port: 8077
Project1.exe: 00001548: 12:22:50 [127.0.0.1]:EUniSessionException : Invalid session or session Timeout. (Session not found: 1csqkITeRm10845AD8B ) : Addr: $0079242E
Project1.exe: 00001548: 12:25:17 [127.0.0.1]:EMSSQLNativeException : [FireDAC][Phys][ODBC][Microsoft][SQL Server Native Client 11.0][SQL Server]Sintaxis incorrecta cerca de ','. : Addr: $0087769D
Project1.exe: 000024CC: 12:25:17 [127.0.0.1]:EMSSQLNativeException : [FireDAC][Phys][ODBC][Microsoft][SQL Server Native Client 11.0][SQL Server]Sintaxis incorrecta cerca de ','. : Addr: $0087769D
Project1.exe: 000035B4: 12:29:09 [127.0.0.1]:EMSSQLNativeException : [FireDAC][Phys][ODBC][Microsoft][SQL Server Native Client 11.0][SQL Server]Sintaxis incorrecta cerca de ','. : Addr: $0087769D
Project1.exe: 000035B4: 12:29:10 [127.0.0.1]:EMSSQLNativeException : [FireDAC][Phys][ODBC][Microsoft][SQL Server Native Client 11.0][SQL Server]Sintaxis incorrecta cerca de ','. : Addr: $0087769D
Project1.exe: 00002310: 12:29:45 [127.0.0.1]:EMSSQLNativeException : [FireDAC][Phys][ODBC][Microsoft][SQL Server Native Client 11.0][SQL Server]Sintaxis incorrecta cerca de ','. : Addr: $0087769D
Project1.exe: 000035B4: 12:29:45 [127.0.0.1]:EMSSQLNativeException : [FireDAC][Phys][ODBC][Microsoft][SQL Server Native Client 11.0][SQL Server]Sintaxis incorrecta cerca de ','. : Addr: $0087769D
Project1.exe: 00001C60: 13:44:26 [TUniServerModule]:Shutting Down Server.
Project1.exe: 00001C60: 13:44:26 [TUniServerModule]:Stopping HTTP Server.
Project1.exe: 00001C60: 13:44:26 [TUniServerModule]:HTTP Server Stopped.
Project1.exe: 00001C60: 13:44:26 [TUniGUISessionManager]:Terminating Session manager.
Project1.exe: 00001C60: 13:44:26 [TUniGUISessionManager]:Stopping Cache Eraser...
Project1.exe: 00001C60: 13:44:26 [TUniGUISessionManager]:Cache Eraser Stopped.
Project1.exe: 00001C60: 13:44:26 [TUniGUISessionManager]:Destroying Worker Threads.
Project1.exe: 00001C60: 13:44:26 [TUniGUISessionManager]:Session manager terminated.
Project1.exe: 00001C60: 13:44:26 [TUniServerModule]:Server Shutdown Completed.
Project1.exe: 00001C60: 13:44:26 []:<-------------------------------------------------------------->
Project1.exe: 00001C60: 13:44:26 [Terminated]:Exit Code: 0
Project1.exe: 00002F10: 13:44:42 []:>--------------------------------------------------------------<
Project1.exe: 00002F10: 13:44:42 [TUniServerModule]:Server First Init.
Project1.exe: 00002F10: 13:44:42 [TUniServerModule]:Starting HTTP Server on Port: 8077...
Project1.exe: 00002F10: 13:44:42 [TUniServerModule]:HTTP Server Started on Port: 8077
Project1.exe: 00000E7C: 13:45:28 [127.0.0.1]:EMSSQLNativeException : [FireDAC][Phys][ODBC][Microsoft][SQL Server Native Client 11.0][SQL Server]Sintaxis incorrecta cerca de ','. : Addr: $0087769D
Project1.exe: 00002F10: 13:46:15 [TUniServerModule]:Shutting Down Server.
Project1.exe: 00002F10: 13:46:15 [TUniServerModule]:Stopping HTTP Server.
Project1.exe: 00002F10: 13:46:16 [TUniServerModule]:HTTP Server Stopped.
Project1.exe: 00002F10: 13:46:16 [TUniGUISessionManager]:Terminating Session manager.
Project1.exe: 00002F10: 13:46:16 [TUniGUISessionManager]:Stopping Cache Eraser...
Project1.exe: 00002F10: 13:46:16 [TUniGUISessionManager]:Cache Eraser Stopped.
Project1.exe: 00002F10: 13:46:16 [TUniGUISessionManager]:Destroying Worker Threads.
Project1.exe: 00002F10: 13:46:16 [TUniGUISessionManager]:Session manager terminated.
Project1.exe: 00002F10: 13:46:16 [TUniServerModule]:Server Shutdown Completed.
Project1.exe: 00002F10: 13:46:16 []:<-------------------------------------------------------------->
Project1.exe: 00002F10: 13:46:17 [Terminated]:Exit Code: 0
Project1.exe: 00001038: 13:46:19 []:>--------------------------------------------------------------<
Project1.exe: 00001038: 13:46:19 [TUniServerModule]:Server First Init.
Project1.exe: 00001038: 13:46:19 [TUniServerModule]:Starting HTTP Server on Port: 8077...
Project1.exe: 00001038: 13:46:19 [TUniServerModule]:HTTP Server Started on Port: 8077
Project1.exe: 00002A88: 13:46:29 [127.0.0.1]:EUniSessionException : Invalid session or session Timeout. (Session not found: 3PZtUSfzoe10845AE20 ) : Addr: $0079242E
Project1.exe: 000013C8: 13:46:56 [127.0.0.1]:EMSSQLNativeException : [FireDAC][Phys][ODBC][Microsoft][SQL Server Native Client 11.0][SQL Server]Sintaxis incorrecta cerca de ','. : Addr: $0087769D
Project1.exe: 00003494: 13:46:56 [127.0.0.1]:EMSSQLNativeException : [FireDAC][Phys][ODBC][Microsoft][SQL Server Native Client 11.0][SQL Server]Sintaxis incorrecta cerca de ','. : Addr: $0087769D
Project1.exe: 000013C8: 13:46:56 [127.0.0.1]:EMSSQLNativeException : [FireDAC][Phys][ODBC][Microsoft][SQL Server Native Client 11.0][SQL Server]Sintaxis incorrecta cerca de ','. : Addr: $0087769D
Project1.exe: 00001038: 13:48:01 [TUniServerModule]:Shutting Down Server.
Project1.exe: 00001038: 13:48:01 [TUniServerModule]:Stopping HTTP Server.
Project1.exe: 00001038: 13:48:02 [TUniServerModule]:HTTP Server Stopped.
Project1.exe: 00001038: 13:48:02 [TUniGUISessionManager]:Terminating Session manager.
Project1.exe: 00001038: 13:48:02 [TUniGUISessionManager]:Stopping Cache Eraser...
Project1.exe: 00001038: 13:48:02 [TUniGUISessionManager]:Cache Eraser Stopped.
Project1.exe: 00001038: 13:48:02 [TUniGUISessionManager]:Destroying Worker Threads.
Project1.exe: 00001038: 13:48:02 [TUniGUISessionManager]:Session manager terminated.
Project1.exe: 00001038: 13:48:02 [TUniServerModule]:Server Shutdown Completed.
Project1.exe: 00001038: 13:48:02 []:<-------------------------------------------------------------->
Project1.exe: 00001038: 13:48:02 [Terminated]:Exit Code: 0
Project1.exe: 000034CC: 13:48:07 []:>--------------------------------------------------------------<
Project1.exe: 000034CC: 13:48:07 [TUniServerModule]:Server First Init.
Project1.exe: 000034CC: 13:48:07 [TUniServerModule]:Debug Mode = ON
Project1.exe: 000034CC: 13:48:07 [TUniServerModule]:Starting HTTP Server on Port: 8077...
Project1.exe: 000034CC: 13:48:07 [TUniServerModule]:HTTP Server Started on Port: 8077
Project1.exe: 00003498: 13:48:13 [127.0.0.1]:EUniSessionException : Invalid session or session Timeout. (Session not found: 8f1jpBozvC10845C4D1 ) : Addr: $0079242E
Project1.exe: 000036E8: 13:48:15 [127.0.0.1]:EUniSessionException : Invalid session or session Timeout. (Session not found: 8f1jpBozvC10845C4D1 ) : Addr: $0079242E
Project1.exe: 000037BC: 13:48:22 [127.0.0.1]:EUniSessionException : Invalid session or session Timeout. (Session not found: ZK1jmjF4DZ10845C46A ) : Addr: $0079242E
Project1.exe: 00002D64: 13:48:49 [127.0.0.1]:EMSSQLNativeException : [FireDAC][Phys][ODBC][Microsoft][SQL Server Native Client 11.0][SQL Server]Sintaxis incorrecta cerca de ','. : Addr: $0087769D
Project1.exe: 0000099C: 13:49:49 []:>--------------------------------------------------------------<
Project1.exe: 0000099C: 13:49:49 [TUniServerModule]:Server First Init.
Project1.exe: 0000099C: 13:49:49 [TUniServerModule]:Global Cache Folder Erased. <14> Files deleted.
Project1.exe: 0000099C: 13:49:50 [TUniServerModule]:Starting HTTP Server on Port: 8077...
Project1.exe: 0000099C: 13:49:50 [TUniServerModule]:HTTP Server Started on Port: 8077
Project1.exe: 000034DC: 13:49:57 [127.0.0.1]:EUniSessionException : Invalid session or session Timeout. (Session not found: PV6JbzlTHk10845C553 ) : Addr: $0079242E
Project1.exe: 0000105C: 13:50:13 [127.0.0.1]:EMSSQLNativeException : [FireDAC][Phys][ODBC][Microsoft][SQL Server Native Client 11.0][SQL Server]Sintaxis incorrecta cerca de ','. : Addr: $0087769D
Project1.exe: 0000099C: 13:51:53 [TUniServerModule]:Shutting Down Server.
Project1.exe: 0000099C: 13:51:53 [TUniServerModule]:Stopping HTTP Server.
Project1.exe: 0000099C: 13:51:54 [TUniServerModule]:HTTP Server Stopped.
Project1.exe: 0000099C: 13:51:54 [TUniGUISessionManager]:Terminating Session manager.
Project1.exe: 0000099C: 13:51:54 [TUniGUISessionManager]:Stopping Cache Eraser...
Project1.exe: 0000099C: 13:51:54 [TUniGUISessionManager]:Cache Eraser Stopped.
Project1.exe: 0000099C: 13:51:54 [TUniGUISessionManager]:Destroying Worker Threads.
Project1.exe: 0000099C: 13:51:54 [TUniGUISessionManager]:Session manager terminated.
Project1.exe: 0000099C: 13:51:54 [TUniServerModule]:Server Shutdown Completed.
Project1.exe: 0000099C: 13:51:54 []:<-------------------------------------------------------------->
Project1.exe: 0000099C: 13:51:54 [Terminated]:Exit Code: 0
Project1.exe: 00002CB8: 13:51:58 []:>--------------------------------------------------------------<
Project1.exe: 00002CB8: 13:51:58 [TUniServerModule]:Server First Init.
Project1.exe: 00002CB8: 13:51:59 [TUniServerModule]:Starting HTTP Server on Port: 8077...
Project1.exe: 00002CB8: 13:51:59 [TUniServerModule]:HTTP Server Started on Port: 8077
Project1.exe: 000018D4: 13:52:02 [127.0.0.1]:EUniSessionException : Invalid session or session Timeout. (Session not found: 8RRIYD5FKn10845C5C3 ) : Addr: $0079242E
Project1.exe: 00002CB8: 13:55:08 [TUniServerModule]:Shutting Down Server.
Project1.exe: 00002CB8: 13:55:09 [TUniServerModule]:Stopping HTTP Server.
Project1.exe: 00002CB8: 13:55:10 [TUniServerModule]:HTTP Server Stopped.
Project1.exe: 00002CB8: 13:55:10 [TUniGUISessionManager]:Terminating Session manager.
Project1.exe: 00002CB8: 13:55:10 [TUniGUISessionManager]:Stopping Cache Eraser...
Project1.exe: 00002CB8: 13:55:10 [TUniGUISessionManager]:Cache Eraser Stopped.
Project1.exe: 00002CB8: 13:55:11 [TUniGUISessionManager]:Destroying Worker Threads.
Project1.exe: 00002CB8: 13:55:11 [TUniGUISessionManager]:Session manager terminated.
Project1.exe: 00002CB8: 13:55:11 [TUniServerModule]:Server Shutdown Completed.
Project1.exe: 00002CB8: 13:55:11 []:<-------------------------------------------------------------->
Project1.exe: 00002CB8: 13:55:11 [Terminated]:Exit Code: 0
Project1.exe: 00003168: 13:55:16 []:>--------------------------------------------------------------<
Project1.exe: 00003168: 13:55:16 [TUniServerModule]:Server First Init.
Project1.exe: 00003168: 13:55:16 [TUniServerModule]:Starting HTTP Server on Port: 8077...
Project1.exe: 00003168: 13:55:16 [TUniServerModule]:HTTP Server Started on Port: 8077
Project1.exe: 00001048: 13:55:17 [127.0.0.1]:EUniSessionException : Invalid session or session Timeout. (Session not found: evmI56NnRP10845C654 ) : Addr: $0079242E
Project1.exe: 00001CE8: 13:55:17 [127.0.0.1]:EUniSessionException : Invalid session or session Timeout. (Session not found: evmI56NnRP10845C654 ) : Addr: $0079242E
Project1.exe: 00001C60: 13:55:45 [127.0.0.1]:EDatabaseError : UniDBMemo1: Field 'Descripcion' not found : Addr: $0065F252
Project1.exe: 00003168: 13:56:14 [TUniServerModule]:Shutting Down Server.
Project1.exe: 00003168: 13:56:14 [TUniServerModule]:Stopping HTTP Server.
Project1.exe: 00003168: 13:56:15 [TUniServerModule]:HTTP Server Stopped.
Project1.exe: 00003168: 13:56:15 [TUniGUISessionManager]:Terminating Session manager.
Project1.exe: 00003168: 13:56:15 [TUniGUISessionManager]:Stopping Cache Eraser...
Project1.exe: 00003168: 13:56:15 [TUniGUISessionManager]:Cache Eraser Stopped.
Project1.exe: 00003168: 13:56:15 [TUniGUISessionManager]:Destroying Worker Threads.
Project1.exe: 00003168: 13:56:15 [TUniGUISessionManager]:Session manager terminated.
Project1.exe: 00003168: 13:56:15 [TUniServerModule]:Server Shutdown Completed.
Project1.exe: 00003168: 13:56:15 []:<-------------------------------------------------------------->
Project1.exe: 00003168: 13:56:15 [Terminated]:Exit Code: 0
Project1.exe: 00002CC0: 13:56:21 []:>--------------------------------------------------------------<
Project1.exe: 00002CC0: 13:56:21 [TUniServerModule]:Server First Init.
Project1.exe: 00002CC0: 13:56:21 [TUniServerModule]:Starting HTTP Server on Port: 8077...
Project1.exe: 00002CC0: 13:56:21 [TUniServerModule]:HTTP Server Started on Port: 8077
Project1.exe: 00003484: 13:56:25 [127.0.0.1]:EUniSessionException : Invalid session or session Timeout. (Session not found: vJz3y6JUFG10845C73A ) : Addr: $0079242E
Project1.exe: 00001124: 13:59:17 [HandleFileRequest[127.0.0.1]]:File not found: C:\Users\Desarrollo\Documents\Embarcadero\Studio\Projects\SinsaERP\Win32\Debug\cache\project1_exe\XD7suWV3sH10845C54E\favicon.ico
Project1.exe: 00002058: 13:59:18 [127.0.0.1]:EUniSessionException : Invalid session or session Timeout. (Session not found: XD7suWV3sH10845C54E ) : Addr: $0079242E
Project1.exe: 00002058: 13:59:18 [127.0.0.1]:EUniSessionException : Invalid session or session Timeout. (Session not found: XD7suWV3sH10845C54E ) : Addr: $0079242E
Project1.exe: 00002058: 13:59:18 [127.0.0.1]:EUniSessionException : Invalid session or session Timeout. (Session not found: XD7suWV3sH10845C54E ) : Addr: $0079242E
Project1.exe: 00002058: 13:59:18 [127.0.0.1]:EUniSessionException : Invalid session or session Timeout. (Session not found: XD7suWV3sH10845C54E ) : Addr: $0079242E
Project1.exe: 00002058: 13:59:18 [HandleFileRequest[127.0.0.1]]:File not found: C:\Users\Desarrollo\Documents\Embarcadero\Studio\Projects\SinsaERP\Win32\Debug\cache\project1_exe\XD7suWV3sH10845C54E\favicon.ico
Project1.exe: 00002CC0: 14:08:40 [TUniServerModule]:Shutting Down Server.
Project1.exe: 00002CC0: 14:08:40 [TUniServerModule]:Stopping HTTP Server.
Project1.exe: 00002CC0: 14:08:41 [TUniServerModule]:HTTP Server Stopped.
Project1.exe: 00002CC0: 14:08:41 [TUniGUISessionManager]:Terminating Session manager.
Project1.exe: 00002CC0: 14:08:41 [TUniGUISessionManager]:Stopping Cache Eraser...
Project1.exe: 00002CC0: 14:08:41 [TUniGUISessionManager]:Cache Eraser Stopped.
Project1.exe: 00002CC0: 14:08:41 [TUniGUISessionManager]:Destroying Worker Threads.
Project1.exe: 00002CC0: 14:08:41 [TUniGUISessionManager]:Session manager terminated.
Project1.exe: 00002CC0: 14:08:41 [TUniServerModule]:Server Shutdown Completed.
Project1.exe: 00002CC0: 14:08:41 []:<-------------------------------------------------------------->
Project1.exe: 00002CC0: 14:08:41 [Terminated]:Exit Code: 0
Project1.exe: 000034FC: 14:08:57 []:>--------------------------------------------------------------<
Project1.exe: 000034FC: 14:08:57 [TUniServerModule]:Server First Init.
Project1.exe: 000034FC: 14:08:57 [TUniServerModule]:Starting HTTP Server on Port: 8077...
Project1.exe: 000034FC: 14:08:57 [TUniServerModule]:HTTP Server Started on Port: 8077
Project1.exe: 00002E4C: 14:20:37 [127.0.0.1]:EUniSessionException : Invalid session or session Timeout. (Session not found: xGNfvwmuv410845CAEF ) : Addr: $0079242E
Project1.exe: 000034FC: 16:08:59 [Exit]:Unexpected attempt to terminate server application with Exit Code: 0
